
extDB3: https://bitbucket.org/torndeco/extdb3/wiki/Home
extDB3: Version: 1.031
extDB3: Windows Version
Message: All development for extDB3 is done on a Linux Dedicated Server
Message: If you would like to Donate to extDB3 Development
Message: https://www.paypal.com/cgi-bin/webscr?cmd=_s-xclick&hosted_button_id=2SUEFTGABTAM2
Message: Also leave a message if there is any particular feature you would like to see added.
Message: Thanks for all the people that have donated.
Message: Torndeco: 18/05/15


extDB3: Found extdb3-conf.ini
extDB3: Detected 4 Cores, Setting up 4 Worker Threads
extDB3: ...
extDB3: ...
extDB3: ...
extDB3: ...


[22:19:54:368824 +02:00] [Thread 15488] extDB3: SQL: Initialized: Add Quotes around TEXT Datatypes mode: 2
[22:19:54:369042 +02:00] [Thread 15488] extDB3: SQL: Initialized: NULL = ""
[22:19:54:369549 +02:00] [Thread 15488] extDB3: Locked
[22:20:10:221045 +02:00] [Thread 13300] extDB3: SQL: Error MariaDBQueryException: You have an error in your SQL syntax; check the manual that corresponds to your MariaDB server version for the right syntax to use near 'Bildungsstop,00:00:00,2019-4-16 22:20:00,2019-4-16 22:20:00)' at line 1
[22:20:10:221088 +02:00] [Thread 13300] extDB3: SQL: Error MariaDBQueryException: Input: INSERT INTO players (playerid, playerintid, name, playtime, firstconnect, lastconnect) values (76561198216442289,Q96AJL51Y,Prof. Rudi Bildungsstop,00:00:00,2019-4-16 22:20:00,2019-4-16 22:20:00)
[22:20:25:537864 +02:00] [Thread 14892] extDB3: SQL: Error MariaDBQueryException: You have an error in your SQL syntax; check the manual that corresponds to your MariaDB server version for the right syntax to use near 'Bildungsstop,00:00:00,2019-4-16 22:20:00,2019-4-16 22:20:00)' at line 1
[22:20:25:537886 +02:00] [Thread 14892] extDB3: SQL: Error MariaDBQueryException: Input: INSERT INTO players (playerid, playerintid, name, playtime, firstconnect, lastconnect) values (76561198216442289,U24GOB29R,Prof. Rudi Bildungsstop,00:00:00,2019-4-16 22:20:00,2019-4-16 22:20:00)
