[21:58:31:676151 +02:00] [Thread 7460]  Performed Query 1 - 368480 - SELECT id FROM players WHERE playerid = '76561198216442289'
[21:58:32:333211 +02:00] [Thread 12776]  SINGLE RETURN ARRIVED - [1001]
[21:58:32:333226 +02:00] [Thread 7460]  Successfully finished Query - SELECT id FROM players WHERE playerid = '76561198216442289' - with return - [1001]
[21:58:32:333409 +02:00] [Thread 12776]  Performed Query 1 - 368480 - INSERT INTO players (playerid, playerintid, name, playtime, firstconnect, lastconnect) values (76561198216442289,any,Prof. Rudi Bildungsstop,00:00:00,<null>,<null>)
[21:59:05:013956 +02:00] [Thread 12776]  Performed Query 1 - 368480 - SELECT playerintid FROM players WHERE playerintid = 'U52B55'
[21:59:06:489851 +02:00] [Thread 12776]  Performed Query 1 - 368480 - SELECT playerintid FROM players WHERE playerintid = 'L56N53'
[21:59:06:507978 +02:00] [Thread 7460]  SINGLE RETURN ARRIVED - [1001]
[21:59:06:508166 +02:00] [Thread 7460]  Successfully finished Query - SELECT playerintid FROM players WHERE playerintid = 'L56N53' - with return - [1001]
[21:59:09:351199 +02:00] [Thread 12776]  Performed Query 1 - 368480 - SELECT playerintid FROM players WHERE playerintid = 'N73X11'
[21:59:09:351545 +02:00] [Thread 7460]  SINGLE RETURN ARRIVED - [1001]
[21:59:09:351563 +02:00] [Thread 12776]  Successfully finished Query - SELECT playerintid FROM players WHERE playerintid = 'N73X11' - with return - [1001]
[21:59:10:010308 +02:00] [Thread 7460]  Performed Query 1 - 368480 - SELECT playerintid FROM players WHERE playerintid = 'H47N18'
[21:59:10:024883 +02:00] [Thread 12776]  SINGLE RETURN ARRIVED - [1001]
[21:59:10:024978 +02:00] [Thread 12776]  Successfully finished Query - SELECT playerintid FROM players WHERE playerintid = 'H47N18' - with return - [1001]
[21:59:10:535538 +02:00] [Thread 7460]  Performed Query 1 - 368480 - SELECT playerintid FROM players WHERE playerintid = 'G85D66'
[21:59:10:535930 +02:00] [Thread 12776]  SINGLE RETURN ARRIVED - [1001]
[21:59:10:535944 +02:00] [Thread 7460]  Successfully finished Query - SELECT playerintid FROM players WHERE playerintid = 'G85D66' - with return - [1001]
[21:59:11:016666 +02:00] [Thread 12776]  Performed Query 1 - 368480 - SELECT playerintid FROM players WHERE playerintid = 'G25W26'
[21:59:11:017128 +02:00] [Thread 7460]  SINGLE RETURN ARRIVED - [1001]
[21:59:11:017163 +02:00] [Thread 12776]  Successfully finished Query - SELECT playerintid FROM players WHERE playerintid = 'G25W26' - with return - [1001]
[21:59:11:451712 +02:00] [Thread 7460]  Performed Query 1 - 368480 - SELECT playerintid FROM players WHERE playerintid = 'I81T64'
[21:59:11:473488 +02:00] [Thread 12776]  SINGLE RETURN ARRIVED - [1001]
[21:59:11:473505 +02:00] [Thread 7460]  Successfully finished Query - SELECT playerintid FROM players WHERE playerintid = 'I81T64' - with return - [1001]
[21:59:11:870686 +02:00] [Thread 12776]  Performed Query 1 - 368480 - SELECT playerintid FROM players WHERE playerintid = 'V77N80'
[21:59:11:871009 +02:00] [Thread 7460]  SINGLE RETURN ARRIVED - [1001]
[21:59:11:871021 +02:00] [Thread 12776]  Successfully finished Query - SELECT playerintid FROM players WHERE playerintid = 'V77N80' - with return - [1001]
[21:59:12:199879 +02:00] [Thread 7460]  Performed Query 1 - 368480 - SELECT playerintid FROM players WHERE playerintid = 'A36H18'
[21:59:12:200356 +02:00] [Thread 12776]  SINGLE RETURN ARRIVED - [1001]
[21:59:12:200377 +02:00] [Thread 7460]  Successfully finished Query - SELECT playerintid FROM players WHERE playerintid = 'A36H18' - with return - [1001]
[21:59:12:483854 +02:00] [Thread 12776]  Performed Query 1 - 368480 - SELECT playerintid FROM players WHERE playerintid = 'J77P12'
[21:59:12:508068 +02:00] [Thread 7460]  SINGLE RETURN ARRIVED - [1001]
[21:59:12:508144 +02:00] [Thread 7460]  Successfully finished Query - SELECT playerintid FROM players WHERE playerintid = 'J77P12' - with return - [1001]
[21:59:12:774363 +02:00] [Thread 12776]  Performed Query 1 - 368480 - SELECT playerintid FROM players WHERE playerintid = 'I02A07'
[21:59:12:774724 +02:00] [Thread 7460]  SINGLE RETURN ARRIVED - [1001]
[21:59:12:774809 +02:00] [Thread 12776]  Successfully finished Query - SELECT playerintid FROM players WHERE playerintid = 'I02A07' - with return - [1001]
[21:59:13:058131 +02:00] [Thread 7460]  Performed Query 1 - 368480 - SELECT playerintid FROM players WHERE playerintid = 'C21N66'
[21:59:13:123446 +02:00] [Thread 12776]  SINGLE RETURN ARRIVED - [1001]
[21:59:13:123524 +02:00] [Thread 7460]  Successfully finished Query - SELECT playerintid FROM players WHERE playerintid = 'C21N66' - with return - [1001]
[21:59:13:255972 +02:00] [Thread 12776]  Performed Query 1 - 368480 - SELECT playerintid FROM players WHERE playerintid = 'X48P42'
[21:59:13:256299 +02:00] [Thread 7460]  SINGLE RETURN ARRIVED - [1001]
[21:59:13:256310 +02:00] [Thread 12776]  Successfully finished Query - SELECT playerintid FROM players WHERE playerintid = 'X48P42' - with return - [1001]
[21:59:13:409005 +02:00] [Thread 7460]  Performed Query 1 - 368480 - SELECT playerintid FROM players WHERE playerintid = 'O79N52'
[21:59:13:409399 +02:00] [Thread 12776]  SINGLE RETURN ARRIVED - [1001]
[21:59:13:409428 +02:00] [Thread 7460]  Successfully finished Query - SELECT playerintid FROM players WHERE playerintid = 'O79N52' - with return - [1001]
[21:59:13:566037 +02:00] [Thread 12776]  Performed Query 1 - 368480 - SELECT playerintid FROM players WHERE playerintid = 'I60J96'
[21:59:13:591515 +02:00] [Thread 7460]  SINGLE RETURN ARRIVED - [1001]
[21:59:13:591542 +02:00] [Thread 12776]  Successfully finished Query - SELECT playerintid FROM players WHERE playerintid = 'I60J96' - with return - [1001]
[21:59:13:749079 +02:00] [Thread 7460]  Performed Query 1 - 368480 - SELECT playerintid FROM players WHERE playerintid = 'I58Q24'
[21:59:13:749457 +02:00] [Thread 12776]  SINGLE RETURN ARRIVED - [1001]
[21:59:13:749476 +02:00] [Thread 7460]  Successfully finished Query - SELECT playerintid FROM players WHERE playerintid = 'I58Q24' - with return - [1001]
[21:59:13:925106 +02:00] [Thread 12776]  Performed Query 1 - 368480 - SELECT playerintid FROM players WHERE playerintid = 'V28N88'
[21:59:13:925484 +02:00] [Thread 7460]  SINGLE RETURN ARRIVED - [1001]
[21:59:13:925527 +02:00] [Thread 12776]  Successfully finished Query - SELECT playerintid FROM players WHERE playerintid = 'V28N88' - with return - [1001]
[22:00:16:646663 +02:00] [Thread 7460]  Performed Query 1 - 368480 - SELECT playerintid FROM players WHERE playerintid = 'O25E52'
[22:00:16:670440 +02:00] [Thread 12776]  SINGLE RETURN ARRIVED - [1001]
[22:00:16:670454 +02:00] [Thread 7460]  Successfully finished Query - SELECT playerintid FROM players WHERE playerintid = 'O25E52' - with return - [1001]
[22:00:16:869711 +02:00] [Thread 12776]  Performed Query 1 - 368480 - SELECT playerintid FROM players WHERE playerintid = 'Q43W69'
[22:00:16:870113 +02:00] [Thread 7460]  SINGLE RETURN ARRIVED - [1001]
[22:00:16:870121 +02:00] [Thread 12776]  Successfully finished Query - SELECT playerintid FROM players WHERE playerintid = 'Q43W69' - with return - [1001]
[22:00:17:045707 +02:00] [Thread 7460]  Performed Query 1 - 368480 - SELECT playerintid FROM players WHERE playerintid = 'X29E76'
[22:00:17:070773 +02:00] [Thread 12776]  SINGLE RETURN ARRIVED - [1001]
[22:00:17:070787 +02:00] [Thread 7460]  Successfully finished Query - SELECT playerintid FROM players WHERE playerintid = 'X29E76' - with return - [1001]
[22:00:17:203704 +02:00] [Thread 12776]  Performed Query 1 - 368480 - SELECT playerintid FROM players WHERE playerintid = 'W65W48'
[22:00:17:204027 +02:00] [Thread 7460]  SINGLE RETURN ARRIVED - [1001]
[22:00:17:204039 +02:00] [Thread 12776]  Successfully finished Query - SELECT playerintid FROM players WHERE playerintid = 'W65W48' - with return - [1001]
[22:00:17:379669 +02:00] [Thread 7460]  Performed Query 1 - 368480 - SELECT playerintid FROM players WHERE playerintid = 'F03L61'
[22:00:17:380069 +02:00] [Thread 12776]  SINGLE RETURN ARRIVED - [1001]
[22:00:17:380088 +02:00] [Thread 7460]  Successfully finished Query - SELECT playerintid FROM players WHERE playerintid = 'F03L61' - with return - [1001]
[22:00:17:512008 +02:00] [Thread 12776]  Performed Query 1 - 368480 - SELECT playerintid FROM players WHERE playerintid = 'R67W14'
[22:00:17:536266 +02:00] [Thread 7460]  SINGLE RETURN ARRIVED - [1001]
[22:00:17:536292 +02:00] [Thread 12776]  Successfully finished Query - SELECT playerintid FROM players WHERE playerintid = 'R67W14' - with return - [1001]
[22:00:17:647721 +02:00] [Thread 7460]  Performed Query 1 - 368480 - SELECT playerintid FROM players WHERE playerintid = 'G21G84'
[22:00:17:648068 +02:00] [Thread 12776]  SINGLE RETURN ARRIVED - [1001]
[22:00:17:648082 +02:00] [Thread 7460]  Successfully finished Query - SELECT playerintid FROM players WHERE playerintid = 'G21G84' - with return - [1001]
[22:00:17:800634 +02:00] [Thread 12776]  Performed Query 1 - 368480 - SELECT playerintid FROM players WHERE playerintid = 'F68U05'
[22:00:17:801030 +02:00] [Thread 7460]  SINGLE RETURN ARRIVED - [1001]
[22:00:17:801049 +02:00] [Thread 12776]  Successfully finished Query - SELECT playerintid FROM players WHERE playerintid = 'F68U05' - with return - [1001]
[22:00:17:954579 +02:00] [Thread 7460]  Performed Query 1 - 368480 - SELECT playerintid FROM players WHERE playerintid = 'K66Y55'
[22:00:17:970700 +02:00] [Thread 12776]  SINGLE RETURN ARRIVED - [1001]
[22:00:17:970717 +02:00] [Thread 7460]  Successfully finished Query - SELECT playerintid FROM players WHERE playerintid = 'K66Y55' - with return - [1001]
[22:00:18:106869 +02:00] [Thread 12776]  Performed Query 1 - 368480 - SELECT playerintid FROM players WHERE playerintid = 'Q71U86'
[22:00:18:107416 +02:00] [Thread 7460]  SINGLE RETURN ARRIVED - [1001]
[22:00:18:107443 +02:00] [Thread 12776]  Successfully finished Query - SELECT playerintid FROM players WHERE playerintid = 'Q71U86' - with return - [1001]
[22:00:18:260082 +02:00] [Thread 7460]  Performed Query 1 - 368480 - SELECT playerintid FROM players WHERE playerintid = 'K84L07'
[22:00:18:278700 +02:00] [Thread 12776]  SINGLE RETURN ARRIVED - [1001]
[22:00:18:278757 +02:00] [Thread 12776]  Successfully finished Query - SELECT playerintid FROM players WHERE playerintid = 'K84L07' - with return - [1001]
[22:00:18:412669 +02:00] [Thread 7460]  Performed Query 1 - 368480 - SELECT playerintid FROM players WHERE playerintid = 'U21M96'
[22:00:18:413057 +02:00] [Thread 12776]  SINGLE RETURN ARRIVED - [1001]
[22:00:18:413076 +02:00] [Thread 7460]  Successfully finished Query - SELECT playerintid FROM players WHERE playerintid = 'U21M96' - with return - [1001]
[22:00:18:565682 +02:00] [Thread 12776]  Performed Query 1 - 368480 - SELECT playerintid FROM players WHERE playerintid = 'V48O62'
[22:00:18:566052 +02:00] [Thread 7460]  SINGLE RETURN ARRIVED - [1001]
[22:00:18:566075 +02:00] [Thread 12776]  Successfully finished Query - SELECT playerintid FROM players WHERE playerintid = 'V48O62' - with return - [1001]
[22:00:18:719586 +02:00] [Thread 7460]  Performed Query 1 - 368480 - SELECT playerintid FROM players WHERE playerintid = 'A15M71'
[22:00:18:737345 +02:00] [Thread 12776]  SINGLE RETURN ARRIVED - [1001]
[22:00:18:737365 +02:00] [Thread 7460]  Successfully finished Query - SELECT playerintid FROM players WHERE playerintid = 'A15M71' - with return - [1001]
[22:00:18:894924 +02:00] [Thread 12776]  Performed Query 1 - 368480 - SELECT playerintid FROM players WHERE playerintid = 'P47F14'
[22:00:18:911989 +02:00] [Thread 7460]  SINGLE RETURN ARRIVED - [1001]
[22:00:18:912050 +02:00] [Thread 7460]  Successfully finished Query - SELECT playerintid FROM players WHERE playerintid = 'P47F14' - with return - [1001]
[22:00:19:067612 +02:00] [Thread 12776]  Performed Query 1 - 368480 - SELECT playerintid FROM players WHERE playerintid = 'K08X86'
[22:00:19:067972 +02:00] [Thread 7460]  SINGLE RETURN ARRIVED - [1001]
[22:00:19:067990 +02:00] [Thread 12776]  Successfully finished Query - SELECT playerintid FROM players WHERE playerintid = 'K08X86' - with return - [1001]
[22:00:19:221480 +02:00] [Thread 7460]  Performed Query 1 - 368480 - SELECT playerintid FROM players WHERE playerintid = 'S15D81'
[22:00:19:221800 +02:00] [Thread 12776]  SINGLE RETURN ARRIVED - [1001]
[22:00:19:221840 +02:00] [Thread 7460]  Successfully finished Query - SELECT playerintid FROM players WHERE playerintid = 'S15D81' - with return - [1001]
[22:00:19:419561 +02:00] [Thread 12776]  Performed Query 1 - 368480 - SELECT playerintid FROM players WHERE playerintid = 'Q26F17'
[22:00:19:437394 +02:00] [Thread 7460]  SINGLE RETURN ARRIVED - [1001]
[22:00:19:437506 +02:00] [Thread 12776]  Successfully finished Query - SELECT playerintid FROM players WHERE playerintid = 'Q26F17' - with return - [1001]
[22:00:19:549256 +02:00] [Thread 7460]  Performed Query 1 - 368480 - SELECT playerintid FROM players WHERE playerintid = 'O90U58'
[22:00:19:549625 +02:00] [Thread 12776]  SINGLE RETURN ARRIVED - [1001]
[22:00:19:549643 +02:00] [Thread 7460]  Successfully finished Query - SELECT playerintid FROM players WHERE playerintid = 'O90U58' - with return - [1001]
[22:00:19:725052 +02:00] [Thread 12776]  Performed Query 1 - 368480 - SELECT playerintid FROM players WHERE playerintid = 'U15E88'
[22:00:19:725588 +02:00] [Thread 7460]  SINGLE RETURN ARRIVED - [1001]
[22:00:19:726096 +02:00] [Thread 7460]  Successfully finished Query - SELECT playerintid FROM players WHERE playerintid = 'U15E88' - with return - [1001]
[22:00:19:900919 +02:00] [Thread 12776]  Performed Query 1 - 368480 - SELECT playerintid FROM players WHERE playerintid = 'C72R20'
[22:00:19:920252 +02:00] [Thread 7460]  SINGLE RETURN ARRIVED - [1001]
[22:00:19:920264 +02:00] [Thread 12776]  Successfully finished Query - SELECT playerintid FROM players WHERE playerintid = 'C72R20' - with return - [1001]
[22:00:20:076523 +02:00] [Thread 7460]  Performed Query 1 - 368480 - SELECT playerintid FROM players WHERE playerintid = 'N38I51'
[22:00:20:077458 +02:00] [Thread 12776]  SINGLE RETURN ARRIVED - [1001]
[22:00:20:077516 +02:00] [Thread 12776]  Successfully finished Query - SELECT playerintid FROM players WHERE playerintid = 'N38I51' - with return - [1001]
[22:00:20:251770 +02:00] [Thread 7460]  Performed Query 1 - 368480 - SELECT playerintid FROM players WHERE playerintid = 'R63Y66'
[22:00:20:270578 +02:00] [Thread 12776]  SINGLE RETURN ARRIVED - [1001]
[22:00:20:270591 +02:00] [Thread 7460]  Successfully finished Query - SELECT playerintid FROM players WHERE playerintid = 'R63Y66' - with return - [1001]
[22:00:20:426465 +02:00] [Thread 12776]  Performed Query 1 - 368480 - SELECT playerintid FROM players WHERE playerintid = 'V35N20'
[22:00:20:445470 +02:00] [Thread 7460]  SINGLE RETURN ARRIVED - [1001]
[22:00:20:445523 +02:00] [Thread 7460]  Successfully finished Query - SELECT playerintid FROM players WHERE playerintid = 'V35N20' - with return - [1001]
[22:00:20:601835 +02:00] [Thread 12776]  Performed Query 1 - 368480 - SELECT playerintid FROM players WHERE playerintid = 'R41C11'
[22:00:20:602187 +02:00] [Thread 7460]  SINGLE RETURN ARRIVED - [1001]
[22:00:20:602214 +02:00] [Thread 12776]  Successfully finished Query - SELECT playerintid FROM players WHERE playerintid = 'R41C11' - with return - [1001]
[22:00:39:590751 +02:00] [Thread 7460]  Performed Query 1 - 368480 - SELECT id FROM players WHERE playerid = '76561198216442289'
[22:00:39:810288 +02:00] [Thread 12776]  SINGLE RETURN ARRIVED - [1001]
[22:00:39:810584 +02:00] [Thread 7460]  Successfully finished Query - SELECT id FROM players WHERE playerid = '76561198216442289' - with return - [1001]
[22:00:39:810747 +02:00] [Thread 12776]  Performed Query 1 - 368480 - INSERT INTO players (playerid, playerintid, name, playtime, firstconnect, lastconnect) values (76561198216442289,any,Prof. Rudi Bildungsstop,00:00:00,<null>,<null>)
[22:00:43:012605 +02:00] [Thread 12776]  Performed Query 1 - 368480 - SELECT playerintid FROM players WHERE playerintid = 'K31R57'
[22:00:43:013042 +02:00] [Thread 7460]  SINGLE RETURN ARRIVED - [1001]
[22:00:43:013061 +02:00] [Thread 12776]  Successfully finished Query - SELECT playerintid FROM players WHERE playerintid = 'K31R57' - with return - [1001]
[22:00:44:046287 +02:00] [Thread 7460]  Performed Query 1 - 368480 - SELECT playerintid FROM players WHERE playerintid = 'U14Z91'
[22:00:44:061165 +02:00] [Thread 12776]  SINGLE RETURN ARRIVED - [1001]
[22:00:44:061231 +02:00] [Thread 12776]  Successfully finished Query - SELECT playerintid FROM players WHERE playerintid = 'U14Z91' - with return - [1001]
[22:00:45:465902 +02:00] [Thread 7460]  Performed Query 1 - 368480 - SELECT playerintid FROM players WHERE playerintid = 'B59O02'
[22:00:45:466258 +02:00] [Thread 12776]  SINGLE RETURN ARRIVED - [1001]
[22:00:45:466270 +02:00] [Thread 7460]  Successfully finished Query - SELECT playerintid FROM players WHERE playerintid = 'B59O02' - with return - [1001]
[22:00:47:571566 +02:00] [Thread 12776]  Performed Query 1 - 368480 - SELECT playerintid FROM players WHERE playerintid = 'M41Q85'
[22:00:47:571940 +02:00] [Thread 7460]  SINGLE RETURN ARRIVED - [1001]
[22:00:47:571952 +02:00] [Thread 12776]  Successfully finished Query - SELECT playerintid FROM players WHERE playerintid = 'M41Q85' - with return - [1001]
[22:00:49:064396 +02:00] [Thread 7460]  Performed Query 1 - 368480 - SELECT playerintid FROM players WHERE playerintid = 'X13J17'
[22:00:49:064787 +02:00] [Thread 12776]  SINGLE RETURN ARRIVED - [1001]
[22:00:49:064800 +02:00] [Thread 7460]  Successfully finished Query - SELECT playerintid FROM players WHERE playerintid = 'X13J17' - with return - [1001]
[22:00:49:721572 +02:00] [Thread 12776]  Performed Query 1 - 368480 - SELECT playerintid FROM players WHERE playerintid = 'B26L42'
[22:00:49:745223 +02:00] [Thread 7460]  SINGLE RETURN ARRIVED - [1001]
[22:00:49:745641 +02:00] [Thread 12776]  Successfully finished Query - SELECT playerintid FROM players WHERE playerintid = 'B26L42' - with return - [1001]
[22:00:50:407980 +02:00] [Thread 7460]  Performed Query 1 - 368480 - SELECT playerintid FROM players WHERE playerintid = 'A72B53'
[22:00:50:409533 +02:00] [Thread 12776]  SINGLE RETURN ARRIVED - [1001]
[22:00:50:409579 +02:00] [Thread 12776]  Successfully finished Query - SELECT playerintid FROM players WHERE playerintid = 'A72B53' - with return - [1001]
[22:00:51:219725 +02:00] [Thread 7460]  Performed Query 1 - 368480 - SELECT playerintid FROM players WHERE playerintid = 'D35R77'
[22:00:51:243794 +02:00] [Thread 12776]  SINGLE RETURN ARRIVED - [1001]
[22:00:51:243849 +02:00] [Thread 12776]  Successfully finished Query - SELECT playerintid FROM players WHERE playerintid = 'D35R77' - with return - [1001]
[22:02:23:029438 +02:00] [Thread 15264]  Performed Query 1 - 798368 - SELECT id FROM players WHERE playerid = '76561198216442289'
[22:02:23:248448 +02:00] [Thread 7164]  SINGLE RETURN ARRIVED - [1001]
[22:02:23:248479 +02:00] [Thread 15264]  Successfully finished Query - SELECT id FROM players WHERE playerid = '76561198216442289' - with return - [1001]
[22:02:23:599463 +02:00] [Thread 7164]  Performed Query 1 - 798368 - INSERT INTO players (playerid, playerintid, name, playtime, firstconnect, lastconnect) values (76561198216442289,any,Prof. Rudi Bildungsstop,00:00:00,2019-4-16 22:2:00,2019-4-16 22:2:00)
[22:02:26:784894 +02:00] [Thread 7164]  Performed Query 1 - 798368 - SELECT playerintid FROM players WHERE playerintid = 'E18UPZ85O'
[22:02:26:805970 +02:00] [Thread 15264]  SINGLE RETURN ARRIVED - [1001]
[22:02:26:806037 +02:00] [Thread 7164]  Successfully finished Query - SELECT playerintid FROM players WHERE playerintid = 'E18UPZ85O' - with return - [1001]
[22:02:28:042450 +02:00] [Thread 15264]  Performed Query 1 - 798368 - SELECT playerintid FROM players WHERE playerintid = 'V15YGP66F'
[22:02:29:031175 +02:00] [Thread 7164]  Performed Query 1 - 798368 - SELECT playerintid FROM players WHERE playerintid = 'T28PAD08G'
[22:02:29:047641 +02:00] [Thread 15264]  SINGLE RETURN ARRIVED - [1001]
[22:02:29:047657 +02:00] [Thread 7164]  Successfully finished Query - SELECT playerintid FROM players WHERE playerintid = 'T28PAD08G' - with return - [1001]
[22:02:29:819335 +02:00] [Thread 15264]  Performed Query 1 - 798368 - SELECT playerintid FROM players WHERE playerintid = 'Q25ICO06L'
[22:02:29:819660 +02:00] [Thread 7164]  SINGLE RETURN ARRIVED - [1001]
[22:02:29:819673 +02:00] [Thread 15264]  Successfully finished Query - SELECT playerintid FROM players WHERE playerintid = 'Q25ICO06L' - with return - [1001]
[22:02:30:499524 +02:00] [Thread 7164]  Performed Query 1 - 798368 - SELECT playerintid FROM players WHERE playerintid = 'B24YLL83H'
[22:02:30:500060 +02:00] [Thread 15264]  SINGLE RETURN ARRIVED - [1001]
[22:02:30:500080 +02:00] [Thread 7164]  Successfully finished Query - SELECT playerintid FROM players WHERE playerintid = 'B24YLL83H' - with return - [1001]
[22:02:54:168440 +02:00] [Thread 15264]  Performed Query 1 - 798368 - SELECT playerintid FROM players WHERE playerintid = 'U87JNU76S'
[22:02:54:168895 +02:00] [Thread 7164]  SINGLE RETURN ARRIVED - [1001]
[22:02:54:168913 +02:00] [Thread 15264]  Successfully finished Query - SELECT playerintid FROM players WHERE playerintid = 'U87JNU76S' - with return - [1001]
[22:02:55:880070 +02:00] [Thread 7164]  Performed Query 1 - 798368 - SELECT playerintid FROM players WHERE playerintid = 'U26YML06O'
[22:02:55:896770 +02:00] [Thread 15264]  SINGLE RETURN ARRIVED - [1001]
[22:02:55:896786 +02:00] [Thread 7164]  Successfully finished Query - SELECT playerintid FROM players WHERE playerintid = 'U26YML06O' - with return - [1001]
[22:02:56:560489 +02:00] [Thread 15264]  Performed Query 1 - 798368 - SELECT playerintid FROM players WHERE playerintid = 'B77NHL63E'
[22:02:56:560996 +02:00] [Thread 7164]  SINGLE RETURN ARRIVED - [1001]
[22:02:56:561018 +02:00] [Thread 15264]  Successfully finished Query - SELECT playerintid FROM players WHERE playerintid = 'B77NHL63E' - with return - [1001]
[22:02:57:196595 +02:00] [Thread 7164]  Performed Query 1 - 798368 - SELECT playerintid FROM players WHERE playerintid = 'E68OPM61A'
[22:02:57:196963 +02:00] [Thread 15264]  SINGLE RETURN ARRIVED - [1001]
[22:02:57:196975 +02:00] [Thread 7164]  Successfully finished Query - SELECT playerintid FROM players WHERE playerintid = 'E68OPM61A' - with return - [1001]
[22:02:57:766158 +02:00] [Thread 15264]  Performed Query 1 - 798368 - SELECT playerintid FROM players WHERE playerintid = 'F71EIK40O'
[22:02:57:779614 +02:00] [Thread 7164]  SINGLE RETURN ARRIVED - [1001]
[22:02:57:779627 +02:00] [Thread 15264]  Successfully finished Query - SELECT playerintid FROM players WHERE playerintid = 'F71EIK40O' - with return - [1001]
[22:02:58:314155 +02:00] [Thread 7164]  Performed Query 1 - 798368 - SELECT playerintid FROM players WHERE playerintid = 'O24GBP24E'
[22:02:58:314533 +02:00] [Thread 15264]  SINGLE RETURN ARRIVED - [1001]
[22:02:58:314551 +02:00] [Thread 7164]  Successfully finished Query - SELECT playerintid FROM players WHERE playerintid = 'O24GBP24E' - with return - [1001]
[22:02:58:930170 +02:00] [Thread 15264]  Performed Query 1 - 798368 - SELECT playerintid FROM players WHERE playerintid = 'P43UOM68X'
[22:02:58:930608 +02:00] [Thread 7164]  SINGLE RETURN ARRIVED - [1001]
[22:02:58:930626 +02:00] [Thread 15264]  Successfully finished Query - SELECT playerintid FROM players WHERE playerintid = 'P43UOM68X' - with return - [1001]
[22:02:59:569105 +02:00] [Thread 7164]  Performed Query 1 - 798368 - SELECT playerintid FROM players WHERE playerintid = 'G60KCR88E'
[22:02:59:587825 +02:00] [Thread 15264]  SINGLE RETURN ARRIVED - [1001]
[22:02:59:587841 +02:00] [Thread 7164]  Successfully finished Query - SELECT playerintid FROM players WHERE playerintid = 'G60KCR88E' - with return - [1001]
[22:03:00:183658 +02:00] [Thread 15264]  Performed Query 1 - 798368 - SELECT playerintid FROM players WHERE playerintid = 'H55VYN34F'
[22:03:00:184043 +02:00] [Thread 7164]  SINGLE RETURN ARRIVED - [1001]
[22:03:00:184061 +02:00] [Thread 15264]  Successfully finished Query - SELECT playerintid FROM players WHERE playerintid = 'H55VYN34F' - with return - [1001]
[22:03:00:645592 +02:00] [Thread 7164]  Performed Query 1 - 798368 - SELECT playerintid FROM players WHERE playerintid = 'J28BBN92K'
[22:03:00:645917 +02:00] [Thread 15264]  SINGLE RETURN ARRIVED - [1001]
[22:03:00:645928 +02:00] [Thread 7164]  Successfully finished Query - SELECT playerintid FROM players WHERE playerintid = 'J28BBN92K' - with return - [1001]
[22:03:01:216370 +02:00] [Thread 15264]  Performed Query 1 - 798368 - SELECT playerintid FROM players WHERE playerintid = 'N32JSB55W'
[22:03:01:229789 +02:00] [Thread 7164]  SINGLE RETURN ARRIVED - [1001]
[22:03:01:229808 +02:00] [Thread 15264]  Successfully finished Query - SELECT playerintid FROM players WHERE playerintid = 'N32JSB55W' - with return - [1001]
[22:03:01:654303 +02:00] [Thread 7164]  Performed Query 1 - 798368 - SELECT playerintid FROM players WHERE playerintid = 'H17EFY18G'
[22:03:01:654769 +02:00] [Thread 15264]  SINGLE RETURN ARRIVED - [1001]
[22:03:01:654838 +02:00] [Thread 7164]  Successfully finished Query - SELECT playerintid FROM players WHERE playerintid = 'H17EFY18G' - with return - [1001]
[22:14:53:353358 +02:00] [Thread 2588]  Performed Query 1 - 749002 - SELECT id FROM players WHERE playerid = '76561198216442289'
[22:14:53:570301 +02:00] [Thread 7068]  SINGLE RETURN ARRIVED - [1001]
[22:14:53:570313 +02:00] [Thread 2588]  Successfully finished Query - SELECT id FROM players WHERE playerid = '76561198216442289' - with return - [1001]
[22:14:53:592001 +02:00] [Thread 7068]  Performed Query 1 - 749002 - INSERT INTO players (playerid, playerintid, name, playtime, firstconnect, lastconnect) values (76561198216442289,any,Prof. Rudi Bildungsstop,00:00:00,2019-4-16 22:14:00,2019-4-16 22:14:00)
[22:14:55:984271 +02:00] [Thread 7068]  Performed Query 1 - 749002 - SELECT playerintid FROM players WHERE playerintid = 'N66QGL28W'
[22:14:56:000551 +02:00] [Thread 2588]  SINGLE RETURN ARRIVED - [1001]
[22:14:56:000681 +02:00] [Thread 2588]  Successfully finished Query - SELECT playerintid FROM players WHERE playerintid = 'N66QGL28W' - with return - [1001]
[22:14:57:323606 +02:00] [Thread 7068]  Performed Query 1 - 749002 - SELECT playerintid FROM players WHERE playerintid = 'X53LFX06G'
[22:14:57:323938 +02:00] [Thread 2588]  SINGLE RETURN ARRIVED - [1001]
[22:14:57:323961 +02:00] [Thread 7068]  Successfully finished Query - SELECT playerintid FROM players WHERE playerintid = 'X53LFX06G' - with return - [1001]
[22:14:58:704571 +02:00] [Thread 2588]  Performed Query 1 - 749002 - SELECT playerintid FROM players WHERE playerintid = 'H19JYN26X'
[22:14:58:704950 +02:00] [Thread 7068]  SINGLE RETURN ARRIVED - [1001]
[22:14:58:704970 +02:00] [Thread 2588]  Successfully finished Query - SELECT playerintid FROM players WHERE playerintid = 'H19JYN26X' - with return - [1001]
[22:14:59:278236 +02:00] [Thread 7068]  Performed Query 1 - 749002 - SELECT playerintid FROM players WHERE playerintid = 'V57BJO12O'
[22:14:59:297000 +02:00] [Thread 2588]  SINGLE RETURN ARRIVED - [1001]
[22:14:59:297076 +02:00] [Thread 2588]  Successfully finished Query - SELECT playerintid FROM players WHERE playerintid = 'V57BJO12O' - with return - [1001]
[22:14:59:894285 +02:00] [Thread 7068]  Performed Query 1 - 749002 - SELECT playerintid FROM players WHERE playerintid = 'R51JSO38Q'
[22:14:59:894636 +02:00] [Thread 2588]  SINGLE RETURN ARRIVED - [1001]
[22:14:59:894655 +02:00] [Thread 7068]  Successfully finished Query - SELECT playerintid FROM players WHERE playerintid = 'R51JSO38Q' - with return - [1001]
[22:15:00:488017 +02:00] [Thread 2588]  Performed Query 1 - 749002 - SELECT playerintid FROM players WHERE playerintid = 'C27PLD41Z'
[22:15:00:488408 +02:00] [Thread 7068]  SINGLE RETURN ARRIVED - [1001]
[22:15:00:488427 +02:00] [Thread 2588]  Successfully finished Query - SELECT playerintid FROM players WHERE playerintid = 'C27PLD41Z' - with return - [1001]
[22:15:00:971955 +02:00] [Thread 7068]  Performed Query 1 - 749002 - SELECT playerintid FROM players WHERE playerintid = 'T24CDQ43G'
[22:15:00:996669 +02:00] [Thread 2588]  SINGLE RETURN ARRIVED - [1001]
[22:15:00:996709 +02:00] [Thread 7068]  Successfully finished Query - SELECT playerintid FROM players WHERE playerintid = 'T24CDQ43G' - with return - [1001]
[22:15:01:573344 +02:00] [Thread 2588]  Performed Query 1 - 749002 - SELECT playerintid FROM players WHERE playerintid = 'X18XCG67V'
[22:15:01:573768 +02:00] [Thread 7068]  SINGLE RETURN ARRIVED - [1001]
[22:15:01:573769 +02:00] [Thread 2588]  Successfully finished Query - SELECT playerintid FROM players WHERE playerintid = 'X18XCG67V' - with return - [1001]
[22:15:02:078335 +02:00] [Thread 7068]  Performed Query 1 - 749002 - SELECT playerintid FROM players WHERE playerintid = 'U87VEG90T'
[22:15:02:078752 +02:00] [Thread 2588]  SINGLE RETURN ARRIVED - [1001]
[22:15:02:078765 +02:00] [Thread 7068]  Successfully finished Query - SELECT playerintid FROM players WHERE playerintid = 'U87VEG90T' - with return - [1001]
[22:15:02:628360 +02:00] [Thread 2588]  Performed Query 1 - 749002 - SELECT playerintid FROM players WHERE playerintid = 'A15CKE90G'
[22:15:02:646802 +02:00] [Thread 7068]  SINGLE RETURN ARRIVED - [1001]
[22:15:02:647060 +02:00] [Thread 7068]  Successfully finished Query - SELECT playerintid FROM players WHERE playerintid = 'A15CKE90G' - with return - [1001]
[22:15:03:154217 +02:00] [Thread 2588]  Performed Query 1 - 749002 - SELECT playerintid FROM players WHERE playerintid = 'I69JRD05Q'
[22:15:03:154540 +02:00] [Thread 7068]  SINGLE RETURN ARRIVED - [1001]
[22:15:03:154552 +02:00] [Thread 2588]  Successfully finished Query - SELECT playerintid FROM players WHERE playerintid = 'I69JRD05Q' - with return - [1001]
[22:15:03:634592 +02:00] [Thread 7068]  Performed Query 1 - 749002 - SELECT playerintid FROM players WHERE playerintid = 'G53YDG61M'
[22:15:03:634993 +02:00] [Thread 2588]  SINGLE RETURN ARRIVED - [1001]
[22:15:03:635029 +02:00] [Thread 7068]  Successfully finished Query - SELECT playerintid FROM players WHERE playerintid = 'G53YDG61M' - with return - [1001]
[22:15:04:009406 +02:00] [Thread 2588]  Performed Query 1 - 749002 - SELECT playerintid FROM players WHERE playerintid = 'I49HOV37O'
[22:15:04:037569 +02:00] [Thread 7068]  SINGLE RETURN ARRIVED - [1001]
[22:15:04:037583 +02:00] [Thread 2588]  Successfully finished Query - SELECT playerintid FROM players WHERE playerintid = 'I49HOV37O' - with return - [1001]
[22:15:04:391477 +02:00] [Thread 7068]  Performed Query 1 - 749002 - SELECT playerintid FROM players WHERE playerintid = 'J87UFO17X'
[22:15:04:391799 +02:00] [Thread 2588]  SINGLE RETURN ARRIVED - [1001]
[22:15:04:391809 +02:00] [Thread 7068]  Successfully finished Query - SELECT playerintid FROM players WHERE playerintid = 'J87UFO17X' - with return - [1001]
[22:15:04:744546 +02:00] [Thread 2588]  Performed Query 1 - 749002 - SELECT playerintid FROM players WHERE playerintid = 'L89VKY81H'
[22:15:04:744910 +02:00] [Thread 7068]  SINGLE RETURN ARRIVED - [1001]
[22:15:04:744923 +02:00] [Thread 2588]  Successfully finished Query - SELECT playerintid FROM players WHERE playerintid = 'L89VKY81H' - with return - [1001]
[22:15:05:097927 +02:00] [Thread 7068]  Performed Query 1 - 749002 - SELECT playerintid FROM players WHERE playerintid = 'P78QQD83E'
[22:15:05:113496 +02:00] [Thread 2588]  SINGLE RETURN ARRIVED - [1001]
[22:15:05:113555 +02:00] [Thread 2588]  Successfully finished Query - SELECT playerintid FROM players WHERE playerintid = 'P78QQD83E' - with return - [1001]
[22:15:05:487388 +02:00] [Thread 7068]  Performed Query 1 - 749002 - SELECT playerintid FROM players WHERE playerintid = 'A95EVE64A'
[22:15:05:487728 +02:00] [Thread 2588]  SINGLE RETURN ARRIVED - [1001]
[22:15:05:487739 +02:00] [Thread 7068]  Successfully finished Query - SELECT playerintid FROM players WHERE playerintid = 'A95EVE64A' - with return - [1001]
[22:15:05:839261 +02:00] [Thread 2588]  Performed Query 1 - 749002 - SELECT playerintid FROM players WHERE playerintid = 'S63FNQ81N'
[22:15:05:839586 +02:00] [Thread 7068]  SINGLE RETURN ARRIVED - [1001]
[22:15:05:839597 +02:00] [Thread 2588]  Successfully finished Query - SELECT playerintid FROM players WHERE playerintid = 'S63FNQ81N' - with return - [1001]
[22:15:06:102213 +02:00] [Thread 7068]  Performed Query 1 - 749002 - SELECT playerintid FROM players WHERE playerintid = 'F41XPX70R'
[22:15:06:129828 +02:00] [Thread 2588]  SINGLE RETURN ARRIVED - [1001]
[22:15:06:130227 +02:00] [Thread 2588]  Successfully finished Query - SELECT playerintid FROM players WHERE playerintid = 'F41XPX70R' - with return - [1001]
[22:15:07:453193 +02:00] [Thread 7068]  Performed Query 1 - 749002 - SELECT playerintid FROM players WHERE playerintid = 'C51XYH77I'
[22:15:07:453540 +02:00] [Thread 2588]  SINGLE RETURN ARRIVED - [1001]
[22:15:07:453558 +02:00] [Thread 7068]  Successfully finished Query - SELECT playerintid FROM players WHERE playerintid = 'C51XYH77I' - with return - [1001]
[22:15:07:610096 +02:00] [Thread 2588]  Performed Query 1 - 749002 - SELECT playerintid FROM players WHERE playerintid = 'P15CSB71L'
[22:15:07:610531 +02:00] [Thread 7068]  SINGLE RETURN ARRIVED - [1001]
[22:15:07:610537 +02:00] [Thread 2588]  Successfully finished Query - SELECT playerintid FROM players WHERE playerintid = 'P15CSB71L' - with return - [1001]
[22:15:07:809114 +02:00] [Thread 7068]  Performed Query 1 - 749002 - SELECT playerintid FROM players WHERE playerintid = 'S71OKB64T'
[22:15:07:829966 +02:00] [Thread 2588]  SINGLE RETURN ARRIVED - [1001]
[22:15:07:829999 +02:00] [Thread 7068]  Successfully finished Query - SELECT playerintid FROM players WHERE playerintid = 'S71OKB64T' - with return - [1001]
[22:15:07:986308 +02:00] [Thread 2588]  Performed Query 1 - 749002 - SELECT playerintid FROM players WHERE playerintid = 'Q15SPW71H'
[22:15:07:986630 +02:00] [Thread 7068]  SINGLE RETURN ARRIVED - [1001]
[22:15:07:986646 +02:00] [Thread 2588]  Successfully finished Query - SELECT playerintid FROM players WHERE playerintid = 'Q15SPW71H' - with return - [1001]
[22:15:08:185317 +02:00] [Thread 7068]  Performed Query 1 - 749002 - SELECT playerintid FROM players WHERE playerintid = 'U28TPU37D'
[22:15:08:185658 +02:00] [Thread 2588]  SINGLE RETURN ARRIVED - [1001]
[22:15:08:185680 +02:00] [Thread 7068]  Successfully finished Query - SELECT playerintid FROM players WHERE playerintid = 'U28TPU37D' - with return - [1001]
[22:15:08:339042 +02:00] [Thread 2588]  Performed Query 1 - 749002 - SELECT playerintid FROM players WHERE playerintid = 'B57NXU82V'
[22:15:08:352449 +02:00] [Thread 7068]  SINGLE RETURN ARRIVED - [1001]
[22:15:08:352477 +02:00] [Thread 2588]  Successfully finished Query - SELECT playerintid FROM players WHERE playerintid = 'B57NXU82V' - with return - [1001]
[22:15:08:492953 +02:00] [Thread 7068]  Performed Query 1 - 749002 - SELECT playerintid FROM players WHERE playerintid = 'E13OHV36V'
[22:15:08:493298 +02:00] [Thread 2588]  SINGLE RETURN ARRIVED - [1001]
[22:15:08:493309 +02:00] [Thread 7068]  Successfully finished Query - SELECT playerintid FROM players WHERE playerintid = 'E13OHV36V' - with return - [1001]
[22:15:08:647209 +02:00] [Thread 2588]  Performed Query 1 - 749002 - SELECT playerintid FROM players WHERE playerintid = 'L83BWT65M'
[22:15:08:663285 +02:00] [Thread 7068]  SINGLE RETURN ARRIVED - [1001]
[22:15:08:663323 +02:00] [Thread 2588]  Successfully finished Query - SELECT playerintid FROM players WHERE playerintid = 'L83BWT65M' - with return - [1001]
[22:15:08:820262 +02:00] [Thread 7068]  Performed Query 1 - 749002 - SELECT playerintid FROM players WHERE playerintid = 'W06GKT06Q'
[22:15:08:820621 +02:00] [Thread 2588]  SINGLE RETURN ARRIVED - [1001]
[22:15:08:820633 +02:00] [Thread 7068]  Successfully finished Query - SELECT playerintid FROM players WHERE playerintid = 'W06GKT06Q' - with return - [1001]
[22:15:08:952344 +02:00] [Thread 2588]  Performed Query 1 - 749002 - SELECT playerintid FROM players WHERE playerintid = 'H48TOX50O'
[22:15:08:952741 +02:00] [Thread 7068]  SINGLE RETURN ARRIVED - [1001]
[22:15:08:952760 +02:00] [Thread 2588]  Successfully finished Query - SELECT playerintid FROM players WHERE playerintid = 'H48TOX50O' - with return - [1001]
[22:15:09:128450 +02:00] [Thread 7068]  Performed Query 1 - 749002 - SELECT playerintid FROM players WHERE playerintid = 'E31ERO43X'
[22:15:09:144170 +02:00] [Thread 2588]  SINGLE RETURN ARRIVED - [1001]
[22:15:09:144237 +02:00] [Thread 7068]  Successfully finished Query - SELECT playerintid FROM players WHERE playerintid = 'E31ERO43X' - with return - [1001]
[22:15:09:303307 +02:00] [Thread 2588]  Performed Query 1 - 749002 - SELECT playerintid FROM players WHERE playerintid = 'X84BYI69M'
[22:15:09:303704 +02:00] [Thread 2588]  Successfully finished Query - SELECT playerintid FROM players WHERE playerintid = 'X84BYI69M' - with return - [1001]
[22:15:09:303685 +02:00] [Thread 7068]  SINGLE RETURN ARRIVED - [1001]
[22:15:09:435273 +02:00] [Thread 2588]  Performed Query 1 - 749002 - SELECT playerintid FROM players WHERE playerintid = 'N76WPN86L'
[22:15:09:435662 +02:00] [Thread 7068]  SINGLE RETURN ARRIVED - [1001]
[22:15:09:435684 +02:00] [Thread 2588]  Successfully finished Query - SELECT playerintid FROM players WHERE playerintid = 'N76WPN86L' - with return - [1001]
[22:15:09:589227 +02:00] [Thread 7068]  Performed Query 1 - 749002 - SELECT playerintid FROM players WHERE playerintid = 'V53TCG47R'
[22:15:09:602377 +02:00] [Thread 2588]  SINGLE RETURN ARRIVED - [1001]
[22:15:09:602394 +02:00] [Thread 7068]  Successfully finished Query - SELECT playerintid FROM players WHERE playerintid = 'V53TCG47R' - with return - [1001]
[22:15:09:764524 +02:00] [Thread 2588]  Performed Query 1 - 749002 - SELECT playerintid FROM players WHERE playerintid = 'M53CXS10Q'
[22:15:09:779963 +02:00] [Thread 7068]  SINGLE RETURN ARRIVED - [1001]
[22:15:09:779999 +02:00] [Thread 2588]  Successfully finished Query - SELECT playerintid FROM players WHERE playerintid = 'M53CXS10Q' - with return - [1001]
[22:15:09:917284 +02:00] [Thread 7068]  Performed Query 1 - 749002 - SELECT playerintid FROM players WHERE playerintid = 'M27UFP54V'
[22:15:09:917705 +02:00] [Thread 2588]  SINGLE RETURN ARRIVED - [1001]
[22:15:09:917739 +02:00] [Thread 7068]  Successfully finished Query - SELECT playerintid FROM players WHERE playerintid = 'M27UFP54V' - with return - [1001]
[22:15:10:070088 +02:00] [Thread 2588]  Performed Query 1 - 749002 - SELECT playerintid FROM players WHERE playerintid = 'M89VLZ69A'
[22:15:10:070422 +02:00] [Thread 7068]  SINGLE RETURN ARRIVED - [1001]
[22:15:10:070433 +02:00] [Thread 2588]  Successfully finished Query - SELECT playerintid FROM players WHERE playerintid = 'M89VLZ69A' - with return - [1001]
[22:15:10:223114 +02:00] [Thread 7068]  Performed Query 1 - 749002 - SELECT playerintid FROM players WHERE playerintid = 'M02RKK63U'
[22:15:10:245650 +02:00] [Thread 2588]  SINGLE RETURN ARRIVED - [1001]
[22:15:10:245676 +02:00] [Thread 7068]  Successfully finished Query - SELECT playerintid FROM players WHERE playerintid = 'M02RKK63U' - with return - [1001]
[22:15:10:380834 +02:00] [Thread 2588]  Performed Query 1 - 749002 - SELECT playerintid FROM players WHERE playerintid = 'I25XCR66A'
[22:15:10:381528 +02:00] [Thread 7068]  SINGLE RETURN ARRIVED - [1001]
[22:15:10:381552 +02:00] [Thread 2588]  Successfully finished Query - SELECT playerintid FROM players WHERE playerintid = 'I25XCR66A' - with return - [1001]
[22:18:38:623869 +02:00] [Thread 7068]  Performed Query 1 - 749002 - SELECT playerintid FROM players WHERE playerintid = 'Q63GCD57E'
[22:18:38:644952 +02:00] [Thread 2588]  SINGLE RETURN ARRIVED - [1001]
[22:18:38:644959 +02:00] [Thread 7068]  Successfully finished Query - SELECT playerintid FROM players WHERE playerintid = 'Q63GCD57E' - with return - [1001]
[22:20:09:777211 +02:00] [Thread 14892]  Performed Query 1 - 777643 - SELECT id FROM players WHERE playerid = '76561198216442289'
[22:20:09:994868 +02:00] [Thread 13300]  SINGLE RETURN ARRIVED - [1001]
[22:20:09:994911 +02:00] [Thread 14892]  Successfully finished Query - SELECT id FROM players WHERE playerid = '76561198216442289' - with return - [1001]
[22:20:09:995034 +02:00] [Thread 13300]  Performed Query 1 - 777643 - SELECT playerintid FROM players WHERE playerintid = 'Q96AJL51Y'
[22:20:10:197716 +02:00] [Thread 14892]  SINGLE RETURN ARRIVED - [1001]
[22:20:10:197743 +02:00] [Thread 13300]  Successfully finished Query - SELECT playerintid FROM players WHERE playerintid = 'Q96AJL51Y' - with return - [1001]
[22:20:10:219802 +02:00] [Thread 14892]  Performed Query 1 - 777643 - INSERT INTO players (playerid, playerintid, name, playtime, firstconnect, lastconnect) values (76561198216442289,Q96AJL51Y,Prof. Rudi Bildungsstop,00:00:00,2019-4-16 22:20:00,2019-4-16 22:20:00)
[22:20:10:722850 +02:00] [Thread 14892]  Performed Query 1 - 777643 - SELECT playerintid, name, rank, banned, xp, level, money, kills, teamkills, deaths FROM players WHERE playerid = '76561198216442289'
[22:20:10:941983 +02:00] [Thread 13300]  SINGLE RETURN ARRIVED - [1001]
[22:20:10:941996 +02:00] [Thread 14892]  Successfully finished Query - SELECT playerintid, name, rank, banned, xp, level, money, kills, teamkills, deaths FROM players WHERE playerid = '76561198216442289' - with return - [1001]
[22:20:25:097612 +02:00] [Thread 13300]  Performed Query 1 - 777643 - SELECT id FROM players WHERE playerid = '76561198216442289'
[22:20:25:317517 +02:00] [Thread 14892]  SINGLE RETURN ARRIVED - [1001]
[22:20:25:317563 +02:00] [Thread 13300]  Successfully finished Query - SELECT id FROM players WHERE playerid = '76561198216442289' - with return - [1001]
[22:20:25:317685 +02:00] [Thread 14892]  Performed Query 1 - 777643 - SELECT playerintid FROM players WHERE playerintid = 'U24GOB29R'
[22:20:25:537264 +02:00] [Thread 13300]  SINGLE RETURN ARRIVED - [1001]
[22:20:25:537304 +02:00] [Thread 14892]  Successfully finished Query - SELECT playerintid FROM players WHERE playerintid = 'U24GOB29R' - with return - [1001]
[22:20:25:537637 +02:00] [Thread 13300]  Performed Query 1 - 777643 - INSERT INTO players (playerid, playerintid, name, playtime, firstconnect, lastconnect) values (76561198216442289,U24GOB29R,Prof. Rudi Bildungsstop,00:00:00,2019-4-16 22:20:00,2019-4-16 22:20:00)
[22:20:26:042977 +02:00] [Thread 13300]  Performed Query 1 - 777643 - SELECT playerintid, name, rank, banned, xp, level, money, kills, teamkills, deaths FROM players WHERE playerid = '76561198216442289'
[22:20:26:261709 +02:00] [Thread 14892]  SINGLE RETURN ARRIVED - [1001]
[22:20:26:261770 +02:00] [Thread 13300]  Successfully finished Query - SELECT playerintid, name, rank, banned, xp, level, money, kills, teamkills, deaths FROM players WHERE playerid = '76561198216442289' - with return - [1001]
[22:23:33:471063 +02:00] [Thread 7360]  Performed Query 1 - 410599 - SELECT id FROM players WHERE playerid = '76561198216442289'
[22:23:33:688795 +02:00] [Thread 7360]  SINGLE RETURN ARRIVED - [1001]
[22:23:33:688841 +02:00] [Thread 5868]  Successfully finished Query - SELECT id FROM players WHERE playerid = '76561198216442289' - with return - [1001]
[22:23:33:689063 +02:00] [Thread 7360]  Performed Query 1 - 410599 - SELECT playerintid FROM players WHERE playerintid = 'C65TOE22Q'
[22:23:33:907866 +02:00] [Thread 5868]  SINGLE RETURN ARRIVED - [1001]
[22:23:33:907940 +02:00] [Thread 7360]  Successfully finished Query - SELECT playerintid FROM players WHERE playerintid = 'C65TOE22Q' - with return - [1001]
[22:23:33:929798 +02:00] [Thread 5868]  Performed Query 1 - 410599 - INSERT INTO players (playerid, playerintid, name, playtime, firstconnect, lastconnect) values (76561198216442289,'C65TOE22Q','Prof. Rudi Bildungsstop','00:00:00','2019-4-16 22:23:00','2019-4-16 22:23:00')
[22:23:34:433732 +02:00] [Thread 5868]  Performed Query 1 - 410599 - SELECT playerintid, name, rank, banned, xp, level, money, kills, teamkills, deaths FROM players WHERE playerid = '76561198216442289'
[22:23:34:651392 +02:00] [Thread 7360]  SINGLE RETURN ARRIVED - ["C65TOE22Q","Prof. Rudi Bildungsstop",0,0,0,0,0,0,0,0]
[22:23:34:651409 +02:00] [Thread 5868]  Successfully finished Query - SELECT playerintid, name, rank, banned, xp, level, money, kills, teamkills, deaths FROM players WHERE playerid = '76561198216442289' - with return - ["C65TOE22Q","Prof. Rudi Bildungsstop",0,0,0,0,0,0,0,0]
[22:25:14:667072 +02:00] [Thread 7360]  Performed Query 1 - 410599 - SELECT id FROM players WHERE playerid = '76561198216442289'
[22:25:14:886716 +02:00] [Thread 5868]  SINGLE RETURN ARRIVED - [5]
[22:25:14:886769 +02:00] [Thread 7360]  Successfully finished Query - SELECT id FROM players WHERE playerid = '76561198216442289' - with return - [5]
[22:25:14:886858 +02:00] [Thread 5868]  Performed Query 1 - 410599 - SELECT playerintid, name, rank, banned, xp, level, money, kills, teamkills, deaths FROM players WHERE playerid = '76561198216442289'
[22:25:15:106533 +02:00] [Thread 7360]  SINGLE RETURN ARRIVED - ["C65TOE22Q","Prof. Rudi Bildungsstop",0,0,0,0,0,0,0,0]
[22:25:15:106556 +02:00] [Thread 5868]  Successfully finished Query - SELECT playerintid, name, rank, banned, xp, level, money, kills, teamkills, deaths FROM players WHERE playerid = '76561198216442289' - with return - ["C65TOE22Q","Prof. Rudi Bildungsstop",0,0,0,0,0,0,0,0]
[22:27:03:252845 +02:00] [Thread 7360]  Performed Query 1 - 410599 - SELECT id FROM players WHERE playerid = '76561198216442289'
[22:27:03:471887 +02:00] [Thread 5868]  SINGLE RETURN ARRIVED - [1001]
[22:27:03:471938 +02:00] [Thread 5868]  Successfully finished Query - SELECT id FROM players WHERE playerid = '76561198216442289' - with return - [1001]
[22:27:03:472209 +02:00] [Thread 7360]  Performed Query 1 - 410599 - SELECT playerintid FROM players WHERE playerintid = 'W13CFV39I'
[22:27:03:690831 +02:00] [Thread 5868]  SINGLE RETURN ARRIVED - [1001]
[22:27:03:690850 +02:00] [Thread 7360]  Successfully finished Query - SELECT playerintid FROM players WHERE playerintid = 'W13CFV39I' - with return - [1001]
[22:27:03:691038 +02:00] [Thread 5868]  Performed Query 1 - 410599 - INSERT INTO players (playerid, playerintid, name, playtime, firstconnect, lastconnect) values (76561198216442289,'W13CFV39I','Prof. Rudi Bildungsstop','00:00:00','2019-4-16 22:27:00','2019-4-16 22:27:00')
[22:27:04:194495 +02:00] [Thread 5868]  Performed Query 1 - 410599 - SELECT playerintid, name, rank, banned, xp, level, money, kills, teamkills, deaths FROM players WHERE playerid = '76561198216442289'
[22:27:04:413225 +02:00] [Thread 7360]  SINGLE RETURN ARRIVED - ["W13CFV39I","Prof. Rudi Bildungsstop",0,0,0,0,0,0,0,0]
[22:27:04:413251 +02:00] [Thread 5868]  Successfully finished Query - SELECT playerintid, name, rank, banned, xp, level, money, kills, teamkills, deaths FROM players WHERE playerid = '76561198216442289' - with return - ["W13CFV39I","Prof. Rudi Bildungsstop",0,0,0,0,0,0,0,0]
[22:31:34:552102 +02:00] [Thread 7360]  Performed Query 1 - 410599 - SELECT id FROM players WHERE playerid = '76561198216442289'
[22:31:34:770675 +02:00] [Thread 5868]  SINGLE RETURN ARRIVED - [1]
[22:31:34:770939 +02:00] [Thread 7360]  Successfully finished Query - SELECT id FROM players WHERE playerid = '76561198216442289' - with return - [1]
[22:31:34:770986 +02:00] [Thread 12488]  Performed Query 1 - 410599 - SELECT playerintid, name, rank, banned, xp, level, money, kills, teamkills, deaths FROM players WHERE playerid = '76561198216442289'
[22:31:34:989848 +02:00] [Thread 5868]  SINGLE RETURN ARRIVED - ["0","NOTHINGSET",0,0,0,0,0,0,0,0]
[22:31:34:989905 +02:00] [Thread 12488]  Successfully finished Query - SELECT playerintid, name, rank, banned, xp, level, money, kills, teamkills, deaths FROM players WHERE playerid = '76561198216442289' - with return - ["0","NOTHINGSET",0,0,0,0,0,0,0,0]
[22:31:59:418688 +02:00] [Thread 5868]  Performed Query 1 - 410599 - SELECT id FROM players WHERE playerid = '76561198216442289'
[22:31:59:637287 +02:00] [Thread 12488]  SINGLE RETURN ARRIVED - [1]
[22:31:59:637418 +02:00] [Thread 5868]  Successfully finished Query - SELECT id FROM players WHERE playerid = '76561198216442289' - with return - [1]
[22:31:59:637521 +02:00] [Thread 7360]  Performed Query 1 - 410599 - SELECT playerintid, name, rank, banned, xp, level, money, kills, teamkills, deaths FROM players WHERE playerid = '76561198216442289'
[22:31:59:855633 +02:00] [Thread 12488]  SINGLE RETURN ARRIVED - ["ADMIN","NOTHINGSET",0,0,0,0,0,0,0,0]
[22:31:59:855661 +02:00] [Thread 7360]  Successfully finished Query - SELECT playerintid, name, rank, banned, xp, level, money, kills, teamkills, deaths FROM players WHERE playerid = '76561198216442289' - with return - ["ADMIN","NOTHINGSET",0,0,0,0,0,0,0,0]
[22:35:12:335791 +02:00] [Thread 12488]  Performed Query 1 - 410599 - SELECT id FROM players WHERE playerid = '76561198216442289'
[22:35:12:558329 +02:00] [Thread 7360]  SINGLE RETURN ARRIVED - [1]
[22:35:12:558398 +02:00] [Thread 12488]  Successfully finished Query - SELECT id FROM players WHERE playerid = '76561198216442289' - with return - [1]
[22:35:12:558494 +02:00] [Thread 7360]  Performed Query 1 - 410599 - SELECT playerintid, name, rank, banned, xp, level, money, kills, teamkills, deaths FROM players WHERE playerid = '76561198216442289'
[22:35:12:775746 +02:00] [Thread 12488]  SINGLE RETURN ARRIVED - ["ADMIN","NOTHINGSET",0,0,0,0,0,0,0,0]
[22:35:12:775767 +02:00] [Thread 7360]  Successfully finished Query - SELECT playerintid, name, rank, banned, xp, level, money, kills, teamkills, deaths FROM players WHERE playerid = '76561198216442289' - with return - ["ADMIN","NOTHINGSET",0,0,0,0,0,0,0,0]
[22:35:31:171996 +02:00] [Thread 12488]  Performed Query 1 - 410599 - SELECT id FROM players WHERE playerid = '76561198216442289'
[22:35:31:390935 +02:00] [Thread 7360]  SINGLE RETURN ARRIVED - [1]
[22:35:31:391291 +02:00] [Thread 12488]  Successfully finished Query - SELECT id FROM players WHERE playerid = '76561198216442289' - with return - [1]
[22:35:31:391296 +02:00] [Thread 5868]  Performed Query 1 - 410599 - SELECT playerintid, name, rank, banned, xp, level, money, kills, teamkills, deaths FROM players WHERE playerid = '76561198216442289'
[22:35:31:610438 +02:00] [Thread 7360]  SINGLE RETURN ARRIVED - ["ADMIN","NOTHINGSET",0,0,0,0,0,0,0,0]
[22:35:31:610473 +02:00] [Thread 5868]  Successfully finished Query - SELECT playerintid, name, rank, banned, xp, level, money, kills, teamkills, deaths FROM players WHERE playerid = '76561198216442289' - with return - ["ADMIN","NOTHINGSET",0,0,0,0,0,0,0,0]
[23:07:37:236296 +02:00] [Thread 17060]  Performed Query 1 - 293554 - SELECT id FROM players WHERE playerid = '76561198216442289'
[23:07:37:455819 +02:00] [Thread 14600]  SINGLE RETURN ARRIVED - [1]
[23:07:37:455841 +02:00] [Thread 17060]  Successfully finished Query - SELECT id FROM players WHERE playerid = '76561198216442289' - with return - [1]
[23:07:37:456205 +02:00] [Thread 14600]  Performed Query 1 - 293554 - SELECT playerintid, name, rank, banned, xp, level, money, kills, teamkills, deaths FROM players WHERE playerid = '76561198216442289'
[23:07:37:660738 +02:00] [Thread 17060]  SINGLE RETURN ARRIVED - ["ADMIN","NOTHINGSET",100,0,0,0,0,0,0,0]
[23:07:37:660764 +02:00] [Thread 14600]  Successfully finished Query - SELECT playerintid, name, rank, banned, xp, level, money, kills, teamkills, deaths FROM players WHERE playerid = '76561198216442289' - with return - ["ADMIN","NOTHINGSET",100,0,0,0,0,0,0,0]
[23:19:51:250080 +02:00] [Thread 6160]  Performed Query 1 - 231934 - SELECT id FROM players WHERE playerid = '76561198216442289'
[23:19:51:471255 +02:00] [Thread 996]  SINGLE RETURN ARRIVED - [1]
[23:19:51:471304 +02:00] [Thread 6160]  Successfully finished Query - SELECT id FROM players WHERE playerid = '76561198216442289' - with return - [1]
[23:19:51:471369 +02:00] [Thread 996]  Performed Query 1 - 231934 - SELECT playerintid, name, rank, banned, xp, level, money, kills, teamkills, deaths FROM players WHERE playerid = '76561198216442289'
[23:19:51:690692 +02:00] [Thread 6160]  SINGLE RETURN ARRIVED - ["ADMIN","NOTHINGSET",100,0,0,0,0,0,0,0]
[23:19:51:690732 +02:00] [Thread 996]  Successfully finished Query - SELECT playerintid, name, rank, banned, xp, level, money, kills, teamkills, deaths FROM players WHERE playerid = '76561198216442289' - with return - ["ADMIN","NOTHINGSET",100,0,0,0,0,0,0,0]
[23:21:40:889550 +02:00] [Thread 16272]  Performed Query 1 - 189528 - SELECT id FROM players WHERE playerid = '76561198216442289'
[23:21:41:108619 +02:00] [Thread 13152]  SINGLE RETURN ARRIVED - [1]
[23:21:41:108638 +02:00] [Thread 16272]  Successfully finished Query - SELECT id FROM players WHERE playerid = '76561198216442289' - with return - [1]
[23:21:41:108917 +02:00] [Thread 5952]  Performed Query 1 - 189528 - SELECT playerintid, name, rank, banned, xp, level, money, kills, teamkills, deaths FROM players WHERE playerid = '76561198216442289'
[23:21:41:327358 +02:00] [Thread 13152]  SINGLE RETURN ARRIVED - ["ADMIN","NOTHINGSET",100,0,0,0,0,0,0,0]
[23:21:41:327427 +02:00] [Thread 5952]  Successfully finished Query - SELECT playerintid, name, rank, banned, xp, level, money, kills, teamkills, deaths FROM players WHERE playerid = '76561198216442289' - with return - ["ADMIN","NOTHINGSET",100,0,0,0,0,0,0,0]
[23:25:18:164643 +02:00] [Thread 16008]  Performed Query 1 - 371201 - SELECT id FROM players WHERE playerid = '76561198216442289'
[23:25:18:390274 +02:00] [Thread 16008]  SINGLE RETURN ARRIVED - [1]
[23:25:18:390702 +02:00] [Thread 9760]  Successfully finished Query - SELECT id FROM players WHERE playerid = '76561198216442289' - with return - [1]
[23:25:18:390880 +02:00] [Thread 6432]  Performed Query 1 - 371201 - SELECT playerintid, name, rank, banned, xp, level, money, kills, teamkills, deaths FROM players WHERE playerid = '76561198216442289'
[23:25:18:591944 +02:00] [Thread 3456]  SINGLE RETURN ARRIVED - ["ADMIN","NOTHINGSET",100,0,0,0,0,0,0,0]
[23:25:18:592016 +02:00] [Thread 3456]  Successfully finished Query - SELECT playerintid, name, rank, banned, xp, level, money, kills, teamkills, deaths FROM players WHERE playerid = '76561198216442289' - with return - ["ADMIN","NOTHINGSET",100,0,0,0,0,0,0,0]
[23:25:26:989486 +02:00] [Thread 6432]  Performed Query 1 - 371201 - UPDATE players SET name = 'Max Mustermann', xp = 123, level = 123, money = 123, kills = 123, teamkills = 123, deaths = 123 WHERE playerid = '76561198216442289'
[23:25:59:734962 +02:00] [Thread 6432]  Performed Query 1 - 371201 - UPDATE players SET name = 'Max Mustermann', xp = 123, level = 123, money = 123, kills = 123, teamkills = 123, deaths = 123 WHERE playerid = '76561198216442289'
[23:26:00:153191 +02:00] [Thread 6432]  Performed Query 1 - 371201 - UPDATE players SET name = 'Max Mustermann', xp = 123, level = 123, money = 123, kills = 123, teamkills = 123, deaths = 123 WHERE playerid = '76561198216442289'
[23:26:00:351504 +02:00] [Thread 6432]  Performed Query 1 - 371201 - UPDATE players SET name = 'Max Mustermann', xp = 123, level = 123, money = 123, kills = 123, teamkills = 123, deaths = 123 WHERE playerid = '76561198216442289'
[23:26:00:526424 +02:00] [Thread 6432]  Performed Query 1 - 371201 - UPDATE players SET name = 'Max Mustermann', xp = 123, level = 123, money = 123, kills = 123, teamkills = 123, deaths = 123 WHERE playerid = '76561198216442289'
[23:27:00:823377 +02:00] [Thread 6432]  Performed Query 1 - 371201 - UPDATE players SET name = 'Max Mustermann', xp = 123, level = 123, money = 123, kills = 123, teamkills = 123, deaths = 123 WHERE playerid = '76561198216442289'
[23:28:46:174554 +02:00] [Thread 6432]  Performed Query 1 - 371201 - UPDATE players SET name = 'Max Mustermann', xp = 123, level = 123, money = 123, kills = 123, teamkills = 123, deaths = 123 WHERE playerid = '76561198216442289'
[23:31:27:904629 +02:00] [Thread 17464]  Performed Query 1 - 212650 - SELECT id FROM players WHERE playerid = '76561198216442289'
[23:31:28:124146 +02:00] [Thread 17872]  SINGLE RETURN ARRIVED - [1]
[23:31:28:124163 +02:00] [Thread 17464]  Successfully finished Query - SELECT id FROM players WHERE playerid = '76561198216442289' - with return - [1]
[23:31:28:124326 +02:00] [Thread 17872]  Performed Query 1 - 212650 - SELECT playerintid, name, rank, banned, xp, level, money, kills, teamkills, deaths FROM players WHERE playerid = '76561198216442289'
[23:31:28:342356 +02:00] [Thread 17464]  SINGLE RETURN ARRIVED - ["ADMIN","Max Mustermann",100,0,123,123,123,123,123,123]
[23:31:28:342420 +02:00] [Thread 17872]  Successfully finished Query - SELECT playerintid, name, rank, banned, xp, level, money, kills, teamkills, deaths FROM players WHERE playerid = '76561198216442289' - with return - ["ADMIN","Max Mustermann",100,0,123,123,123,123,123,123]
[23:31:32:737696 +02:00] [Thread 17464]  Performed Query 1 - 212650 - UPDATE players SET name = 'Max Mustermann', xp = 123, level = 123, money = 123, kills = 123, teamkills = 123, deaths = 123 WHERE playerid = '76561198216442289'
[23:38:55:123444 +02:00] [Thread 17464]  Performed Query 1 - 212650 - UPDATE players SET name = 'Max Mustermann', xp = 123, level = 123, money = 123, kills = 123, teamkills = 123, deaths = 123 WHERE playerid = '76561198216442289'
[23:39:23:056751 +02:00] [Thread 17464]  Performed Query 1 - 212650 - UPDATE players SET name = 'Max Mustermann', xp = 123, level = 123, money = 123, kills = 123, teamkills = 123, deaths = 123 WHERE playerid = '76561198216442289'
[23:39:49:829098 +02:00] [Thread 17464]  Performed Query 1 - 212650 - UPDATE players SET name = 'Max Mustermann', xp = 123, level = 123, money = 123, kills = 123, teamkills = 123, deaths = 123 WHERE playerid = '76561198216442289'
[23:40:56:988952 +02:00] [Thread 17464]  Performed Query 1 - 212650 - SELECT id FROM players WHERE playerid = '76561198216442289'
[23:40:57:203728 +02:00] [Thread 17872]  Successfully finished Query - SELECT id FROM players WHERE playerid = '76561198216442289' - with return - [1]
[23:40:57:203715 +02:00] [Thread 17464]  SINGLE RETURN ARRIVED - [1]
[23:40:57:203823 +02:00] [Thread 17872]  Performed Query 1 - 212650 - SELECT playerintid, name, rank, banned, xp, level, money, kills, teamkills, deaths FROM players WHERE playerid = '76561198216442289'
[23:40:57:404946 +02:00] [Thread 17464]  SINGLE RETURN ARRIVED - ["ADMIN","Max Mustermann",100,0,123,123,123,123,123,123]
[23:40:57:404979 +02:00] [Thread 17872]  Successfully finished Query - SELECT playerintid, name, rank, banned, xp, level, money, kills, teamkills, deaths FROM players WHERE playerid = '76561198216442289' - with return - ["ADMIN","Max Mustermann",100,0,123,123,123,123,123,123]
[23:41:06:336490 +02:00] [Thread 17464]  Performed Query 1 - 212650 - UPDATE players SET name = 'Max Mustermann', xp = 123, level = 123, money = 123, kills = 123, teamkills = 123, deaths = 123 WHERE playerid = '76561198216442289'
[23:42:45:039189 +02:00] [Thread 13356]  Performed Query 1 - 528577 - SELECT id FROM players WHERE playerid = '76561198216442289'
[23:42:45:258128 +02:00] [Thread 9000]  SINGLE RETURN ARRIVED - [1]
[23:42:45:258247 +02:00] [Thread 13356]  Successfully finished Query - SELECT id FROM players WHERE playerid = '76561198216442289' - with return - [1]
[23:42:45:258391 +02:00] [Thread 13724]  Performed Query 1 - 528577 - SELECT playerintid, name, rank, banned, xp, level, money, kills, teamkills, deaths FROM players WHERE playerid = '76561198216442289'
[23:42:45:478470 +02:00] [Thread 9000]  SINGLE RETURN ARRIVED - ["ADMIN","Max Mustermann",100,0,123,123,123,123,123,123]
[23:42:45:478498 +02:00] [Thread 13724]  Successfully finished Query - SELECT playerintid, name, rank, banned, xp, level, money, kills, teamkills, deaths FROM players WHERE playerid = '76561198216442289' - with return - ["ADMIN","Max Mustermann",100,0,123,123,123,123,123,123]
[23:42:48:134155 +02:00] [Thread 9000]  Performed Query 1 - 528577 - UPDATE players SET name = 'Max Mustermann', xp = 123, level = 123, money = 123, kills = 123, teamkills = 123, deaths = 123 WHERE playerid = '76561198216442289'
[23:42:51:693330 +02:00] [Thread 9000]  Performed Query 1 - 528577 - UPDATE players SET name = 'Max Mustermann', xp = 123, level = 123, money = 123, kills = 123, teamkills = 123, deaths = 123 WHERE playerid = '76561198216442289'
[23:50:13:635540 +02:00] [Thread 4072]  Performed Query 1 - 999522 - SELECT id FROM players WHERE playerid = '76561198216442289'
[23:50:13:855856 +02:00] [Thread 4036]  SINGLE RETURN ARRIVED - [1]
[23:50:13:855908 +02:00] [Thread 4072]  Successfully finished Query - SELECT id FROM players WHERE playerid = '76561198216442289' - with return - [1]
[23:50:13:856142 +02:00] [Thread 4036]  Performed Query 1 - 999522 - SELECT playerintid, name, rank, banned, xp, level, money, kills, teamkills, deaths FROM players WHERE playerid = '76561198216442289'
[23:50:14:075385 +02:00] [Thread 4072]  SINGLE RETURN ARRIVED - ["ADMIN","Max Mustermann",100,0,123,123,123,123,123,123]
[23:50:14:075421 +02:00] [Thread 4036]  Successfully finished Query - SELECT playerintid, name, rank, banned, xp, level, money, kills, teamkills, deaths FROM players WHERE playerid = '76561198216442289' - with return - ["ADMIN","Max Mustermann",100,0,123,123,123,123,123,123]
[23:50:17:525240 +02:00] [Thread 4072]  Performed Query 1 - 999522 - UPDATE players SET name = 'Max Mustermann', xp = 123, level = 123, money = 123, kills = 123, teamkills = 123, deaths = 123 WHERE playerid = '76561198216442289'
[23:50:33:585508 +02:00] [Thread 4072]  Performed Query 1 - 999522 - UPDATE players SET name = 'Max Mustermann', xp = 123, level = 123, money = 123, kills = 123, teamkills = 123, deaths = 123 WHERE playerid = '76561198216442289'
[23:50:42:560444 +02:00] [Thread 4072]  Performed Query 1 - 999522 - UPDATE players SET name = 'Max Mustermann', xp = 123, level = 123, money = 123, kills = 123, teamkills = 123, deaths = 123 WHERE playerid = '76561198216442289'
[23:50:42:802808 +02:00] [Thread 4072]  Performed Query 1 - 999522 - UPDATE players SET name = 'Max Mustermann', xp = 123, level = 123, money = 123, kills = 123, teamkills = 123, deaths = 123 WHERE playerid = '76561198216442289'
[23:50:43:000540 +02:00] [Thread 4072]  Performed Query 1 - 999522 - UPDATE players SET name = 'Max Mustermann', xp = 123, level = 123, money = 123, kills = 123, teamkills = 123, deaths = 123 WHERE playerid = '76561198216442289'
[23:50:43:195280 +02:00] [Thread 4072]  Performed Query 1 - 999522 - UPDATE players SET name = 'Max Mustermann', xp = 123, level = 123, money = 123, kills = 123, teamkills = 123, deaths = 123 WHERE playerid = '76561198216442289'
[23:51:12:869109 +02:00] [Thread 4072]  Performed Query 1 - 999522 - UPDATE players SET name = 'Max Mustermann', xp = 123, level = 123, money = 123, kills = 123, teamkills = 123, deaths = 123 WHERE playerid = '76561198216442289'
[23:51:31:602937 +02:00] [Thread 4036]  Performed Query 1 - 999522 - UPDATE players SET name = 'Max Mustermann', xp = 123, level = 123, money = 123, kills = 123, teamkills = 123, deaths = 123 WHERE playerid = '76561198216442289'
[23:52:50:082116 +02:00] [Thread 4036]  Performed Query 1 - 999522 - UPDATE players SET name = 'Max Mustermann', xp = 123, level = 123, money = 123, kills = 123, teamkills = 123, deaths = 123 WHERE playerid = '76561198216442289'
[23:53:35:449609 +02:00] [Thread 4072]  Performed Query 1 - 999522 - SELECT id FROM players WHERE playerid = '76561198216442289'
[23:53:35:670614 +02:00] [Thread 4036]  SINGLE RETURN ARRIVED - [1]
[23:53:35:671073 +02:00] [Thread 4072]  Successfully finished Query - SELECT id FROM players WHERE playerid = '76561198216442289' - with return - [1]
[23:53:35:671119 +02:00] [Thread 17684]  Performed Query 1 - 999522 - SELECT playerintid, name, rank, banned, xp, level, money, kills, teamkills, deaths FROM players WHERE playerid = '76561198216442289'
[23:53:35:888481 +02:00] [Thread 4036]  SINGLE RETURN ARRIVED - ["ADMIN","Max Mustermann",100,0,123,123,123,123,123,123]
[23:53:35:888521 +02:00] [Thread 17684]  Successfully finished Query - SELECT playerintid, name, rank, banned, xp, level, money, kills, teamkills, deaths FROM players WHERE playerid = '76561198216442289' - with return - ["ADMIN","Max Mustermann",100,0,123,123,123,123,123,123]
[23:53:47:999696 +02:00] [Thread 4036]  Performed Query 1 - 999522 - UPDATE players SET name = 'Max Mustermann', xp = 123, level = 123, money = 123, kills = 123, teamkills = 123, deaths = 123 WHERE playerid = '76561198216442289'
[23:55:30:693478 +02:00] [Thread 4036]  Performed Query 1 - 999522 - UPDATE players SET name = 'Max Mustermann', xp = 123, level = 123, money = 123, kills = 123, teamkills = 123, deaths = 123 WHERE playerid = '76561198216442289'
[23:56:12:952085 +02:00] [Thread 4036]  Performed Query 1 - 999522 - UPDATE players SET name = 'Max Mustermann', xp = 123, level = 123, money = 123, kills = 123, teamkills = 123, deaths = 123 WHERE playerid = '76561198216442289'
[23:56:40:546949 +02:00] [Thread 4036]  Performed Query 1 - 999522 - UPDATE players SET name = 'Max Mustermann', xp = 123, level = 123, money = 123, kills = 123, teamkills = 123, deaths = 123 WHERE playerid = '76561198216442289'
[23:56:48:398951 +02:00] [Thread 4036]  Performed Query 1 - 999522 - UPDATE players SET name = 'Max Mustermann', xp = 123, level = 123, money = 123, kills = 123, teamkills = 123, deaths = 123 WHERE playerid = '76561198216442289'
[23:59:28:717502 +02:00] [Thread 16164]  Performed Query 1 - 68194 - SELECT id FROM players WHERE playerid = '76561198216442289'
[23:59:28:936899 +02:00] [Thread 5952]  SINGLE RETURN ARRIVED - [1]
[23:59:28:938966 +02:00] [Thread 16164]  Successfully finished Query - SELECT id FROM players WHERE playerid = '76561198216442289' - with return - [1]
[23:59:28:939031 +02:00] [Thread 11704]  Performed Query 1 - 68194 - SELECT playerintid, name, rank, banned, xp, level, money, kills, teamkills, deaths FROM players WHERE playerid = '76561198216442289'
[23:59:29:158210 +02:00] [Thread 5952]  SINGLE RETURN ARRIVED - ["ADMIN","Max Mustermann",100,0,123,123,123,123,123,123]
[23:59:29:158435 +02:00] [Thread 5952]  Successfully finished Query - SELECT playerintid, name, rank, banned, xp, level, money, kills, teamkills, deaths FROM players WHERE playerid = '76561198216442289' - with return - ["ADMIN","Max Mustermann",100,0,123,123,123,123,123,123]
[23:59:58:862716 +02:00] [Thread 11704]  Performed Query 1 - 68194 - UPDATE players SET name = 'Max Mustermann', xp = 100000, level = 123, money = 123, kills = 123, teamkills = 123, deaths = 123 WHERE playerid = '76561198216442289'
[00:00:36:734832 +02:00] [Thread 11704]  Performed Query 1 - 68194 - SELECT id FROM players WHERE playerid = '76561198216442289'
[00:00:36:955716 +02:00] [Thread 5952]  SINGLE RETURN ARRIVED - [1]
[00:00:36:955777 +02:00] [Thread 11704]  Successfully finished Query - SELECT id FROM players WHERE playerid = '76561198216442289' - with return - [1]
[00:00:36:955830 +02:00] [Thread 5952]  Performed Query 1 - 68194 - SELECT playerintid, name, rank, banned, xp, level, money, kills, teamkills, deaths FROM players WHERE playerid = '76561198216442289'
[00:00:37:174231 +02:00] [Thread 11704]  SINGLE RETURN ARRIVED - ["ADMIN","Max Mustermann",100,0,100000,123,123,123,123,123]
[00:00:37:174286 +02:00] [Thread 5952]  Successfully finished Query - SELECT playerintid, name, rank, banned, xp, level, money, kills, teamkills, deaths FROM players WHERE playerid = '76561198216442289' - with return - ["ADMIN","Max Mustermann",100,0,100000,123,123,123,123,123]
