
extDB3: https://bitbucket.org/torndeco/extdb3/wiki/Home
extDB3: Version: 1.031
extDB3: Windows Version
Message: All development for extDB3 is done on a Linux Dedicated Server
Message: If you would like to Donate to extDB3 Development
Message: https://www.paypal.com/cgi-bin/webscr?cmd=_s-xclick&hosted_button_id=2SUEFTGABTAM2
Message: Also leave a message if there is any particular feature you would like to see added.
Message: Thanks for all the people that have donated.
Message: Torndeco: 18/05/15


extDB3: Found extdb3-conf.ini
extDB3: Detected 4 Cores, Setting up 4 Worker Threads
extDB3: ...
extDB3: ...
extDB3: ...
extDB3: ...


[16:14:22:149790 +02:00] [Thread 20540] extDB3: MariaDBConnectorException: Playerdata: Can't connect to MySQL server on '127.0.0.1' (10061)
[16:14:22:150246 +02:00] [Thread 20540] extDB3: SQL: No Database Connection: Playerdata
[16:14:22:150265 +02:00] [Thread 20540] extDB3: Failed to Load Protocol: SQL
[16:14:22:150988 +02:00] [Thread 20540] extDB3: Locked
[16:15:23:687307 +02:00] [Thread 20540] extDB3: Error Unknown Protocol: 281395  Input String: 2:281395:SELECT id FROM players WHERE playerid = '76561198216442289'
[16:15:23:687514 +02:00] [Thread 20540] extDB3: Error Unknown Protocol: 281395  Input String: 2:281395:SELECT playerintid, name, rank, banned, xp, level, money, kills, teamkills, deaths FROM players WHERE playerid = '76561198216442289'
[16:23:53:171983 +02:00] [Thread 20540] extDB3: Error Invalid Format: 9:LOCK
