
extDB3: https://bitbucket.org/torndeco/extdb3/wiki/Home
extDB3: Version: 1.031
extDB3: Windows Version
Message: All development for extDB3 is done on a Linux Dedicated Server
Message: If you would like to Donate to extDB3 Development
Message: https://www.paypal.com/cgi-bin/webscr?cmd=_s-xclick&hosted_button_id=2SUEFTGABTAM2
Message: Also leave a message if there is any particular feature you would like to see added.
Message: Thanks for all the people that have donated.
Message: Torndeco: 18/05/15


extDB3: Found extdb3-conf.ini
extDB3: Detected 4 Cores, Setting up 4 Worker Threads
extDB3: ...
extDB3: ...
extDB3: ...
extDB3: ...


[19:27:02:341775 +02:00] [Thread 3860] extDB3: SQL: Initialized: Add Quotes around TEXT Datatypes mode: 2
[19:27:02:341996 +02:00] [Thread 3860] extDB3: SQL: Initialized: NULL = ""
[19:27:02:342441 +02:00] [Thread 3860] extDB3: Locked
[19:27:27:470824 +02:00] [Thread 3860] extDB3: Error Unknown Protocol:   Input String: 2::SELECT playerintid, name, rank, banned, xp, level, money, kills, teamkills, deaths FROM players WHERE playerid = '0'
[19:47:10:433490 +02:00] [Thread 3860] extDB3: Error Unknown Protocol:   Input String: 2::SELECT playerintid, name, rank, banned, xp, level, money, kills, teamkills, deaths FROM players WHERE playerid = '7.65612e+016'
[19:48:05:869926 +02:00] [Thread 3860] extDB3: Error Invalid Format: 2::
[19:50:37:567034 +02:00] [Thread 3860] extDB3: Error Invalid Format: 2::
[19:51:20:253749 +02:00] [Thread 3860] extDB3: Error Unknown Protocol:   Input String: 2::SELECT playerintid, name, rank, banned, xp, level, money, kills, teamkills, deaths FROM players WHERE playerid = '76561198216442289'
[19:51:22:306617 +02:00] [Thread 3860] extDB3: Error Unknown Protocol:   Input String: 2::SELECT playerintid, name, rank, banned, xp, level, money, kills, teamkills, deaths FROM players WHERE playerid = '76561198216442289'
[19:51:22:504547 +02:00] [Thread 3860] extDB3: Error Unknown Protocol:   Input String: 2::SELECT playerintid, name, rank, banned, xp, level, money, kills, teamkills, deaths FROM players WHERE playerid = '76561198216442289'
[19:51:22:680467 +02:00] [Thread 3860] extDB3: Error Unknown Protocol:   Input String: 2::SELECT playerintid, name, rank, banned, xp, level, money, kills, teamkills, deaths FROM players WHERE playerid = '76561198216442289'
