
extDB3: https://bitbucket.org/torndeco/extdb3/wiki/Home
extDB3: Version: 1.031
extDB3: Windows Version
Message: All development for extDB3 is done on a Linux Dedicated Server
Message: If you would like to Donate to extDB3 Development
Message: https://www.paypal.com/cgi-bin/webscr?cmd=_s-xclick&hosted_button_id=2SUEFTGABTAM2
Message: Also leave a message if there is any particular feature you would like to see added.
Message: Thanks for all the people that have donated.
Message: Torndeco: 18/05/15


extDB3: Found extdb3-conf.ini
extDB3: Detected 4 Cores, Setting up 4 Worker Threads
extDB3: ...
extDB3: ...
extDB3: ...
extDB3: ...


[16:22:21:532908 +02:00] [Thread 9292] extDB3: MariaDBConnectorException: Playerdata: Can't connect to MySQL server on '127.0.0.1' (10061)
[16:22:21:533231 +02:00] [Thread 9292] extDB3: SQL: No Database Connection: Playerdata
[16:22:21:533258 +02:00] [Thread 9292] extDB3: Failed to Load Protocol: SQL
[16:22:21:543454 +02:00] [Thread 9292] extDB3: Locked
[16:24:46:878462 +02:00] [Thread 9292] extDB3: Error Unknown Protocol: 470775  Input String: 2:470775:SELECT id FROM players WHERE playerid = '76561198216442289'
[16:24:46:878674 +02:00] [Thread 9292] extDB3: Error Unknown Protocol: 470775  Input String: 2:470775:SELECT playerintid, name, rank, banned, xp, level, money, kills, teamkills, deaths FROM players WHERE playerid = '76561198216442289'
