
extDB3: https://bitbucket.org/torndeco/extdb3/wiki/Home
extDB3: Version: 1.031
extDB3: Windows Version
Message: All development for extDB3 is done on a Linux Dedicated Server
Message: If you would like to Donate to extDB3 Development
Message: https://www.paypal.com/cgi-bin/webscr?cmd=_s-xclick&hosted_button_id=2SUEFTGABTAM2
Message: Also leave a message if there is any particular feature you would like to see added.
Message: Thanks for all the people that have donated.
Message: Torndeco: 18/05/15


extDB3: Found extdb3-conf.ini
extDB3: Detected 4 Cores, Setting up 4 Worker Threads
extDB3: ...
extDB3: ...
extDB3: ...
extDB3: ...


[21:48:19:190533 +02:00] [Thread 6260] extDB3: MariaDBConnectorException: Playerdata: Can't connect to MySQL server on '127.0.0.1' (10061)
[21:48:19:206803 +02:00] [Thread 6260] extDB3: SQL: No Database Connection: Playerdata
[21:48:19:206835 +02:00] [Thread 6260] extDB3: Failed to Load Protocol: SQL
[21:48:19:207590 +02:00] [Thread 6260] extDB3: Locked
[21:48:19:400042 +02:00] [Thread 6260] extDB3: Error Unknown Protocol: 268012  Input String: 2:268012:SHOW PROCESSLIST
