[16:31:46:476238 +02:00] [Thread 13648]  New Query Statement SELECT playerintid, name, rank, banned, xp, level, money, kills, teamkills, deaths FROM players WHERE playerid = '76561198216442289'
[16:31:46:476240 +02:00] [Thread 16116]  To Database 900414
[16:31:46:476392 +02:00] [Thread 13648] data var [2,"100"]
[16:31:46:476410 +02:00] [Thread 16116] data var 100
[16:31:46:476434 +02:00] [Thread 16116] result var [3]
[16:31:46:476384 +02:00] [Thread 2836] data var [2,"100"]
[16:31:46:585486 +02:00] [Thread 17232] result var [1,[['000000','Prof. Rudi Bildungsstop',0,0,1000000,0,0,3,3,0]]]
[16:31:46:585529 +02:00] [Thread 2836] result var [1,[['000000','Prof. Rudi Bildungsstop',0,0,1000000,0,0,3,3,0]]]
[16:31:46:585593 +02:00] [Thread 17232] result var [1,[["000000","Prof. Rudi Bildungsstop",0,0,1e+006,0,0,3,3,0]]]
[16:31:46:585632 +02:00] [Thread 2836] result var [1,[["000000","Prof. Rudi Bildungsstop",0,0,1e+006,0,0,3,3,0]]]
[16:31:46:585725 +02:00] [Thread 2836] return var ["000000","Prof. Rudi Bildungsstop",0,0,1e+006,0,0,3,3,0]
[16:33:11:900836 +02:00] [Thread 11204]  New Query Statement SELECT playerintid, name, rank, banned, xp, level, money, kills, teamkills, deaths FROM players WHERE playerid = '76561198216442289'
[16:33:11:900853 +02:00] [Thread 16904]  To Database 2201
[16:33:11:900886 +02:00] [Thread 18000] data var [2,"100"]
[16:33:11:900984 +02:00] [Thread 16904] data var [2,"100"]
[16:33:11:901006 +02:00] [Thread 18000] data var 100
[16:33:11:901027 +02:00] [Thread 16904] result var [3]
[16:33:12:008989 +02:00] [Thread 16048] result var [1,[['000000','Prof. Rudi Bildungsstop',0,0,1000000,0,0,3,3,0]]]
[16:33:12:009022 +02:00] [Thread 11204] result var [1,[['000000','Prof. Rudi Bildungsstop',0,0,1000000,0,0,3,3,0]]]
[16:33:12:009099 +02:00] [Thread 11204] result var [1,[["000000","Prof. Rudi Bildungsstop",0,0,1e+006,0,0,3,3,0]]]
[16:33:12:009143 +02:00] [Thread 11204] result var [1,[["000000","Prof. Rudi Bildungsstop",0,0,1e+006,0,0,3,3,0]]]
[16:33:12:009158 +02:00] [Thread 16048] return var ["000000","Prof. Rudi Bildungsstop",0,0,1e+006,0,0,3,3,0]
