
extDB3: https://bitbucket.org/torndeco/extdb3/wiki/Home
extDB3: Version: 1.031
extDB3: Windows Version
Message: All development for extDB3 is done on a Linux Dedicated Server
Message: If you would like to Donate to extDB3 Development
Message: https://www.paypal.com/cgi-bin/webscr?cmd=_s-xclick&hosted_button_id=2SUEFTGABTAM2
Message: Also leave a message if there is any particular feature you would like to see added.
Message: Thanks for all the people that have donated.
Message: Torndeco: 18/05/15


extDB3: Found extdb3-conf.ini
extDB3: Detected 4 Cores, Setting up 4 Worker Threads
extDB3: ...
extDB3: ...
extDB3: ...
extDB3: ...


[20:26:21:477165 +01:00] [Thread 7176] extDB3: MariaDBConnectorException: Playerdata: Access denied for user 'admire'@'localhost' (using password: YES)
[20:26:21:507154 +01:00] [Thread 7176] extDB3: SQL: No Database Connection: Playerdata
[20:26:21:507177 +01:00] [Thread 7176] extDB3: Failed to Load Protocol: SQL
[20:26:21:507534 +01:00] [Thread 7176] extDB3: Locked
[20:26:21:678339 +01:00] [Thread 7176] extDB3: Error Unknown Protocol: 241218  Input String: 2:241218:SHOW PROCESSLIST
