
extDB3: https://bitbucket.org/torndeco/extdb3/wiki/Home
extDB3: Version: 1.031
extDB3: Windows Version
Message: All development for extDB3 is done on a Linux Dedicated Server
Message: If you would like to Donate to extDB3 Development
Message: https://www.paypal.com/cgi-bin/webscr?cmd=_s-xclick&hosted_button_id=2SUEFTGABTAM2
Message: Also leave a message if there is any particular feature you would like to see added.
Message: Thanks for all the people that have donated.
Message: Torndeco: 18/05/15


extDB3: Found extdb3-conf.ini
extDB3: Detected 4 Cores, Setting up 4 Worker Threads
extDB3: ...
extDB3: ...
extDB3: ...
extDB3: ...


[21:07:02:606518 +01:00] [Thread 15240] extDB3: SQL: Initialized: Add Quotes around TEXT Datatypes mode: 2
[21:07:02:606704 +01:00] [Thread 15240] extDB3: SQL: Initialized: NULL = ""
[21:07:02:606986 +01:00] [Thread 15240] extDB3: Locked
[21:07:39:331479 +01:00] [Thread 14340] extDB3: SQL: Error MariaDBQueryException: Unknown column 'stemid64' in 'where clause'
[21:07:39:331504 +01:00] [Thread 14340] extDB3: SQL: Error MariaDBQueryException: Input: SELECT intid, name, rank, banned, xp, level, money, kills, teamkills, deaths FROM players WHERE stemid64 = '76561198216442289'
