
extDB3: https://bitbucket.org/torndeco/extdb3/wiki/Home
extDB3: Version: 1.031
extDB3: Windows Version
Message: All development for extDB3 is done on a Linux Dedicated Server
Message: If you would like to Donate to extDB3 Development
Message: https://www.paypal.com/cgi-bin/webscr?cmd=_s-xclick&hosted_button_id=2SUEFTGABTAM2
Message: Also leave a message if there is any particular feature you would like to see added.
Message: Thanks for all the people that have donated.
Message: Torndeco: 18/05/15


extDB3: Found extdb3-conf.ini
extDB3: Detected 4 Cores, Setting up 4 Worker Threads
extDB3: ...
extDB3: ...
extDB3: ...
extDB3: ...


[22:49:51:599883 +02:00] [Thread 7144] extDB3: SQL: Initialized: Add Quotes around TEXT Datatypes mode: 2
[22:49:51:600188 +02:00] [Thread 7144] extDB3: SQL: Initialized: NULL = ""
[22:49:51:600540 +02:00] [Thread 7144] extDB3: Locked
[22:51:20:405534 +02:00] [Thread 8208] extDB3: SQL: Error MariaDBQueryException: You have an error in your SQL syntax; check the manual that corresponds to your MariaDB server version for the right syntax to use near 'WHERE playerintid = 'm95m58' FROM players' at line 1
[22:51:20:405578 +02:00] [Thread 8208] extDB3: SQL: Error MariaDBQueryException: Input: SELECT playerintid WHERE playerintid = 'm95m58' FROM players
[22:51:24:417638 +02:00] [Thread 8208] extDB3: SQL: Error MariaDBQueryException: You have an error in your SQL syntax; check the manual that corresponds to your MariaDB server version for the right syntax to use near 'WHERE playerintid = 'l42y18' FROM players' at line 1
[22:51:24:417657 +02:00] [Thread 8208] extDB3: SQL: Error MariaDBQueryException: Input: SELECT playerintid WHERE playerintid = 'l42y18' FROM players
[22:53:53:286897 +02:00] [Thread 2636] extDB3: SQL: Error MariaDBQueryException: You have an error in your SQL syntax; check the manual that corresponds to your MariaDB server version for the right syntax to use near 'WHERE playerintid = 'j31h37' FROM players' at line 1
[22:53:53:286920 +02:00] [Thread 2636] extDB3: SQL: Error MariaDBQueryException: Input: SELECT playerintid WHERE playerintid = 'j31h37' FROM players
[22:53:53:908751 +02:00] [Thread 20460] extDB3: SQL: Error MariaDBQueryException: You have an error in your SQL syntax; check the manual that corresponds to your MariaDB server version for the right syntax to use near 'WHERE playerintid = 'd71s53' FROM players' at line 1
[22:53:53:908772 +02:00] [Thread 20460] extDB3: SQL: Error MariaDBQueryException: Input: SELECT playerintid WHERE playerintid = 'd71s53' FROM players
