
extDB3: https://bitbucket.org/torndeco/extdb3/wiki/Home
extDB3: Version: 1.031
extDB3: Windows Version
Message: All development for extDB3 is done on a Linux Dedicated Server
Message: If you would like to Donate to extDB3 Development
Message: https://www.paypal.com/cgi-bin/webscr?cmd=_s-xclick&hosted_button_id=2SUEFTGABTAM2
Message: Also leave a message if there is any particular feature you would like to see added.
Message: Thanks for all the people that have donated.
Message: Torndeco: 18/05/15


extDB3: Found extdb3-conf.ini
extDB3: Detected 4 Cores, Setting up 4 Worker Threads
extDB3: ...
extDB3: ...
extDB3: ...
extDB3: ...


[23:26:34:468146 +02:00] [Thread 18316] extDB3: SQL: Initialized: Add Quotes around TEXT Datatypes mode: 2
[23:26:34:468390 +02:00] [Thread 18316] extDB3: SQL: Initialized: NULL = ""
[23:26:34:468773 +02:00] [Thread 18316] extDB3: Locked
[23:27:04:841360 +02:00] [Thread 11444] extDB3: SQL: Error MariaDBQueryException: You have an error in your SQL syntax; check the manual that corresponds to your MariaDB server version for the right syntax to use near 'WHERE playerintid = 'P88K81' FROM players' at line 1
[23:27:04:841388 +02:00] [Thread 11444] extDB3: SQL: Error MariaDBQueryException: Input: SELECT playerintid WHERE playerintid = 'P88K81' FROM players
[23:27:12:872867 +02:00] [Thread 20164] extDB3: SQL: Error MariaDBQueryException: You have an error in your SQL syntax; check the manual that corresponds to your MariaDB server version for the right syntax to use near 'WHERE playerintid = 'M98G03' FROM players' at line 1
[23:27:12:872886 +02:00] [Thread 20164] extDB3: SQL: Error MariaDBQueryException: Input: SELECT playerintid WHERE playerintid = 'M98G03' FROM players
[23:27:13:356738 +02:00] [Thread 7288] extDB3: SQL: Error MariaDBQueryException: You have an error in your SQL syntax; check the manual that corresponds to your MariaDB server version for the right syntax to use near 'WHERE playerintid = 'P54K17' FROM players' at line 1
[23:27:13:356766 +02:00] [Thread 7288] extDB3: SQL: Error MariaDBQueryException: Input: SELECT playerintid WHERE playerintid = 'P54K17' FROM players
[23:27:13:533209 +02:00] [Thread 7288] extDB3: SQL: Error MariaDBQueryException: You have an error in your SQL syntax; check the manual that corresponds to your MariaDB server version for the right syntax to use near 'WHERE playerintid = 'W90Y57' FROM players' at line 1
[23:27:13:533228 +02:00] [Thread 7288] extDB3: SQL: Error MariaDBQueryException: Input: SELECT playerintid WHERE playerintid = 'W90Y57' FROM players
[23:27:13:641451 +02:00] [Thread 7288] extDB3: SQL: Error MariaDBQueryException: You have an error in your SQL syntax; check the manual that corresponds to your MariaDB server version for the right syntax to use near 'WHERE playerintid = 'Z73U41' FROM players' at line 1
[23:27:13:641470 +02:00] [Thread 7288] extDB3: SQL: Error MariaDBQueryException: Input: SELECT playerintid WHERE playerintid = 'Z73U41' FROM players
[23:27:13:839636 +02:00] [Thread 7288] extDB3: SQL: Error MariaDBQueryException: You have an error in your SQL syntax; check the manual that corresponds to your MariaDB server version for the right syntax to use near 'WHERE playerintid = 'Y59L51' FROM players' at line 1
[23:27:13:839656 +02:00] [Thread 7288] extDB3: SQL: Error MariaDBQueryException: Input: SELECT playerintid WHERE playerintid = 'Y59L51' FROM players
[23:27:13:992771 +02:00] [Thread 20164] extDB3: SQL: Error MariaDBQueryException: You have an error in your SQL syntax; check the manual that corresponds to your MariaDB server version for the right syntax to use near 'WHERE playerintid = 'V35M81' FROM players' at line 1
[23:27:13:992798 +02:00] [Thread 20164] extDB3: SQL: Error MariaDBQueryException: Input: SELECT playerintid WHERE playerintid = 'V35M81' FROM players
[23:27:14:150988 +02:00] [Thread 20164] extDB3: SQL: Error MariaDBQueryException: You have an error in your SQL syntax; check the manual that corresponds to your MariaDB server version for the right syntax to use near 'WHERE playerintid = 'F23K04' FROM players' at line 1
[23:27:14:151074 +02:00] [Thread 20164] extDB3: SQL: Error MariaDBQueryException: Input: SELECT playerintid WHERE playerintid = 'F23K04' FROM players
