
extDB3: https://bitbucket.org/torndeco/extdb3/wiki/Home
extDB3: Version: 1.031
extDB3: Windows Version
Message: All development for extDB3 is done on a Linux Dedicated Server
Message: If you would like to Donate to extDB3 Development
Message: https://www.paypal.com/cgi-bin/webscr?cmd=_s-xclick&hosted_button_id=2SUEFTGABTAM2
Message: Also leave a message if there is any particular feature you would like to see added.
Message: Thanks for all the people that have donated.
Message: Torndeco: 18/05/15


extDB3: Found extdb3-conf.ini
extDB3: Detected 4 Cores, Setting up 4 Worker Threads
extDB3: ...
extDB3: ...
extDB3: ...
extDB3: ...


[23:09:17:046311 +02:00] [Thread 19064] extDB3: SQL: Initialized: Add Quotes around TEXT Datatypes mode: 2
[23:09:17:046539 +02:00] [Thread 19064] extDB3: SQL: Initialized: NULL = ""
[23:09:17:046886 +02:00] [Thread 19064] extDB3: Locked
[23:10:51:181907 +02:00] [Thread 19132] extDB3: SQL: Error MariaDBQueryException: You have an error in your SQL syntax; check the manual that corresponds to your MariaDB server version for the right syntax to use near 'WHERE playerintid = 'O65Y70' FROM players' at line 1
[23:10:51:181926 +02:00] [Thread 19132] extDB3: SQL: Error MariaDBQueryException: Input: SELECT playerintid WHERE playerintid = 'O65Y70' FROM players
[23:10:55:940625 +02:00] [Thread 19132] extDB3: SQL: Error MariaDBQueryException: You have an error in your SQL syntax; check the manual that corresponds to your MariaDB server version for the right syntax to use near 'WHERE playerintid = 'X89S89' FROM players' at line 1
[23:10:55:940647 +02:00] [Thread 19132] extDB3: SQL: Error MariaDBQueryException: Input: SELECT playerintid WHERE playerintid = 'X89S89' FROM players
