
extDB3: https://bitbucket.org/torndeco/extdb3/wiki/Home
extDB3: Version: 1.031
extDB3: Windows Version
Message: All development for extDB3 is done on a Linux Dedicated Server
Message: If you would like to Donate to extDB3 Development
Message: https://www.paypal.com/cgi-bin/webscr?cmd=_s-xclick&hosted_button_id=2SUEFTGABTAM2
Message: Also leave a message if there is any particular feature you would like to see added.
Message: Thanks for all the people that have donated.
Message: Torndeco: 18/05/15


extDB3: Found extdb3-conf.ini
extDB3: Detected 4 Cores, Setting up 4 Worker Threads
extDB3: ...
extDB3: ...
extDB3: ...
extDB3: ...


[20:43:37:893275 +01:00] [Thread 9076] extDB3: SQL: Initialized: Add Quotes around TEXT Datatypes mode: 2
[20:43:37:893495 +01:00] [Thread 9076] extDB3: SQL: Initialized: NULL = ""
[20:43:37:893890 +01:00] [Thread 9076] extDB3: Locked
[20:44:58:990406 +01:00] [Thread 15592] extDB3: SQL: Error MariaDBQueryException: Unknown column 'playerid' in 'where clause'
[20:44:58:990437 +01:00] [Thread 15592] extDB3: SQL: Error MariaDBQueryException: Input: SELECT id FROM players WHERE playerid = '76561198216442289'
[20:44:59:018607 +01:00] [Thread 15592] extDB3: SQL: Error MariaDBQueryException: Unknown column 'playerintid' in 'field list'
[20:44:59:018637 +01:00] [Thread 15592] extDB3: SQL: Error MariaDBQueryException: Input: SELECT playerintid, name, rank, banned, xp, level, money, kills, teamkills, deaths FROM players WHERE playerid = '76561198216442289'
[20:47:44:027317 +01:00] [Thread 15592] extDB3: SQL: Error MariaDBQueryException: Unknown column 'playerid' in 'where clause'
[20:47:44:027342 +01:00] [Thread 15592] extDB3: SQL: Error MariaDBQueryException: Input: SELECT id FROM players WHERE playerid = '76561198216442289'
[20:47:44:246822 +01:00] [Thread 1292] extDB3: SQL: Error MariaDBQueryException: Unknown column 'playerintid' in 'field list'
[20:47:44:246845 +01:00] [Thread 1292] extDB3: SQL: Error MariaDBQueryException: Input: SELECT playerintid, name, rank, banned, xp, level, money, kills, teamkills, deaths FROM players WHERE playerid = '76561198216442289'
