
extDB3: https://bitbucket.org/torndeco/extdb3/wiki/Home
extDB3: Version: 1.031
extDB3: Windows Version
Message: All development for extDB3 is done on a Linux Dedicated Server
Message: If you would like to Donate to extDB3 Development
Message: https://www.paypal.com/cgi-bin/webscr?cmd=_s-xclick&hosted_button_id=2SUEFTGABTAM2
Message: Also leave a message if there is any particular feature you would like to see added.
Message: Thanks for all the people that have donated.
Message: Torndeco: 18/05/15


extDB3: Found extdb3-conf.ini
extDB3: Detected 4 Cores, Setting up 4 Worker Threads
extDB3: ...
extDB3: ...
extDB3: ...
extDB3: ...


[21:00:41:281754 +01:00] [Thread 13100] extDB3: SQL: Initialized: Add Quotes around TEXT Datatypes mode: 2
[21:00:41:282002 +01:00] [Thread 13100] extDB3: SQL: Initialized: NULL = ""
[21:00:41:282357 +01:00] [Thread 13100] extDB3: Locked
[21:00:56:740160 +01:00] [Thread 12128] extDB3: SQL: Error MariaDBQueryException: Unknown column 'playerid' in 'where clause'
[21:00:56:740181 +01:00] [Thread 12128] extDB3: SQL: Error MariaDBQueryException: Input: SELECT id FROM players WHERE playerid = '76561198216442289'
[21:00:56:960746 +01:00] [Thread 12128] extDB3: SQL: Error MariaDBQueryException: Unknown column 'playerintid' in 'field list'
[21:00:56:960770 +01:00] [Thread 12128] extDB3: SQL: Error MariaDBQueryException: Input: SELECT playerintid, name, rank, banned, xp, level, money, kills, teamkills, deaths FROM players WHERE playerid = '76561198216442289'
