
extDB3: https://bitbucket.org/torndeco/extdb3/wiki/Home
extDB3: Version: 1.031
extDB3: Windows Version
Message: All development for extDB3 is done on a Linux Dedicated Server
Message: If you would like to Donate to extDB3 Development
Message: https://www.paypal.com/cgi-bin/webscr?cmd=_s-xclick&hosted_button_id=2SUEFTGABTAM2
Message: Also leave a message if there is any particular feature you would like to see added.
Message: Thanks for all the people that have donated.
Message: Torndeco: 18/05/15


extDB3: Found extdb3-conf.ini
extDB3: Detected 4 Cores, Setting up 4 Worker Threads
extDB3: ...
extDB3: ...
extDB3: ...
extDB3: ...


[10:14:01:321011 +02:00] [Thread 7640] extDB3: SQL: Initialized: Add Quotes around TEXT Datatypes mode: 2
[10:14:01:321285 +02:00] [Thread 7640] extDB3: SQL: Initialized: NULL = ""
[10:14:01:321723 +02:00] [Thread 7640] extDB3: Locked
[10:15:31:772541 +02:00] [Thread 7640] extDB3: Error Invalid Format: 9:LOCK
[10:17:18:439246 +02:00] [Thread 7640] extDB3: Error Invalid Format: 9:LOCK
