
extDB3: https://bitbucket.org/torndeco/extdb3/wiki/Home
extDB3: Version: 1.031
extDB3: Windows Version
Message: All development for extDB3 is done on a Linux Dedicated Server
Message: If you would like to Donate to extDB3 Development
Message: https://www.paypal.com/cgi-bin/webscr?cmd=_s-xclick&hosted_button_id=2SUEFTGABTAM2
Message: Also leave a message if there is any particular feature you would like to see added.
Message: Thanks for all the people that have donated.
Message: Torndeco: 18/05/15


extDB3: Found extdb3-conf.ini
extDB3: Detected 4 Cores, Setting up 4 Worker Threads
extDB3: ...
extDB3: ...
extDB3: ...
extDB3: ...


[17:51:15:718251 +02:00] [Thread 18688] extDB3: SQL: Initialized: Add Quotes around TEXT Datatypes mode: 2
[17:51:15:718472 +02:00] [Thread 18688] extDB3: SQL: Initialized: NULL = ""
[17:51:15:718905 +02:00] [Thread 18688] extDB3: Locked
[17:51:42:009340 +02:00] [Thread 9240] extDB3: SQL: Error MariaDBQueryException: You have an error in your SQL syntax; check the manual that corresponds to your MariaDB server version for the right syntax to use near 'WHERE playerintid = 'S40M47' FROM players' at line 1
[17:51:42:009361 +02:00] [Thread 9240] extDB3: SQL: Error MariaDBQueryException: Input: SELECT playerintid WHERE playerintid = 'S40M47' FROM players
[17:51:43:524749 +02:00] [Thread 9240] extDB3: SQL: Error MariaDBQueryException: You have an error in your SQL syntax; check the manual that corresponds to your MariaDB server version for the right syntax to use near 'WHERE playerintid = 'T16K16' FROM players' at line 1
[17:51:43:524769 +02:00] [Thread 9240] extDB3: SQL: Error MariaDBQueryException: Input: SELECT playerintid WHERE playerintid = 'T16K16' FROM players
