[14:38:42:225875 +01:00] [Thread 14340]  Performed Query 1 - 98315 - SHOW PROCESSLIST
[14:38:42:376773 +01:00] [Thread 12292]  SINGLE RETURN ARRIVED - [3,"system user","","","Daemon","","InnoDB purge coordinator","",0]
[14:38:42:376793 +01:00] [Thread 14340]  Finished Query - SHOW PROCESSLIST - with return - [3,"system user","","","Daemon","","InnoDB purge coordinator","",0]
[14:39:25:250436 +01:00] [Thread 12292]  Performed Query 1 - 98315 - SELECT id FROM players WHERE steamid64 = '76561198216442289'
[14:39:25:469758 +01:00] [Thread 14340]  SINGLE RETURN ARRIVED - [1]
[14:39:25:469787 +01:00] [Thread 12292]  Finished Query - SELECT id FROM players WHERE steamid64 = '76561198216442289' - with return - [1]
[14:39:25:469984 +01:00] [Thread 14744]  Performed Query 1 - 98315 - SELECT intid, name, rank, banned, xp, level, money, kills, teamkills, deaths FROM players WHERE steamid64 = '76561198216442289'
[14:39:25:687601 +01:00] [Thread 14744]  SINGLE RETURN ARRIVED - [any,0,0,0,0,1,0,0,0,0]
[14:39:25:687613 +01:00] [Thread 12292]  Finished Query - SELECT intid, name, rank, banned, xp, level, money, kills, teamkills, deaths FROM players WHERE steamid64 = '76561198216442289' - with return - [any,0,0,0,0,1,0,0,0,0]
[14:40:05:112051 +01:00] [Thread 14744]  Performed Query 1 - 98315 - UPDATE players SET name = 'Rudi Bildungsstop', xp = 0, level = 1, money = 0, kills = 0, teamkills = 0, deaths = 0 WHERE steamid64 = '76561198216442289'
[14:44:06:942256 +01:00] [Thread 14340]  Performed Query 1 - 98315 - SELECT id FROM players WHERE steamid64 = '76561198216442289'
[14:44:07:161649 +01:00] [Thread 12292]  SINGLE RETURN ARRIVED - [1]
[14:44:07:161880 +01:00] [Thread 14340]  Finished Query - SELECT id FROM players WHERE steamid64 = '76561198216442289' - with return - [1]
[14:44:07:161997 +01:00] [Thread 12292]  Performed Query 1 - 98315 - SELECT intid, name, rank, banned, xp, level, money, kills, teamkills, deaths FROM players WHERE steamid64 = '76561198216442289'
[14:47:43:344739 +01:00] [Thread 11196]  Performed Query 1 - 683902 - SHOW PROCESSLIST
[14:47:43:442249 +01:00] [Thread 9476]  SINGLE RETURN ARRIVED - [3,"system user","","","Daemon","","InnoDB purge coordinator","",0]
[14:47:43:442300 +01:00] [Thread 9476]  Finished Query - SHOW PROCESSLIST - with return - [3,"system user","","","Daemon","","InnoDB purge coordinator","",0]
[14:48:03:476656 +01:00] [Thread 11196]  Performed Query 1 - 683902 - SELECT id FROM players WHERE steamid64 = '76561198216442289'
[14:48:03:697083 +01:00] [Thread 9476]  SINGLE RETURN ARRIVED - [1]
[14:48:03:697101 +01:00] [Thread 11196]  Finished Query - SELECT id FROM players WHERE steamid64 = '76561198216442289' - with return - [1]
[14:48:03:697207 +01:00] [Thread 9476]  Performed Query 1 - 683902 - SELECT intid, name, rank, banned, xp, level, money, kills, teamkills, deaths FROM players WHERE steamid64 = '76561198216442289'
[14:49:09:257135 +01:00] [Thread 5736]  Performed Query 1 - 568520 - SHOW PROCESSLIST
[14:49:09:257483 +01:00] [Thread 5400]  SINGLE RETURN ARRIVED - [3,"system user","","","Daemon","","InnoDB purge coordinator","",0]
[14:49:09:257507 +01:00] [Thread 5736]  Finished Query - SHOW PROCESSLIST - with return - [3,"system user","","","Daemon","","InnoDB purge coordinator","",0]
[14:49:32:208496 +01:00] [Thread 5400]  Performed Query 1 - 568520 - SELECT id FROM players WHERE steamid64 = '76561198216442289'
[14:49:32:427862 +01:00] [Thread 5736]  SINGLE RETURN ARRIVED - [1]
[14:49:32:427876 +01:00] [Thread 5400]  Finished Query - SELECT id FROM players WHERE steamid64 = '76561198216442289' - with return - [1]
[14:49:32:427983 +01:00] [Thread 5736]  Performed Query 1 - 568520 - SELECT intid, name, rank, banned, xp, level, money, kills, teamkills, deaths FROM players WHERE steamid64 = '76561198216442289'
[14:51:16:830934 +01:00] [Thread 7176]  Performed Query 1 - 616996 - SHOW PROCESSLIST
[14:51:16:845074 +01:00] [Thread 11696]  SINGLE RETURN ARRIVED - [3,"system user","","","Daemon","","InnoDB purge coordinator","",0]
[14:51:16:845116 +01:00] [Thread 11696]  Finished Query - SHOW PROCESSLIST - with return - [3,"system user","","","Daemon","","InnoDB purge coordinator","",0]
[14:51:39:376289 +01:00] [Thread 7176]  Performed Query 1 - 616996 - SELECT id FROM players WHERE steamid64 = '76561198216442289'
[14:51:39:595617 +01:00] [Thread 11696]  SINGLE RETURN ARRIVED - [1]
[14:51:39:595663 +01:00] [Thread 7176]  Finished Query - SELECT id FROM players WHERE steamid64 = '76561198216442289' - with return - [1]
[14:51:39:595736 +01:00] [Thread 11696]  Performed Query 1 - 616996 - SELECT intid, a3name, rank, banned, xp, level, money, kills, teamkills, deaths FROM players WHERE steamid64 = '76561198216442289'
[14:52:37:805479 +01:00] [Thread 11696]  Performed Query 1 - 616996 - SELECT id FROM players WHERE steamid64 = '76561198216442289'
[14:52:38:047956 +01:00] [Thread 7176]  Finished Query - SELECT id FROM players WHERE steamid64 = '76561198216442289' - with return - [1]
[14:52:38:048175 +01:00] [Thread 11696]  SINGLE RETURN ARRIVED - [1]
[14:52:38:048490 +01:00] [Thread 7580]  Performed Query 1 - 616996 - SELECT intid, a3name, rank, banned, xp, level, money, kills, teamkills, deaths FROM players WHERE steamid64 = '76561198216442289'
[14:55:09:959784 +01:00] [Thread 7176]  Performed Query 1 - 616996 - SELECT id FROM players WHERE steamid64 = '76561198216442289'
[14:55:10:172891 +01:00] [Thread 11696]  SINGLE RETURN ARRIVED - [1]
[14:55:10:172921 +01:00] [Thread 7176]  Finished Query - SELECT id FROM players WHERE steamid64 = '76561198216442289' - with return - [1]
[14:55:10:173028 +01:00] [Thread 11696]  Performed Query 1 - 616996 - SELECT intid, a3name, rank, banned, xp, level, money, kills, teamkills, deaths FROM players WHERE steamid64 = '76561198216442289'
[14:55:10:427538 +01:00] [Thread 7176]  SINGLE RETURN ARRIVED - [any,any,0,0,15617,1,0,0,0,0]
[14:55:10:427594 +01:00] [Thread 11696]  Finished Query - SELECT intid, a3name, rank, banned, xp, level, money, kills, teamkills, deaths FROM players WHERE steamid64 = '76561198216442289' - with return - [any,any,0,0,15617,1,0,0,0,0]
[15:03:20:328494 +01:00] [Thread 15400]  Performed Query 1 - 606978 - SHOW PROCESSLIST
[15:03:20:346960 +01:00] [Thread 15400]  SINGLE RETURN ARRIVED - [3,"system user","","","Daemon","","InnoDB purge coordinator","",0]
[15:03:20:346992 +01:00] [Thread 14612]  Finished Query - SHOW PROCESSLIST - with return - [3,"system user","","","Daemon","","InnoDB purge coordinator","",0]
[15:03:39:217201 +01:00] [Thread 15400]  Performed Query 1 - 606978 - SELECT id FROM players WHERE steamid64 = '76561198216442289'
[15:03:39:436663 +01:00] [Thread 14612]  SINGLE RETURN ARRIVED - [1]
[15:03:39:436687 +01:00] [Thread 15400]  Finished Query - SELECT id FROM players WHERE steamid64 = '76561198216442289' - with return - [1]
[15:03:39:436772 +01:00] [Thread 14612]  Performed Query 1 - 606978 - SELECT intid, a3name, rank, banned, xp, level, money, kills, teamkills, deaths FROM players WHERE steamid64 = '76561198216442289'
[15:03:39:656901 +01:00] [Thread 15400]  SINGLE RETURN ARRIVED - [any,any,0,0,15617,1,0,0,0,0]
[15:03:39:656923 +01:00] [Thread 14612]  Finished Query - SELECT intid, a3name, rank, banned, xp, level, money, kills, teamkills, deaths FROM players WHERE steamid64 = '76561198216442289' - with return - [any,any,0,0,15617,1,0,0,0,0]
[15:06:40:767557 +01:00] [Thread 15400]  Performed Query 1 - 606978 - SELECT intid, a3name, rank, banned, xp, level, money, kills, teamkills, deaths FROM players WHERE steamid64 = '76561198216442289'
[15:06:40:767665 +01:00] [Thread 15400]  SINGLE RETURN ARRIVED - [any,any,0,0,15617,1,0,0,0,0]
[15:06:40:767718 +01:00] [Thread 15400]  Finished Query - SELECT intid, a3name, rank, banned, xp, level, money, kills, teamkills, deaths FROM players WHERE steamid64 = '76561198216442289' - with return - [any,any,0,0,15617,1,0,0,0,0]
[15:08:01:877512 +01:00] [Thread 15400]  Performed Query 1 - 606978 - SELECT intid, a3name, rank, banned, xp, level, money, kills, teamkills, deaths FROM players WHERE steamid64 = '76561198216442289'
[15:08:01:878081 +01:00] [Thread 14612]  SINGLE RETURN ARRIVED - [any,any,0,0,15617,1,0,0,0,0]
[15:08:01:878337 +01:00] [Thread 14612]  Finished Query - SELECT intid, a3name, rank, banned, xp, level, money, kills, teamkills, deaths FROM players WHERE steamid64 = '76561198216442289' - with return - [any,any,0,0,15617,1,0,0,0,0]
[15:09:31:470133 +01:00] [Thread 15400]  Performed Query 1 - 606978 - SELECT intid, a3name, rank, banned, xp, level, money, kills, teamkills, deaths FROM players WHERE steamid64 = '76561198216442289'
[15:09:31:488628 +01:00] [Thread 14612]  SINGLE RETURN ARRIVED - [any,any,0,0,15617,1,0,0,0,0]
[15:09:31:488739 +01:00] [Thread 15400]  Finished Query - SELECT intid, a3name, rank, banned, xp, level, money, kills, teamkills, deaths FROM players WHERE steamid64 = '76561198216442289' - with return - [any,any,0,0,15617,1,0,0,0,0]
[15:17:29:854222 +01:00] [Thread 7284]  Performed Query 1 - 211662 - SHOW PROCESSLIST
[15:17:29:870606 +01:00] [Thread 13060]  Finished Query - SHOW PROCESSLIST - with return - [2,"system user","","","Daemon","","InnoDB purge worker","",0]
[15:17:29:884749 +01:00] [Thread 7284]  SINGLE RETURN ARRIVED - [2,"system user","","","Daemon","","InnoDB purge worker","",0]
[15:17:47:868899 +01:00] [Thread 13060]  Performed Query 1 - 211662 - SELECT id FROM players WHERE steamid64 = '76561198216442289'
[15:17:48:088775 +01:00] [Thread 7284]  SINGLE RETURN ARRIVED - [1001]
[15:17:48:088786 +01:00] [Thread 13060]  Finished Query - SELECT id FROM players WHERE steamid64 = '76561198216442289' - with return - [1001]
[15:17:48:088927 +01:00] [Thread 7284]  Performed Query 1 - 211662 - SELECT intid FROM players WHERE intid = 'K46TPK54G'
[15:17:48:308925 +01:00] [Thread 13060]  SINGLE RETURN ARRIVED - [1001]
[15:17:48:308963 +01:00] [Thread 7284]  Finished Query - SELECT intid FROM players WHERE intid = 'K46TPK54G' - with return - [1001]
[15:17:48:329804 +01:00] [Thread 13060]  Performed Query 1 - 211662 - INSERT INTO players (steamid64, intid, a3name, playtime, firstconnect, lastconnect) values (76561198216442289,'K46TPK54G','Rudi Bildungsstop','00:00:00','2019-11-26 15:17:00','2019-11-26 15:17:00')
[15:17:48:842491 +01:00] [Thread 13060]  Performed Query 1 - 211662 - SELECT intid, a3name, rank, banned, xp, level, money, kills, teamkills, deaths FROM players WHERE steamid64 = '76561198216442289'
[15:17:49:057402 +01:00] [Thread 7284]  SINGLE RETURN ARRIVED - [1001]
[15:17:49:057464 +01:00] [Thread 7284]  Finished Query - SELECT intid, a3name, rank, banned, xp, level, money, kills, teamkills, deaths FROM players WHERE steamid64 = '76561198216442289' - with return - [1001]
[15:18:00:752767 +01:00] [Thread 13060]  Performed Query 1 - 211662 - UPDATE players SET a3name = 'Rudi Bildungsstop', xp = any, level = any, money = any, kills = any, teamkills = any, deaths = any WHERE steamid64 = '76561198216442289'
[15:18:06:896578 +01:00] [Thread 13060]  Performed Query 1 - 211662 - SELECT intid, a3name, rank, banned, xp, level, money, kills, teamkills, deaths FROM players WHERE steamid64 = '76561198216442289'
[15:18:06:910800 +01:00] [Thread 7284]  SINGLE RETURN ARRIVED - [1001]
[15:18:06:910828 +01:00] [Thread 13060]  Finished Query - SELECT intid, a3name, rank, banned, xp, level, money, kills, teamkills, deaths FROM players WHERE steamid64 = '76561198216442289' - with return - [1001]
[15:19:11:456799 +01:00] [Thread 7524]  Performed Query 1 - 835970 - SHOW PROCESSLIST
[15:19:11:491034 +01:00] [Thread 5332]  Finished Query - SHOW PROCESSLIST - with return - [2,"system user","","","Daemon","","InnoDB purge worker","",0]
[15:19:11:494927 +01:00] [Thread 7524]  SINGLE RETURN ARRIVED - [2,"system user","","","Daemon","","InnoDB purge worker","",0]
[15:19:31:667976 +01:00] [Thread 5332]  Performed Query 1 - 835970 - SELECT id FROM players WHERE steamid64 = '76561198216442289'
[15:19:31:887506 +01:00] [Thread 7524]  SINGLE RETURN ARRIVED - [1001]
[15:19:31:887567 +01:00] [Thread 5332]  Finished Query - SELECT id FROM players WHERE steamid64 = '76561198216442289' - with return - [1001]
[15:19:31:887704 +01:00] [Thread 7524]  Performed Query 1 - 835970 - SELECT intid FROM players WHERE intid = 'I58NFI57X'
[15:19:32:107357 +01:00] [Thread 5332]  SINGLE RETURN ARRIVED - [1001]
[15:19:32:107371 +01:00] [Thread 7524]  Finished Query - SELECT intid FROM players WHERE intid = 'I58NFI57X' - with return - [1001]
[15:19:32:129252 +01:00] [Thread 5332]  Performed Query 1 - 835970 - INSERT INTO players (steamid64, intid, a3name, playtime, firstconnect, lastconnect) values (76561198216442289,'I58NFI57X','Rudi Bildungsstop','00:00:00','2019-11-26 15:19:00','2019-11-26 15:19:00')
[15:19:32:634225 +01:00] [Thread 5332]  Performed Query 1 - 835970 - SELECT intid, a3name, rank, banned, xp, level, money, kills, teamkills, deaths FROM players WHERE steamid64 = '76561198216442289'
[15:19:32:854199 +01:00] [Thread 7524]  SINGLE RETURN ARRIVED - [1001]
[15:19:32:854337 +01:00] [Thread 5332]  Finished Query - SELECT intid, a3name, rank, banned, xp, level, money, kills, teamkills, deaths FROM players WHERE steamid64 = '76561198216442289' - with return - [1001]
[15:19:40:876919 +01:00] [Thread 7524]  Performed Query 1 - 835970 - SELECT intid, a3name, rank, banned, xp, level, money, kills, teamkills, deaths FROM players WHERE steamid64 = '76561198216442289'
[15:19:40:899083 +01:00] [Thread 5332]  SINGLE RETURN ARRIVED - [1001]
[15:19:40:899802 +01:00] [Thread 7524]  Finished Query - SELECT intid, a3name, rank, banned, xp, level, money, kills, teamkills, deaths FROM players WHERE steamid64 = '76561198216442289' - with return - [1001]
[15:22:01:046467 +01:00] [Thread 7524]  Performed Query 1 - 835970 - SELECT id FROM players WHERE steamid64 = '76561198216442289'
[15:22:01:267222 +01:00] [Thread 5332]  SINGLE RETURN ARRIVED - [1001]
[15:22:01:267233 +01:00] [Thread 7524]  Finished Query - SELECT id FROM players WHERE steamid64 = '76561198216442289' - with return - [1001]
[15:22:01:267383 +01:00] [Thread 5332]  Performed Query 1 - 835970 - SELECT intid FROM players WHERE intid = 'C34QBC43Y'
[15:22:01:487215 +01:00] [Thread 7524]  SINGLE RETURN ARRIVED - [1001]
[15:22:01:487229 +01:00] [Thread 5332]  Finished Query - SELECT intid FROM players WHERE intid = 'C34QBC43Y' - with return - [1001]
[15:22:01:487441 +01:00] [Thread 7524]  Performed Query 1 - 835970 - INSERT INTO players (steamid64, intid, a3name, playtime, firstconnect, lastconnect) values (76561198216442289,'C34QBC43Y','Rudi Bildungsstop','00:00:00','2019-11-26 15:22:00','2019-11-26 15:22:00')
[15:22:01:990526 +01:00] [Thread 7524]  Performed Query 1 - 835970 - SELECT intid, a3name, rank, banned, xp, level, money, kills, teamkills, deaths FROM players WHERE steamid64 = '76561198216442289'
[15:22:02:210361 +01:00] [Thread 5332]  SINGLE RETURN ARRIVED - ["C34QBC43Y","Rudi Bildungsstop",0,0,0,0,0,0,0,0]
[15:22:02:210380 +01:00] [Thread 7524]  Finished Query - SELECT intid, a3name, rank, banned, xp, level, money, kills, teamkills, deaths FROM players WHERE steamid64 = '76561198216442289' - with return - ["C34QBC43Y","Rudi Bildungsstop",0,0,0,0,0,0,0,0]
[15:22:15:170390 +01:00] [Thread 5332]  Performed Query 1 - 835970 - SELECT id FROM players WHERE steamid64 = '76561198216442289'
[15:22:15:390039 +01:00] [Thread 7524]  SINGLE RETURN ARRIVED - [4]
[15:22:15:390074 +01:00] [Thread 5332]  Finished Query - SELECT id FROM players WHERE steamid64 = '76561198216442289' - with return - [4]
[15:22:15:390144 +01:00] [Thread 7524]  Performed Query 1 - 835970 - SELECT intid, a3name, rank, banned, xp, level, money, kills, teamkills, deaths FROM players WHERE steamid64 = '76561198216442289'
[15:22:15:609872 +01:00] [Thread 5332]  SINGLE RETURN ARRIVED - ["C34QBC43Y","Rudi Bildungsstop",0,0,0,0,0,0,0,0]
[15:22:15:609880 +01:00] [Thread 7524]  Finished Query - SELECT intid, a3name, rank, banned, xp, level, money, kills, teamkills, deaths FROM players WHERE steamid64 = '76561198216442289' - with return - ["C34QBC43Y","Rudi Bildungsstop",0,0,0,0,0,0,0,0]
[15:22:40:133304 +01:00] [Thread 5332]  Performed Query 1 - 835970 - SELECT id FROM players WHERE steamid64 = '76561198216442289'
[15:22:40:352984 +01:00] [Thread 7524]  SINGLE RETURN ARRIVED - [4]
[15:22:40:353450 +01:00] [Thread 14104]  Performed Query 1 - 835970 - SELECT intid, a3name, rank, banned, xp, level, money, kills, teamkills, deaths FROM players WHERE steamid64 = '76561198216442289'
[15:22:40:353492 +01:00] [Thread 5332]  Finished Query - SELECT id FROM players WHERE steamid64 = '76561198216442289' - with return - [4]
[15:22:40:569880 +01:00] [Thread 7524]  SINGLE RETURN ARRIVED - ["C34QBC43Y","Rudi Bildungsstop",0,0,0,0,0,0,0,0]
[15:22:40:569884 +01:00] [Thread 5332]  Finished Query - SELECT intid, a3name, rank, banned, xp, level, money, kills, teamkills, deaths FROM players WHERE steamid64 = '76561198216442289' - with return - ["C34QBC43Y","Rudi Bildungsstop",0,0,0,0,0,0,0,0]
[15:29:21:794939 +01:00] [Thread 7524]  Performed Query 1 - 835970 - SELECT id FROM players WHERE steamid64 = '76561198216442289'
[15:29:22:014780 +01:00] [Thread 5332]  SINGLE RETURN ARRIVED - [4]
[15:29:22:014815 +01:00] [Thread 7524]  Finished Query - SELECT id FROM players WHERE steamid64 = '76561198216442289' - with return - [4]
[15:29:22:014907 +01:00] [Thread 5332]  Performed Query 1 - 835970 - SELECT intid, a3name, rank, banned, xp, level, money, kills, teamkills, deaths FROM players WHERE steamid64 = '76561198216442289'
[15:29:22:234999 +01:00] [Thread 7524]  SINGLE RETURN ARRIVED - ["C34QBC43Y","Rudi Bildungsstop",0,0,0,0,0,0,0,0]
[15:29:22:235041 +01:00] [Thread 5332]  Finished Query - SELECT intid, a3name, rank, banned, xp, level, money, kills, teamkills, deaths FROM players WHERE steamid64 = '76561198216442289' - with return - ["C34QBC43Y","Rudi Bildungsstop",0,0,0,0,0,0,0,0]
[15:45:06:800938 +01:00] [Thread 4368]  Performed Query 1 - 744446 - SHOW PROCESSLIST
[15:45:06:852257 +01:00] [Thread 6432]  SINGLE RETURN ARRIVED - [2,"system user","","","Daemon","","InnoDB purge worker","",0]
[15:45:06:852314 +01:00] [Thread 6432]  Finished Query - SHOW PROCESSLIST - with return - [2,"system user","","","Daemon","","InnoDB purge worker","",0]
[15:45:39:502149 +01:00] [Thread 4368]  Performed Query 1 - 744446 - SELECT id FROM players WHERE steamid64 = '76561198216442289'
[15:45:39:722981 +01:00] [Thread 4368]  SINGLE RETURN ARRIVED - [4]
[15:45:39:723047 +01:00] [Thread 6432]  Finished Query - SELECT id FROM players WHERE steamid64 = '76561198216442289' - with return - [4]
[15:45:39:723244 +01:00] [Thread 4368]  Performed Query 1 - 744446 - SELECT intid, a3name, rank, banned, xp, level, money, kills, teamkills, deaths FROM players WHERE steamid64 = '76561198216442289'
[15:45:39:941850 +01:00] [Thread 6432]  SINGLE RETURN ARRIVED - ["C34QBC43Y","Rudi Bildungsstop",0,0,0,0,0,0,0,0]
[15:45:39:941888 +01:00] [Thread 4368]  Finished Query - SELECT intid, a3name, rank, banned, xp, level, money, kills, teamkills, deaths FROM players WHERE steamid64 = '76561198216442289' - with return - ["C34QBC43Y","Rudi Bildungsstop",0,0,0,0,0,0,0,0]
[15:50:07:669796 +01:00] [Thread 15768]  Performed Query 1 - 63509 - SHOW PROCESSLIST
[15:50:07:751083 +01:00] [Thread 12188]  SINGLE RETURN ARRIVED - [2,"system user","","","Daemon","","InnoDB purge worker","",0]
[15:50:07:751124 +01:00] [Thread 15768]  Finished Query - SHOW PROCESSLIST - with return - [2,"system user","","","Daemon","","InnoDB purge worker","",0]
[15:50:23:080317 +01:00] [Thread 12188]  Performed Query 1 - 63509 - SELECT id FROM players WHERE steamid64 = '76561198216442289'
[15:50:23:300359 +01:00] [Thread 15768]  SINGLE RETURN ARRIVED - [4]
[15:50:23:300465 +01:00] [Thread 15768]  Finished Query - SELECT id FROM players WHERE steamid64 = '76561198216442289' - with return - [4]
[15:50:23:302084 +01:00] [Thread 12188]  Performed Query 1 - 63509 - SELECT intid, a3name, rank, banned, xp, level, money, kills, teamkills, deaths FROM players WHERE steamid64 = '76561198216442289'
[15:50:23:520268 +01:00] [Thread 15768]  SINGLE RETURN ARRIVED - ["C34QBC43Y","Rudi Bildungsstop",0,0,0,0,0,0,0,0]
[15:50:23:520422 +01:00] [Thread 12188]  Finished Query - SELECT intid, a3name, rank, banned, xp, level, money, kills, teamkills, deaths FROM players WHERE steamid64 = '76561198216442289' - with return - ["C34QBC43Y","Rudi Bildungsstop",0,0,0,0,0,0,0,0]
[15:53:03:031909 +01:00] [Thread 8828]  Performed Query 1 - 109982 - SHOW PROCESSLIST
[15:53:03:275196 +01:00] [Thread 4608]  SINGLE RETURN ARRIVED - [2,"system user","","","Daemon","","InnoDB purge worker","",0]
[15:53:03:275215 +01:00] [Thread 8828]  Finished Query - SHOW PROCESSLIST - with return - [2,"system user","","","Daemon","","InnoDB purge worker","",0]
[15:53:49:518890 +01:00] [Thread 8828]  Performed Query 1 - 109982 - SELECT id FROM players WHERE steamid64 = '76561198216442289'
[15:53:49:738303 +01:00] [Thread 4608]  SINGLE RETURN ARRIVED - [4]
[15:53:49:738803 +01:00] [Thread 8828]  Finished Query - SELECT id FROM players WHERE steamid64 = '76561198216442289' - with return - [4]
[15:53:49:738833 +01:00] [Thread 6888]  Performed Query 1 - 109982 - SELECT intid, a3name, rank, banned, xp, level, money, kills, teamkills, deaths FROM players WHERE steamid64 = '76561198216442289'
[15:53:49:957779 +01:00] [Thread 4608]  SINGLE RETURN ARRIVED - ["C34QBC43Y","Rudi Bildungsstop",0,0,0,0,0,0,0,0]
[15:53:49:957806 +01:00] [Thread 6888]  Finished Query - SELECT intid, a3name, rank, banned, xp, level, money, kills, teamkills, deaths FROM players WHERE steamid64 = '76561198216442289' - with return - ["C34QBC43Y","Rudi Bildungsstop",0,0,0,0,0,0,0,0]
[15:57:21:474098 +01:00] [Thread 17132]  Performed Query 1 - 798116 - SHOW PROCESSLIST
[15:57:21:503052 +01:00] [Thread 17132]  SINGLE RETURN ARRIVED - [2,"system user","","","Daemon","","InnoDB purge worker","",0]
[15:57:21:503084 +01:00] [Thread 17136]  Finished Query - SHOW PROCESSLIST - with return - [2,"system user","","","Daemon","","InnoDB purge worker","",0]
[15:57:42:738233 +01:00] [Thread 17132]  Performed Query 1 - 798116 - SELECT id FROM players WHERE steamid64 = '76561198216442289'
[15:57:42:938128 +01:00] [Thread 17136]  SINGLE RETURN ARRIVED - [4]
[15:57:42:938175 +01:00] [Thread 17132]  Finished Query - SELECT id FROM players WHERE steamid64 = '76561198216442289' - with return - [4]
[15:57:42:938234 +01:00] [Thread 17136]  Performed Query 1 - 798116 - SELECT intid, a3name, rank, banned, xp, level, money, kills, teamkills, deaths FROM players WHERE steamid64 = '76561198216442289'
[15:57:43:158113 +01:00] [Thread 17132]  SINGLE RETURN ARRIVED - ["C34QBC43Y","Rudi Bildungsstop",0,0,0,0,0,0,0,0]
[15:57:43:158116 +01:00] [Thread 17136]  Finished Query - SELECT intid, a3name, rank, banned, xp, level, money, kills, teamkills, deaths FROM players WHERE steamid64 = '76561198216442289' - with return - ["C34QBC43Y","Rudi Bildungsstop",0,0,0,0,0,0,0,0]
[15:59:51:074108 +01:00] [Thread 12832]  Performed Query 1 - 877749 - SHOW PROCESSLIST
[15:59:51:074383 +01:00] [Thread 13384]  SINGLE RETURN ARRIVED - [2,"system user","","","Daemon","","InnoDB purge worker","",0]
[15:59:51:074406 +01:00] [Thread 12832]  Finished Query - SHOW PROCESSLIST - with return - [2,"system user","","","Daemon","","InnoDB purge worker","",0]
[16:00:25:693079 +01:00] [Thread 13384]  Performed Query 1 - 877749 - SELECT id FROM players WHERE steamid64 = '76561198216442289'
[16:00:25:911413 +01:00] [Thread 12832]  SINGLE RETURN ARRIVED - [4]
[16:00:25:911453 +01:00] [Thread 13384]  Finished Query - SELECT id FROM players WHERE steamid64 = '76561198216442289' - with return - [4]
[16:00:25:911548 +01:00] [Thread 12832]  Performed Query 1 - 877749 - SELECT intid, a3name, rank, banned, xp, level, money, kills, teamkills, deaths FROM players WHERE steamid64 = '76561198216442289'
[16:00:26:130987 +01:00] [Thread 13384]  SINGLE RETURN ARRIVED - ["C34QBC43Y","Rudi Bildungsstop",0,0,0,0,0,0,0,0]
[16:00:26:131013 +01:00] [Thread 12832]  Finished Query - SELECT intid, a3name, rank, banned, xp, level, money, kills, teamkills, deaths FROM players WHERE steamid64 = '76561198216442289' - with return - ["C34QBC43Y","Rudi Bildungsstop",0,0,0,0,0,0,0,0]
[20:45:50:464851 +01:00] [Thread 12832]  Performed Query 1 - 877749 - UPDATE players SET a3name = 'Rudi Bildungsstop', xp = 0, level = 1, money = 0, kills = 0, teamkills = 0, deaths = 0 WHERE steamid64 = '76561198216442289'
[21:07:46:306924 +01:00] [Thread 15036]  Performed Query 1 - 125050 - SHOW PROCESSLIST
[21:07:46:398034 +01:00] [Thread 13812]  Finished Query - SHOW PROCESSLIST - with return - [2,"system user","","","Daemon","","InnoDB purge worker","",0]
[21:07:46:418547 +01:00] [Thread 15036]  SINGLE RETURN ARRIVED - [2,"system user","","","Daemon","","InnoDB purge worker","",0]
[21:08:23:999122 +01:00] [Thread 13812]  Performed Query 1 - 125050 - SELECT id FROM players WHERE steamid64 = '76561198216442289'
[21:08:24:421010 +01:00] [Thread 15036]  SINGLE RETURN ARRIVED - [4]
[21:08:24:421020 +01:00] [Thread 13812]  Finished Query - SELECT id FROM players WHERE steamid64 = '76561198216442289' - with return - [4]
[21:08:24:421139 +01:00] [Thread 15036]  Performed Query 1 - 125050 - SELECT intid, a3name, rank, banned, xp, level, money, kills, teamkills, deaths FROM players WHERE steamid64 = '76561198216442289'
[21:08:24:640997 +01:00] [Thread 13812]  SINGLE RETURN ARRIVED - ["C34QBC43Y","Rudi Bildungsstop",0,0,0,1,0,0,0,0]
[21:08:24:641023 +01:00] [Thread 15036]  Finished Query - SELECT intid, a3name, rank, banned, xp, level, money, kills, teamkills, deaths FROM players WHERE steamid64 = '76561198216442289' - with return - ["C34QBC43Y","Rudi Bildungsstop",0,0,0,1,0,0,0,0]
[21:12:54:221696 +01:00] [Thread 3732]  Performed Query 1 - 792795 - SHOW PROCESSLIST
[21:12:54:303498 +01:00] [Thread 15812]  Finished Query - SHOW PROCESSLIST - with return - [2,"system user","","","Daemon","","InnoDB purge worker","",0]
[21:12:54:303500 +01:00] [Thread 3732]  SINGLE RETURN ARRIVED - [2,"system user","","","Daemon","","InnoDB purge worker","",0]
[21:13:46:279992 +01:00] [Thread 15812]  Performed Query 1 - 792795 - SELECT id FROM players WHERE steamid64 = '76561198216442289'
[21:13:46:499902 +01:00] [Thread 3732]  SINGLE RETURN ARRIVED - [4]
[21:13:46:499948 +01:00] [Thread 15812]  Finished Query - SELECT id FROM players WHERE steamid64 = '76561198216442289' - with return - [4]
[21:13:46:500044 +01:00] [Thread 3732]  Performed Query 1 - 792795 - SELECT intid, a3name, rank, banned, xp, level, money, kills, teamkills, deaths FROM players WHERE steamid64 = '76561198216442289'
[21:13:46:712961 +01:00] [Thread 15812]  SINGLE RETURN ARRIVED - ["C34QBC43Y","Rudi Bildungsstop",0,0,0,1,0,0,0,0]
[21:13:46:712998 +01:00] [Thread 3732]  Finished Query - SELECT intid, a3name, rank, banned, xp, level, money, kills, teamkills, deaths FROM players WHERE steamid64 = '76561198216442289' - with return - ["C34QBC43Y","Rudi Bildungsstop",0,0,0,1,0,0,0,0]
[21:15:47:615307 +01:00] [Thread 18304]  Performed Query 1 - 131475 - SHOW PROCESSLIST
[21:15:47:682613 +01:00] [Thread 4752]  SINGLE RETURN ARRIVED - [2,"system user","","","Daemon","","InnoDB purge worker","",0]
[21:15:47:682660 +01:00] [Thread 4752]  Finished Query - SHOW PROCESSLIST - with return - [2,"system user","","","Daemon","","InnoDB purge worker","",0]
[21:16:36:400316 +01:00] [Thread 18304]  Performed Query 1 - 131475 - SELECT id FROM players WHERE steamid64 = '76561198216442289'
[21:16:36:618989 +01:00] [Thread 4752]  SINGLE RETURN ARRIVED - [4]
[21:16:36:619015 +01:00] [Thread 18304]  Finished Query - SELECT id FROM players WHERE steamid64 = '76561198216442289' - with return - [4]
[21:16:36:619111 +01:00] [Thread 4752]  Performed Query 1 - 131475 - SELECT intid, a3name, rank, banned, xp, level, money, kills, teamkills, deaths FROM players WHERE steamid64 = '76561198216442289'
[21:16:36:837820 +01:00] [Thread 18304]  SINGLE RETURN ARRIVED - ["C34QBC43Y","Rudi Bildungsstop",0,0,0,1,0,0,0,0]
[21:16:36:837847 +01:00] [Thread 4752]  Finished Query - SELECT intid, a3name, rank, banned, xp, level, money, kills, teamkills, deaths FROM players WHERE steamid64 = '76561198216442289' - with return - ["C34QBC43Y","Rudi Bildungsstop",0,0,0,1,0,0,0,0]
[21:26:51:077632 +01:00] [Thread 15924]  Performed Query 1 - 591957 - SHOW PROCESSLIST
[21:26:51:081297 +01:00] [Thread 15924]  SINGLE RETURN ARRIVED - [2,"system user","","","Daemon","","InnoDB purge worker","",0]
[21:26:51:081371 +01:00] [Thread 11764]  Finished Query - SHOW PROCESSLIST - with return - [2,"system user","","","Daemon","","InnoDB purge worker","",0]
[21:27:10:221837 +01:00] [Thread 15924]  Performed Query 1 - 591957 - SELECT id FROM players WHERE steamid64 = '76561198216442289'
[21:27:10:442033 +01:00] [Thread 11764]  SINGLE RETURN ARRIVED - [4]
[21:27:10:442048 +01:00] [Thread 15924]  Finished Query - SELECT id FROM players WHERE steamid64 = '76561198216442289' - with return - [4]
[21:27:10:442146 +01:00] [Thread 11764]  Performed Query 1 - 591957 - SELECT intid, a3name, rank, banned, xp, level, money, kills, teamkills, deaths FROM players WHERE steamid64 = '76561198216442289'
[21:27:10:662235 +01:00] [Thread 15924]  SINGLE RETURN ARRIVED - ["C34QBC43Y","Rudi Bildungsstop",0,0,0,1,0,0,0,0]
[21:27:10:662237 +01:00] [Thread 11764]  Finished Query - SELECT intid, a3name, rank, banned, xp, level, money, kills, teamkills, deaths FROM players WHERE steamid64 = '76561198216442289' - with return - ["C34QBC43Y","Rudi Bildungsstop",0,0,0,1,0,0,0,0]
[21:30:41:412827 +01:00] [Thread 5888]  Performed Query 1 - 787362 - SHOW PROCESSLIST
[21:30:41:413158 +01:00] [Thread 5888]  SINGLE RETURN ARRIVED - [2,"system user","","","Daemon","","InnoDB purge worker","",0]
[21:30:41:413176 +01:00] [Thread 5908]  Finished Query - SHOW PROCESSLIST - with return - [2,"system user","","","Daemon","","InnoDB purge worker","",0]
[21:31:16:847127 +01:00] [Thread 5888]  Performed Query 1 - 787362 - SELECT id FROM players WHERE steamid64 = '76561198216442289'
[21:31:17:067278 +01:00] [Thread 5888]  SINGLE RETURN ARRIVED - [4]
[21:31:17:067284 +01:00] [Thread 5908]  Finished Query - SELECT id FROM players WHERE steamid64 = '76561198216442289' - with return - [4]
[21:31:17:067477 +01:00] [Thread 5888]  Performed Query 1 - 787362 - SELECT intid, a3name, rank, banned, xp, level, money, kills, teamkills, deaths FROM players WHERE steamid64 = '76561198216442289'
[21:31:17:286989 +01:00] [Thread 5908]  SINGLE RETURN ARRIVED - ["C34QBC43Y","Rudi Bildungsstop",0,0,0,1,0,0,0,0]
[21:31:17:287864 +01:00] [Thread 5888]  Finished Query - SELECT intid, a3name, rank, banned, xp, level, money, kills, teamkills, deaths FROM players WHERE steamid64 = '76561198216442289' - with return - ["C34QBC43Y","Rudi Bildungsstop",0,0,0,1,0,0,0,0]
[21:36:53:968513 +01:00] [Thread 10460]  Performed Query 1 - 140622 - SHOW PROCESSLIST
[21:36:53:986968 +01:00] [Thread 14304]  SINGLE RETURN ARRIVED - [2,"system user","","","Daemon","","InnoDB purge worker","",0]
[21:36:53:987879 +01:00] [Thread 10460]  Finished Query - SHOW PROCESSLIST - with return - [2,"system user","","","Daemon","","InnoDB purge worker","",0]
[21:38:25:089767 +01:00] [Thread 14304]  Performed Query 1 - 140622 - SELECT id FROM players WHERE steamid64 = '76561198216442289'
[21:38:25:310623 +01:00] [Thread 10460]  SINGLE RETURN ARRIVED - [4]
[21:38:25:310662 +01:00] [Thread 14304]  Finished Query - SELECT id FROM players WHERE steamid64 = '76561198216442289' - with return - [4]
[21:38:25:310752 +01:00] [Thread 10460]  Performed Query 1 - 140622 - SELECT intid, a3name, rank, banned, xp, level, money, kills, teamkills, deaths FROM players WHERE steamid64 = '76561198216442289'
[21:38:25:531989 +01:00] [Thread 14304]  SINGLE RETURN ARRIVED - ["C34QBC43Y","Rudi Bildungsstop",0,0,0,1,0,0,0,0]
[21:38:25:532071 +01:00] [Thread 10460]  Finished Query - SELECT intid, a3name, rank, banned, xp, level, money, kills, teamkills, deaths FROM players WHERE steamid64 = '76561198216442289' - with return - ["C34QBC43Y","Rudi Bildungsstop",0,0,0,1,0,0,0,0]
[21:44:34:575570 +01:00] [Thread 13300]  Performed Query 1 - 201628 - SHOW PROCESSLIST
[21:44:34:595361 +01:00] [Thread 13300]  SINGLE RETURN ARRIVED - [2,"system user","","","Daemon","","InnoDB purge worker","",0]
[21:44:34:595390 +01:00] [Thread 5632]  Finished Query - SHOW PROCESSLIST - with return - [2,"system user","","","Daemon","","InnoDB purge worker","",0]
[21:46:12:731707 +01:00] [Thread 13300]  Performed Query 1 - 201628 - SELECT id FROM players WHERE steamid64 = '76561198216442289'
[21:46:12:949112 +01:00] [Thread 5632]  Finished Query - SELECT id FROM players WHERE steamid64 = '76561198216442289' - with return - [4]
[21:46:12:949829 +01:00] [Thread 13300]  SINGLE RETURN ARRIVED - [4]
[21:46:12:949947 +01:00] [Thread 16348]  Performed Query 1 - 201628 - SELECT intid, a3name, rank, banned, xp, level, money, kills, teamkills, deaths FROM players WHERE steamid64 = '76561198216442289'
[21:46:13:168838 +01:00] [Thread 15608]  SINGLE RETURN ARRIVED - ["C34QBC43Y","Rudi Bildungsstop",0,0,0,1,0,0,0,0]
[21:46:13:168880 +01:00] [Thread 16348]  Finished Query - SELECT intid, a3name, rank, banned, xp, level, money, kills, teamkills, deaths FROM players WHERE steamid64 = '76561198216442289' - with return - ["C34QBC43Y","Rudi Bildungsstop",0,0,0,1,0,0,0,0]
