
extDB3: https://bitbucket.org/torndeco/extdb3/wiki/Home
extDB3: Version: 1.031
extDB3: Windows Version
Message: All development for extDB3 is done on a Linux Dedicated Server
Message: If you would like to Donate to extDB3 Development
Message: https://www.paypal.com/cgi-bin/webscr?cmd=_s-xclick&hosted_button_id=2SUEFTGABTAM2
Message: Also leave a message if there is any particular feature you would like to see added.
Message: Thanks for all the people that have donated.
Message: Torndeco: 18/05/15


extDB3: Found extdb3-conf.ini
extDB3: Detected 4 Cores, Setting up 4 Worker Threads
extDB3: ...
extDB3: ...
extDB3: ...
extDB3: ...


[17:42:52:206357 +02:00] [Thread 20088] extDB3: SQL: Initialized: Add Quotes around TEXT Datatypes mode: 2
[17:42:52:206616 +02:00] [Thread 20088] extDB3: SQL: Initialized: NULL = ""
[17:42:52:207047 +02:00] [Thread 20088] extDB3: Locked
[17:43:48:389351 +02:00] [Thread 11140] extDB3: SQL: Error MariaDBQueryException: You have an error in your SQL syntax; check the manual that corresponds to your MariaDB server version for the right syntax to use near 'WHERE playerintid = 'V25K21' FROM players' at line 1
[17:43:48:389377 +02:00] [Thread 11140] extDB3: SQL: Error MariaDBQueryException: Input: SELECT playerintid WHERE playerintid = 'V25K21' FROM players
[17:43:50:123661 +02:00] [Thread 11140] extDB3: SQL: Error MariaDBQueryException: You have an error in your SQL syntax; check the manual that corresponds to your MariaDB server version for the right syntax to use near 'WHERE playerintid = 'F92L86' FROM players' at line 1
[17:43:50:123683 +02:00] [Thread 11140] extDB3: SQL: Error MariaDBQueryException: Input: SELECT playerintid WHERE playerintid = 'F92L86' FROM players
[17:43:50:981031 +02:00] [Thread 11140] extDB3: SQL: Error MariaDBQueryException: You have an error in your SQL syntax; check the manual that corresponds to your MariaDB server version for the right syntax to use near 'WHERE playerintid = 'C44V60' FROM players' at line 1
[17:43:50:981052 +02:00] [Thread 11140] extDB3: SQL: Error MariaDBQueryException: Input: SELECT playerintid WHERE playerintid = 'C44V60' FROM players
[17:43:51:159781 +02:00] [Thread 11140] extDB3: SQL: Error MariaDBQueryException: You have an error in your SQL syntax; check the manual that corresponds to your MariaDB server version for the right syntax to use near 'WHERE playerintid = 'V81Z44' FROM players' at line 1
[17:43:51:159803 +02:00] [Thread 11140] extDB3: SQL: Error MariaDBQueryException: Input: SELECT playerintid WHERE playerintid = 'V81Z44' FROM players
[17:43:51:312727 +02:00] [Thread 11140] extDB3: SQL: Error MariaDBQueryException: You have an error in your SQL syntax; check the manual that corresponds to your MariaDB server version for the right syntax to use near 'WHERE playerintid = 'C06S68' FROM players' at line 1
[17:43:51:312749 +02:00] [Thread 11140] extDB3: SQL: Error MariaDBQueryException: Input: SELECT playerintid WHERE playerintid = 'C06S68' FROM players
[17:43:51:488896 +02:00] [Thread 11140] extDB3: SQL: Error MariaDBQueryException: You have an error in your SQL syntax; check the manual that corresponds to your MariaDB server version for the right syntax to use near 'WHERE playerintid = 'W32Q90' FROM players' at line 1
[17:43:51:488928 +02:00] [Thread 11140] extDB3: SQL: Error MariaDBQueryException: Input: SELECT playerintid WHERE playerintid = 'W32Q90' FROM players
