
extDB3: https://bitbucket.org/torndeco/extdb3/wiki/Home
extDB3: Version: 1.031
extDB3: Windows Version
Message: All development for extDB3 is done on a Linux Dedicated Server
Message: If you would like to Donate to extDB3 Development
Message: https://www.paypal.com/cgi-bin/webscr?cmd=_s-xclick&hosted_button_id=2SUEFTGABTAM2
Message: Also leave a message if there is any particular feature you would like to see added.
Message: Thanks for all the people that have donated.
Message: Torndeco: 18/05/15


extDB3: Found extdb3-conf.ini
extDB3: Detected 4 Cores, Setting up 4 Worker Threads
extDB3: ...
extDB3: ...
extDB3: ...
extDB3: ...


[21:57:07:514446 +02:00] [Thread 22520] extDB3: SQL: Initialized: Add Quotes around TEXT Datatypes mode: 2
[21:57:07:514733 +02:00] [Thread 22520] extDB3: SQL: Initialized: NULL = ""
[21:57:07:515296 +02:00] [Thread 22520] extDB3: Locked
[21:57:18:759191 +02:00] [Thread 12076] extDB3: SQL: Error MariaDBQueryException: You have an error in your SQL syntax; check the manual that corresponds to your MariaDB server version for the right syntax to use near 'Bildungsstop,00:00:00,<null>,<null>)' at line 1
[21:57:18:759249 +02:00] [Thread 12076] extDB3: SQL: Error MariaDBQueryException: Input: INSERT INTO players (playerid, playerintid, name, playtime, firstconnect, lastconnect) values (76561198216442289,any,Prof. Rudi Bildungsstop,00:00:00,<null>,<null>)
