27.11.2019 14:48:02: <infiSTAR.de> _fnc_RandomGen: {
_fnc_actualGen = {
_abc = ['z','y','x','w','v','u','t','s','r','q','p','o','n','m','l','k','j','i','h','g','f','e','d','c','b','a'];
_gen = _abc select (random ((count _abc)-1));
_arr = ['a','0','4','6','c','2','2','e','a','a','7','d','7','f','4','9','9','a','4','0','7','3','b','5','9','b','c','8','8','d','a','c','1'];
_randmax = {((round(random _randminval)) + (round(random _randmaxval))) max _randminval};
for '_i' from 0 to (call _randmax)do
{
_gen = _gen + str(round(random 9)) + (_arr select (random ((count _arr)-1)));
};
};
_gen = '';
while{_gen=='' || _gen in _allRandomGenVars}do{
call _fnc_actualGen;
};
_allRandomGenVars pushBack _gen;
_gen
}
27.11.2019 14:48:02: ----START-LINE----   (14-08-2019 15-50-47 - v259)
27.11.2019 14:48:02: _adminbox: e0e8713225c2a572846606d29731c3c340a2044
27.11.2019 14:48:02: _fnc_mpPackets: g24247d0424064e421c180755549a7d8d748a0e1f183c3f68
27.11.2019 14:48:02: _FNC_AH_KICKLOG: n7c23135c2993199a64815e886c1c
27.11.2019 14:48:02: _FNC_AH_KICKLOGSPAWN: r422a1f56237f700c4c
27.11.2019 14:48:02: _FNC_PVAH_AdminReq: o416c8a64734a692530
27.11.2019 14:48:02: _token_by_uid: r8014649b19177f4763
27.11.2019 14:48:02: _uid_by_token: k790d89629854155034
27.11.2019 14:48:02: _server_setTokenR: c69776e857c0a57845859
27.11.2019 14:48:02: _YourPlayerToken: t7a89915a3b792c695a42382b55427a82
27.11.2019 14:48:02: _TokenCT: w0c5a324a021a4a3a1d19170914604c58
27.11.2019 14:48:02: _AH_MAIN_BLOCK: r464f651b17846a45297a2754697754079d
27.11.2019 14:48:02: _AHKickOFF: j79642774829280449c226a6c
27.11.2019 14:48:02: _AHKickLog: u76599e399738077308379e9a500c6f6a3f8a
27.11.2019 14:48:02: _clientdo: b4b51677b563c79597c
27.11.2019 14:48:02: _AH_RunCheckENDVAR: v098250406a539d70591c8847
27.11.2019 14:48:02: _AH_RunCheckENDVAR_THREAD: q205f8c924964289074
27.11.2019 14:48:02: _AH_HackLogArrayRND: y75534e228884795459964f7a34144a8a540b788028
27.11.2019 14:48:02: _AH_SurvLogArrayRND: l08457a648a070b6c1a6a1a7b525419
27.11.2019 14:48:02: _AH_AdmiLogArrayRND: q0f04573714246a807977352b8c23472b
27.11.2019 14:48:02: _TMPBAN: f7e9a185e6057302a1967203d3c54683998
27.11.2019 14:48:02: _massMessage: n16705c7496695e944d2c484a2f
27.11.2019 14:48:02: _massSysMessage: l7c347a253c09688478122d8e8719243e822a6739
27.11.2019 14:48:02: _AHpos: d547a4f475b8f6c3a546940690478377846044c42
27.11.2019 14:48:02: _ninetwo: g5370987b5c678c49400c1a45608b8c2113071c
27.11.2019 14:48:02: _ninetwothread: q8d8d749195123c14306f243d7a728d79143a8032
27.11.2019 14:48:02: _adminsA: g1032088a7f2e54557f2c69673e3a6c77587b88
27.11.2019 14:48:02: _MC: l562b3537005a3b78094a103949486a
27.11.2019 14:48:02: _MCS: q04117a57457d591079
27.11.2019 14:48:02: _checkidicheckcheck: n574d8c224532378d2b0d5784
27.11.2019 14:48:02: _lastshotmade: z2a99852377401655090612
27.11.2019 14:48:02: _dellocveh: r5a5c0d52577a1a84191f775275
27.11.2019 14:48:02: _inCombatTime: u66098c603a73143a620a5a
27.11.2019 14:48:02: _inCombatArray: u7f9c449f3a1627221a39900a596a6a4f
27.11.2019 14:48:02: _fnc_infiKeyHandler: h27305a2979808a19875382712d1437
27.11.2019 14:48:02: _vehicle_needs_check: f1c4b9c501b87178c6a
27.11.2019 14:48:02: _MAKE_VAR_DUMP_RANDOM: g3d13457d69846779298b398b
27.11.2019 14:48:03: _MAKE_VAR_DUMP_CLIENT: r3c2d1b7d6b54022c8d
27.11.2019 14:48:03: _DUMPINGPLAYERUIDARRAY: i9a1a9e6a2a4a488c30581e5795271a39
27.11.2019 14:48:03: _CURRENTLYDUMPING: o305d70498d6010073c29196d54445a098a05
27.11.2019 14:48:03: _antiantihack_rndvar: p4b8214406c268b577a2615
27.11.2019 14:48:03: _name_by_uid: m4a485b393a37747a34
27.11.2019 14:48:03: _owner_by_uid: f996c5d76389c873a1c763c83678c1d445845
27.11.2019 14:48:03: _customcommandingMenu: u837c35959c63428b866110621a547f240c2c
27.11.2019 14:48:03: _customcommandingMenuOpen: g3d0c483c7c1098665c145b12502674
27.11.2019 14:48:03: _AH_KICKLOG: PVAHR_6n3s3b6y8m7i2y
27.11.2019 14:48:03: ----END-LINE----   (14-08-2019 15-50-47 - v259)
27.11.2019 18:37:38: <infiSTAR.de> _fnc_RandomGen: {
_fnc_actualGen = {
_abc = ['z','y','x','w','v','u','t','s','r','q','p','o','n','m','l','k','j','i','h','g','f','e','d','c','b','a'];
_gen = _abc select (random ((count _abc)-1));
_arr = ['a','0','4','6','c','2','2','e','a','a','7','d','7','f','4','9','9','a','4','0','7','3','b','5','9','b','c','8','8','d','a','c','1'];
_randmax = {((round(random _randminval)) + (round(random _randmaxval))) max _randminval};
for '_i' from 0 to (call _randmax)do
{
_gen = _gen + str(round(random 9)) + (_arr select (random ((count _arr)-1)));
};
};
_gen = '';
while{_gen=='' || _gen in _allRandomGenVars}do{
call _fnc_actualGen;
};
_allRandomGenVars pushBack _gen;
_gen
}
27.11.2019 18:37:38: ----START-LINE----   (14-08-2019 15-50-47 - v259)
27.11.2019 18:37:38: _adminbox: m5a7e1d22567b9a2d746f4a6a6f32
27.11.2019 18:37:38: _fnc_mpPackets: v95848d28295d8864432b6c
27.11.2019 18:37:38: _FNC_AH_KICKLOG: u493d443a3a1b642c1212
27.11.2019 18:37:38: _FNC_AH_KICKLOGSPAWN: k845a909202114c9547
27.11.2019 18:37:38: _FNC_PVAH_AdminReq: l8c3b2960039924835d
27.11.2019 18:37:38: _token_by_uid: l1a1f091d28617f990f4206379a498a791a7c401a49
27.11.2019 18:37:38: _uid_by_token: q7a826a3c7957009b2a306763480077327479
27.11.2019 18:37:38: _server_setTokenR: p4a472467472209483570386f60142a698a
27.11.2019 18:37:38: _YourPlayerToken: d0a5b568c5d15795c823f9a0a448f3085
27.11.2019 18:37:38: _TokenCT: d4234372a525b3d8c2d7885793d6c22322764
27.11.2019 18:37:38: _AH_MAIN_BLOCK: f38404a861c88574e37
27.11.2019 18:37:38: _AHKickOFF: o144a5709521449142a73899b
27.11.2019 18:37:38: _AHKickLog: k8769972c1a5b4c0d2f987a1c391b3c720249
27.11.2019 18:37:38: _clientdo: u12702c24842c592a5769
27.11.2019 18:37:38: _AH_RunCheckENDVAR: q1a83675d501c96841c440f14122a5c4c
27.11.2019 18:37:38: _AH_RunCheckENDVAR_THREAD: s792a63416f16887c3b598768880365606d696c24
27.11.2019 18:37:38: _AH_HackLogArrayRND: w9339600b490a498a7e32372c1167
27.11.2019 18:37:38: _AH_SurvLogArrayRND: q4a8b3f6a325a245257673469584b
27.11.2019 18:37:38: _AH_AdmiLogArrayRND: h3f630a6074576c1d14
27.11.2019 18:37:38: _TMPBAN: m325a8957582520048460428d0707
27.11.2019 18:37:38: _massMessage: x416a29425489083c3a2754341d
27.11.2019 18:37:38: _massSysMessage: c247a8357707a395a4b5a074c1f170b2b
27.11.2019 18:37:38: _AHpos: w3a847441891c5d745b85
27.11.2019 18:37:38: _ninetwo: q8601498b28150a60487b
27.11.2019 18:37:38: _ninetwothread: k4c1c241d3c7a470b42
27.11.2019 18:37:38: _adminsA: f3f34447c4d7a0d5a3738992a47
27.11.2019 18:37:38: _MC: v786d3b6b44704c9c8f801467580c5b5d
27.11.2019 18:37:38: _MCS: z6969745c5b57299b89
27.11.2019 18:37:38: _checkidicheckcheck: h79171a37474d98198414702a5a946e77
27.11.2019 18:37:38: _lastshotmade: v1c8d876b603a347f5775
27.11.2019 18:37:38: _dellocveh: d59055536022a4d49361e435a6a4e187a1a8a
27.11.2019 18:37:38: _inCombatTime: n785c0e3b8c291f2e3f5a848f9758247c
27.11.2019 18:37:38: _inCombatArray: y8b10542c836a59118e406044471a7f48822b817b
27.11.2019 18:37:38: _fnc_infiKeyHandler: f1860577d659a4a6c3797204d563d06409084
27.11.2019 18:37:38: _vehicle_needs_check: d814c97398c634d2f8a864d6f557617
27.11.2019 18:37:38: _MAKE_VAR_DUMP_RANDOM: x4474152b6a1c382840
27.11.2019 18:37:38: _MAKE_VAR_DUMP_CLIENT: s502a7a943f39744d4a
27.11.2019 18:37:38: _DUMPINGPLAYERUIDARRAY: e945c181a784c1243928b2a5734421a298930
27.11.2019 18:37:38: _CURRENTLYDUMPING: h1b200a796e49546d57135c1c
27.11.2019 18:37:38: _antiantihack_rndvar: x2274574a8b4d2b437b
27.11.2019 18:37:38: _name_by_uid: e0737829504187a252d
27.11.2019 18:37:38: _owner_by_uid: j32436349863a89658a
27.11.2019 18:37:38: _customcommandingMenu: v59335d333984681e4f3a065c57078b3d1e746d29
27.11.2019 18:37:38: _customcommandingMenuOpen: r8a570a3c32871949626269591c4a702f7f
27.11.2019 18:37:38: _AH_KICKLOG: PVAHR_4k2n2v4s2y4z7b
27.11.2019 18:37:38: ----END-LINE----   (14-08-2019 15-50-47 - v259)
