20.08.2019 15:22:26: <infiSTAR.de> _fnc_RandomGen: {
_fnc_actualGen = {
_abc = ['z','y','x','w','v','u','t','s','r','q','p','o','n','m','l','k','j','i','h','g','f','e','d','c','b','a'];
_gen = _abc select (random ((count _abc)-1));
_arr = ['a','0','4','6','c','2','2','e','a','a','7','d','7','f','4','9','9','a','4','0','7','3','b','5','9','b','c','8','8','d','a','c','1'];
_randmax = {((round(random _randminval)) + (round(random _randmaxval))) max _randminval};
for '_i' from 0 to (call _randmax)do
{
_gen = _gen + str(round(random 9)) + (_arr select (random ((count _arr)-1)));
};
};
_gen = '';
while{_gen=='' || _gen in _allRandomGenVars}do{
call _fnc_actualGen;
};
_allRandomGenVars pushBack _gen;
_gen
}
20.08.2019 15:22:26: ----START-LINE----   (14-08-2019 15-50-47 - v259)
20.08.2019 15:22:26: _adminbox: g4427682a5c645f2c67267b4c85292c
20.08.2019 15:22:26: _fnc_mpPackets: q681a357913873c178a0797922748962a0d8b343f80
20.08.2019 15:22:26: _FNC_AH_KICKLOG: d9a4a233b347c188a8c76496a7c13
20.08.2019 15:22:26: _FNC_AH_KICKLOGSPAWN: q4e673e145a5e728b3b
20.08.2019 15:22:26: _FNC_PVAH_AdminReq: q6769251482501b2d5c092a1c6a378c930439307f3b9834
20.08.2019 15:22:26: _token_by_uid: a377f1972208a641412155460623b
20.08.2019 15:22:26: _uid_by_token: o24184a3a984b0d4709391a171c52294d9e7714
20.08.2019 15:22:26: _server_setTokenR: h942c4e3367993c30876b5a7d5c32
20.08.2019 15:22:26: _YourPlayerToken: w8249455c308d6a2c9a494f4c741264564a97473b201c
20.08.2019 15:22:26: _TokenCT: j650a8f80251c958c1c
20.08.2019 15:22:26: _AH_MAIN_BLOCK: v6f2c683452685a748c
20.08.2019 15:22:26: _AHKickOFF: u3b094c5e666a592d09253734605f3c7a7c2c7b
20.08.2019 15:22:26: _AHKickLog: k6c1d6d7c68383d1a3429
20.08.2019 15:22:26: _clientdo: k69969c754d467904771c235987
20.08.2019 15:22:26: _AH_RunCheckENDVAR: l14622c73771c1a1a8c2a
20.08.2019 15:22:26: _AH_RunCheckENDVAR_THREAD: p948a121f5b898c5c41518a27398f8d1a
20.08.2019 15:22:26: _AH_HackLogArrayRND: e871a158757897a185a4e07271a4a087d2c94
20.08.2019 15:22:26: _AH_SurvLogArrayRND: c5f62971334027a83921c0c
20.08.2019 15:22:26: _AH_AdmiLogArrayRND: s6a70877c0b0339872b724d548a2b290c5a828c270d79
20.08.2019 15:22:26: _TMPBAN: e896a9264245d4b248f1294476b6e8b8b3c86245a87
20.08.2019 15:22:26: _massMessage: b4a8b586967447b3409143c1b0d
20.08.2019 15:22:26: _massSysMessage: w1e3b7f281b3170934a8658771729875a1c6910084d04
20.08.2019 15:22:26: _AHpos: t4a59193c1439524979
20.08.2019 15:22:26: _ninetwo: j6a64892431703a209c490c396c196a
20.08.2019 15:22:26: _ninetwothread: c406f60622c3082869d
20.08.2019 15:22:26: _adminsA: p4b82532d788437553b7a2a6f6327396a5752493b9073
20.08.2019 15:22:26: _MC: r76347944274a8b2150739b5c5c5d5a73
20.08.2019 15:22:26: _MCS: q14827b4e69125a8747
20.08.2019 15:22:26: _checkidicheckcheck: y3a2c7784390e981a7467642c0f6e8f44099a05
20.08.2019 15:22:26: _lastshotmade: j649b9499655b6a5b377a179a65145e7475
20.08.2019 15:22:26: _dellocveh: m2a40571444108c623a
20.08.2019 15:22:26: _inCombatTime: c5734342a481d4f4c286c3b1a4d8928281745
20.08.2019 15:22:26: _inCombatArray: c977796678c77336c263f
20.08.2019 15:22:26: _fnc_infiKeyHandler: y1b2a06648a1233647a
20.08.2019 15:22:26: _vehicle_needs_check: d759c825b87294a871c6778
20.08.2019 15:22:26: _MAKE_VAR_DUMP_RANDOM: r3258400147723478546b52400d8c0944
20.08.2019 15:22:26: _MAKE_VAR_DUMP_CLIENT: e1d5c8d543b1c70378740586f6c548b3b238298195a
20.08.2019 15:22:26: _DUMPINGPLAYERUIDARRAY: m5259787248248f45498040601f22
20.08.2019 15:22:26: _CURRENTLYDUMPING: l9837986a788c676a1b
20.08.2019 15:22:26: _antiantihack_rndvar: w1b77896b1972222f538d6e38
20.08.2019 15:22:26: _name_by_uid: h298c6d1e706f6b6b4b
20.08.2019 15:22:26: _owner_by_uid: n15782a6a495b193910
20.08.2019 15:22:26: _customcommandingMenu: r6d69476a39713b27320257738c548779
20.08.2019 15:22:26: _customcommandingMenuOpen: s682a162882997259622a063a5a5018
20.08.2019 15:22:26: _AH_KICKLOG: PVAHR_1r2q3j8l8v6v
20.08.2019 15:22:26: ----END-LINE----   (14-08-2019 15-50-47 - v259)
20.08.2019 15:25:31: <infiSTAR.de> _fnc_RandomGen: {
_fnc_actualGen = {
_abc = ['z','y','x','w','v','u','t','s','r','q','p','o','n','m','l','k','j','i','h','g','f','e','d','c','b','a'];
_gen = _abc select (random ((count _abc)-1));
_arr = ['a','0','4','6','c','2','2','e','a','a','7','d','7','f','4','9','9','a','4','0','7','3','b','5','9','b','c','8','8','d','a','c','1'];
_randmax = {((round(random _randminval)) + (round(random _randmaxval))) max _randminval};
for '_i' from 0 to (call _randmax)do
{
_gen = _gen + str(round(random 9)) + (_arr select (random ((count _arr)-1)));
};
};
_gen = '';
while{_gen=='' || _gen in _allRandomGenVars}do{
call _fnc_actualGen;
};
_allRandomGenVars pushBack _gen;
_gen
}
20.08.2019 15:25:31: ----START-LINE----   (14-08-2019 15-50-47 - v259)
20.08.2019 15:25:31: _adminbox: z425c292f0217837420530c173a9c873a4e75867728
20.08.2019 15:25:31: _fnc_mpPackets: g602c6b54197c541a3c270908
20.08.2019 15:25:31: _FNC_AH_KICKLOG: z801d93527686058872845a13687a
20.08.2019 15:25:31: _FNC_AH_KICKLOGSPAWN: g1e1784138780688a786e80171a403a2722405c1b
20.08.2019 15:25:31: _FNC_PVAH_AdminReq: z7b0c2c645a7c9a5b9e2a174724
20.08.2019 15:25:31: _token_by_uid: c5b1d7a204a1a244a042c683a2d39
20.08.2019 15:25:31: _uid_by_token: t875419499c37573c5c097a4a840b7e57749a
20.08.2019 15:25:31: _server_setTokenR: x2047472f2e57672757471b24
20.08.2019 15:25:31: _YourPlayerToken: u1c719946561a6448202c1c
20.08.2019 15:25:31: _TokenCT: w269a7977325b398c702a37194c6095393f
20.08.2019 15:25:31: _AH_MAIN_BLOCK: r24246e14576b864c248c95
20.08.2019 15:25:31: _AHKickOFF: n53843f447a502457406a2a7c399c
20.08.2019 15:25:31: _AHKickLog: b5d8d8a347c577566745b7592342786
20.08.2019 15:25:31: _clientdo: t3a5e3f3a3c470444073679557b0f961d6c38
20.08.2019 15:25:31: _AH_RunCheckENDVAR: e2c85898b873e540458106962265a55211a32337d
20.08.2019 15:25:31: _AH_RunCheckENDVAR_THREAD: o30644b1488721a575a42461932159a603e484e958d
20.08.2019 15:25:31: _AH_HackLogArrayRND: f34484986676a1f7469
20.08.2019 15:25:31: _AH_SurvLogArrayRND: u476456248b751b174d073a2e442a18994a725c6f44
20.08.2019 15:25:31: _AH_AdmiLogArrayRND: n27521c4339202d340a361b46792b876d214d704b6a32
20.08.2019 15:25:31: _TMPBAN: b7447341c101d249b1b
20.08.2019 15:25:31: _massMessage: u14606c886c619c84669d6d23882b80682b3d540a5c88
20.08.2019 15:25:31: _massSysMessage: l391858576442127a34881e5a5c826219
20.08.2019 15:25:31: _AHpos: s1c12217b828d4f2742
20.08.2019 15:25:31: _ninetwo: t2674401c1a43681d5a7a822d4797
20.08.2019 15:25:31: _ninetwothread: a34321b2282691c351d075e64656372
20.08.2019 15:25:31: _adminsA: j1d4c50378c944d4a3889586a7728
20.08.2019 15:25:31: _MC: c592313955c89336a286c8d0c5e8c74172f8c54682932
20.08.2019 15:25:31: _MCS: p49947d80755c29898d697e7279
20.08.2019 15:25:31: _checkidicheckcheck: l851422007b596b8c2a5a322e1464
20.08.2019 15:25:31: _lastshotmade: l99426373091c7b3e50479b8a5c4885448a
20.08.2019 15:25:31: _dellocveh: x5f258409490e7934889d191560886f52737871
20.08.2019 15:25:31: _inCombatTime: d1b77354d305a142774
20.08.2019 15:25:31: _inCombatArray: s1a8a661a94442b3738
20.08.2019 15:25:31: _fnc_infiKeyHandler: l493c229a6b1f5b0e847420
20.08.2019 15:25:31: _vehicle_needs_check: l915e8d8c4639094249
20.08.2019 15:25:31: _MAKE_VAR_DUMP_RANDOM: a8a5c07748b876c907234343e428c3a77
20.08.2019 15:25:31: _MAKE_VAR_DUMP_CLIENT: h1c2a954e34996c5567
20.08.2019 15:25:31: _DUMPINGPLAYERUIDARRAY: f6979541f7a8a194d69192b53583a39
20.08.2019 15:25:31: _CURRENTLYDUMPING: x24388d4a3917338244465d5c0d1d8239
20.08.2019 15:25:31: _antiantihack_rndvar: w2c6b395a246a1451243d3e9d996b5f01434848
20.08.2019 15:25:31: _name_by_uid: f47101c385652821734253439
20.08.2019 15:25:31: _owner_by_uid: z8c6976297c60304b28
20.08.2019 15:25:31: _customcommandingMenu: p871e79891a6a4e8e451c6d9669948c142c34
20.08.2019 15:25:31: _customcommandingMenuOpen: v37893a290c8428624e4a98
20.08.2019 15:25:31: _AH_KICKLOG: PVAHR_8k1p6d7g2y1h7l
20.08.2019 15:25:31: ----END-LINE----   (14-08-2019 15-50-47 - v259)
20.08.2019 15:32:36: <infiSTAR.de> _fnc_RandomGen: {
_fnc_actualGen = {
_abc = ['z','y','x','w','v','u','t','s','r','q','p','o','n','m','l','k','j','i','h','g','f','e','d','c','b','a'];
_gen = _abc select (random ((count _abc)-1));
_arr = ['a','0','4','6','c','2','2','e','a','a','7','d','7','f','4','9','9','a','4','0','7','3','b','5','9','b','c','8','8','d','a','c','1'];
_randmax = {((round(random _randminval)) + (round(random _randmaxval))) max _randminval};
for '_i' from 0 to (call _randmax)do
{
_gen = _gen + str(round(random 9)) + (_arr select (random ((count _arr)-1)));
};
};
_gen = '';
while{_gen=='' || _gen in _allRandomGenVars}do{
call _fnc_actualGen;
};
_allRandomGenVars pushBack _gen;
_gen
}
20.08.2019 15:32:36: ----START-LINE----   (14-08-2019 15-50-47 - v259)
20.08.2019 15:32:36: _adminbox: k008d395d8a1b283879205d
20.08.2019 15:32:36: _fnc_mpPackets: k16085d1c0c56892715
20.08.2019 15:32:36: _FNC_AH_KICKLOG: l024c84232a8f454986488342004c081b2f3a8a79
20.08.2019 15:32:36: _FNC_AH_KICKLOGSPAWN: s383894345a14396e49
20.08.2019 15:32:36: _FNC_PVAH_AdminReq: x4c5c9c3c326b5d4079141b324e096c3d5d020f776a16
20.08.2019 15:32:36: _token_by_uid: o8c67788a1469245e84
20.08.2019 15:32:36: _uid_by_token: m84498c3048971e472247
20.08.2019 15:32:36: _server_setTokenR: k2a5708788713021a79
20.08.2019 15:32:36: _YourPlayerToken: n886c075b8d769b1639
20.08.2019 15:32:36: _TokenCT: n07123f59770c0e1d278f3c
20.08.2019 15:32:36: _AH_MAIN_BLOCK: f662b69132d847a2b675a626b69
20.08.2019 15:32:36: _AHKickOFF: d3a13386b4c97417c73
20.08.2019 15:32:36: _AHKickLog: s1a778c435a17347314
20.08.2019 15:32:36: _clientdo: h4767927464206a775c
20.08.2019 15:32:36: _AH_RunCheckENDVAR: s549885604a26805a08936e63
20.08.2019 15:32:36: _AH_RunCheckENDVAR_THREAD: l28374a5c1a27577c6f
20.08.2019 15:32:36: _AH_HackLogArrayRND: d6964188c1c141d79527a679c8b8d788452245c29
20.08.2019 15:32:36: _AH_SurvLogArrayRND: u3734222d77781042281a0481174a9a6a4d7b
20.08.2019 15:32:36: _AH_AdmiLogArrayRND: y3769323c0279681d848c1a22594c34640b1c
20.08.2019 15:32:36: _TMPBAN: i8a495a5f276a9c185304
20.08.2019 15:32:36: _massMessage: u790b0e2b7e994f6a331f675a577a
20.08.2019 15:32:36: _massSysMessage: g16275f9a795a0f759729975b0a5414
20.08.2019 15:32:36: _AHpos: z8c6a249d70627a84088c168769041066470e7a50828a
20.08.2019 15:32:36: _ninetwo: j5e68467c898b345460
20.08.2019 15:32:36: _ninetwothread: x441f383f4a9c7d35473f43558a2c041d97
20.08.2019 15:32:36: _adminsA: f2a8b276257837c44248c503a279e652c7887
20.08.2019 15:32:36: _MC: r6b3816083d1a8a2d6c4d399f047c
20.08.2019 15:32:36: _MCS: r404374249a82274e1b
20.08.2019 15:32:36: _checkidicheckcheck: p6e5c1f600d4a091b985d29946380830478450e8d
20.08.2019 15:32:36: _lastshotmade: e402a993c246a450e84894f25
20.08.2019 15:32:36: _dellocveh: x5c5a460758587c69721b3a376a5a299f22085b871864
20.08.2019 15:32:36: _inCombatTime: b58205e246a6968756a94
20.08.2019 15:32:36: _inCombatArray: a198a7f3459856f80693a5b58571e
20.08.2019 15:32:36: _fnc_infiKeyHandler: v7856481824415f890002791438830938
20.08.2019 15:32:36: _vehicle_needs_check: h9a1f2d3c8c1770429412312a009913
20.08.2019 15:32:36: _MAKE_VAR_DUMP_RANDOM: i92679749193769183a5039341a91
20.08.2019 15:32:36: _MAKE_VAR_DUMP_CLIENT: r0d6a888a1a851b325a129f79148d7a69
20.08.2019 15:32:36: _DUMPINGPLAYERUIDARRAY: p3b3946896a1a118e48829c
20.08.2019 15:32:36: _CURRENTLYDUMPING: f939a876c49642f8a07
20.08.2019 15:32:36: _antiantihack_rndvar: a6997077c894574572c6563544a267a1a078e6a3c8947
20.08.2019 15:32:36: _name_by_uid: l8d39225f5552978e88
20.08.2019 15:32:36: _owner_by_uid: y2c356c62671a1083505c949a5b40172277678d
20.08.2019 15:32:36: _customcommandingMenu: u5b668c472074887984
20.08.2019 15:32:36: _customcommandingMenuOpen: n5a8c7c633c529c6a5a40
20.08.2019 15:32:36: _AH_KICKLOG: PVAHR_2z5a2w7x4u4r4t
20.08.2019 15:32:36: ----END-LINE----   (14-08-2019 15-50-47 - v259)
