16.08.2019 12:46:01: <infiSTAR.de> _fnc_RandomGen: {
_fnc_actualGen = {
_abc = ['z','y','x','w','v','u','t','s','r','q','p','o','n','m','l','k','j','i','h','g','f','e','d','c','b','a'];
_gen = _abc select (random ((count _abc)-1));
_arr = ['a','0','4','6','c','2','2','e','a','a','7','d','7','f','4','9','9','a','4','0','7','3','b','5','9','b','c','8','8','d','a','c','1'];
_randmax = {((round(random _randminval)) + (round(random _randmaxval))) max _randminval};
for '_i' from 0 to (call _randmax)do
{
_gen = _gen + str(round(random 9)) + (_arr select (random ((count _arr)-1)));
};
};
_gen = '';
while{_gen=='' || _gen in _allRandomGenVars}do{
call _fnc_actualGen;
};
_allRandomGenVars pushBack _gen;
_gen
}
16.08.2019 12:46:01: ----START-LINE----   (14-08-2019 15-50-47 - v259)
16.08.2019 12:46:01: _adminbox: h292c643b563a755d543858799732
16.08.2019 12:46:01: _fnc_mpPackets: x8c0b6763021903536a6a5a3a79
16.08.2019 12:46:01: _FNC_AH_KICKLOG: w5469991a28225e8a682e2a62
16.08.2019 12:46:01: _FNC_AH_KICKLOGSPAWN: o7d680452642c52977a
16.08.2019 12:46:01: _FNC_PVAH_AdminReq: j672a542a504624560962778840
16.08.2019 12:46:01: _token_by_uid: x2c3d6b3c7750282d49
16.08.2019 12:46:01: _uid_by_token: f374224203a3994447b5b5c521c24888c87794050979b37
16.08.2019 12:46:01: _server_setTokenR: x3765731c6839847a2d
16.08.2019 12:46:01: _YourPlayerToken: s9b0e7d9c3d4a3041697d6c4e7d144c388682
16.08.2019 12:46:01: _TokenCT: i94551a3a933e407c371039508a895b3d13
16.08.2019 12:46:01: _AH_MAIN_BLOCK: q5a4734876a27281a84
16.08.2019 12:46:01: _AHKickOFF: o7a824b665a7b8a3c79426a37394d139a2b862d013272
16.08.2019 12:46:01: _AHKickLog: t47383a5a9c744451645c79749c184d9b128e1b
16.08.2019 12:46:01: _clientdo: j798d48742b4c5c2750
16.08.2019 12:46:01: _AH_RunCheckENDVAR: w839c942a24494667177a84
16.08.2019 12:46:01: _AH_RunCheckENDVAR_THREAD: m58792c620c6c5c841a6b504b4c83806b6c
16.08.2019 12:46:01: _AH_HackLogArrayRND: h1b1c78823c444b867c
16.08.2019 12:46:01: _AH_SurvLogArrayRND: w0d234c7480317d2b72831b6d
16.08.2019 12:46:01: _AH_AdmiLogArrayRND: p4c2a90555c3d349d64549a79290849436c9c51171a
16.08.2019 12:46:01: _TMPBAN: c8a243c306727892f33
16.08.2019 12:46:01: _massMessage: j2069204e61673d84782276792c3419
16.08.2019 12:46:01: _massSysMessage: r3884774c0b264a1b2c0d8d49
16.08.2019 12:46:01: _AHpos: k1e66649c082a077b90299a6d5a5a672d
16.08.2019 12:46:01: _ninetwo: w0a3b988e751a359a289599743987
16.08.2019 12:46:01: _ninetwothread: i545e146d644c4a4f2c5a
16.08.2019 12:46:01: _adminsA: x150b27575463760936
16.08.2019 12:46:01: _MC: n07420a8a3a7f13774b49
16.08.2019 12:46:01: _MCS: p5a3a3c6a64790987201353769b525437
16.08.2019 12:46:01: _checkidicheckcheck: y4e821473866f4f67436c
16.08.2019 12:46:01: _lastshotmade: e21877a656d4b1d2f88
16.08.2019 12:46:01: _dellocveh: w75857f4215474a256d3d44065d632e7d94
16.08.2019 12:46:01: _inCombatTime: v9a357a393e1c1a6f2c760a870a76344a
16.08.2019 12:46:01: _inCombatArray: e4a804782157b3c4c0a5a4a4e277c52998a899864908a
16.08.2019 12:46:01: _fnc_infiKeyHandler: m9d2424312c0a9f566f497634
16.08.2019 12:46:01: _vehicle_needs_check: m0d6f349b795a33568a
16.08.2019 12:46:01: _MAKE_VAR_DUMP_RANDOM: t372c868c3c8d9d2f7a4e724e4a308b5a856995
16.08.2019 12:46:01: _MAKE_VAR_DUMP_CLIENT: l115d59845b7532487f4b1957578c8c2b180b493949
16.08.2019 12:46:01: _DUMPINGPLAYERUIDARRAY: g0b2c1584782b5c4c7732
16.08.2019 12:46:01: _CURRENTLYDUMPING: k5922401f9d3f10989f476a88068d246e
16.08.2019 12:46:01: _antiantihack_rndvar: q63927c20158a44172a34192a
16.08.2019 12:46:01: _name_by_uid: e4262468b292b19522a
16.08.2019 12:46:01: _owner_by_uid: q142a10560f74299d288c6f8b8a5b4a485c
16.08.2019 12:46:01: _customcommandingMenu: y3767673737862c5c3a
16.08.2019 12:46:01: _customcommandingMenuOpen: p5c360c1b277c913d34303e1976
16.08.2019 12:46:01: _AH_KICKLOG: PVAHR_4e3b8p3f5u1u
16.08.2019 12:46:01: ----END-LINE----   (14-08-2019 15-50-47 - v259)
16.08.2019 12:49:38: <infiSTAR.de> _fnc_RandomGen: {
_fnc_actualGen = {
_abc = ['z','y','x','w','v','u','t','s','r','q','p','o','n','m','l','k','j','i','h','g','f','e','d','c','b','a'];
_gen = _abc select (random ((count _abc)-1));
_arr = ['a','0','4','6','c','2','2','e','a','a','7','d','7','f','4','9','9','a','4','0','7','3','b','5','9','b','c','8','8','d','a','c','1'];
_randmax = {((round(random _randminval)) + (round(random _randmaxval))) max _randminval};
for '_i' from 0 to (call _randmax)do
{
_gen = _gen + str(round(random 9)) + (_arr select (random ((count _arr)-1)));
};
};
_gen = '';
while{_gen=='' || _gen in _allRandomGenVars}do{
call _fnc_actualGen;
};
_allRandomGenVars pushBack _gen;
_gen
}
16.08.2019 12:49:38: ----START-LINE----   (14-08-2019 15-50-47 - v259)
16.08.2019 12:49:38: _adminbox: q441f3a0785855a07459d
16.08.2019 12:49:38: _fnc_mpPackets: p29594a4a666c9a2537675a
16.08.2019 12:49:38: _FNC_AH_KICKLOG: o268f44593594796a6a
16.08.2019 12:49:38: _FNC_AH_KICKLOGSPAWN: c44546a2290231a243a1930195e7250643d4e843d82729f
16.08.2019 12:49:38: _FNC_PVAH_AdminReq: b89274c3c432b241c9a77171b696f2a4809469d
16.08.2019 12:49:38: _token_by_uid: c0a858b5c2a81983542688d8b12
16.08.2019 12:49:38: _uid_by_token: c7a1a875d6924381842
16.08.2019 12:49:38: _server_setTokenR: r201a29945a066c830a
16.08.2019 12:49:38: _YourPlayerToken: f67603810976a72696b8a304a27234a5c1351
16.08.2019 12:49:38: _TokenCT: k1c578487772f758c429865387864991b42978453
16.08.2019 12:49:38: _AH_MAIN_BLOCK: b1d543c8932142a1243227c596054392b7d345549
16.08.2019 12:49:38: _AHKickOFF: f22892c5d0f1c8d1d9a893d963a5432408f
16.08.2019 12:49:38: _AHKickLog: m1a9a3e8a294c1a1a185c
16.08.2019 12:49:38: _clientdo: n1729625a642b55402a4c2b5f
16.08.2019 12:49:38: _AH_RunCheckENDVAR: u386c832d1424839b18486d3b59711c5e6679287a697c
16.08.2019 12:49:38: _AH_RunCheckENDVAR_THREAD: s9210643e3d26434b24823b27539946
16.08.2019 12:49:38: _AH_HackLogArrayRND: s6082248f5c1e9000398a
16.08.2019 12:49:38: _AH_SurvLogArrayRND: j2f795a6d1c67662d327444844b6228
16.08.2019 12:49:38: _AH_AdmiLogArrayRND: l763886478e703d2419971c887f9c1859472a392b
16.08.2019 12:49:38: _TMPBAN: f50444e74176217191b
16.08.2019 12:49:38: _massMessage: p8f6e13546972483a4b142e898d570a991f641d0477
16.08.2019 12:49:38: _massSysMessage: a943c8d3d428937192c
16.08.2019 12:49:38: _AHpos: l682050341f484c4c6d6b3a775d8b31775d76722f1c0f
16.08.2019 12:49:38: _ninetwo: x3c4d43181a0f74428d
16.08.2019 12:49:38: _ninetwothread: i4d804744654a1415243d7c1b358a58
16.08.2019 12:49:38: _adminsA: z437a206a365762426a
16.08.2019 12:49:38: _MC: b530f707d217c5e845935346c89686c9a27
16.08.2019 12:49:38: _MCS: u1a0a27772a642a287b
16.08.2019 12:49:38: _checkidicheckcheck: t85896a34349d044e4a3021822c298a
16.08.2019 12:49:38: _lastshotmade: e5a4d73999f204e577b5494244750243a17954b8a
16.08.2019 12:49:38: _dellocveh: r741a7354424a780f8319
16.08.2019 12:49:38: _inCombatTime: n1a4c7a5b512a2f1215
16.08.2019 12:49:38: _inCombatArray: r1c1d162e4e5a3a2399
16.08.2019 12:49:38: _fnc_infiKeyHandler: e125d70842408261a276d4a473f44541a9c35
16.08.2019 12:49:38: _vehicle_needs_check: r2455392a697b8b0360
16.08.2019 12:49:38: _MAKE_VAR_DUMP_RANDOM: g2c2f542e5e52482d3282541a275a4b276e
16.08.2019 12:49:38: _MAKE_VAR_DUMP_CLIENT: f297d748a2b64591b7e8c6d77827724246e659746
16.08.2019 12:49:38: _DUMPINGPLAYERUIDARRAY: c20621529579a2449377219725b6a29
16.08.2019 12:49:38: _CURRENTLYDUMPING: u27686a802a6d4a069c5930
16.08.2019 12:49:38: _antiantihack_rndvar: j775a5d227f3f298b7f3a5f026818
16.08.2019 12:49:38: _name_by_uid: q15270a197a45508c37
16.08.2019 12:49:38: _owner_by_uid: q25809624822627805c1a845d2c38453f841b7a4060
16.08.2019 12:49:38: _customcommandingMenu: y10891a385e975a82024d49891c2267
16.08.2019 12:49:38: _customcommandingMenuOpen: h6e1834644854350917853a80
16.08.2019 12:49:38: _AH_KICKLOG: PVAHR_1p4o0w8q7j
16.08.2019 12:49:38: ----END-LINE----   (14-08-2019 15-50-47 - v259)
