26.11.2019 14:38:53: <infiSTAR.de> _fnc_RandomGen: {
_fnc_actualGen = {
_abc = ['z','y','x','w','v','u','t','s','r','q','p','o','n','m','l','k','j','i','h','g','f','e','d','c','b','a'];
_gen = _abc select (random ((count _abc)-1));
_arr = ['a','0','4','6','c','2','2','e','a','a','7','d','7','f','4','9','9','a','4','0','7','3','b','5','9','b','c','8','8','d','a','c','1'];
_randmax = {((round(random _randminval)) + (round(random _randmaxval))) max _randminval};
for '_i' from 0 to (call _randmax)do
{
_gen = _gen + str(round(random 9)) + (_arr select (random ((count _arr)-1)));
};
};
_gen = '';
while{_gen=='' || _gen in _allRandomGenVars}do{
call _fnc_actualGen;
};
_allRandomGenVars pushBack _gen;
_gen
}
26.11.2019 14:38:53: ----START-LINE----   (14-08-2019 15-50-47 - v259)
26.11.2019 14:38:53: _adminbox: f673046279a591a903494678572
26.11.2019 14:38:53: _fnc_mpPackets: e865069171c4a3e347279705777
26.11.2019 14:38:53: _FNC_AH_KICKLOG: l409458695b2c591a7c6a
26.11.2019 14:38:53: _FNC_AH_KICKLOGSPAWN: w6d89023a303d2a3d2c292a9720643b59
26.11.2019 14:38:53: _FNC_PVAH_AdminReq: g8e35704b3a79523864977a7d6b3c652c7c
26.11.2019 14:38:53: _token_by_uid: b01842b549c5d7d14728a32735c491d
26.11.2019 14:38:53: _uid_by_token: h9d194c313b5b448a385e8919740718277a3d859697
26.11.2019 14:38:53: _server_setTokenR: p1a308259576a124d3d
26.11.2019 14:38:53: _YourPlayerToken: m645f483a93408486677754003b767b176920378d9d
26.11.2019 14:38:53: _TokenCT: m2b15974b795d6b1f5e3d2a6a258c6e6a3d250a5811188b
26.11.2019 14:38:53: _AH_MAIN_BLOCK: f2b7b942f581d6d7566
26.11.2019 14:38:53: _AHKickOFF: e670d3f587430447c097f4d
26.11.2019 14:38:53: _AHKickLog: q369a677a2c4910580c1009369b39355c685e
26.11.2019 14:38:53: _clientdo: s5e1b3c8f6a670c3d64144756679572
26.11.2019 14:38:53: _AH_RunCheckENDVAR: w222d591a70596c340920
26.11.2019 14:38:53: _AH_RunCheckENDVAR_THREAD: w2a80793a56495a3777266d8f3e92303a2a
26.11.2019 14:38:53: _AH_HackLogArrayRND: c542c4a5460147937813f7a70
26.11.2019 14:38:53: _AH_SurvLogArrayRND: i216a476c3c0f4434781c5a9d
26.11.2019 14:38:53: _AH_AdmiLogArrayRND: w7b373709324a27784c74020474
26.11.2019 14:38:53: _TMPBAN: t562a69085a394a1734
26.11.2019 14:38:53: _massMessage: v69748d9244291e2c452c1362141062
26.11.2019 14:38:53: _massSysMessage: u2a182b480b4e7c301222625d
26.11.2019 14:38:53: _AHpos: j186266444b6329044b7d
26.11.2019 14:38:53: _ninetwo: v6a8a2a0960550854626f
26.11.2019 14:38:53: _ninetwothread: h3c96365b416b7a9d7a996d7c1537178d3d7c69
26.11.2019 14:38:53: _adminsA: f6c2a22642727640957
26.11.2019 14:38:53: _MC: v7e9a7b40442830996a1d7a3b9f3c4982472a0d0d2a
26.11.2019 14:38:53: _MCS: n1c6029477a8c74125c681977
26.11.2019 14:38:53: _checkidicheckcheck: l62848a925d29382f6c25640d241a773c63
26.11.2019 14:38:53: _lastshotmade: j476b083a3d2b3b9e2a54262c3a8436105f
26.11.2019 14:38:53: _dellocveh: c387a477f4a081d192c
26.11.2019 14:38:53: _inCombatTime: t386c248a4a8b427c0a5b4a1a
26.11.2019 14:38:53: _inCombatArray: q628a592a1a2b582c297b7760941d2b347987382a
26.11.2019 14:38:53: _fnc_infiKeyHandler: m4a1917881c701a494b
26.11.2019 14:38:53: _vehicle_needs_check: q31822d075c9f9b4c74601a4a4c
26.11.2019 14:38:53: _MAKE_VAR_DUMP_RANDOM: v687c5544247b7c432650271a639589
26.11.2019 14:38:53: _MAKE_VAR_DUMP_CLIENT: u401b0800506a6a95788d0f27280c
26.11.2019 14:38:53: _DUMPINGPLAYERUIDARRAY: g0110993a785913925d
26.11.2019 14:38:53: _CURRENTLYDUMPING: l88499b889b61091567
26.11.2019 14:38:53: _antiantihack_rndvar: r6a7312623064720e1e4023178a127a27
26.11.2019 14:38:53: _name_by_uid: l695c914256376e899b9c3e1a5a
26.11.2019 14:38:53: _owner_by_uid: c74449b66207a478b8c334d562b473c848a4a9c7e1a
26.11.2019 14:38:53: _customcommandingMenu: o398249982a404c0c9c
26.11.2019 14:38:53: _customcommandingMenuOpen: m3b494460604b242709382a5826486835679a1c89
26.11.2019 14:38:53: _AH_KICKLOG: PVAHR_6g3b3m8d7s9f9c8p
26.11.2019 14:38:53: ----END-LINE----   (14-08-2019 15-50-47 - v259)
26.11.2019 14:47:47: <infiSTAR.de> _fnc_RandomGen: {
_fnc_actualGen = {
_abc = ['z','y','x','w','v','u','t','s','r','q','p','o','n','m','l','k','j','i','h','g','f','e','d','c','b','a'];
_gen = _abc select (random ((count _abc)-1));
_arr = ['a','0','4','6','c','2','2','e','a','a','7','d','7','f','4','9','9','a','4','0','7','3','b','5','9','b','c','8','8','d','a','c','1'];
_randmax = {((round(random _randminval)) + (round(random _randmaxval))) max _randminval};
for '_i' from 0 to (call _randmax)do
{
_gen = _gen + str(round(random 9)) + (_arr select (random ((count _arr)-1)));
};
};
_gen = '';
while{_gen=='' || _gen in _allRandomGenVars}do{
call _fnc_actualGen;
};
_allRandomGenVars pushBack _gen;
_gen
}
26.11.2019 14:47:47: ----START-LINE----   (14-08-2019 15-50-47 - v259)
26.11.2019 14:47:47: _adminbox: l881c442a696d803954803768468a6a22985a799f62
26.11.2019 14:47:47: _fnc_mpPackets: e6a6d2432409a26347b4a9949446563426d8d6c
26.11.2019 14:47:47: _FNC_AH_KICKLOG: b503b69845b623d2042
26.11.2019 14:47:47: _FNC_AH_KICKLOGSPAWN: y18946a4f212d64764c6c4c5d247b
26.11.2019 14:47:47: _FNC_PVAH_AdminReq: k47858b7e705a3c6a673c239d892a4e
26.11.2019 14:47:47: _token_by_uid: a6c852796471289891c
26.11.2019 14:47:47: _uid_by_token: j7264223b5b739d54389c1427782933
26.11.2019 14:47:47: _server_setTokenR: s7d677727296224292a82441a41133f181c3f
26.11.2019 14:47:47: _YourPlayerToken: d9412888f654c547760728774798a
26.11.2019 14:47:47: _TokenCT: l474c56486c17050a56
26.11.2019 14:47:47: _AH_MAIN_BLOCK: m84840233646b4c1c534b076b91147c
26.11.2019 14:47:47: _AHKickOFF: g04548a8a1a5a69274c
26.11.2019 14:47:47: _AHKickLog: q479c8864584a1a64893f3a3a323a8a2c
26.11.2019 14:47:47: _clientdo: p566b4f88495079198149826a
26.11.2019 14:47:47: _AH_RunCheckENDVAR: i4e535a173935521d3f
26.11.2019 14:47:47: _AH_RunCheckENDVAR_THREAD: s3b44154c48542f6b539834
26.11.2019 14:47:47: _AH_HackLogArrayRND: q4e7c62478b035984532a6a0757345a29
26.11.2019 14:47:47: _AH_SurvLogArrayRND: v8a8a267b776e75097d6f99
26.11.2019 14:47:47: _AH_AdmiLogArrayRND: j1459548726348e471a4b
26.11.2019 14:47:47: _TMPBAN: y5a4c386a5b72292827391b341c876a249f7a4a37
26.11.2019 14:47:47: _massMessage: b440572878a674f129f8432675384
26.11.2019 14:47:47: _massSysMessage: p58582c3c594a4c3c22784967
26.11.2019 14:47:47: _AHpos: u7a245996574c736941
26.11.2019 14:47:47: _ninetwo: m260d448e7c5d1f2c67899c
26.11.2019 14:47:47: _ninetwothread: q09755f449f875a4a45
26.11.2019 14:47:47: _adminsA: r373c71644d573b872b
26.11.2019 14:47:47: _MC: b45174094281c622c1c22
26.11.2019 14:47:47: _MCS: q5964375b2a294a0c37
26.11.2019 14:47:47: _checkidicheckcheck: x023e802a75290729624f549c097f14
26.11.2019 14:47:47: _lastshotmade: t7a641a103045100035
26.11.2019 14:47:47: _dellocveh: p4a21043d44682d318a7044700212303257727009
26.11.2019 14:47:47: _inCombatTime: c6a307991678c34632c6a677d1e6a74581b73
26.11.2019 14:47:47: _inCombatArray: d24793c928554984b20
26.11.2019 14:47:47: _fnc_infiKeyHandler: j487c564a7f02745a199c08341a37772a38435b
26.11.2019 14:47:47: _vehicle_needs_check: h7c840d3586220a6a5a3471812a893b5b228d15587a402a09
26.11.2019 14:47:47: _MAKE_VAR_DUMP_RANDOM: b173c824f996c378c6c
26.11.2019 14:47:47: _MAKE_VAR_DUMP_CLIENT: y2d0a5e2b4a6a8a5f6b229b2e2389
26.11.2019 14:47:47: _DUMPINGPLAYERUIDARRAY: d33245994197f5a8900
26.11.2019 14:47:47: _CURRENTLYDUMPING: v6517195d0b7a5c57372f190c414c33485a8c6a651a6d
26.11.2019 14:47:47: _antiantihack_rndvar: l84896d449a71076893
26.11.2019 14:47:47: _name_by_uid: n2932182a2b5682529c
26.11.2019 14:47:47: _owner_by_uid: z3d1435265849341669
26.11.2019 14:47:47: _customcommandingMenu: p1e7a7097407c744a8c107c7d681076223a34
26.11.2019 14:47:47: _customcommandingMenuOpen: q30797e789b3c5d3c7d
26.11.2019 14:47:47: _AH_KICKLOG: PVAHR_4r9d3i1n2b3n3x9q
26.11.2019 14:47:47: ----END-LINE----   (14-08-2019 15-50-47 - v259)
26.11.2019 14:49:12: <infiSTAR.de> _fnc_RandomGen: {
_fnc_actualGen = {
_abc = ['z','y','x','w','v','u','t','s','r','q','p','o','n','m','l','k','j','i','h','g','f','e','d','c','b','a'];
_gen = _abc select (random ((count _abc)-1));
_arr = ['a','0','4','6','c','2','2','e','a','a','7','d','7','f','4','9','9','a','4','0','7','3','b','5','9','b','c','8','8','d','a','c','1'];
_randmax = {((round(random _randminval)) + (round(random _randmaxval))) max _randminval};
for '_i' from 0 to (call _randmax)do
{
_gen = _gen + str(round(random 9)) + (_arr select (random ((count _arr)-1)));
};
};
_gen = '';
while{_gen=='' || _gen in _allRandomGenVars}do{
call _fnc_actualGen;
};
_allRandomGenVars pushBack _gen;
_gen
}
26.11.2019 14:49:12: ----START-LINE----   (14-08-2019 15-50-47 - v259)
26.11.2019 14:49:12: _adminbox: m44665c363a5a8484546f9a768610894324
26.11.2019 14:49:12: _fnc_mpPackets: f655b174c627d27669a
26.11.2019 14:49:12: _FNC_AH_KICKLOG: o9a6a658370493c5971
26.11.2019 14:49:12: _FNC_AH_KICKLOGSPAWN: e537a2a696232276a14
26.11.2019 14:49:12: _FNC_PVAH_AdminReq: n8c9e8c2a0a263d4b975221475a
26.11.2019 14:49:12: _token_by_uid: w86424099355c273a7c9e488d8c15628a3107547c8d20892b
26.11.2019 14:49:12: _uid_by_token: t59689f275c411e9487
26.11.2019 14:49:12: _server_setTokenR: c4a24563a856c2c7d43226d79127725
26.11.2019 14:49:12: _YourPlayerToken: k893a0a32737e7f897e
26.11.2019 14:49:12: _TokenCT: r77479f2b9973785c49347a38173a
26.11.2019 14:49:12: _AH_MAIN_BLOCK: a1a70143b8864226a3a
26.11.2019 14:49:12: _AHKickOFF: n6d58191072413c5789459a8c7714134f4773743b0040
26.11.2019 14:49:12: _AHKickLog: a85606a114f4d573c476e
26.11.2019 14:49:12: _clientdo: p8d5869104093071b5a9f373a592389574650793a82
26.11.2019 14:49:12: _AH_RunCheckENDVAR: w98896c921c578a4a4a3279595a
26.11.2019 14:49:12: _AH_RunCheckENDVAR_THREAD: a8a69222a6a9c508a9c616d6c344a
26.11.2019 14:49:12: _AH_HackLogArrayRND: v9a30422b491b092b2c
26.11.2019 14:49:13: _AH_SurvLogArrayRND: b94301064395b7e2f59
26.11.2019 14:49:13: _AH_AdmiLogArrayRND: e8a404934470c09428a5b2d4a6d27840d17243b08
26.11.2019 14:49:13: _TMPBAN: p30570b309a391d8d401a
26.11.2019 14:49:13: _massMessage: m298a9c551a23590d147a0c6a6b87108a4b7067377a88
26.11.2019 14:49:13: _massSysMessage: d786d2a2a6998865a6c7296
26.11.2019 14:49:13: _AHpos: k3a042a2a65795c7c9c05635b5b
26.11.2019 14:49:13: _ninetwo: l7d8f18135d647d7357
26.11.2019 14:49:13: _ninetwothread: j48048912170b0e1f1c
26.11.2019 14:49:13: _adminsA: s1a898d3c640b3d539c927a
26.11.2019 14:49:13: _MC: u401e4d391774645c3b67
26.11.2019 14:49:13: _MCS: v473c7084767a5a158c
26.11.2019 14:49:13: _checkidicheckcheck: b028e658a295a294282604b5749
26.11.2019 14:49:13: _lastshotmade: y1c6c0a7f5e39162721
26.11.2019 14:49:13: _dellocveh: p316a8b021f902d7d89
26.11.2019 14:49:13: _inCombatTime: d108d24081a6570073c
26.11.2019 14:49:13: _inCombatArray: h4750975d3a303a1c15
26.11.2019 14:49:13: _fnc_infiKeyHandler: f991b371b3a2b776970093d
26.11.2019 14:49:13: _vehicle_needs_check: d8b9a2c12403b151e83179c692c6a77
26.11.2019 14:49:13: _MAKE_VAR_DUMP_RANDOM: k488a7a8b0f6f0a4a3a04
26.11.2019 14:49:13: _MAKE_VAR_DUMP_CLIENT: e1d4a1e4023471f3b4c69
26.11.2019 14:49:13: _DUMPINGPLAYERUIDARRAY: r635b208869122c59286c4a0889132a2a
26.11.2019 14:49:13: _CURRENTLYDUMPING: e649360276b2a861c9039
26.11.2019 14:49:13: _antiantihack_rndvar: o1d22143c227e819d77844b6a4b4a8d2c15097a64
26.11.2019 14:49:13: _name_by_uid: t1a264758498a2a14353d2337093d3a
26.11.2019 14:49:13: _owner_by_uid: b30670258599d8a677c
26.11.2019 14:49:13: _customcommandingMenu: h472a8e137a1f4c76894a5d7b16136a8c1b7f
26.11.2019 14:49:13: _customcommandingMenuOpen: o2c6e795944584879772d885c36906b4e592d6086
26.11.2019 14:49:13: _AH_KICKLOG: PVAHR_7u9l5j5i4p9h5s
26.11.2019 14:49:13: ----END-LINE----   (14-08-2019 15-50-47 - v259)
26.11.2019 14:51:20: <infiSTAR.de> _fnc_RandomGen: {
_fnc_actualGen = {
_abc = ['z','y','x','w','v','u','t','s','r','q','p','o','n','m','l','k','j','i','h','g','f','e','d','c','b','a'];
_gen = _abc select (random ((count _abc)-1));
_arr = ['a','0','4','6','c','2','2','e','a','a','7','d','7','f','4','9','9','a','4','0','7','3','b','5','9','b','c','8','8','d','a','c','1'];
_randmax = {((round(random _randminval)) + (round(random _randmaxval))) max _randminval};
for '_i' from 0 to (call _randmax)do
{
_gen = _gen + str(round(random 9)) + (_arr select (random ((count _arr)-1)));
};
};
_gen = '';
while{_gen=='' || _gen in _allRandomGenVars}do{
call _fnc_actualGen;
};
_allRandomGenVars pushBack _gen;
_gen
}
26.11.2019 14:51:20: ----START-LINE----   (14-08-2019 15-50-47 - v259)
26.11.2019 14:51:20: _adminbox: c40154247897c6f441427
26.11.2019 14:51:20: _fnc_mpPackets: e5c35889d8b16525c96
26.11.2019 14:51:20: _FNC_AH_KICKLOG: f2090006e7a0284832c1e2f1a
26.11.2019 14:51:20: _FNC_AH_KICKLOGSPAWN: j82401b79191c4a3d47
26.11.2019 14:51:20: _FNC_PVAH_AdminReq: w776437795a42110b20
26.11.2019 14:51:20: _token_by_uid: h27345a4e62031027788f74
26.11.2019 14:51:20: _uid_by_token: f6a7b69107427399a6557
26.11.2019 14:51:20: _server_setTokenR: y282687537f435b1b5d62184f681c3a33419a1a3525
26.11.2019 14:51:20: _YourPlayerToken: l7425873c533f4c390724580a1d457d196a3892
26.11.2019 14:51:20: _TokenCT: g8932777b27173e7b1288755a6c1c1d
26.11.2019 14:51:20: _AH_MAIN_BLOCK: p00587d38874024145b68523067
26.11.2019 14:51:20: _AHKickOFF: j627a6d373381193d981c02332a4b8349383f
26.11.2019 14:51:20: _AHKickLog: w7c066c8b8017628454
26.11.2019 14:51:20: _clientdo: t64640a898a7c2a9a1277348c6d871a2c
26.11.2019 14:51:20: _AH_RunCheckENDVAR: e3f27342f2e67205b84
26.11.2019 14:51:20: _AH_RunCheckENDVAR_THREAD: o184a278249236d39865b32685a9a3a50596798
26.11.2019 14:51:20: _AH_HackLogArrayRND: y725850814c153424585985903438226d238778205f6014828b
26.11.2019 14:51:20: _AH_SurvLogArrayRND: y578a479538044a3084
26.11.2019 14:51:20: _AH_AdmiLogArrayRND: z1570575b696908876c7c27895c573c
26.11.2019 14:51:20: _TMPBAN: n015822310d1a555287091c278d8a7a8e78651d646b50
26.11.2019 14:51:20: _massMessage: y474a6b80268a091a5779
26.11.2019 14:51:20: _massSysMessage: b788c405a64687a8c1c17492a128f60228c7c1d
26.11.2019 14:51:20: _AHpos: k6a3429492d3a60168b7f7e5e3a4a3b8c2a1d00
26.11.2019 14:51:20: _ninetwo: i2a4b12016f15747a7c
26.11.2019 14:51:20: _ninetwothread: y47707d0912949d3087698a6e842c7a7d3b6b2d599a3b
26.11.2019 14:51:20: _adminsA: j424d292a2c6820681b6c795c1b9d13
26.11.2019 14:51:20: _MC: j053d422b5c38748c946599
26.11.2019 14:51:20: _MCS: t808899864d159a7687106a5a7a3c
26.11.2019 14:51:20: _checkidicheckcheck: z2d53493d8a7233733952
26.11.2019 14:51:20: _lastshotmade: v8a5d4007743d3d8d4d
26.11.2019 14:51:20: _dellocveh: j744819287492621a8849
26.11.2019 14:51:20: _inCombatTime: r54127a671b5d18698c
26.11.2019 14:51:20: _inCombatArray: r1a4b72779981182b1e2d5a09097439695a
26.11.2019 14:51:20: _fnc_infiKeyHandler: e894c576012275c15480d828d0c0d4a5b
26.11.2019 14:51:20: _vehicle_needs_check: j00333f2b7b8f995253
26.11.2019 14:51:20: _MAKE_VAR_DUMP_RANDOM: t894054103c7b57456c2a1889545c
26.11.2019 14:51:20: _MAKE_VAR_DUMP_CLIENT: l7a523d533f4257372f
26.11.2019 14:51:20: _DUMPINGPLAYERUIDARRAY: t4498930d381e60599f
26.11.2019 14:51:20: _CURRENTLYDUMPING: c4a5a80691a2c0c9d74905a5d947f4750429d184d
26.11.2019 14:51:20: _antiantihack_rndvar: b9a1a72450453397b75147a378a5a7a2a1b
26.11.2019 14:51:20: _name_by_uid: j5a4a8274806d7c3f6e9766446a672938532d28
26.11.2019 14:51:20: _owner_by_uid: j448d1a7a78673c123a7c6c0c5e4e56
26.11.2019 14:51:20: _customcommandingMenu: i70777460885c2a1d0790597a1920462b9d8864629c
26.11.2019 14:51:20: _customcommandingMenuOpen: r6454718f6c5c443f79
26.11.2019 14:51:20: _AH_KICKLOG: PVAHR_2s2o6y3t6h5d1d6b
26.11.2019 14:51:20: ----END-LINE----   (14-08-2019 15-50-47 - v259)
26.11.2019 15:03:24: <infiSTAR.de> _fnc_RandomGen: {
_fnc_actualGen = {
_abc = ['z','y','x','w','v','u','t','s','r','q','p','o','n','m','l','k','j','i','h','g','f','e','d','c','b','a'];
_gen = _abc select (random ((count _abc)-1));
_arr = ['a','0','4','6','c','2','2','e','a','a','7','d','7','f','4','9','9','a','4','0','7','3','b','5','9','b','c','8','8','d','a','c','1'];
_randmax = {((round(random _randminval)) + (round(random _randmaxval))) max _randminval};
for '_i' from 0 to (call _randmax)do
{
_gen = _gen + str(round(random 9)) + (_arr select (random ((count _arr)-1)));
};
};
_gen = '';
while{_gen=='' || _gen in _allRandomGenVars}do{
call _fnc_actualGen;
};
_allRandomGenVars pushBack _gen;
_gen
}
26.11.2019 15:03:24: ----START-LINE----   (14-08-2019 15-50-47 - v259)
26.11.2019 15:03:24: _adminbox: x4b7e4c3728393418986a1e7b
26.11.2019 15:03:24: _fnc_mpPackets: i385c497866794a7a5f8a6b
26.11.2019 15:03:24: _FNC_AH_KICKLOG: x2c3a622f3c807a124a675a06
26.11.2019 15:03:24: _FNC_AH_KICKLOGSPAWN: u947c956058385a3e7a0c3b5e700a
26.11.2019 15:03:24: _FNC_PVAH_AdminReq: j1b3787249d0a497b3c322a383a82286349
26.11.2019 15:03:24: _token_by_uid: k7829301777975d2d884f692256286a0d658e8a
26.11.2019 15:03:24: _uid_by_token: j4754443404672a0a989a8d
26.11.2019 15:03:24: _server_setTokenR: s1a7d7904276f805d92245c
26.11.2019 15:03:24: _YourPlayerToken: g687667179c8b88205c021a7132741a8d8469
26.11.2019 15:03:24: _TokenCT: k85134c923a4281242a
26.11.2019 15:03:24: _AH_MAIN_BLOCK: c4a532a249a4c8f638f56744c6d4a9742687e59
26.11.2019 15:03:24: _AHKickOFF: x3a6a2c81582d9e5308530d5c473a07722c7c3a7a7e32
26.11.2019 15:03:24: _AHKickLog: j724930451435820b8a
26.11.2019 15:03:24: _clientdo: g203645146e09841c1c8c3c729344
26.11.2019 15:03:24: _AH_RunCheckENDVAR: p3c4c3a7d257c58598a
26.11.2019 15:03:24: _AH_RunCheckENDVAR_THREAD: k6c840b3797337a4e7d85374d8f492c65
26.11.2019 15:03:24: _AH_HackLogArrayRND: r191c8d885f78690787
26.11.2019 15:03:24: _AH_SurvLogArrayRND: d944a6758966a1b26878a37580698
26.11.2019 15:03:24: _AH_AdmiLogArrayRND: n6a771483145e17244a548c1f5a475b37268e
26.11.2019 15:03:24: _TMPBAN: l9a7f5097408f145441349619844e
26.11.2019 15:03:24: _massMessage: o6c2c16159a1533378079842706924c82
26.11.2019 15:03:24: _massSysMessage: c5a3a6a4549446c1634364c1a8b
26.11.2019 15:03:24: _AHpos: h5c376970801a3a4e195c7b462c1b49938e3c
26.11.2019 15:03:24: _ninetwo: g7a3a342c30429b7464
26.11.2019 15:03:24: _ninetwothread: a191f153924128c34023611599a8c
26.11.2019 15:03:24: _adminsA: b87933b24882a3f6687
26.11.2019 15:03:24: _MC: f477d4b6c247919123c54447a6d8535308b129a20
26.11.2019 15:03:24: _MCS: o1c375a1b3668743d26441c3b
26.11.2019 15:03:24: _checkidicheckcheck: s24423b6f6a7284227e
26.11.2019 15:03:24: _lastshotmade: b0b495d5d103f334b4d68126a5a7332046586
26.11.2019 15:03:24: _dellocveh: w577d394b4264325f6d146b4b0b3b49071830708f8a
26.11.2019 15:03:24: _inCombatTime: h4034172c5a69921d779d9a2a87780b4a1a
26.11.2019 15:03:24: _inCombatArray: b14570a67340a6a5a9a43147b38577a6d
26.11.2019 15:03:24: _fnc_infiKeyHandler: z3a896b7a14790c23349204066d4998565a
26.11.2019 15:03:24: _vehicle_needs_check: n828a824b07695a4f9c17
26.11.2019 15:03:24: _MAKE_VAR_DUMP_RANDOM: o83813b796c14101074
26.11.2019 15:03:24: _MAKE_VAR_DUMP_CLIENT: f1a2a1d9a1d773a282e603a141b4d3a
26.11.2019 15:03:24: _DUMPINGPLAYERUIDARRAY: n492c701c738d586b62
26.11.2019 15:03:24: _CURRENTLYDUMPING: t2a1c382a2c195a01537099196c27
26.11.2019 15:03:24: _antiantihack_rndvar: x911618377d8905626c19371d2a67
26.11.2019 15:03:24: _name_by_uid: f647a2a5a592076894c9b588a1e
26.11.2019 15:03:24: _owner_by_uid: q7c034b14746d6a3c34
26.11.2019 15:03:24: _customcommandingMenu: d2a5c584b8334096a9f
26.11.2019 15:03:24: _customcommandingMenuOpen: t6b608a690748979d08
26.11.2019 15:03:24: _AH_KICKLOG: PVAHR_8m1s6s8g6a0w3l4i
26.11.2019 15:03:24: ----END-LINE----   (14-08-2019 15-50-47 - v259)
26.11.2019 15:17:33: <infiSTAR.de> _fnc_RandomGen: {
_fnc_actualGen = {
_abc = ['z','y','x','w','v','u','t','s','r','q','p','o','n','m','l','k','j','i','h','g','f','e','d','c','b','a'];
_gen = _abc select (random ((count _abc)-1));
_arr = ['a','0','4','6','c','2','2','e','a','a','7','d','7','f','4','9','9','a','4','0','7','3','b','5','9','b','c','8','8','d','a','c','1'];
_randmax = {((round(random _randminval)) + (round(random _randmaxval))) max _randminval};
for '_i' from 0 to (call _randmax)do
{
_gen = _gen + str(round(random 9)) + (_arr select (random ((count _arr)-1)));
};
};
_gen = '';
while{_gen=='' || _gen in _allRandomGenVars}do{
call _fnc_actualGen;
};
_allRandomGenVars pushBack _gen;
_gen
}
26.11.2019 15:17:33: ----START-LINE----   (14-08-2019 15-50-47 - v259)
26.11.2019 15:17:33: _adminbox: a5d2a40406c02420c62
26.11.2019 15:17:33: _fnc_mpPackets: a946977778b970c4944
26.11.2019 15:17:33: _FNC_AH_KICKLOG: l1c587d1a97392e1d02
26.11.2019 15:17:33: _FNC_AH_KICKLOGSPAWN: x67601d2b8d543b3d01
26.11.2019 15:17:33: _FNC_PVAH_AdminReq: f9a5c2d4b2078727b16
26.11.2019 15:17:33: _token_by_uid: u3a8a1d69676b205046132d503c2c52490d8a14
26.11.2019 15:17:33: _uid_by_token: s376951457a4c2c6c447089105d439a755e6c8799
26.11.2019 15:17:33: _server_setTokenR: w5a8d48674798680c5a3932774b823e6c94390087
26.11.2019 15:17:33: _YourPlayerToken: e5a21123a1a29528a87721b5d66
26.11.2019 15:17:33: _TokenCT: u2e2c2e4927542a4737295a429258
26.11.2019 15:17:33: _AH_MAIN_BLOCK: o4a246b8020681a3424
26.11.2019 15:17:33: _AHKickOFF: e775c124a670a134a9d4b2b5b
26.11.2019 15:17:33: _AHKickLog: e232e947d0c545a8c10
26.11.2019 15:17:33: _clientdo: r3b6c99796747158d74421d9c8d247c55807f
26.11.2019 15:17:33: _AH_RunCheckENDVAR: a2c5b35292c1c175c84845a1479
26.11.2019 15:17:33: _AH_RunCheckENDVAR_THREAD: n34578a489c8b823c99
26.11.2019 15:17:33: _AH_HackLogArrayRND: v4d4e497c15473d8472
26.11.2019 15:17:33: _AH_SurvLogArrayRND: t221f749d7a0d041c8417098c75708c8d
26.11.2019 15:17:33: _AH_AdmiLogArrayRND: f30295f15596c6b372c
26.11.2019 15:17:33: _TMPBAN: p17425d60175a17336b75385a2b78628d4787721f83
26.11.2019 15:17:33: _massMessage: e6b20140b5a5c7b9c32298a552c524960278a89245f026c
26.11.2019 15:17:33: _massSysMessage: l2d80084a44190879370075
26.11.2019 15:17:33: _AHpos: d342c3a63598403307e
26.11.2019 15:17:33: _ninetwo: h38375769279d22540a
26.11.2019 15:17:33: _ninetwothread: u2c381a3c72223a502008
26.11.2019 15:17:33: _adminsA: s3a3c67286b39167b365c9d37296a3c2b4a1824497b
26.11.2019 15:17:33: _MC: s498a12582c80307d20
26.11.2019 15:17:33: _MCS: y94673f387c3a611848
26.11.2019 15:17:33: _checkidicheckcheck: h6a4a0a57076a5d74341d22472f592218
26.11.2019 15:17:33: _lastshotmade: f4d8a2c2d56351269879979786b67583c6238
26.11.2019 15:17:33: _dellocveh: q558678869529640a6c748c393956243b4b4e4a5339321a
26.11.2019 15:17:33: _inCombatTime: n983a0c47548a5a8935
26.11.2019 15:17:33: _inCombatArray: s3a8a9a00775958300c
26.11.2019 15:17:33: _fnc_infiKeyHandler: s373a6a0a6d19178c67878a5a99153c7a6b7a
26.11.2019 15:17:33: _vehicle_needs_check: a295c3769119d1a6909528a
26.11.2019 15:17:33: _MAKE_VAR_DUMP_RANDOM: i835c651944173e89593d2b17
26.11.2019 15:17:33: _MAKE_VAR_DUMP_CLIENT: w343b5b897a073234947a
26.11.2019 15:17:33: _DUMPINGPLAYERUIDARRAY: n901a692d4f1a1b571b1d45797a825a
26.11.2019 15:17:33: _CURRENTLYDUMPING: i2d7d1c5a0c5807378b9a2d9b8c93691a8278
26.11.2019 15:17:33: _antiantihack_rndvar: k4787777f6a5461428919871c1d
26.11.2019 15:17:33: _name_by_uid: f86824347295d2c8c7a683b7c6080
26.11.2019 15:17:33: _owner_by_uid: n6a34365b2414345c28634366065a70
26.11.2019 15:17:33: _customcommandingMenu: a67960a521c6d2d1b2b
26.11.2019 15:17:33: _customcommandingMenuOpen: q383d4094498c708849322e7d7a9f147478772d52
26.11.2019 15:17:33: _AH_KICKLOG: PVAHR_4q7f6u3b7f
26.11.2019 15:17:33: ----END-LINE----   (14-08-2019 15-50-47 - v259)
26.11.2019 15:19:16: <infiSTAR.de> _fnc_RandomGen: {
_fnc_actualGen = {
_abc = ['z','y','x','w','v','u','t','s','r','q','p','o','n','m','l','k','j','i','h','g','f','e','d','c','b','a'];
_gen = _abc select (random ((count _abc)-1));
_arr = ['a','0','4','6','c','2','2','e','a','a','7','d','7','f','4','9','9','a','4','0','7','3','b','5','9','b','c','8','8','d','a','c','1'];
_randmax = {((round(random _randminval)) + (round(random _randmaxval))) max _randminval};
for '_i' from 0 to (call _randmax)do
{
_gen = _gen + str(round(random 9)) + (_arr select (random ((count _arr)-1)));
};
};
_gen = '';
while{_gen=='' || _gen in _allRandomGenVars}do{
call _fnc_actualGen;
};
_allRandomGenVars pushBack _gen;
_gen
}
26.11.2019 15:19:16: ----START-LINE----   (14-08-2019 15-50-47 - v259)
26.11.2019 15:19:16: _adminbox: r8a3b1e297a994e847c
26.11.2019 15:19:16: _fnc_mpPackets: o7d4069542201172235
26.11.2019 15:19:16: _FNC_AH_KICKLOG: o175410207e1a1f2714
26.11.2019 15:19:16: _FNC_AH_KICKLOGSPAWN: u544d398989273d3033
26.11.2019 15:19:16: _FNC_PVAH_AdminReq: a555452135a779026223c64163a
26.11.2019 15:19:16: _token_by_uid: q3f5c3d339e6b845900
26.11.2019 15:19:16: _uid_by_token: m748c57126a57845c2b
26.11.2019 15:19:16: _server_setTokenR: v461a8946408c4f8b6a
26.11.2019 15:19:16: _YourPlayerToken: d2b6d8b62821b9a0449
26.11.2019 15:19:16: _TokenCT: h778b7a0083375a6842886946341a06899b3c
26.11.2019 15:19:16: _AH_MAIN_BLOCK: d83633f98895b900271703b2c677029
26.11.2019 15:19:16: _AHKickOFF: b192479286e17106027562d103739194c
26.11.2019 15:19:17: _AHKickLog: b573c2a8b2a5432448a8279
26.11.2019 15:19:17: _clientdo: z84641d217096298c4c687b698477976731
26.11.2019 15:19:17: _AH_RunCheckENDVAR: i260880523227857c9d77268d8528168e388c674a
26.11.2019 15:19:17: _AH_RunCheckENDVAR_THREAD: y5a341c126c8f6c8915127c92
26.11.2019 15:19:17: _AH_HackLogArrayRND: x4e7b903d54341b8a08
26.11.2019 15:19:17: _AH_SurvLogArrayRND: u375c479a682037598c3a8507771a1713665f582c2662
26.11.2019 15:19:17: _AH_AdmiLogArrayRND: q3a5a480a4a28544927
26.11.2019 15:19:17: _TMPBAN: w542557177434468d7c8b8872377474148f2a
26.11.2019 15:19:17: _massMessage: j39936e1b4d442a54397a8a9d7a8b1c
26.11.2019 15:19:17: _massSysMessage: j47580c9a5a777763521292545f14
26.11.2019 15:19:17: _AHpos: s0d67866a5b59793b738b0a245c1f7a
26.11.2019 15:19:17: _ninetwo: k301a408d073a1217064a2d0f
26.11.2019 15:19:17: _ninetwothread: e245a6a8a2b67527232
26.11.2019 15:19:17: _adminsA: j984f0b824b3b138428964a54036d708b0a74804a8422013a
26.11.2019 15:19:17: _MC: k6a9f64942c8e0d34304c2e46
26.11.2019 15:19:17: _MCS: m6302799a3a1a273a305a778a8f86974a7f14642873
26.11.2019 15:19:17: _checkidicheckcheck: v8a24923d522d6a70872a249c107a7762
26.11.2019 15:19:17: _lastshotmade: c2a183a6917843a4e9424151a377c47725e
26.11.2019 15:19:17: _dellocveh: y233b20183b1289346f88175040384b0a
26.11.2019 15:19:17: _inCombatTime: e4a246e5b2c8c94991d5032692329
26.11.2019 15:19:17: _inCombatArray: p548a3b7a6a986e6c4d
26.11.2019 15:19:17: _fnc_infiKeyHandler: u867d9465679d4c8a8e57
26.11.2019 15:19:17: _vehicle_needs_check: y1c8e39979c4b4c6c2b588328
26.11.2019 15:19:17: _MAKE_VAR_DUMP_RANDOM: f1d6e5c4532488c4b7c8e1d14
26.11.2019 15:19:17: _MAKE_VAR_DUMP_CLIENT: e5c874d65105c20273a166e4713
26.11.2019 15:19:17: _DUMPINGPLAYERUIDARRAY: v4a39927b1e28163d0e
26.11.2019 15:19:17: _CURRENTLYDUMPING: q4a755949621a374a6b4778189d24074b5488174c8222
26.11.2019 15:19:17: _antiantihack_rndvar: e8a9b1a5570582497828c
26.11.2019 15:19:17: _name_by_uid: a332d4c22195a6f3334053a042f6f71525f4d473a2b704c
26.11.2019 15:19:17: _owner_by_uid: t12373d13676a601a28
26.11.2019 15:19:17: _customcommandingMenu: h3734924c5b798d421c623d2a248e60208c3d173b2064
26.11.2019 15:19:17: _customcommandingMenuOpen: f472d70371a2c987a5814440a02489f38
26.11.2019 15:19:17: _AH_KICKLOG: PVAHR_5m6j0x8y3f1c
26.11.2019 15:19:17: ----END-LINE----   (14-08-2019 15-50-47 - v259)
26.11.2019 15:45:12: <infiSTAR.de> _fnc_RandomGen: {
_fnc_actualGen = {
_abc = ['z','y','x','w','v','u','t','s','r','q','p','o','n','m','l','k','j','i','h','g','f','e','d','c','b','a'];
_gen = _abc select (random ((count _abc)-1));
_arr = ['a','0','4','6','c','2','2','e','a','a','7','d','7','f','4','9','9','a','4','0','7','3','b','5','9','b','c','8','8','d','a','c','1'];
_randmax = {((round(random _randminval)) + (round(random _randmaxval))) max _randminval};
for '_i' from 0 to (call _randmax)do
{
_gen = _gen + str(round(random 9)) + (_arr select (random ((count _arr)-1)));
};
};
_gen = '';
while{_gen=='' || _gen in _allRandomGenVars}do{
call _fnc_actualGen;
};
_allRandomGenVars pushBack _gen;
_gen
}
26.11.2019 15:45:12: ----START-LINE----   (14-08-2019 15-50-47 - v259)
26.11.2019 15:45:12: _adminbox: r5a1c7c7d5b405a297a
26.11.2019 15:45:12: _fnc_mpPackets: g3c175a8a48187e1b89773a3b3c10
26.11.2019 15:45:12: _FNC_AH_KICKLOG: n4b85956d4b68747954123d7d6a3a44
26.11.2019 15:45:12: _FNC_AH_KICKLOGSPAWN: f89380b168c415e33198a2b
26.11.2019 15:45:12: _FNC_PVAH_AdminReq: e3a223c4a3770476068402a871a393b
26.11.2019 15:45:12: _token_by_uid: l5a409e2842125e3a48145e524a5a20988c50
26.11.2019 15:45:12: _uid_by_token: r5a027b1c4a420b413289
26.11.2019 15:45:12: _server_setTokenR: o541c7a91443897381a7210232e07107020
26.11.2019 15:45:12: _YourPlayerToken: j4c123c9d247e644b159d9f857c6a5489899a9d0a3f44893484
26.11.2019 15:45:12: _TokenCT: j6339396c743c272a893023123f5c6d599d69
26.11.2019 15:45:12: _AH_MAIN_BLOCK: z22089a955c376c0912089d28152a5c774360
26.11.2019 15:45:12: _AHKickOFF: c8c545a2a6c5f63894b4239182c8b37
26.11.2019 15:45:12: _AHKickLog: x392a475666942f270c9a525774885c192022
26.11.2019 15:45:12: _clientdo: d92457a33371011104a5b7e0c8867241c7a20
26.11.2019 15:45:12: _AH_RunCheckENDVAR: h6e755c2831848c3b3f324f1a3927
26.11.2019 15:45:12: _AH_RunCheckENDVAR_THREAD: w67175c4a5a3b64209378264479
26.11.2019 15:45:12: _AH_HackLogArrayRND: u9a2d839c9d47198a20271a67
26.11.2019 15:45:12: _AH_SurvLogArrayRND: j1a15268a2a51968937
26.11.2019 15:45:12: _AH_AdmiLogArrayRND: o7b081b681f5b573a8a135270891d9c7c
26.11.2019 15:45:12: _TMPBAN: d4a2e5e3b936414842c
26.11.2019 15:45:12: _massMessage: c3c1915885a8c672d4a
26.11.2019 15:45:12: _massSysMessage: c59893d3a854a976f1e
26.11.2019 15:45:12: _AHpos: a5683581a1f8f2a596c2c9d
26.11.2019 15:45:12: _ninetwo: q8a596c795159008974
26.11.2019 15:45:12: _ninetwothread: m7a7b6c197a7d422c7a1c2f738a9a
26.11.2019 15:45:12: _adminsA: l4a89699d672c5d9a12746729583b6964740c
26.11.2019 15:45:12: _MC: j404c856b3a530a1d3c
26.11.2019 15:45:12: _MCS: t843770617a64882c3e3c7c9c3a37153b
26.11.2019 15:45:12: _checkidicheckcheck: a20726a708a8c7a127c502480277c762c1c62
26.11.2019 15:45:12: _lastshotmade: e29574a406b6d8c875c
26.11.2019 15:45:12: _dellocveh: c8f5a9a204d521200971a9b
26.11.2019 15:45:12: _inCombatTime: o091d643b2747208e7e5f8037533c4a64240e807e9d
26.11.2019 15:45:12: _inCombatArray: o731e7c274c2999092a9752
26.11.2019 15:45:12: _fnc_infiKeyHandler: n201173279b2c828c6c7c3919777c
26.11.2019 15:45:12: _vehicle_needs_check: q5c176a6a3a174f8230
26.11.2019 15:45:12: _MAKE_VAR_DUMP_RANDOM: c376e53684f72541c39
26.11.2019 15:45:12: _MAKE_VAR_DUMP_CLIENT: x727c0b496c74526a74
26.11.2019 15:45:12: _DUMPINGPLAYERUIDARRAY: o32754b344884820a62784f6587
26.11.2019 15:45:12: _CURRENTLYDUMPING: j9b766c56997415733b0a345a49156b30
26.11.2019 15:45:12: _antiantihack_rndvar: k892704822a44627a50
26.11.2019 15:45:12: _name_by_uid: g5d82885e7b9d0c6a843b628c54494f
26.11.2019 15:45:12: _owner_by_uid: k17340627585a2c008b0d3038247480073d782d3d
26.11.2019 15:45:12: _customcommandingMenu: a5a144524030b662936
26.11.2019 15:45:12: _customcommandingMenuOpen: p7490745b673d8f2444
26.11.2019 15:45:12: _AH_KICKLOG: PVAHR_2j6q5g3e4y
26.11.2019 15:45:12: ----END-LINE----   (14-08-2019 15-50-47 - v259)
26.11.2019 15:50:11: <infiSTAR.de> _fnc_RandomGen: {
_fnc_actualGen = {
_abc = ['z','y','x','w','v','u','t','s','r','q','p','o','n','m','l','k','j','i','h','g','f','e','d','c','b','a'];
_gen = _abc select (random ((count _abc)-1));
_arr = ['a','0','4','6','c','2','2','e','a','a','7','d','7','f','4','9','9','a','4','0','7','3','b','5','9','b','c','8','8','d','a','c','1'];
_randmax = {((round(random _randminval)) + (round(random _randmaxval))) max _randminval};
for '_i' from 0 to (call _randmax)do
{
_gen = _gen + str(round(random 9)) + (_arr select (random ((count _arr)-1)));
};
};
_gen = '';
while{_gen=='' || _gen in _allRandomGenVars}do{
call _fnc_actualGen;
};
_allRandomGenVars pushBack _gen;
_gen
}
26.11.2019 15:50:11: ----START-LINE----   (14-08-2019 15-50-47 - v259)
26.11.2019 15:50:11: _adminbox: h147c87789b8467299a04
26.11.2019 15:50:11: _fnc_mpPackets: e693445471a8a4c2a4d1d402427691c
26.11.2019 15:50:11: _FNC_AH_KICKLOG: h2b6e17294a37547a879c9a2b62528c
26.11.2019 15:50:11: _FNC_AH_KICKLOGSPAWN: h6d622c7c7f708a8a4a
26.11.2019 15:50:11: _FNC_PVAH_AdminReq: d3c731a3a248773645b
26.11.2019 15:50:11: _token_by_uid: g9a8a7a392d254b43196c8c19437c022f69
26.11.2019 15:50:11: _uid_by_token: b131a4387644d526637
26.11.2019 15:50:11: _server_setTokenR: r24866b17029d4717542d30961d6e6a4b3a
26.11.2019 15:50:11: _YourPlayerToken: l3988873e89483370631d00
26.11.2019 15:50:11: _TokenCT: u7a697d926c3c0a2a376c492e2d8c4b795a77572a
26.11.2019 15:50:11: _AH_MAIN_BLOCK: f7a867a221b2e345a2c425724
26.11.2019 15:50:11: _AHKickOFF: z77317240241b626888
26.11.2019 15:50:11: _AHKickLog: h1465770b34655a6a8d6345294c5b
26.11.2019 15:50:11: _clientdo: p9c4b1b4a186b878d4220
26.11.2019 15:50:11: _AH_RunCheckENDVAR: f94190b299451082a9b
26.11.2019 15:50:11: _AH_RunCheckENDVAR_THREAD: j60537d358c0a9c7a591b7c6a7d1a898c04794a0d5054
26.11.2019 15:50:11: _AH_HackLogArrayRND: e24729a228d59645c99
26.11.2019 15:50:11: _AH_SurvLogArrayRND: w59791d989a344c4920396a841819898a280a
26.11.2019 15:50:11: _AH_AdmiLogArrayRND: x206c6179747c8259294d3a464758
26.11.2019 15:50:11: _TMPBAN: p7b9a3c7a81509a7e10872b14
26.11.2019 15:50:11: _massMessage: h5c2a484a224a104b1a80546b50587d6c5c
26.11.2019 15:50:11: _massSysMessage: h2a202c0d9b30775a571769727422
26.11.2019 15:50:11: _AHpos: e4c431050503f8c5a63170a2a1a8843
26.11.2019 15:50:11: _ninetwo: t7d9a4870742d70842a482e8a83
26.11.2019 15:50:11: _ninetwothread: u5328892d174e78599f9a0a
26.11.2019 15:50:11: _adminsA: e69471d94076e04451939
26.11.2019 15:50:11: _MC: b88878c548877618865
26.11.2019 15:50:11: _MCS: u0088284d7c4c474e324a4d648043395a54
26.11.2019 15:50:11: _checkidicheckcheck: m183a803d552a706730194e7b4c3a3a1b140e5a3a
26.11.2019 15:50:11: _lastshotmade: m7d6d5a1c89166f5b3a
26.11.2019 15:50:11: _dellocveh: m422d3b373474104b4a2a0d4e378b
26.11.2019 15:50:11: _inCombatTime: f54629222808a3d7432840a5c4b2a6056
26.11.2019 15:50:11: _inCombatArray: t9d942f17225c7c8a321a29
26.11.2019 15:50:11: _fnc_infiKeyHandler: e227712292289813c3a2c36358c6a507917348093
26.11.2019 15:50:11: _vehicle_needs_check: b105a6469215979506c4d29
26.11.2019 15:50:11: _MAKE_VAR_DUMP_RANDOM: c2779544d759a5c8b74
26.11.2019 15:50:11: _MAKE_VAR_DUMP_CLIENT: m1259152c1e103000122e716e624387830b2a
26.11.2019 15:50:11: _DUMPINGPLAYERUIDARRAY: u3a632d202d6334393a185f76540c0a3e34
26.11.2019 15:50:11: _CURRENTLYDUMPING: f5a3e3e5a3a4e960412804d64418f86
26.11.2019 15:50:11: _antiantihack_rndvar: w2e895f3774647a681d047b672984387c422a69978023
26.11.2019 15:50:11: _name_by_uid: b60473a22377443955815
26.11.2019 15:50:11: _owner_by_uid: y59178410858b35421c4d625417
26.11.2019 15:50:11: _customcommandingMenu: h189a322d3965594a607517072887852f15
26.11.2019 15:50:11: _customcommandingMenuOpen: z5e700b4b1a77580469896a285164747a3c2a18
26.11.2019 15:50:11: _AH_KICKLOG: PVAHR_3k4s8g5j7i3r9q
26.11.2019 15:50:11: ----END-LINE----   (14-08-2019 15-50-47 - v259)
26.11.2019 15:53:08: <infiSTAR.de> _fnc_RandomGen: {
_fnc_actualGen = {
_abc = ['z','y','x','w','v','u','t','s','r','q','p','o','n','m','l','k','j','i','h','g','f','e','d','c','b','a'];
_gen = _abc select (random ((count _abc)-1));
_arr = ['a','0','4','6','c','2','2','e','a','a','7','d','7','f','4','9','9','a','4','0','7','3','b','5','9','b','c','8','8','d','a','c','1'];
_randmax = {((round(random _randminval)) + (round(random _randmaxval))) max _randminval};
for '_i' from 0 to (call _randmax)do
{
_gen = _gen + str(round(random 9)) + (_arr select (random ((count _arr)-1)));
};
};
_gen = '';
while{_gen=='' || _gen in _allRandomGenVars}do{
call _fnc_actualGen;
};
_allRandomGenVars pushBack _gen;
_gen
}
26.11.2019 15:53:08: ----START-LINE----   (14-08-2019 15-50-47 - v259)
26.11.2019 15:53:08: _adminbox: h6c6a0b1a352c43111b
26.11.2019 15:53:08: _fnc_mpPackets: h4a23475c6a3723637e
26.11.2019 15:53:08: _FNC_AH_KICKLOG: w3c67142d5f150a67275b6b956a3724643a
26.11.2019 15:53:08: _FNC_AH_KICKLOGSPAWN: m3e355c542a9c4e704c1e7b7c8a
26.11.2019 15:53:08: _FNC_PVAH_AdminReq: u75791b6804552a433b348f4c5c4737606f29
26.11.2019 15:53:08: _token_by_uid: a7c3e2d57357922195d7028797857
26.11.2019 15:53:08: _uid_by_token: e18658959309c822a8796129f674f781d922a5e5d1c
26.11.2019 15:53:08: _server_setTokenR: e247c2d7d441a412a520a9e2332
26.11.2019 15:53:08: _YourPlayerToken: v60594c9a8d729d806f3c7d96776916443b5c24691947
26.11.2019 15:53:08: _TokenCT: t5c5b27684d577a0a2c1c9e10407b8c494d17673e40557477
26.11.2019 15:53:08: _AH_MAIN_BLOCK: j206c0a4414764d0b2a
26.11.2019 15:53:08: _AHKickOFF: g3728884b47593d8707
26.11.2019 15:53:08: _AHKickLog: h14184d8d57926d7a493a6d
26.11.2019 15:53:08: _clientdo: y8b0792080f391217470a78686b3c334962
26.11.2019 15:53:08: _AH_RunCheckENDVAR: f6c4929183a9f72447942409d89606a3884091a88
26.11.2019 15:53:08: _AH_RunCheckENDVAR_THREAD: q381a8b78873c691c32872078546a492a0f298c8a8b
26.11.2019 15:53:08: _AH_HackLogArrayRND: u7f92113e6389830982695741672a6727
26.11.2019 15:53:08: _AH_SurvLogArrayRND: q8a5918141d8f3d14174399866d3c2267
26.11.2019 15:53:08: _AH_AdmiLogArrayRND: e8390407c09443f5a845e3d804d1b1937846b
26.11.2019 15:53:08: _TMPBAN: q6949242b542e65880d
26.11.2019 15:53:08: _massMessage: p5a1a750b9c0b8d289a625d259b8c04376a1c1447
26.11.2019 15:53:08: _massSysMessage: i54594a53796736844c
26.11.2019 15:53:08: _AHpos: g2a5a377597582a5a4c762a7b0c1a8080227b
26.11.2019 15:53:08: _ninetwo: t5f181782378275041a80244c1769371d07988829805b
26.11.2019 15:53:08: _ninetwothread: n90941a3a195967718045559c6b722c3444
26.11.2019 15:53:08: _adminsA: m4d9e326d620737379d5f337a3c887a774e886b
26.11.2019 15:53:08: _MC: f8a0c1c743f57122a693060188f1c7c
26.11.2019 15:53:08: _MCS: j58046d4537078a99126d571c392b576a7d39
26.11.2019 15:53:08: _checkidicheckcheck: u09406a726d40606937680278808c
26.11.2019 15:53:08: _lastshotmade: j4f9859694d446a204f7c748642377c1a6445
26.11.2019 15:53:08: _dellocveh: t2f70692c541b477e178c804a67
26.11.2019 15:53:08: _inCombatTime: o2f6c22421a557d1e3b97316200138e1c00
26.11.2019 15:53:08: _inCombatArray: p876e592b174a40878679244d3a
26.11.2019 15:53:08: _fnc_infiKeyHandler: j6a2a636a8c0d6a6d62143e6a64
26.11.2019 15:53:08: _vehicle_needs_check: c4c79014a125e7100312c5f617484
26.11.2019 15:53:08: _MAKE_VAR_DUMP_RANDOM: h24301d84725c12641c8a1207608a2f144d675f27493953
26.11.2019 15:53:08: _MAKE_VAR_DUMP_CLIENT: w3f2a5b597540388d5b2a22548a905491
26.11.2019 15:53:08: _DUMPINGPLAYERUIDARRAY: e3409481a2a1c148c4a8259905a676d897a
26.11.2019 15:53:08: _CURRENTLYDUMPING: g806468221c2a141252
26.11.2019 15:53:08: _antiantihack_rndvar: s8d90443c49713a242416606b235a1a
26.11.2019 15:53:08: _name_by_uid: c021a085725885a6a245d8c8a8b2b60
26.11.2019 15:53:08: _owner_by_uid: s3a6d1897602d592d6c4d
26.11.2019 15:53:08: _customcommandingMenu: e379a73077c681d4d2128925b0b645c8c135d7269
26.11.2019 15:53:08: _customcommandingMenuOpen: h108c0917778334470a11847a2a341c0b54276983
26.11.2019 15:53:08: _AH_KICKLOG: PVAHR_6f3y1i2n1l5c
26.11.2019 15:53:08: ----END-LINE----   (14-08-2019 15-50-47 - v259)
26.11.2019 15:57:24: <infiSTAR.de> _fnc_RandomGen: {
_fnc_actualGen = {
_abc = ['z','y','x','w','v','u','t','s','r','q','p','o','n','m','l','k','j','i','h','g','f','e','d','c','b','a'];
_gen = _abc select (random ((count _abc)-1));
_arr = ['a','0','4','6','c','2','2','e','a','a','7','d','7','f','4','9','9','a','4','0','7','3','b','5','9','b','c','8','8','d','a','c','1'];
_randmax = {((round(random _randminval)) + (round(random _randmaxval))) max _randminval};
for '_i' from 0 to (call _randmax)do
{
_gen = _gen + str(round(random 9)) + (_arr select (random ((count _arr)-1)));
};
};
_gen = '';
while{_gen=='' || _gen in _allRandomGenVars}do{
call _fnc_actualGen;
};
_allRandomGenVars pushBack _gen;
_gen
}
26.11.2019 15:57:24: ----START-LINE----   (14-08-2019 15-50-47 - v259)
26.11.2019 15:57:24: _adminbox: v84769a284c361a7c83939038858e8a9b57401a6d19
26.11.2019 15:57:24: _fnc_mpPackets: k8853589b30305b3517322f49266437749c5f598c
26.11.2019 15:57:24: _FNC_AH_KICKLOG: j4c2c828b79096c4e24
26.11.2019 15:57:24: _FNC_AH_KICKLOGSPAWN: r1c131c2937558a41283e8e4a23
26.11.2019 15:57:24: _FNC_PVAH_AdminReq: l8a6b224e7d0b1a475a2a4407273744
26.11.2019 15:57:24: _token_by_uid: u8c6418208b4a85515b8a772a205978
26.11.2019 15:57:24: _uid_by_token: n5a6c3d2a7798542f914739
26.11.2019 15:57:24: _server_setTokenR: n9e25460c8e421d2b594f9c235104
26.11.2019 15:57:24: _YourPlayerToken: k04653b3a14034d8444107a297c7f2c
26.11.2019 15:57:24: _TokenCT: n18095788725027134a87375a7d9588643d50
26.11.2019 15:57:24: _AH_MAIN_BLOCK: l3d793b1d5733749e6837726a148a732725
26.11.2019 15:57:24: _AHKickOFF: e4c8b195b480d26904914217d
26.11.2019 15:57:25: _AHKickLog: w9732389c4a8a7a3a2b
26.11.2019 15:57:25: _clientdo: j1a7c6d1a3a42885a3d7d9a3d442d6f374162587d746a
26.11.2019 15:57:25: _AH_RunCheckENDVAR: m2c07047019860b4a8a3a300a193c
26.11.2019 15:57:25: _AH_RunCheckENDVAR_THREAD: j729e9938788079670d
26.11.2019 15:57:25: _AH_HackLogArrayRND: w384a753b145834748d
26.11.2019 15:57:25: _AH_SurvLogArrayRND: t6179414a8994625376603c755c7a527b
26.11.2019 15:57:25: _AH_AdmiLogArrayRND: t770a99771c681a37106f4d3b
26.11.2019 15:57:25: _TMPBAN: q373e2d1a8a2b8d392f
26.11.2019 15:57:25: _massMessage: b692f6a640a1c6d20722a5e354587295f7c
26.11.2019 15:57:25: _massSysMessage: e4d506c683a4c2c396c4a
26.11.2019 15:57:25: _AHpos: k48637a275d4c487b44
26.11.2019 15:57:25: _ninetwo: e3a4c3f47140687382d4c3e1a641c7f
26.11.2019 15:57:25: _ninetwothread: o5a142a99244625607e44528c
26.11.2019 15:57:25: _adminsA: v79304812402a2e1a638b1b8099
26.11.2019 15:57:25: _MC: s1a0a4a619e7b304b4e3014304d8c6d7d4f896a
26.11.2019 15:57:25: _MCS: i7a472070477c5a806a
26.11.2019 15:57:25: _checkidicheckcheck: h6a546855440a5749547f8d2c358d7a
26.11.2019 15:57:25: _lastshotmade: k24144476183a2c2775
26.11.2019 15:57:25: _dellocveh: c6c6a8674649a4d1e5027352a29
26.11.2019 15:57:25: _inCombatTime: d8c04870a1b227a297a0a72171c5c
26.11.2019 15:57:25: _inCombatArray: u3e476c895b4c1e6087
26.11.2019 15:57:25: _fnc_infiKeyHandler: w972b5c48245b90493d6e1817299d122e8f
26.11.2019 15:57:25: _vehicle_needs_check: a3c1a607a7d7a064c18
26.11.2019 15:57:25: _MAKE_VAR_DUMP_RANDOM: l4a8d38762b5d523a183418921d643b5c7a29
26.11.2019 15:57:25: _MAKE_VAR_DUMP_CLIENT: s6b8a41198e9439290b
26.11.2019 15:57:25: _DUMPINGPLAYERUIDARRAY: h6d8e6b228c1a1a5a1e14573a688a554d4732
26.11.2019 15:57:25: _CURRENTLYDUMPING: n42954a89397c616e4e9d27026724
26.11.2019 15:57:25: _antiantihack_rndvar: b8c7d3d2c323c807776195955247b123e742a8549
26.11.2019 15:57:25: _name_by_uid: f5a371b874c394c6a56275b
26.11.2019 15:57:25: _owner_by_uid: n1b25841c613b7079362e528e4c1a
26.11.2019 15:57:25: _customcommandingMenu: x74754e375a6a9a124e7d5f7a2d7d
26.11.2019 15:57:25: _customcommandingMenuOpen: n4264307c7c789a3c8d6124
26.11.2019 15:57:25: _AH_KICKLOG: PVAHR_6e1x5f5s4b8g
26.11.2019 15:57:25: ----END-LINE----   (14-08-2019 15-50-47 - v259)
26.11.2019 15:59:54: <infiSTAR.de> _fnc_RandomGen: {
_fnc_actualGen = {
_abc = ['z','y','x','w','v','u','t','s','r','q','p','o','n','m','l','k','j','i','h','g','f','e','d','c','b','a'];
_gen = _abc select (random ((count _abc)-1));
_arr = ['a','0','4','6','c','2','2','e','a','a','7','d','7','f','4','9','9','a','4','0','7','3','b','5','9','b','c','8','8','d','a','c','1'];
_randmax = {((round(random _randminval)) + (round(random _randmaxval))) max _randminval};
for '_i' from 0 to (call _randmax)do
{
_gen = _gen + str(round(random 9)) + (_arr select (random ((count _arr)-1)));
};
};
_gen = '';
while{_gen=='' || _gen in _allRandomGenVars}do{
call _fnc_actualGen;
};
_allRandomGenVars pushBack _gen;
_gen
}
26.11.2019 15:59:54: ----START-LINE----   (14-08-2019 15-50-47 - v259)
26.11.2019 15:59:54: _adminbox: u49170a528c1a374a4d893479487c35
26.11.2019 15:59:54: _fnc_mpPackets: c70294d4e21458d3310618b
26.11.2019 15:59:54: _FNC_AH_KICKLOG: d78615e131a69127069
26.11.2019 15:59:54: _FNC_AH_KICKLOGSPAWN: l33658938383988775b
26.11.2019 15:59:54: _FNC_PVAH_AdminReq: s6c84589a8e22671a10
26.11.2019 15:59:54: _token_by_uid: c63744e845a8a423a2c
26.11.2019 15:59:54: _uid_by_token: o135b1c7c7c2c3873247f6c3b9779112d
26.11.2019 15:59:54: _server_setTokenR: k037b8a4c572850385396
26.11.2019 15:59:54: _YourPlayerToken: u595b81281e4e7b2c80153c5d70
26.11.2019 15:59:54: _TokenCT: t0a116017583b1a5d7e
26.11.2019 15:59:54: _AH_MAIN_BLOCK: u4837493f886e3b308b
26.11.2019 15:59:54: _AHKickOFF: x9449595324587e5b49
26.11.2019 15:59:54: _AHKickLog: m6a63548b2e0066464a044f6b571c5c100a79
26.11.2019 15:59:54: _clientdo: i6c444c674a68576719
26.11.2019 15:59:54: _AH_RunCheckENDVAR: o18596a2b4b074f393b75356e2a4f3c2a
26.11.2019 15:59:54: _AH_RunCheckENDVAR_THREAD: p5d744f789d40202a7e5c3b8b78657934599774
26.11.2019 15:59:54: _AH_HackLogArrayRND: d12791f0476071e8c1029374c34
26.11.2019 15:59:54: _AH_SurvLogArrayRND: u04598a771a8c774b098a0a88871d6e374367
26.11.2019 15:59:54: _AH_AdmiLogArrayRND: x595d84846d297d8d54
26.11.2019 15:59:54: _TMPBAN: r03923d9d95138a9a7b375976525d8a975778693610
26.11.2019 15:59:54: _massMessage: s2e422040447c363a6b
26.11.2019 15:59:54: _massSysMessage: h867a2d646d6a2c178b5325991a27
26.11.2019 15:59:54: _AHpos: l1d44801c2e260d7a549a
26.11.2019 15:59:54: _ninetwo: x7d2b1c5f7e3208761c
26.11.2019 15:59:54: _ninetwothread: q456a3937491f477777272a4a725a0732804c1a029a
26.11.2019 15:59:54: _adminsA: e6429402b191b6a147c4a86
26.11.2019 15:59:54: _MC: s8d5640834a59894803
26.11.2019 15:59:54: _MCS: s4a7791886f189a1a8c
26.11.2019 15:59:54: _checkidicheckcheck: f732c9b837f1c5b1a5a
26.11.2019 15:59:54: _lastshotmade: r89706a6a8a7a889a69
26.11.2019 15:59:54: _dellocveh: x678a2c1a575e3a6f64
26.11.2019 15:59:54: _inCombatTime: l10603a446984798e5a2c351b7548
26.11.2019 15:59:54: _inCombatArray: s5d8a27978d1d991964
26.11.2019 15:59:54: _fnc_infiKeyHandler: p54895a586841695c14687474341758741b943558
26.11.2019 15:59:54: _vehicle_needs_check: j7e671a204b048c612c604712971b342b4418543d403a5b
26.11.2019 15:59:54: _MAKE_VAR_DUMP_RANDOM: o1774143369174c063a44
26.11.2019 15:59:54: _MAKE_VAR_DUMP_CLIENT: r3e8d0786471d5c2c247419210d7b
26.11.2019 15:59:54: _DUMPINGPLAYERUIDARRAY: c19008e2a876a1a60768a427c328a30
26.11.2019 15:59:54: _CURRENTLYDUMPING: w8a1a49794e57844c4c644f3537
26.11.2019 15:59:54: _antiantihack_rndvar: h388077625b1c2a17471f2c3a
26.11.2019 15:59:54: _name_by_uid: s2a5f4a2d1a8b5357931c74
26.11.2019 15:59:54: _owner_by_uid: s278c802f746c2540520d3a
26.11.2019 15:59:54: _customcommandingMenu: f4b395e39445c0a260b1368823a7c5a
26.11.2019 15:59:54: _customcommandingMenuOpen: b8d476c4c446d3c5e4b
26.11.2019 15:59:54: _AH_KICKLOG: PVAHR_3g4u1t8g2w
26.11.2019 15:59:54: ----END-LINE----   (14-08-2019 15-50-47 - v259)
26.11.2019 21:07:52: <infiSTAR.de> _fnc_RandomGen: {
_fnc_actualGen = {
_abc = ['z','y','x','w','v','u','t','s','r','q','p','o','n','m','l','k','j','i','h','g','f','e','d','c','b','a'];
_gen = _abc select (random ((count _abc)-1));
_arr = ['a','0','4','6','c','2','2','e','a','a','7','d','7','f','4','9','9','a','4','0','7','3','b','5','9','b','c','8','8','d','a','c','1'];
_randmax = {((round(random _randminval)) + (round(random _randmaxval))) max _randminval};
for '_i' from 0 to (call _randmax)do
{
_gen = _gen + str(round(random 9)) + (_arr select (random ((count _arr)-1)));
};
};
_gen = '';
while{_gen=='' || _gen in _allRandomGenVars}do{
call _fnc_actualGen;
};
_allRandomGenVars pushBack _gen;
_gen
}
26.11.2019 21:07:52: ----START-LINE----   (14-08-2019 15-50-47 - v259)
26.11.2019 21:07:52: _adminbox: q0e955b5a7b37086d34
26.11.2019 21:07:52: _fnc_mpPackets: p3a7a8c8d1078542d942a8d19642c6a60
26.11.2019 21:07:52: _FNC_AH_KICKLOG: m7c007c701522177c0b905d84
26.11.2019 21:07:52: _FNC_AH_KICKLOGSPAWN: a06397a23178c197d3e1c85
26.11.2019 21:07:52: _FNC_PVAH_AdminReq: f68463118070c080a1d85248c00
26.11.2019 21:07:52: _token_by_uid: o16244b4a781775151f906b722799
26.11.2019 21:07:52: _uid_by_token: i371052165974734d3c2b147730644b275f
26.11.2019 21:07:52: _server_setTokenR: g4f1b685e0a4f5a1e1c
26.11.2019 21:07:52: _YourPlayerToken: c19696c708280359a7a
26.11.2019 21:07:52: _TokenCT: n629d476768850a5c2a5a202a69
26.11.2019 21:07:52: _AH_MAIN_BLOCK: k327b25654052890a187b498099308a7b5c4a
26.11.2019 21:07:52: _AHKickOFF: m029f233a58296a873c
26.11.2019 21:07:52: _AHKickLog: y5e0c7b8a743e57697a
26.11.2019 21:07:52: _clientdo: c757939256b508217467a7e8a7b2222573c
26.11.2019 21:07:52: _AH_RunCheckENDVAR: m851509356f8082479514774c5d9929
26.11.2019 21:07:52: _AH_RunCheckENDVAR_THREAD: e4f803d29407c17188b091d7d54187080
26.11.2019 21:07:52: _AH_HackLogArrayRND: m458b5b7718812b055a472e5865389274
26.11.2019 21:07:52: _AH_SurvLogArrayRND: f843a2b028a391a74845a0c14874a2c1a39
26.11.2019 21:07:52: _AH_AdmiLogArrayRND: q57496977591a8c07783a3a3a3e3c5c3a7a48614a1773
26.11.2019 21:07:52: _TMPBAN: c3a450c622134243777
26.11.2019 21:07:52: _massMessage: v142c4a977d2c05407b773a29143a
26.11.2019 21:07:52: _massSysMessage: c8b2a1557903c446e2a7a2a7b52
26.11.2019 21:07:52: _AHpos: c228a078a71226a4a1b
26.11.2019 21:07:52: _ninetwo: e99321e63733d1d82783e070c546b
26.11.2019 21:07:52: _ninetwothread: k42537e4c3674888b23
26.11.2019 21:07:52: _adminsA: g7b2c594a503d4a891a
26.11.2019 21:07:52: _MC: e1c8544741c2d978927908779522d47421d4a
26.11.2019 21:07:52: _MCS: e6e591728478972607f
26.11.2019 21:07:52: _checkidicheckcheck: m3857026a4a584f7734
26.11.2019 21:07:52: _lastshotmade: t3f8e507a28691c9d04843c
26.11.2019 21:07:52: _dellocveh: y2a9a223b947c0c772302990438343470
26.11.2019 21:07:52: _inCombatTime: k1a89369e6e8a4e7862044551890a
26.11.2019 21:07:52: _inCombatArray: u680a8a581d8078591017
26.11.2019 21:07:52: _fnc_infiKeyHandler: m3156646b729439872929983a8f8c14698e
26.11.2019 21:07:52: _vehicle_needs_check: a39992a6b0940649702
26.11.2019 21:07:52: _MAKE_VAR_DUMP_RANDOM: q5632272057829c405c886132056d59578a6a547784458d
26.11.2019 21:07:52: _MAKE_VAR_DUMP_CLIENT: o851b68625a088270733d
26.11.2019 21:07:52: _DUMPINGPLAYERUIDARRAY: w50825a6e9d085c4762
26.11.2019 21:07:52: _CURRENTLYDUMPING: s8d6d1a292b0f395a67
26.11.2019 21:07:52: _antiantihack_rndvar: j50772034608a1a3f33
26.11.2019 21:07:52: _name_by_uid: l5e948b2a2475471a56571983
26.11.2019 21:07:52: _owner_by_uid: p1922608e3c8f295d9c14408801
26.11.2019 21:07:52: _customcommandingMenu: d7d59447044543f137c6a7c4c659e886e597e5d
26.11.2019 21:07:52: _customcommandingMenuOpen: m2b6a4d2b17374c478b348217527b
26.11.2019 21:07:52: _AH_KICKLOG: PVAHR_6n2g2r2i1k1h3s
26.11.2019 21:07:52: ----END-LINE----   (14-08-2019 15-50-47 - v259)
26.11.2019 21:13:00: <infiSTAR.de> _fnc_RandomGen: {
_fnc_actualGen = {
_abc = ['z','y','x','w','v','u','t','s','r','q','p','o','n','m','l','k','j','i','h','g','f','e','d','c','b','a'];
_gen = _abc select (random ((count _abc)-1));
_arr = ['a','0','4','6','c','2','2','e','a','a','7','d','7','f','4','9','9','a','4','0','7','3','b','5','9','b','c','8','8','d','a','c','1'];
_randmax = {((round(random _randminval)) + (round(random _randmaxval))) max _randminval};
for '_i' from 0 to (call _randmax)do
{
_gen = _gen + str(round(random 9)) + (_arr select (random ((count _arr)-1)));
};
};
_gen = '';
while{_gen=='' || _gen in _allRandomGenVars}do{
call _fnc_actualGen;
};
_allRandomGenVars pushBack _gen;
_gen
}
26.11.2019 21:13:00: ----START-LINE----   (14-08-2019 15-50-47 - v259)
26.11.2019 21:13:00: _adminbox: c827112273c4d7e4c5e47
26.11.2019 21:13:00: _fnc_mpPackets: l7c7d64563e3436546f4a3a20898a8b341c2230
26.11.2019 21:13:00: _FNC_AH_KICKLOG: s1438693b247196851c3c725b9d5c
26.11.2019 21:13:00: _FNC_AH_KICKLOGSPAWN: k7f244c5a871c142a1c8d608b
26.11.2019 21:13:00: _FNC_PVAH_AdminReq: m751208675597443b3c4d8252606e
26.11.2019 21:13:00: _token_by_uid: u579d8a485726474a78772e7665
26.11.2019 21:13:00: _uid_by_token: j990b6a8b177f8337630b58495a27008c2a1982
26.11.2019 21:13:00: _server_setTokenR: b17745d5c89233c9d494b7b24411c54544d
26.11.2019 21:13:00: _YourPlayerToken: l3a5b38177487540d387a
26.11.2019 21:13:00: _TokenCT: j207472746468406797762c97
26.11.2019 21:13:00: _AH_MAIN_BLOCK: s172a9d398047680b27
26.11.2019 21:13:00: _AHKickOFF: k3889108f04828a7a1a
26.11.2019 21:13:00: _AHKickLog: g5519163a5a7a74203f8a0e8b3c
26.11.2019 21:13:00: _clientdo: l0a5063801e58565d69
26.11.2019 21:13:00: _AH_RunCheckENDVAR: j694b5c581227783039834404378c5b897a3a6338
26.11.2019 21:13:00: _AH_RunCheckENDVAR_THREAD: j428a4c5949506a00386b3a707e5e12
26.11.2019 21:13:00: _AH_HackLogArrayRND: n2c5b692325255d003c
26.11.2019 21:13:00: _AH_SurvLogArrayRND: o242a4d847a5a5c825457499a3f5247795a
26.11.2019 21:13:00: _AH_AdmiLogArrayRND: w28445a78586a5a998e59
26.11.2019 21:13:00: _TMPBAN: j598286772482606d475a8b22193546
26.11.2019 21:13:00: _massMessage: r3f479c104a2c576a5f7b594a23577748
26.11.2019 21:13:00: _massSysMessage: u776e345b4a308774374910
26.11.2019 21:13:00: _AHpos: p41120a606562207a1a
26.11.2019 21:13:00: _ninetwo: p2b18922c3d5c6a1b9a1f3a74123e578c8c097e
26.11.2019 21:13:00: _ninetwothread: y1f738228195d613b56
26.11.2019 21:13:00: _adminsA: y5867128c1e99237b63
26.11.2019 21:13:00: _MC: m6c725261744c20397214046b89
26.11.2019 21:13:00: _MCS: g0e73892e6b175c4957
26.11.2019 21:13:00: _checkidicheckcheck: w797a778d159905133708170c
26.11.2019 21:13:00: _lastshotmade: r8f9d331c223a39893b57
26.11.2019 21:13:00: _dellocveh: c6084823d622c749c8a7a8879125016
26.11.2019 21:13:00: _inCombatTime: b88978778521e27382464877a7229223a9d7747544b172576
26.11.2019 21:13:00: _inCombatArray: r3b7c7258223c5d625a763928493c
26.11.2019 21:13:00: _fnc_infiKeyHandler: i8a444a6d7a381c698f2280693498797186
26.11.2019 21:13:00: _vehicle_needs_check: n5b8a8a693d7c25504d4c722551
26.11.2019 21:13:00: _MAKE_VAR_DUMP_RANDOM: r342a178d153025277d266c17452a
26.11.2019 21:13:00: _MAKE_VAR_DUMP_CLIENT: h7e4b2b546d6d4b24142447581b
26.11.2019 21:13:00: _DUMPINGPLAYERUIDARRAY: y4c7a700b5852126a3c
26.11.2019 21:13:00: _CURRENTLYDUMPING: g192c5e0a296b685566
26.11.2019 21:13:00: _antiantihack_rndvar: s583a57526c690c9772
26.11.2019 21:13:00: _name_by_uid: p95705e361c52062a2a7c99
26.11.2019 21:13:00: _owner_by_uid: x9c2c347c37482f747c0a765a44424a492f04645d84405b
26.11.2019 21:13:00: _customcommandingMenu: u4b973d45295a404448587c2c3c7a
26.11.2019 21:13:00: _customcommandingMenuOpen: u9584692b07635f143b
26.11.2019 21:13:00: _AH_KICKLOG: PVAHR_4l8d7p4q7j4q
26.11.2019 21:13:00: ----END-LINE----   (14-08-2019 15-50-47 - v259)
26.11.2019 21:15:51: <infiSTAR.de> _fnc_RandomGen: {
_fnc_actualGen = {
_abc = ['z','y','x','w','v','u','t','s','r','q','p','o','n','m','l','k','j','i','h','g','f','e','d','c','b','a'];
_gen = _abc select (random ((count _abc)-1));
_arr = ['a','0','4','6','c','2','2','e','a','a','7','d','7','f','4','9','9','a','4','0','7','3','b','5','9','b','c','8','8','d','a','c','1'];
_randmax = {((round(random _randminval)) + (round(random _randmaxval))) max _randminval};
for '_i' from 0 to (call _randmax)do
{
_gen = _gen + str(round(random 9)) + (_arr select (random ((count _arr)-1)));
};
};
_gen = '';
while{_gen=='' || _gen in _allRandomGenVars}do{
call _fnc_actualGen;
};
_allRandomGenVars pushBack _gen;
_gen
}
26.11.2019 21:15:51: ----START-LINE----   (14-08-2019 15-50-47 - v259)
26.11.2019 21:15:51: _adminbox: x2a4f3d37176a22923a4c7719691a
26.11.2019 21:15:51: _fnc_mpPackets: a8a536a67427059144708149240
26.11.2019 21:15:51: _FNC_AH_KICKLOG: x610a44105a5f471d64
26.11.2019 21:15:51: _FNC_AH_KICKLOGSPAWN: x7e520b5b1c401b3e3a39384d7207241f1c99
26.11.2019 21:15:51: _FNC_PVAH_AdminReq: z6714378948294b7a8a
26.11.2019 21:15:51: _token_by_uid: u9c687229391a345406182c1b596b7a1029358d
26.11.2019 21:15:51: _uid_by_token: o544f3a6032476b5d9b9b4a5926875767
26.11.2019 21:15:51: _server_setTokenR: h5b75202205505474721e
26.11.2019 21:15:51: _YourPlayerToken: i0b4d1954393c55713d682d4b5b8702802384
26.11.2019 21:15:51: _TokenCT: o175c3c878c16662f2d572c
26.11.2019 21:15:51: _AH_MAIN_BLOCK: g2a3a8c1c54995f6f27
26.11.2019 21:15:51: _AHKickOFF: y4427785219496f278a8c7a88929b1c146d57446c
26.11.2019 21:15:51: _AHKickLog: u721a124a7a97404a101c8d2d1744
26.11.2019 21:15:51: _clientdo: x7a396073648c307e0759
26.11.2019 21:15:51: _AH_RunCheckENDVAR: d606935842f1d9126675459448d2a0a68
26.11.2019 21:15:51: _AH_RunCheckENDVAR_THREAD: z266c532c26440f1a5a2f5757457d5890894a
26.11.2019 21:15:51: _AH_HackLogArrayRND: b2994542a609a2d9c1a8c856a2c1712
26.11.2019 21:15:51: _AH_SurvLogArrayRND: t646935062714839c30
26.11.2019 21:15:51: _AH_AdmiLogArrayRND: m128d4d149b521710722b773a4b949710
26.11.2019 21:15:51: _TMPBAN: r3c4f7a795a8a545924
26.11.2019 21:15:51: _massMessage: q892d8a5d6e3e4734331f394f7a4b755475
26.11.2019 21:15:51: _massSysMessage: u5f340259845024471827443d8652636b604a72
26.11.2019 21:15:51: _AHpos: l1088074f076c6b2a3e
26.11.2019 21:15:51: _ninetwo: h192f6a7e88289452227a
26.11.2019 21:15:51: _ninetwothread: u6a823a286a1f188d12
26.11.2019 21:15:51: _adminsA: m394754690c6a8d1b0c
26.11.2019 21:15:51: _MC: h84247974132a6a2750
26.11.2019 21:15:51: _MCS: y8467278c6c365a052a885a8d993024
26.11.2019 21:15:51: _checkidicheckcheck: i682a9a928d4842497c
26.11.2019 21:15:51: _lastshotmade: e045d7c2c40330542642b794b6a8986626b477739
26.11.2019 21:15:51: _dellocveh: q8c9c195e05742a6b6c
26.11.2019 21:15:51: _inCombatTime: q23490241101b257069
26.11.2019 21:15:51: _inCombatArray: w526649862787592c0b0a816f4a674d359a1a9f
26.11.2019 21:15:51: _fnc_infiKeyHandler: n339a3a14238c4e7b662a
26.11.2019 21:15:51: _vehicle_needs_check: i0d62641b7d9e741a284c5d0b5a3a1919
26.11.2019 21:15:51: _MAKE_VAR_DUMP_RANDOM: l8954386c3a26365715
26.11.2019 21:15:51: _MAKE_VAR_DUMP_CLIENT: x26323a5a23426a595c4c89334d89
26.11.2019 21:15:51: _DUMPINGPLAYERUIDARRAY: d59897a042a5d6b3c1b8b74
26.11.2019 21:15:51: _CURRENTLYDUMPING: t1a78729739586b63895a7a751d88008889
26.11.2019 21:15:51: _antiantihack_rndvar: s0a92753a8937049c86720f3b
26.11.2019 21:15:51: _name_by_uid: s49796a4d5c42328c1c75941e374362152c6979707f
26.11.2019 21:15:51: _owner_by_uid: h5e148c7b2a9c73475a70649e308654
26.11.2019 21:15:51: _customcommandingMenu: o8a824f471a67407480528c37273c623a4c2a570a8482
26.11.2019 21:15:51: _customcommandingMenuOpen: f92673a643a3f526b4a2d
26.11.2019 21:15:51: _AH_KICKLOG: PVAHR_5g2e0p1u2l0b5b
26.11.2019 21:15:51: ----END-LINE----   (14-08-2019 15-50-47 - v259)
26.11.2019 21:26:57: <infiSTAR.de> _fnc_RandomGen: {
_fnc_actualGen = {
_abc = ['z','y','x','w','v','u','t','s','r','q','p','o','n','m','l','k','j','i','h','g','f','e','d','c','b','a'];
_gen = _abc select (random ((count _abc)-1));
_arr = ['a','0','4','6','c','2','2','e','a','a','7','d','7','f','4','9','9','a','4','0','7','3','b','5','9','b','c','8','8','d','a','c','1'];
_randmax = {((round(random _randminval)) + (round(random _randmaxval))) max _randminval};
for '_i' from 0 to (call _randmax)do
{
_gen = _gen + str(round(random 9)) + (_arr select (random ((count _arr)-1)));
};
};
_gen = '';
while{_gen=='' || _gen in _allRandomGenVars}do{
call _fnc_actualGen;
};
_allRandomGenVars pushBack _gen;
_gen
}
26.11.2019 21:26:57: ----START-LINE----   (14-08-2019 15-50-47 - v259)
26.11.2019 21:26:57: _adminbox: s4a3c5d90791c794f735b184a25
26.11.2019 21:26:57: _fnc_mpPackets: c16382c971049147c270a2d3b9b1c041a4a573774
26.11.2019 21:26:57: _FNC_AH_KICKLOG: r9808330d5c8a7b3a878a1b2a3b5156
26.11.2019 21:26:57: _FNC_AH_KICKLOGSPAWN: m1071424b595017828f6a748c5b4b321b142a1c769a7f
26.11.2019 21:26:57: _FNC_PVAH_AdminReq: y270e6b7d787c3444323c1d1a645939172958
26.11.2019 21:26:57: _token_by_uid: r27742513145e695c3c4d3749329c8c8c838e2d47
26.11.2019 21:26:57: _uid_by_token: i0282590c9b241d09988849
26.11.2019 21:26:57: _server_setTokenR: w6775250c2c777f448a8f7a943d767a6d5d9c7a5c
26.11.2019 21:26:57: _YourPlayerToken: i502b1a7a6c6037346d285c7c036c2a5b
26.11.2019 21:26:58: _TokenCT: a1c3a83798086154a0f
26.11.2019 21:26:58: _AH_MAIN_BLOCK: d3c641c7c792e9940146850856b441c8a0b887f
26.11.2019 21:26:58: _AHKickOFF: q1b86295261380d4484
26.11.2019 21:26:58: _AHKickLog: x683c82743a35364443416a000f8c0c337d5681498e
26.11.2019 21:26:58: _clientdo: y398a5d790834997d2a5d
26.11.2019 21:26:58: _AH_RunCheckENDVAR: k063c0c969d994e6e2c523b3d
26.11.2019 21:26:58: _AH_RunCheckENDVAR_THREAD: e4b555c1d67728a34427d8c6f
26.11.2019 21:26:58: _AH_HackLogArrayRND: p969b5b1a5a5e459d8a
26.11.2019 21:26:58: _AH_SurvLogArrayRND: j1a231b6a228d444c1b7d643b0a6912
26.11.2019 21:26:58: _AH_AdmiLogArrayRND: z03384b6228496b405a40753c36
26.11.2019 21:26:58: _TMPBAN: h8b6434130d2387398d4a04484899093f30135252
26.11.2019 21:26:58: _massMessage: o3a3c151f97748e1060842f2849246765
26.11.2019 21:26:58: _massSysMessage: t645758840810376d42
26.11.2019 21:26:58: _AHpos: d4f9d798b196950525c
26.11.2019 21:26:58: _ninetwo: c906767471c2f2a522b
26.11.2019 21:26:58: _ninetwothread: g335a723787563b8d52
26.11.2019 21:26:58: _adminsA: h3a7b9f874a2b4d864c8d495a882e3270578430
26.11.2019 21:26:58: _MC: l5e687c647280784b493758594919575c7c7a
26.11.2019 21:26:58: _MCS: g2436442e4f896d701e5419089d42429c4f
26.11.2019 21:26:58: _checkidicheckcheck: q574c97249a438c9b3a445c1a
26.11.2019 21:26:58: _lastshotmade: d703f716b458990187c346f5c7a41939b
26.11.2019 21:26:58: _dellocveh: y1c6a8482395c4984822b49286c
26.11.2019 21:26:58: _inCombatTime: t30124a9c6a747a0009024c8a3418
26.11.2019 21:26:58: _inCombatArray: j84231e35941d2939243a82427c64848a129444
26.11.2019 21:26:58: _fnc_infiKeyHandler: y2949374c5c7b349b99801e1778486a87919a64
26.11.2019 21:26:58: _vehicle_needs_check: i5a64447d1d8e24474c4b872b3460232c875a677a3b2f
26.11.2019 21:26:58: _MAKE_VAR_DUMP_RANDOM: q8487335634229840299c1f897d709740
26.11.2019 21:26:58: _MAKE_VAR_DUMP_CLIENT: p182b5a208330374a36
26.11.2019 21:26:58: _DUMPINGPLAYERUIDARRAY: h6984243b5b6f32083e
26.11.2019 21:26:58: _CURRENTLYDUMPING: z3f7047588a386f326a8e990b
26.11.2019 21:26:58: _antiantihack_rndvar: t6b4c3a6c3a2f28602b
26.11.2019 21:26:58: _name_by_uid: s14603c17076379866b942b3a8d4b8a20393a0c
26.11.2019 21:26:58: _owner_by_uid: c6410647d5a6b3a4d2f
26.11.2019 21:26:58: _customcommandingMenu: x347b6288148b308909482a3771
26.11.2019 21:26:58: _customcommandingMenuOpen: z8a506897504a0c2a0c4c93
26.11.2019 21:26:58: _AH_KICKLOG: PVAHR_6f1e9x2j9k8a6p
26.11.2019 21:26:58: ----END-LINE----   (14-08-2019 15-50-47 - v259)
26.11.2019 21:30:44: <infiSTAR.de> _fnc_RandomGen: {
_fnc_actualGen = {
_abc = ['z','y','x','w','v','u','t','s','r','q','p','o','n','m','l','k','j','i','h','g','f','e','d','c','b','a'];
_gen = _abc select (random ((count _abc)-1));
_arr = ['a','0','4','6','c','2','2','e','a','a','7','d','7','f','4','9','9','a','4','0','7','3','b','5','9','b','c','8','8','d','a','c','1'];
_randmax = {((round(random _randminval)) + (round(random _randmaxval))) max _randminval};
for '_i' from 0 to (call _randmax)do
{
_gen = _gen + str(round(random 9)) + (_arr select (random ((count _arr)-1)));
};
};
_gen = '';
while{_gen=='' || _gen in _allRandomGenVars}do{
call _fnc_actualGen;
};
_allRandomGenVars pushBack _gen;
_gen
}
26.11.2019 21:30:44: ----START-LINE----   (14-08-2019 15-50-47 - v259)
26.11.2019 21:30:44: _adminbox: p8804003a942b0c381719591f546332
26.11.2019 21:30:44: _fnc_mpPackets: u348a053a1d225d833a2a49402332790840
26.11.2019 21:30:44: _FNC_AH_KICKLOG: r89304216557a6c0a97
26.11.2019 21:30:44: _FNC_AH_KICKLOGSPAWN: r2354125747507a1a03
26.11.2019 21:30:44: _FNC_PVAH_AdminReq: u7a705e0f9c60720748120d0a226a
26.11.2019 21:30:44: _token_by_uid: o373402793b0a7a4c84
26.11.2019 21:30:44: _uid_by_token: t086433864c8a12775d57453c1b
26.11.2019 21:30:44: _server_setTokenR: n07402d614b8733203a3a8b095a8a2a977a7a4e40
26.11.2019 21:30:44: _YourPlayerToken: f59227f4a32747d3f394c6e04607d6c
26.11.2019 21:30:44: _TokenCT: k3a39282f6a2a1a7b1c27282930
26.11.2019 21:30:44: _AH_MAIN_BLOCK: g723098782b607a128a
26.11.2019 21:30:44: _AHKickOFF: m4a1208303940093c27692d722886084a
26.11.2019 21:30:44: _AHKickLog: d8a4c4a7a4b85073c425c
26.11.2019 21:30:44: _clientdo: r1b287b3a124d50849c
26.11.2019 21:30:44: _AH_RunCheckENDVAR: j15130b67720a4c955c
26.11.2019 21:30:44: _AH_RunCheckENDVAR_THREAD: t6f4c79085b2a376d981954479d4a4c8460
26.11.2019 21:30:44: _AH_HackLogArrayRND: p964b3764509e346f7a
26.11.2019 21:30:44: _AH_SurvLogArrayRND: l827a1b221951291553922e5b5a6d920a55
26.11.2019 21:30:44: _AH_AdmiLogArrayRND: m2a4c89841d64896d3c1a6f8f
26.11.2019 21:30:45: _TMPBAN: c168a9c3a6a69371c6b2b277c295e8a185a0b
26.11.2019 21:30:45: _massMessage: q4a78681f567c294967290318034a7b336a3b
26.11.2019 21:30:45: _massSysMessage: u1d3a6a4b3e88671235
26.11.2019 21:30:45: _AHpos: y1b4680422c841672632e823a
26.11.2019 21:30:45: _ninetwo: l5a4c0c798d79549429
26.11.2019 21:30:45: _ninetwothread: t376a8b3a9e1a287b3a234059606a18
26.11.2019 21:30:45: _adminsA: q54195a222d5f593928191423142a366d052c43
26.11.2019 21:30:45: _MC: o271c372c680340084d7c3a161d636f
26.11.2019 21:30:45: _MCS: x22775a6762573666591277
26.11.2019 21:30:45: _checkidicheckcheck: c9b3b2e67754482211574695d
26.11.2019 21:30:45: _lastshotmade: e474c4a24645260079e
26.11.2019 21:30:45: _dellocveh: s201c0c20334a742a161c39631067
26.11.2019 21:30:45: _inCombatTime: z68580a1b89863a2a4b
26.11.2019 21:30:45: _inCombatArray: o3d9d42723b20441c0b40696b0d783058873c4710
26.11.2019 21:30:45: _fnc_infiKeyHandler: g951a84693d32248d76
26.11.2019 21:30:45: _vehicle_needs_check: x524a575f61722b9a28
26.11.2019 21:30:45: _MAKE_VAR_DUMP_RANDOM: e6818571a67393c3a4a
26.11.2019 21:30:45: _MAKE_VAR_DUMP_CLIENT: i256499845c7a54606c1d4a197c968d7c1a178c33198794
26.11.2019 21:30:45: _DUMPINGPLAYERUIDARRAY: z76309c20898e744a9a
26.11.2019 21:30:45: _CURRENTLYDUMPING: d0e3b376a81796d8c7470776a
26.11.2019 21:30:45: _antiantihack_rndvar: m3f125a6d2c416b3284876a494a401e5a
26.11.2019 21:30:45: _name_by_uid: n667a643f3c597710975464
26.11.2019 21:30:45: _owner_by_uid: o7d07709c9b9671755c
26.11.2019 21:30:45: _customcommandingMenu: w44763c4c4747399d1b87398a421a19683f9c
26.11.2019 21:30:45: _customcommandingMenuOpen: p922e122152593c192d
26.11.2019 21:30:45: _AH_KICKLOG: PVAHR_3s8p2u7l2d6o
26.11.2019 21:30:45: ----END-LINE----   (14-08-2019 15-50-47 - v259)
26.11.2019 21:36:57: <infiSTAR.de> _fnc_RandomGen: {
_fnc_actualGen = {
_abc = ['z','y','x','w','v','u','t','s','r','q','p','o','n','m','l','k','j','i','h','g','f','e','d','c','b','a'];
_gen = _abc select (random ((count _abc)-1));
_arr = ['a','0','4','6','c','2','2','e','a','a','7','d','7','f','4','9','9','a','4','0','7','3','b','5','9','b','c','8','8','d','a','c','1'];
_randmax = {((round(random _randminval)) + (round(random _randmaxval))) max _randminval};
for '_i' from 0 to (call _randmax)do
{
_gen = _gen + str(round(random 9)) + (_arr select (random ((count _arr)-1)));
};
};
_gen = '';
while{_gen=='' || _gen in _allRandomGenVars}do{
call _fnc_actualGen;
};
_allRandomGenVars pushBack _gen;
_gen
}
26.11.2019 21:36:57: ----START-LINE----   (14-08-2019 15-50-47 - v259)
26.11.2019 21:36:57: _adminbox: r9830345369618b1749
26.11.2019 21:36:57: _fnc_mpPackets: a2876562a50833b35202074
26.11.2019 21:36:57: _FNC_AH_KICKLOG: x2a882f756784798612355434397b5d57982a32223c75572457
26.11.2019 21:36:57: _FNC_AH_KICKLOGSPAWN: h7929344a294e8a3c494b14337f756c376c
26.11.2019 21:36:57: _FNC_PVAH_AdminReq: w8c79293587642c4997
26.11.2019 21:36:57: _token_by_uid: z1067542a1c942c7c1283
26.11.2019 21:36:57: _uid_by_token: l089704692874248d4a077a5a3c
26.11.2019 21:36:57: _server_setTokenR: w417f5d466975144a88988c
26.11.2019 21:36:57: _YourPlayerToken: j4c3a8a226d32881452
26.11.2019 21:36:57: _TokenCT: i6196142429653a7c9b
26.11.2019 21:36:57: _AH_MAIN_BLOCK: c47393a628a537a0c1c
26.11.2019 21:36:57: _AHKickOFF: r1436502a37921b3e8847743f4a84294f19430408
26.11.2019 21:36:57: _AHKickLog: b5057307a1963242400
26.11.2019 21:36:57: _clientdo: s350961543c776e043d47839a4a32
26.11.2019 21:36:57: _AH_RunCheckENDVAR: v9a5a6744480722981b396029
26.11.2019 21:36:57: _AH_RunCheckENDVAR_THREAD: p575a2e2d9d9d7b5b1a575614506c5d47878c9a37442c
26.11.2019 21:36:57: _AH_HackLogArrayRND: y62595b2b460a142a198a3b246b28
26.11.2019 21:36:57: _AH_SurvLogArrayRND: q483b0186345b991029651767743c00641c97
26.11.2019 21:36:57: _AH_AdmiLogArrayRND: n7a8724682c59354a495f1a323c7a23204d586e74097a
26.11.2019 21:36:57: _TMPBAN: j248f64468d4a695d7499284b
26.11.2019 21:36:57: _massMessage: f374c1b435d2b83283f
26.11.2019 21:36:57: _massSysMessage: k640d342f7a976e4720235a6948047c6d
26.11.2019 21:36:57: _AHpos: w699257668d94821b206c3a701c13
26.11.2019 21:36:57: _ninetwo: n473a377c2e471747877642205b071a1c635c2210
26.11.2019 21:36:57: _ninetwothread: x7a2b0b4384399207784d398c14270c436f0a47
26.11.2019 21:36:57: _adminsA: y97063f9b886e8a8f187877473b7618454a523968
26.11.2019 21:36:57: _MC: d48808c1692185767642c648c2e6a9968
26.11.2019 21:36:57: _MCS: y872909387b6a8b7f6b7b4707578d2a
26.11.2019 21:36:57: _checkidicheckcheck: g9d7d6a349d8a5a70583299128307497c98
26.11.2019 21:36:57: _lastshotmade: p597d4724070b9c7c3a
26.11.2019 21:36:57: _dellocveh: r2a54391f2c3d283466791526126015
26.11.2019 21:36:57: _inCombatTime: m287c38244a5f6a503f741c594a845e1a598c447c69993a
26.11.2019 21:36:57: _inCombatArray: m64078059763b4c7a52491c0a46
26.11.2019 21:36:57: _fnc_infiKeyHandler: x164b5501576d6e4d1a
26.11.2019 21:36:57: _vehicle_needs_check: h6f2a2a2a1c0a5c8667
26.11.2019 21:36:57: _MAKE_VAR_DUMP_RANDOM: r105a9867203a672a7d2709141394
26.11.2019 21:36:57: _MAKE_VAR_DUMP_CLIENT: u3777654b877c24406c55284a
26.11.2019 21:36:57: _DUMPINGPLAYERUIDARRAY: s98803a65679d577f2544409d70576d6162528273
26.11.2019 21:36:57: _CURRENTLYDUMPING: d153c621a82208c3450746789434a3a63
26.11.2019 21:36:57: _antiantihack_rndvar: y2a4e867c888c27626a
26.11.2019 21:36:57: _name_by_uid: r85484889922d2c1b0969264c485b2b469a5f0b
26.11.2019 21:36:57: _owner_by_uid: j3c2b076d8c5c257e341746498787
26.11.2019 21:36:57: _customcommandingMenu: o297712675a1e56560c678e75952a997a003a241d7884
26.11.2019 21:36:57: _customcommandingMenuOpen: i58588d7442696a122b64
26.11.2019 21:36:57: _AH_KICKLOG: PVAHR_8y7k7i9l9r8n
26.11.2019 21:36:57: ----END-LINE----   (14-08-2019 15-50-47 - v259)
26.11.2019 21:44:38: <infiSTAR.de> _fnc_RandomGen: {
_fnc_actualGen = {
_abc = ['z','y','x','w','v','u','t','s','r','q','p','o','n','m','l','k','j','i','h','g','f','e','d','c','b','a'];
_gen = _abc select (random ((count _abc)-1));
_arr = ['a','0','4','6','c','2','2','e','a','a','7','d','7','f','4','9','9','a','4','0','7','3','b','5','9','b','c','8','8','d','a','c','1'];
_randmax = {((round(random _randminval)) + (round(random _randmaxval))) max _randminval};
for '_i' from 0 to (call _randmax)do
{
_gen = _gen + str(round(random 9)) + (_arr select (random ((count _arr)-1)));
};
};
_gen = '';
while{_gen=='' || _gen in _allRandomGenVars}do{
call _fnc_actualGen;
};
_allRandomGenVars pushBack _gen;
_gen
}
26.11.2019 21:44:39: <infiSTAR.de> _fnc_RandomGen: {
_fnc_actualGen = {
_abc = ['z','y','x','w','v','u','t','s','r','q','p','o','n','m','l','k','j','i','h','g','f','e','d','c','b','a'];
_gen = _abc select (random ((count _abc)-1));
_arr = ['a','0','4','6','c','2','2','e','a','a','7','d','7','f','4','9','9','a','4','0','7','3','b','5','9','b','c','8','8','d','a','c','1'];
_randmax = {((round(random _randminval)) + (round(random _randmaxval))) max _randminval};
for '_i' from 0 to (call _randmax)do
{
_gen = _gen + str(round(random 9)) + (_arr select (random ((count _arr)-1)));
};
};
_gen = '';
while{_gen=='' || _gen in _allRandomGenVars}do{
call _fnc_actualGen;
};
_allRandomGenVars pushBack _gen;
_gen
}
26.11.2019 21:44:39: _adminbox: l471c5b776e385a9f8a6040493c8d8081
26.11.2019 21:44:39: _fnc_mpPackets: i5d372b50944c584c8b3d92571d750b6437
26.11.2019 21:44:39: _FNC_AH_KICKLOG: j6264978b1a646a5f85
26.11.2019 21:44:39: _FNC_AH_KICKLOGSPAWN: r6236877a68848c42391e4a10175c695b8a2b541507
26.11.2019 21:44:39: _FNC_PVAH_AdminReq: t0d244b206c341d5c2a
26.11.2019 21:44:39: _token_by_uid: e005a844b9464242a8a
26.11.2019 21:44:39: _uid_by_token: m3d6c723e3a6a505f58
26.11.2019 21:44:39: _server_setTokenR: n073780393867245c176d8b49168d30
26.11.2019 21:44:39: _YourPlayerToken: x98423287677a7d0a4758993784872d
26.11.2019 21:44:39: _TokenCT: m806034348155488b36
26.11.2019 21:44:39: _AH_MAIN_BLOCK: r6a8964047e74389860441e4549198a2004
26.11.2019 21:44:39: _AHKickOFF: e584264887a5b4b49299b4c074a885c
26.11.2019 21:44:39: _AHKickLog: t87451c7a771c292e78894235448c2863
26.11.2019 21:44:39: _clientdo: a4913565c6d54810664
26.11.2019 21:44:39: _AH_RunCheckENDVAR: n3f8f5b80981442843b
26.11.2019 21:44:39: _AH_RunCheckENDVAR_THREAD: s3c6a7f4a9a371a772a531e7a0d
26.11.2019 21:44:39: _AH_HackLogArrayRND: m1c3d8495789d9c4a3742
26.11.2019 21:44:39: _AH_SurvLogArrayRND: u9c2a8923833c3953580734448c
26.11.2019 21:44:39: _AH_AdmiLogArrayRND: i7262785675636a6259389b3299205a
26.11.2019 21:44:39: _TMPBAN: x4c49678588648d380f4d2a620a831f643d3c5f52
26.11.2019 21:44:39: _massMessage: l1459508a188c741d1758397a60427c7c
26.11.2019 21:44:39: _massSysMessage: b3b7b74521306079c655759
26.11.2019 21:44:39: _AHpos: q4a06121a1d859c5b64
26.11.2019 21:44:39: _ninetwo: s4d6a0a08432c631a27
26.11.2019 21:44:39: _ninetwothread: g72446c845c18546b7f523c8a497c996c8397
26.11.2019 21:44:39: _adminsA: j8a121a371a2c7b1a67
26.11.2019 21:44:39: _MC: i642c737d853c9c1c439e887f6a4f697a
26.11.2019 21:44:39: _MCS: o346c6421221e274b17779029
26.11.2019 21:44:39: _checkidicheckcheck: e8938979a14328b8c3a057c1f40
26.11.2019 21:44:39: _lastshotmade: b7977902e8c0d62676d
26.11.2019 21:44:39: _dellocveh: g6c4b5458106e7e59285c725d200a5c8e167856894a
26.11.2019 21:44:39: _inCombatTime: p42618c5a6a55241f74
26.11.2019 21:44:39: _inCombatArray: h1d2b90332a7a799a751a6c
26.11.2019 21:44:39: _fnc_infiKeyHandler: w33832c0c474e6e10421f7a14441232176849
26.11.2019 21:44:39: _vehicle_needs_check: u7a6e38246d8a6c1a87
26.11.2019 21:44:39: _MAKE_VAR_DUMP_RANDOM: j74898f0c153c204d1560926b2662
26.11.2019 21:44:39: _MAKE_VAR_DUMP_CLIENT: j7e3b0e57104e7a4288
26.11.2019 21:44:39: _DUMPINGPLAYERUIDARRAY: t9a6443449a207b1219
26.11.2019 21:44:39: _CURRENTLYDUMPING: b2d3d54848a7f242d0a4e203c4920055f
26.11.2019 21:44:39: _antiantihack_rndvar: g1b772c599a42282e34503c1794685777
26.11.2019 21:44:39: _name_by_uid: v7327900b70094f584a551d29866c772c8a
26.11.2019 21:44:39: _owner_by_uid: i463e6570799e6a3a1870590e6b
26.11.2019 21:44:39: _customcommandingMenu: a771a543059402d6a87
26.11.2019 21:44:39: _customcommandingMenuOpen: o343e141d87566d674a17
26.11.2019 21:44:39: _AH_KICKLOG: PVAHR_8y5q6e2q3n1m0o4v
26.11.2019 21:44:39: ----END-LINE----   (14-08-2019 15-50-47 - v259)
