25.09.2019 21:50:00: <infiSTAR.de> _fnc_RandomGen: {
_fnc_actualGen = {
_abc = ['z','y','x','w','v','u','t','s','r','q','p','o','n','m','l','k','j','i','h','g','f','e','d','c','b','a'];
_gen = _abc select (random ((count _abc)-1));
_arr = ['a','0','4','6','c','2','2','e','a','a','7','d','7','f','4','9','9','a','4','0','7','3','b','5','9','b','c','8','8','d','a','c','1'];
_randmax = {((round(random _randminval)) + (round(random _randmaxval))) max _randminval};
for '_i' from 0 to (call _randmax)do
{
_gen = _gen + str(round(random 9)) + (_arr select (random ((count _arr)-1)));
};
};
_gen = '';
while{_gen=='' || _gen in _allRandomGenVars}do{
call _fnc_actualGen;
};
_allRandomGenVars pushBack _gen;
_gen
}
25.09.2019 21:50:00: ----START-LINE----   (14-08-2019 15-50-47 - v259)
25.09.2019 21:50:00: _adminbox: t203d7d1c442a471a2b582c
25.09.2019 21:50:00: _fnc_mpPackets: f5c7a174b3810146858
25.09.2019 21:50:00: _FNC_AH_KICKLOG: c8637140b5a34141e4a
25.09.2019 21:50:00: _FNC_AH_KICKLOGSPAWN: o287b9a2b6e691a01425b69962655680a
25.09.2019 21:50:00: _FNC_PVAH_AdminReq: e6920333d2974507c77
25.09.2019 21:50:00: _token_by_uid: k347a763c15407a2c5a049c453979
25.09.2019 21:50:00: _uid_by_token: x392276132e2a2c6d284924805c577a25
25.09.2019 21:50:00: _server_setTokenR: i778d852c52378902034a
25.09.2019 21:50:00: _YourPlayerToken: t9d3724092480722d6b7a8a3448403d671c
25.09.2019 21:50:00: _TokenCT: h047d573602577a2947
25.09.2019 21:50:00: _AH_MAIN_BLOCK: e364c0714196425577a1c1c68379b8a147a4b
25.09.2019 21:50:00: _AHKickOFF: y624c2c7d742d202e5a37492c278879
25.09.2019 21:50:00: _AHKickLog: n4f374934353413478a5d1a1a8a2a256e
25.09.2019 21:50:00: _clientdo: n5019941f328b734f1a772a5a9f201c
25.09.2019 21:50:00: _AH_RunCheckENDVAR: a46431a325a461c7d9c
25.09.2019 21:50:00: _AH_RunCheckENDVAR_THREAD: s57298814093a7c7e08794a4b87445272
25.09.2019 21:50:00: _AH_HackLogArrayRND: w2c8c9417946989980d7a4d89146240284f12144d0702
25.09.2019 21:50:00: _AH_SurvLogArrayRND: k0c759d7754621382378c380d323939163a5c
25.09.2019 21:50:00: _AH_AdmiLogArrayRND: n466b5d129d20635d724d
25.09.2019 21:50:00: _TMPBAN: m3f8c706c7199597b5a7a8b7c112a6e8a762a77787e
25.09.2019 21:50:00: _massMessage: d9b344296576a7b3c74
25.09.2019 21:50:00: _massSysMessage: g74393a483d5d2b4476
25.09.2019 21:50:00: _AHpos: o841e8c2d839063584f2f
25.09.2019 21:50:00: _ninetwo: w27943a494f59374782
25.09.2019 21:50:00: _ninetwothread: w478d50112c6e641b6d176b
25.09.2019 21:50:00: _adminsA: i1a2856195a7a74634c4b3932
25.09.2019 21:50:00: _MC: s1d6c3f47151a7c09431b
25.09.2019 21:50:00: _MCS: h8d8926342c2e34547d
25.09.2019 21:50:00: _checkidicheckcheck: l47746a8a0b5d891e6457741f888d1d6b5a1e
25.09.2019 21:50:00: _lastshotmade: q939e2a598c3a1b44445f574d4b4b8977
25.09.2019 21:50:00: _dellocveh: s7a326f4a486c1270582627406a9a2f4a0d89
25.09.2019 21:50:00: _inCombatTime: o845b6c282280481a877c39276b0749844117507b661037
25.09.2019 21:50:00: _inCombatArray: p7057678c969d6a803b4a18903a2e3f1c18
25.09.2019 21:50:00: _fnc_infiKeyHandler: r284030772a4a129d298a20822708382267
25.09.2019 21:50:00: _vehicle_needs_check: w1b74895777325d0a7a645b39377563692a6488
25.09.2019 21:50:00: _MAKE_VAR_DUMP_RANDOM: a2a8b488a8459205c18
25.09.2019 21:50:00: _MAKE_VAR_DUMP_CLIENT: h54441e345e5c7a7779
25.09.2019 21:50:00: _DUMPINGPLAYERUIDARRAY: x7a47447b87780056861a6b
25.09.2019 21:50:00: _CURRENTLYDUMPING: b25277931597915821917270a3427
25.09.2019 21:50:00: _antiantihack_rndvar: c8a33186f60126c3a2a5c
25.09.2019 21:50:00: _name_by_uid: a094c6b1c776a7d175a39191c297c
25.09.2019 21:50:00: _owner_by_uid: j7b4710148a18375f4469234088
25.09.2019 21:50:00: _customcommandingMenu: d38272715595a39790f
25.09.2019 21:50:00: _customcommandingMenuOpen: o7537382a396c39240f
25.09.2019 21:50:00: _AH_KICKLOG: PVAHR_7i2i6q5i7u
25.09.2019 21:50:00: ----END-LINE----   (14-08-2019 15-50-47 - v259)
25.09.2019 22:21:57: <infiSTAR.de> _fnc_RandomGen: {
_fnc_actualGen = {
_abc = ['z','y','x','w','v','u','t','s','r','q','p','o','n','m','l','k','j','i','h','g','f','e','d','c','b','a'];
_gen = _abc select (random ((count _abc)-1));
_arr = ['a','0','4','6','c','2','2','e','a','a','7','d','7','f','4','9','9','a','4','0','7','3','b','5','9','b','c','8','8','d','a','c','1'];
_randmax = {((round(random _randminval)) + (round(random _randmaxval))) max _randminval};
for '_i' from 0 to (call _randmax)do
{
_gen = _gen + str(round(random 9)) + (_arr select (random ((count _arr)-1)));
};
};
_gen = '';
while{_gen=='' || _gen in _allRandomGenVars}do{
call _fnc_actualGen;
};
_allRandomGenVars pushBack _gen;
_gen
}
25.09.2019 22:21:57: ----START-LINE----   (14-08-2019 15-50-47 - v259)
25.09.2019 22:21:57: _adminbox: p2a07547b694777343d8b8f9c84537b839a6a2274537b6c
25.09.2019 22:21:57: _fnc_mpPackets: m2c8b706a1a0737505e793c371c7a
25.09.2019 22:21:57: _FNC_AH_KICKLOG: b542a8e5c54645a5d8a2b
25.09.2019 22:21:57: _FNC_AH_KICKLOGSPAWN: c05843a5a524b771e5b
25.09.2019 22:21:57: _FNC_PVAH_AdminReq: c8a3a8220572f6a8819586944473451875b446b6017
25.09.2019 22:21:57: _token_by_uid: n84909928464c82466b7a3d8f5328526c
25.09.2019 22:21:57: _uid_by_token: w6c103a449e9c55624d
25.09.2019 22:21:57: _server_setTokenR: j5a8b1d7d5364182d585253
25.09.2019 22:21:57: _YourPlayerToken: e19803d8c4c0a6f047c
25.09.2019 22:21:57: _TokenCT: y1a1b39771a6e5a9c796b8d5378075d
25.09.2019 22:21:57: _AH_MAIN_BLOCK: r291a274956826372609518607c405e
25.09.2019 22:21:57: _AHKickOFF: q748f4824703b726a49
25.09.2019 22:21:57: _AHKickLog: n5a42695e7527415d633437954c31457f744a6909290880
25.09.2019 22:21:58: _clientdo: f494292672a561930692883
25.09.2019 22:21:58: _AH_RunCheckENDVAR: d588a5b023c3e57323920780c757b56
25.09.2019 22:21:58: _AH_RunCheckENDVAR_THREAD: f47892942776e8e9d34
25.09.2019 22:21:58: _AH_HackLogArrayRND: c0a0c791c297c5f127a4b978a80
25.09.2019 22:21:58: _AH_SurvLogArrayRND: q9720981a776a5e141052421c3b
25.09.2019 22:21:58: _AH_AdmiLogArrayRND: k435c617b204b7b4c974438441c
25.09.2019 22:21:58: _TMPBAN: z618f1c498a493a2a4e6a66
25.09.2019 22:21:58: _massMessage: m2a356a5f1a368373857a14487a6c
25.09.2019 22:21:58: _massSysMessage: v1299497a332a790a0a
25.09.2019 22:21:58: _AHpos: f2c5a2833784b717917
25.09.2019 22:21:58: _ninetwo: x591b661802198c8f69
25.09.2019 22:21:58: _ninetwothread: z6b2b54855c5714523a734469021b10908252
25.09.2019 22:21:58: _adminsA: m7409685e30880b265156
25.09.2019 22:21:58: _MC: p594a789427888b720c597a
25.09.2019 22:21:58: _MCS: v77835d4c5b63554c03293805477f6237
25.09.2019 22:21:58: _checkidicheckcheck: g1f7a54948c1a167918
25.09.2019 22:21:58: _lastshotmade: n5c12305a1297807a0b7d7a
25.09.2019 22:21:58: _dellocveh: k543c6721425f5b1a192a0064
25.09.2019 22:21:58: _inCombatTime: g408a14442d8e2a5c06
25.09.2019 22:21:58: _inCombatArray: c8e6b084d504b3c7b7e915a3d149e
25.09.2019 22:21:58: _fnc_infiKeyHandler: j53431663947c2d2636354d
25.09.2019 22:21:58: _vehicle_needs_check: d75906e0a206c30801a9a8a8d5974
25.09.2019 22:21:58: _MAKE_VAR_DUMP_RANDOM: i39705a371c12172037304c496b8c894402796c
25.09.2019 22:21:58: _MAKE_VAR_DUMP_CLIENT: l4934444a7b6a1c6d5b5947241a
25.09.2019 22:21:58: _DUMPINGPLAYERUIDARRAY: y777a249a50904f1a34744723616b37485d47
25.09.2019 22:21:58: _CURRENTLYDUMPING: h185a4427895c7c6584
25.09.2019 22:21:58: _antiantihack_rndvar: l8f961c775092631931402c
25.09.2019 22:21:58: _name_by_uid: h6957426a397d6c22503c54727749181d
25.09.2019 22:21:58: _owner_by_uid: v67786e500a774f106c
25.09.2019 22:21:58: _customcommandingMenu: p3a193a4c1a3a4656728a4a627b807c6c
25.09.2019 22:21:58: _customcommandingMenuOpen: w382a2702746480330b8c685a4a8c299c2a
25.09.2019 22:21:58: _AH_KICKLOG: PVAHR_7v1a8b0l3d8x3h
25.09.2019 22:21:58: ----END-LINE----   (14-08-2019 15-50-47 - v259)
25.09.2019 22:31:34: <infiSTAR.de> _fnc_RandomGen: {
_fnc_actualGen = {
_abc = ['z','y','x','w','v','u','t','s','r','q','p','o','n','m','l','k','j','i','h','g','f','e','d','c','b','a'];
_gen = _abc select (random ((count _abc)-1));
_arr = ['a','0','4','6','c','2','2','e','a','a','7','d','7','f','4','9','9','a','4','0','7','3','b','5','9','b','c','8','8','d','a','c','1'];
_randmax = {((round(random _randminval)) + (round(random _randmaxval))) max _randminval};
for '_i' from 0 to (call _randmax)do
{
_gen = _gen + str(round(random 9)) + (_arr select (random ((count _arr)-1)));
};
};
_gen = '';
while{_gen=='' || _gen in _allRandomGenVars}do{
call _fnc_actualGen;
};
_allRandomGenVars pushBack _gen;
_gen
}
25.09.2019 22:31:34: ----START-LINE----   (14-08-2019 15-50-47 - v259)
25.09.2019 22:31:34: _adminbox: e854b7a92746a596c44148c7214
25.09.2019 22:31:34: _fnc_mpPackets: v971a7f36831c5407580d352210
25.09.2019 22:31:34: _FNC_AH_KICKLOG: v7c57307c591c608d822d
25.09.2019 22:31:34: _FNC_AH_KICKLOGSPAWN: s4b6c4c735487855d52371e78
25.09.2019 22:31:34: _FNC_PVAH_AdminReq: n835f3c68678b14747a49
25.09.2019 22:31:34: _token_by_uid: h6d7097489232125c59449f7914
25.09.2019 22:31:34: _uid_by_token: u0a7a3a6c2a446a2b091a548c3f5a
25.09.2019 22:31:34: _server_setTokenR: y528f7b6979476c7759242414440e6e
25.09.2019 22:31:34: _YourPlayerToken: p2357333b10540733493c9a6780775267816c5700
25.09.2019 22:31:34: _TokenCT: x1c021e2c384c2c1a84356f8a374c42980a765851
25.09.2019 22:31:34: _AH_MAIN_BLOCK: c781b4282373a0d072c4a6b22
25.09.2019 22:31:34: _AHKickOFF: j877a302a694d456b3487253471342a092274
25.09.2019 22:31:34: _AHKickLog: t0a2724583e572d0a39799b1d506a64576915
25.09.2019 22:31:34: _clientdo: w7a281c9f8962787033
25.09.2019 22:31:34: _AH_RunCheckENDVAR: m1a9a7038621f475497
25.09.2019 22:31:34: _AH_RunCheckENDVAR_THREAD: t583677157b744e3707
25.09.2019 22:31:34: _AH_HackLogArrayRND: o027e7e0d3c2f29093e2e575a677442038c3236384797
25.09.2019 22:31:34: _AH_SurvLogArrayRND: p983a473f372286127729683c56301a7255495c8b79
25.09.2019 22:31:34: _AH_AdmiLogArrayRND: u506f175b7798292910346d640c3860
25.09.2019 22:31:34: _TMPBAN: t3a04278c792c28322a15694c325744
25.09.2019 22:31:34: _massMessage: j1144876c4767671c2c2d5b2804
25.09.2019 22:31:34: _massSysMessage: s4782893a9821886940
25.09.2019 22:31:34: _AHpos: s6d572b877d3f9119825c9a603238821962190b305465
25.09.2019 22:31:34: _ninetwo: o34127d7e428a3c7932400f744a42168d47
25.09.2019 22:31:34: _ninetwothread: c329f4a18555448638650
25.09.2019 22:31:34: _adminsA: k119063402517536b20987b3c
25.09.2019 22:31:34: _MC: s8b6c898c7084240c344a85
25.09.2019 22:31:34: _MCS: k54294954756b0f8f65202248
25.09.2019 22:31:34: _checkidicheckcheck: u521c3b8a177a62222b68
25.09.2019 22:31:34: _lastshotmade: g12643a392402956374
25.09.2019 22:31:34: _dellocveh: h5c9c70643b1e585a181a
25.09.2019 22:31:34: _inCombatTime: r5d6679847c596f718f
25.09.2019 22:31:34: _inCombatArray: g2c0c4f29887d6e68492a347b
25.09.2019 22:31:34: _fnc_infiKeyHandler: i175b197b915d1c7627
25.09.2019 22:31:34: _vehicle_needs_check: c58272c3c201c10741a1252557a4957
25.09.2019 22:31:34: _MAKE_VAR_DUMP_RANDOM: u3a1c8c68999756082a
25.09.2019 22:31:34: _MAKE_VAR_DUMP_CLIENT: w104b1c521f08496a78146a9d079a984b3b47841728
25.09.2019 22:31:34: _DUMPINGPLAYERUIDARRAY: g188964211d6c4c7c7c8c722f77
25.09.2019 22:31:34: _CURRENTLYDUMPING: j7c5a573d5f7130605a1b
25.09.2019 22:31:34: _antiantihack_rndvar: q6a5a182a5e805c8c98
25.09.2019 22:31:34: _name_by_uid: x467a497c8d232778740b237b2a5987
25.09.2019 22:31:34: _owner_by_uid: r4b02353f44108f3444589a4530
25.09.2019 22:31:34: _customcommandingMenu: l573959352a267a6e42308b247a94880e353f
25.09.2019 22:31:34: _customcommandingMenuOpen: c045c4b1c8264925e79
25.09.2019 22:31:34: _AH_KICKLOG: PVAHR_8m7t8x2l4w5g9x3t
25.09.2019 22:31:34: ----END-LINE----   (14-08-2019 15-50-47 - v259)
