26.11.2019 14:39:19: Rudi Bildungsstop(76561198216442289) CLIENT OWNER ID [4], TOKEN [vrhfj707262meh2]
26.11.2019 14:44:06: Rudi Bildungsstop(76561198216442289) CLIENT OWNER ID [4], TOKEN [euvnvd0fytyn1bnmj]
26.11.2019 14:48:03: Rudi Bildungsstop(76561198216442289) CLIENT OWNER ID [4], TOKEN [ih3ztn44vlnmepp]
26.11.2019 14:49:31: Rudi Bildungsstop(76561198216442289) CLIENT OWNER ID [4], TOKEN [cof7p1sylhd7lfvyln]
26.11.2019 14:51:39: Rudi Bildungsstop(76561198216442289) CLIENT OWNER ID [4], TOKEN [x6pd1rmo70mgkcdu]
26.11.2019 14:52:37: Rudi Bildungsstop(76561198216442289) CLIENT OWNER ID [4], TOKEN [qrsslxee2nb7ve2]
26.11.2019 14:55:08: Rudi Bildungsstop(76561198216442289) CLIENT OWNER ID [4], TOKEN [yylzqdiz3vqcqrywx8h]
26.11.2019 15:03:38: Rudi Bildungsstop(76561198216442289) CLIENT OWNER ID [4], TOKEN [gsenokjt34jo3x1n2w]
26.11.2019 15:17:47: Rudi Bildungsstop(76561198216442289) CLIENT OWNER ID [4], TOKEN [exlkjj7yv603t5zk0j]
26.11.2019 15:19:30: Rudi Bildungsstop(76561198216442289) CLIENT OWNER ID [4], TOKEN [mmtzb1l87cc3woh]
26.11.2019 15:22:00: Rudi Bildungsstop(76561198216442289) CLIENT OWNER ID [4], TOKEN [yjutkeso4tb6w1if]
26.11.2019 15:22:14: Rudi Bildungsstop(76561198216442289) CLIENT OWNER ID [4], TOKEN [bx0pdil2ugmpzs5]
26.11.2019 15:22:39: Rudi Bildungsstop(76561198216442289) CLIENT OWNER ID [5], TOKEN [rdufy1ulf3ga3m4c3c]
26.11.2019 15:29:20: Rudi Bildungsstop(76561198216442289) CLIENT OWNER ID [6], TOKEN [lqn65fvev0jy23h]
26.11.2019 15:45:38: Rudi Bildungsstop(76561198216442289) CLIENT OWNER ID [4], TOKEN [dwth1xv3ejw5vky6i]
26.11.2019 15:50:22: Rudi Bildungsstop(76561198216442289) CLIENT OWNER ID [4], TOKEN [h0tcxly65enocoxt]
26.11.2019 15:53:49: Rudi Bildungsstop(76561198216442289) CLIENT OWNER ID [4], TOKEN [l31hsxcdyj5hvws]
26.11.2019 15:57:42: Rudi Bildungsstop(76561198216442289) CLIENT OWNER ID [4], TOKEN [wkgfscvu8qli81eb]
26.11.2019 16:00:25: Rudi Bildungsstop(76561198216442289) CLIENT OWNER ID [4], TOKEN [yngx34acq5dsgyavo]
26.11.2019 21:08:12: Rudi Bildungsstop(76561198216442289) CLIENT OWNER ID [4], TOKEN [s7ba8miqga2y0t4gub]
26.11.2019 21:13:45: Rudi Bildungsstop(76561198216442289) CLIENT OWNER ID [4], TOKEN [vce1b4ocxxpqc32]
26.11.2019 21:16:35: Rudi Bildungsstop(76561198216442289) CLIENT OWNER ID [4], TOKEN [hxt4wcalmhbu4ylu]
26.11.2019 21:27:09: Rudi Bildungsstop(76561198216442289) CLIENT OWNER ID [4], TOKEN [l5coucjk3abhzze]
26.11.2019 21:31:16: Rudi Bildungsstop(76561198216442289) CLIENT OWNER ID [4], TOKEN [jkz7zlb9hmqne6y2]
26.11.2019 21:38:24: Rudi Bildungsstop(76561198216442289) CLIENT OWNER ID [4], TOKEN [p4hlzcvkrmo542rbtm]
26.11.2019 21:46:12: Rudi Bildungsstop(76561198216442289) CLIENT OWNER ID [4], TOKEN [sen4eh23m2sm87cv41]
