14.08.2019 16:10:02: <infiSTAR.de> _fnc_RandomGen: {
_fnc_actualGen = {
_abc = ['z','y','x','w','v','u','t','s','r','q','p','o','n','m','l','k','j','i','h','g','f','e','d','c','b','a'];
_gen = _abc select (random ((count _abc)-1));
_arr = ['a','0','4','6','c','2','2','e','a','a','7','d','7','f','4','9','9','a','4','0','7','3','b','5','9','b','c','8','8','d','a','c','1'];
_randmax = {((round(random _randminval)) + (round(random _randmaxval))) max _randminval};
for '_i' from 0 to (call _randmax)do
{
_gen = _gen + str(round(random 9)) + (_arr select (random ((count _arr)-1)));
};
};
_gen = '';
while{_gen=='' || _gen in _allRandomGenVars}do{
call _fnc_actualGen;
};
_allRandomGenVars pushBack _gen;
_gen
}
14.08.2019 16:10:02: ----START-LINE----   (14-08-2019 15-50-47 - v259)
14.08.2019 16:10:02: _adminbox: e28775a6058683c8c2a861d9c6f631c28647a
14.08.2019 16:10:02: _fnc_mpPackets: m844b1c1a6c1954195e683c6c
14.08.2019 16:10:02: _FNC_AH_KICKLOG: c89585034793d2d306a0a6062
14.08.2019 16:10:02: _FNC_AH_KICKLOGSPAWN: o5c805d235e8a4327825e0b747c4e086a39127970
14.08.2019 16:10:02: _FNC_PVAH_AdminReq: r1d207a173698842a2b272b1922396e848110
14.08.2019 16:10:02: _token_by_uid: r37675c396a682b161c784a
14.08.2019 16:10:02: _uid_by_token: c738436343a593d016a4a
14.08.2019 16:10:02: _server_setTokenR: b839858766a7d042410
14.08.2019 16:10:02: _YourPlayerToken: p3047249e1548808c2c
14.08.2019 16:10:02: _TokenCT: q077c1c4b3a8525944c942770
14.08.2019 16:10:02: _AH_MAIN_BLOCK: h7d1d82367c20482a6b
14.08.2019 16:10:02: _AHKickOFF: t4d332b7e9b6f5f2a437f7e54776a7b5a1c
14.08.2019 16:10:02: _AHKickLog: w747d1c6c54241087191d8d7a070d
14.08.2019 16:10:02: _clientdo: g4884843b4a325e29478110728b
14.08.2019 16:10:02: _AH_RunCheckENDVAR: n770070645c2a50894f306a55
14.08.2019 16:10:02: _AH_RunCheckENDVAR_THREAD: i3782467048643239986c54743767
14.08.2019 16:10:02: _AH_HackLogArrayRND: y3c007e343349037b4388442d792e22728a157914
14.08.2019 16:10:02: _AH_SurvLogArrayRND: g075b8520407940076d5023441829444e
14.08.2019 16:10:02: _AH_AdmiLogArrayRND: g393a5c8d508b5a44345c9930406c14
14.08.2019 16:10:03: _TMPBAN: q888f865e1b4f4304571c3e
14.08.2019 16:10:03: _massMessage: y5b3a28402e89379605
14.08.2019 16:10:03: _massSysMessage: r4d5023690a97598040482a544c57
14.08.2019 16:10:03: _AHpos: w163c22806f177b9c279a5797
14.08.2019 16:10:03: _ninetwo: l922d242c8a1a02000e5c905a5a5a3a198b6b6019
14.08.2019 16:10:03: _ninetwothread: x0e8c449b74554894292a2a142b42425b191284
14.08.2019 16:10:03: _adminsA: v7a2a462d30841237709a64
14.08.2019 16:10:03: _MC: g3855776a491b900b4b2a136e744c43485a
14.08.2019 16:10:03: _MCS: q539930891c2d126b3f1a197b423478
14.08.2019 16:10:03: _checkidicheckcheck: n0c59844a248322090a
14.08.2019 16:10:03: _lastshotmade: f6c0582603b5688662a587753
14.08.2019 16:10:03: _dellocveh: k12174d7b6a0945448d2a30
14.08.2019 16:10:03: _inCombatTime: a3c6d3d1c9a873a4c9a
14.08.2019 16:10:03: _inCombatArray: o2f246a227b196f641c228817
14.08.2019 16:10:03: _fnc_infiKeyHandler: f04573a53747a1f8b688b
14.08.2019 16:10:03: _vehicle_needs_check: x34653b8b4948702738474e9836442c748b69
14.08.2019 16:10:03: _MAKE_VAR_DUMP_RANDOM: v3a02396a3a44205e1a027f32
14.08.2019 16:10:03: _MAKE_VAR_DUMP_CLIENT: l277c4980586b800a1d
14.08.2019 16:10:03: _DUMPINGPLAYERUIDARRAY: u892c2d246372852781
14.08.2019 16:10:03: _CURRENTLYDUMPING: k436d179e593864493a985778530d2b1b2f0c5b
14.08.2019 16:10:03: _antiantihack_rndvar: w18375428631a1807941b126969524a0d7a3f88396b8b80
14.08.2019 16:10:03: _name_by_uid: x866484187750549c4c8b29666c196c81746d50
14.08.2019 16:10:03: _owner_by_uid: x58225e3d0a30407e5a9c251a
14.08.2019 16:10:03: _customcommandingMenu: x60690c107474477927
14.08.2019 16:10:03: _customcommandingMenuOpen: p29391c94565d82642c7914392432484a18
14.08.2019 16:10:03: _AH_KICKLOG: PVAHR_1s1k6u2u4w4d0r4m
14.08.2019 16:10:03: ----END-LINE----   (14-08-2019 15-50-47 - v259)
14.08.2019 16:47:18: <infiSTAR.de> _fnc_RandomGen: {
_fnc_actualGen = {
_abc = ['z','y','x','w','v','u','t','s','r','q','p','o','n','m','l','k','j','i','h','g','f','e','d','c','b','a'];
_gen = _abc select (random ((count _abc)-1));
_arr = ['a','0','4','6','c','2','2','e','a','a','7','d','7','f','4','9','9','a','4','0','7','3','b','5','9','b','c','8','8','d','a','c','1'];
_randmax = {((round(random _randminval)) + (round(random _randmaxval))) max _randminval};
for '_i' from 0 to (call _randmax)do
{
_gen = _gen + str(round(random 9)) + (_arr select (random ((count _arr)-1)));
};
};
_gen = '';
while{_gen=='' || _gen in _allRandomGenVars}do{
call _fnc_actualGen;
};
_allRandomGenVars pushBack _gen;
_gen
}
14.08.2019 16:47:18: ----START-LINE----   (14-08-2019 15-50-47 - v259)
14.08.2019 16:47:18: _adminbox: s5a593b591b54377b8a4c491a
14.08.2019 16:47:18: _fnc_mpPackets: b59935c8780943d56199d
14.08.2019 16:47:18: _FNC_AH_KICKLOG: y521c571224682a7e80143c4c14605c62
14.08.2019 16:47:18: _FNC_AH_KICKLOGSPAWN: f292a54626e36831d0a
14.08.2019 16:47:18: _FNC_PVAH_AdminReq: g042a364c5d996775408a527418
14.08.2019 16:47:18: _token_by_uid: f935345606a8439182e509413
14.08.2019 16:47:18: _uid_by_token: e7a4a6b19694f1e5a00973a7764118e6c5d4c
14.08.2019 16:47:18: _server_setTokenR: d088f821044565c4d75
14.08.2019 16:47:18: _YourPlayerToken: w7c14871d49261d6400623a4c872d66
14.08.2019 16:47:18: _TokenCT: s8b1c40807917281e7b5d61324851
14.08.2019 16:47:18: _AH_MAIN_BLOCK: s6f295c1080683b7c8422698d18
14.08.2019 16:47:18: _AHKickOFF: u1812124947437c743a7a5d2378
14.08.2019 16:47:18: _AHKickLog: e1d7a8f370a772e7c7559588f322b6a3a5d74
14.08.2019 16:47:18: _clientdo: j2a693d3918875c696e1483895c442a1578367a
14.08.2019 16:47:18: _AH_RunCheckENDVAR: n44377940691b34325774122710295406893b
14.08.2019 16:47:18: _AH_RunCheckENDVAR_THREAD: t0637186e64388a693955465a507a818b67992e
14.08.2019 16:47:18: _AH_HackLogArrayRND: i0d02083c1218592b1a
14.08.2019 16:47:18: _AH_SurvLogArrayRND: f678f4c372e57894a074c421c
14.08.2019 16:47:18: _AH_AdmiLogArrayRND: t548a285b801d8a2c29
14.08.2019 16:47:18: _TMPBAN: h4d5e3b79242a448f8a145b74766c3e63444f6470
14.08.2019 16:47:18: _massMessage: j3b5c18773969673f8d57405a07727147443a1c
14.08.2019 16:47:18: _massSysMessage: i421a08581f6a5d7384
14.08.2019 16:47:18: _AHpos: t2247024f10433d2935
14.08.2019 16:47:18: _ninetwo: o720c17355b47249c34381b9f87
14.08.2019 16:47:18: _ninetwothread: m5a9733145c8761661a
14.08.2019 16:47:18: _adminsA: k778a4360751a6a6a5e3817634c872f37
14.08.2019 16:47:18: _MC: f185b7a7d8439607439
14.08.2019 16:47:18: _MCS: l70371a6250572923629a
14.08.2019 16:47:18: _checkidicheckcheck: o1c74380a7f1a791d4863
14.08.2019 16:47:18: _lastshotmade: i89692957635d6b792a
14.08.2019 16:47:18: _dellocveh: u435b1c388832549d24
14.08.2019 16:47:18: _inCombatTime: w4d2730303b484236341a6b
14.08.2019 16:47:18: _inCombatArray: w30773d878c852a8898569b6a30371d
14.08.2019 16:47:18: _fnc_infiKeyHandler: d7b341b383a673a766f34375d22257c788d67472a67
14.08.2019 16:47:18: _vehicle_needs_check: m2a888a5a34879949914a1457387a4b17297d45895a
14.08.2019 16:47:18: _MAKE_VAR_DUMP_RANDOM: b646b445b192f994266
14.08.2019 16:47:18: _MAKE_VAR_DUMP_CLIENT: l533b189b832519493a
14.08.2019 16:47:18: _DUMPINGPLAYERUIDARRAY: m71329d7e73080b814d
14.08.2019 16:47:18: _CURRENTLYDUMPING: l0a6010573b373b2322
14.08.2019 16:47:18: _antiantihack_rndvar: d7c492d7e6267248a05
14.08.2019 16:47:18: _name_by_uid: g8a4a587f5b1d194750005c1947523c2060196b898504
14.08.2019 16:47:18: _owner_by_uid: v2384248938282a3124
14.08.2019 16:47:18: _customcommandingMenu: w7d1d455872140c3170
14.08.2019 16:47:18: _customcommandingMenuOpen: b7c516f190c341c6480397377
14.08.2019 16:47:18: _AH_KICKLOG: PVAHR_9q1q6w4o6f0v2b
14.08.2019 16:47:18: ----END-LINE----   (14-08-2019 15-50-47 - v259)
14.08.2019 16:53:22: <infiSTAR.de> _fnc_RandomGen: {
_fnc_actualGen = {
_abc = ['z','y','x','w','v','u','t','s','r','q','p','o','n','m','l','k','j','i','h','g','f','e','d','c','b','a'];
_gen = _abc select (random ((count _abc)-1));
_arr = ['a','0','4','6','c','2','2','e','a','a','7','d','7','f','4','9','9','a','4','0','7','3','b','5','9','b','c','8','8','d','a','c','1'];
_randmax = {((round(random _randminval)) + (round(random _randmaxval))) max _randminval};
for '_i' from 0 to (call _randmax)do
{
_gen = _gen + str(round(random 9)) + (_arr select (random ((count _arr)-1)));
};
};
_gen = '';
while{_gen=='' || _gen in _allRandomGenVars}do{
call _fnc_actualGen;
};
_allRandomGenVars pushBack _gen;
_gen
}
14.08.2019 16:53:22: ----START-LINE----   (14-08-2019 15-50-47 - v259)
14.08.2019 16:53:22: _adminbox: p89928a3b2463543935422a02982058278d3b3c69
14.08.2019 16:53:22: _fnc_mpPackets: n3438321a140f741c8d0c4a127d44688a8285347857
14.08.2019 16:53:22: _FNC_AH_KICKLOG: k7c6f4b40981e54352d9e1342684a686a44554c0a89
14.08.2019 16:53:22: _FNC_AH_KICKLOGSPAWN: x0b2d476d643488215d
14.08.2019 16:53:22: _FNC_PVAH_AdminReq: l4a5e557e9b6f44124b
14.08.2019 16:53:22: _token_by_uid: v34886a563b0f7829340a4a0c2a
14.08.2019 16:53:22: _uid_by_token: c470d998d5999844499890a38
14.08.2019 16:53:22: _server_setTokenR: w506d4a68396a241f0b5a8447707a60744c2d8a
14.08.2019 16:53:22: _YourPlayerToken: p058b235e7a2b595a498a442f
14.08.2019 16:53:22: _TokenCT: l9a2c18376c6c1a4d273794039b9c64121a7a2a59
14.08.2019 16:53:22: _AH_MAIN_BLOCK: e677f5d5a77672a7a94
14.08.2019 16:53:22: _AHKickOFF: p746c192a783a582759848874698b5b62228c
14.08.2019 16:53:22: _AHKickLog: y57187c720f6f50471c8a68093b6252135769
14.08.2019 16:53:22: _clientdo: t290c846c4a624b984d
14.08.2019 16:53:22: _AH_RunCheckENDVAR: b4a99645d78484a1930439484147d4469
14.08.2019 16:53:22: _AH_RunCheckENDVAR_THREAD: n09348296243a39300a4d6c5c
14.08.2019 16:53:22: _AH_HackLogArrayRND: k8588127027276a4d67
14.08.2019 16:53:22: _AH_SurvLogArrayRND: c07692a49246c7e004b141c
14.08.2019 16:53:22: _AH_AdmiLogArrayRND: k38291c3c1a34822b168899
14.08.2019 16:53:22: _TMPBAN: h3d26114549152094993a5b
14.08.2019 16:53:22: _massMessage: o13124f4d1d7e59821a
14.08.2019 16:53:22: _massSysMessage: d744f2b4e0e2a6348692b
14.08.2019 16:53:22: _AHpos: s497c3c651c33405e2d78398a715e692f1c34795b24215a
14.08.2019 16:53:22: _ninetwo: u0c399f5670996a3795141e606739779d92
14.08.2019 16:53:22: _ninetwothread: n8b7b20393d302b044c778d650718492d3e547a1d00
14.08.2019 16:53:22: _adminsA: p8462683a2a592c458a2d4a7e895e604d94
14.08.2019 16:53:22: _MC: g5b5214346217939a74392a04
14.08.2019 16:53:22: _MCS: q2a90602a8e016872229283598d8b496c9e5787
14.08.2019 16:53:22: _checkidicheckcheck: e9d5e70345438745f67
14.08.2019 16:53:22: _lastshotmade: g1b8a7749175a06498b5a449527
14.08.2019 16:53:22: _dellocveh: l87466d57207a1b5b870436378b2c6a9d14
14.08.2019 16:53:22: _inCombatTime: q5c5f931c94235d991f402c34802752445928529b35
14.08.2019 16:53:22: _inCombatArray: t4f5723681d7a7c698a
14.08.2019 16:53:22: _fnc_infiKeyHandler: w9a798b1b501d997209557b4051
14.08.2019 16:53:22: _vehicle_needs_check: k96597b5d7a978d8b0a49321a474c357b1884
14.08.2019 16:53:22: _MAKE_VAR_DUMP_RANDOM: k5f7664882787084c26
14.08.2019 16:53:22: _MAKE_VAR_DUMP_CLIENT: u735c57662d1d5d242a2c44877c2f52
14.08.2019 16:53:22: _DUMPINGPLAYERUIDARRAY: f19698977249202461c6a39547d
14.08.2019 16:53:22: _CURRENTLYDUMPING: f502729374b7c5f629a873d639c6f1e7b1d3a5f
14.08.2019 16:53:22: _antiantihack_rndvar: x3c322d624a546c49398798
14.08.2019 16:53:22: _name_by_uid: u9d69246d68142c9469
14.08.2019 16:53:22: _owner_by_uid: t14082b9834322c4d53901a8c6c6c
14.08.2019 16:53:22: _customcommandingMenu: m5a776c893c673c643a
14.08.2019 16:53:22: _customcommandingMenuOpen: y8f8b694b8068117c8c4916
14.08.2019 16:53:22: _AH_KICKLOG: PVAHR_8i9s2p3x3p3h8v
14.08.2019 16:53:22: ----END-LINE----   (14-08-2019 15-50-47 - v259)
14.08.2019 17:02:26: <infiSTAR.de> _fnc_RandomGen: {
_fnc_actualGen = {
_abc = ['z','y','x','w','v','u','t','s','r','q','p','o','n','m','l','k','j','i','h','g','f','e','d','c','b','a'];
_gen = _abc select (random ((count _abc)-1));
_arr = ['a','0','4','6','c','2','2','e','a','a','7','d','7','f','4','9','9','a','4','0','7','3','b','5','9','b','c','8','8','d','a','c','1'];
_randmax = {((round(random _randminval)) + (round(random _randmaxval))) max _randminval};
for '_i' from 0 to (call _randmax)do
{
_gen = _gen + str(round(random 9)) + (_arr select (random ((count _arr)-1)));
};
};
_gen = '';
while{_gen=='' || _gen in _allRandomGenVars}do{
call _fnc_actualGen;
};
_allRandomGenVars pushBack _gen;
_gen
}
14.08.2019 17:02:26: ----START-LINE----   (14-08-2019 15-50-47 - v259)
14.08.2019 17:02:26: _adminbox: n1e657a2d861e440d3415972b
14.08.2019 17:02:26: _fnc_mpPackets: s60409a28588d3f5c99
14.08.2019 17:02:26: _FNC_AH_KICKLOG: o2a54479e7b6a641802
14.08.2019 17:02:26: _FNC_AH_KICKLOGSPAWN: z7788989b4a4015593d69
14.08.2019 17:02:26: _FNC_PVAH_AdminReq: k386a86841e3a33202e
14.08.2019 17:02:26: _token_by_uid: r1c4a27170a59379d3c008867
14.08.2019 17:02:26: _uid_by_token: t5a960c4c9c2007465b28
14.08.2019 17:02:26: _server_setTokenR: b6f515789713c8c2b2d8a58408b7e5a8278
14.08.2019 17:02:26: _YourPlayerToken: u3c8974373a032a5a49
14.08.2019 17:02:26: _TokenCT: a5a2f4d203c2015881b
14.08.2019 17:02:26: _AH_MAIN_BLOCK: o930a784a1c79356b84
14.08.2019 17:02:26: _AHKickOFF: z8f475c69993a07590c
14.08.2019 17:02:26: _AHKickLog: r287969255c597a47206067554d4a957b14
14.08.2019 17:02:26: _clientdo: k077917692b331d4d8c8d5e642b3a277a040237
14.08.2019 17:02:26: _AH_RunCheckENDVAR: w79793f6970011a6b08
14.08.2019 17:02:26: _AH_RunCheckENDVAR_THREAD: y826c462d014b48990c476a8b5a
14.08.2019 17:02:26: _AH_HackLogArrayRND: w476b508d447757389c39154b7b4c928c2b694a56
14.08.2019 17:02:26: _AH_SurvLogArrayRND: t8a295d6e840a1c184a093c6d852039248a9c
14.08.2019 17:02:26: _AH_AdmiLogArrayRND: i4a326a29481c74874a
14.08.2019 17:02:26: _TMPBAN: q18525c25471f194b6b
14.08.2019 17:02:26: _massMessage: v8407883b8487908879747a2a4728
14.08.2019 17:02:26: _massSysMessage: q1077632c500c4a1420786289058702370a861a
14.08.2019 17:02:26: _AHpos: p0a580a4a8a43575e585c795c5c88
14.08.2019 17:02:26: _ninetwo: f5798576d1954818c428863417b58469e4862
14.08.2019 17:02:26: _ninetwothread: r5d3e532c738f3434446f629a56
14.08.2019 17:02:26: _adminsA: k44442e836d4a636c3a007a6c8d032a1a38487a3a
14.08.2019 17:02:26: _MC: i9a627756598a2436045c676b8a
14.08.2019 17:02:26: _MCS: m745d74803a8a4d80303b7c44
14.08.2019 17:02:26: _checkidicheckcheck: v7788277a48897c6b498867
14.08.2019 17:02:26: _lastshotmade: i0a14027c304b8b799c
14.08.2019 17:02:26: _dellocveh: e39570e3a527d59690d88154a8427875089
14.08.2019 17:02:26: _inCombatTime: v2d3c3d8a0918726c6a6e092d19696e02426d
14.08.2019 17:02:26: _inCombatArray: o1c6a3747395a15625e8a364521
14.08.2019 17:02:26: _fnc_infiKeyHandler: s3a30897620042c5667
14.08.2019 17:02:26: _vehicle_needs_check: f404b22593384263d105c233655317d4a0b
14.08.2019 17:02:26: _MAKE_VAR_DUMP_RANDOM: l620d435a1b5c6813789c487a6d54
14.08.2019 17:02:26: _MAKE_VAR_DUMP_CLIENT: u5c268b5a1a98222a5840196c7a3a6c5a6d
14.08.2019 17:02:26: _DUMPINGPLAYERUIDARRAY: r405c9920599d88188764
14.08.2019 17:02:26: _CURRENTLYDUMPING: u8c204b477639398b15420b2a2e2c8872277d2d78
14.08.2019 17:02:26: _antiantihack_rndvar: j327e769c7270395a3223
14.08.2019 17:02:26: _name_by_uid: n494532091a6797559248508940
14.08.2019 17:02:26: _owner_by_uid: o6d0a783c1d341c87775907861c5c6d141a143c7d
14.08.2019 17:02:26: _customcommandingMenu: x4d042a47343b5a5a2e8d38440a39348207827c2697
14.08.2019 17:02:26: _customcommandingMenuOpen: d1b11156969294a7c6c6848344415297a1c4a
14.08.2019 17:02:26: _AH_KICKLOG: PVAHR_9c9i4e8g2j4m
14.08.2019 17:02:26: ----END-LINE----   (14-08-2019 15-50-47 - v259)
14.08.2019 17:04:30: <infiSTAR.de> _fnc_RandomGen: {
_fnc_actualGen = {
_abc = ['z','y','x','w','v','u','t','s','r','q','p','o','n','m','l','k','j','i','h','g','f','e','d','c','b','a'];
_gen = _abc select (random ((count _abc)-1));
_arr = ['a','0','4','6','c','2','2','e','a','a','7','d','7','f','4','9','9','a','4','0','7','3','b','5','9','b','c','8','8','d','a','c','1'];
_randmax = {((round(random _randminval)) + (round(random _randmaxval))) max _randminval};
for '_i' from 0 to (call _randmax)do
{
_gen = _gen + str(round(random 9)) + (_arr select (random ((count _arr)-1)));
};
};
_gen = '';
while{_gen=='' || _gen in _allRandomGenVars}do{
call _fnc_actualGen;
};
_allRandomGenVars pushBack _gen;
_gen
}
14.08.2019 17:04:30: ----START-LINE----   (14-08-2019 15-50-47 - v259)
14.08.2019 17:04:30: _adminbox: l20303b1e4d9974505d07
14.08.2019 17:04:30: _fnc_mpPackets: x6a76294a421c273a46
14.08.2019 17:04:30: _FNC_AH_KICKLOG: f1c86816a1a444d437c
14.08.2019 17:04:30: _FNC_AH_KICKLOGSPAWN: s72838a2460641575545930
14.08.2019 17:04:30: _FNC_PVAH_AdminReq: o3d37937e41306c5d67
14.08.2019 17:04:30: _token_by_uid: b3020622b674a2a303957342c523d0a52
14.08.2019 17:04:30: _uid_by_token: l03741729177a60322739548d6b7956
14.08.2019 17:04:30: _server_setTokenR: b141a278c1a1a08192e
14.08.2019 17:04:30: _YourPlayerToken: e3a5379207c53240727556d80
14.08.2019 17:04:30: _TokenCT: i7a431c4d2c6c5a8a473f178d2a1a8639
14.08.2019 17:04:30: _AH_MAIN_BLOCK: i0041426f6a20742c50
14.08.2019 17:04:30: _AHKickOFF: w4a945a772d1c4743207172685e
14.08.2019 17:04:30: _AHKickLog: v3c893a442a3724302a452a686b7a073b8c
14.08.2019 17:04:30: _clientdo: o672a979c287a7a676e
14.08.2019 17:04:30: _AH_RunCheckENDVAR: e65625a4a7f0a670859
14.08.2019 17:04:30: _AH_RunCheckENDVAR_THREAD: x81008d429d527e82191c346c86
14.08.2019 17:04:30: _AH_HackLogArrayRND: a422b7d787d39576934
14.08.2019 17:04:30: _AH_SurvLogArrayRND: k344f020a3a7a427446
14.08.2019 17:04:30: _AH_AdmiLogArrayRND: e34591c8856884058245c70578a489b802803
14.08.2019 17:04:30: _TMPBAN: c5a191b6a2a6f303d873a
14.08.2019 17:04:30: _massMessage: z5d974a2a595e8b667a
14.08.2019 17:04:30: _massSysMessage: a9b67841a9f5a508e5722777b223b7d193d888c7c
14.08.2019 17:04:30: _AHpos: f043a4a4b3a495d89777e6474145a8d6a7b473c6b59108d8c
14.08.2019 17:04:30: _ninetwo: u429f551a685a9522103b
14.08.2019 17:04:30: _ninetwothread: p4978057b77598a805a270a20181a4a6a
14.08.2019 17:04:30: _adminsA: f8a3a7c5d5a264d2d42
14.08.2019 17:04:30: _MC: u7a377d34626b3b7a6f2a431d34681720
14.08.2019 17:04:30: _MCS: e3d3c655e61627f597c7a401d263a7c9c806a0f2c002884
14.08.2019 17:04:30: _checkidicheckcheck: m49892a3f1a2c043330485a
14.08.2019 17:04:30: _lastshotmade: f3e4614842a1c411a4a0c7710957d4a8c8a684d4f205630
14.08.2019 17:04:30: _dellocveh: b5f7771444440152e1e
14.08.2019 17:04:30: _inCombatTime: s7e4774827c1994766837
14.08.2019 17:04:30: _inCombatArray: t5c7422049d35221d6c897057
14.08.2019 17:04:30: _fnc_infiKeyHandler: c5f4a9a23401857613a5959376d415964121b4d9b74
14.08.2019 17:04:30: _vehicle_needs_check: u0c7a1e3c0d6c043a0a34291a12183c276e047a0290
14.08.2019 17:04:30: _MAKE_VAR_DUMP_RANDOM: b04248d68847f885e99
14.08.2019 17:04:30: _MAKE_VAR_DUMP_CLIENT: a6a5d9f84991c7a8c293f661437
14.08.2019 17:04:30: _DUMPINGPLAYERUIDARRAY: t53742c8b857d7a503b
14.08.2019 17:04:30: _CURRENTLYDUMPING: u5f9923449f1531426a7354590f
14.08.2019 17:04:30: _antiantihack_rndvar: h34897237665299491d04762a4a3c3b8e4435
14.08.2019 17:04:30: _name_by_uid: b084f1574701d6a3a4b
14.08.2019 17:04:30: _owner_by_uid: i58977a507764227e078257
14.08.2019 17:04:30: _customcommandingMenu: u3a4a7a3a293326542c1a864559222a94
14.08.2019 17:04:30: _customcommandingMenuOpen: u2a7b365c2718897d642802896c8c2a
14.08.2019 17:04:30: _AH_KICKLOG: PVAHR_5x0o6k5u1o8s
14.08.2019 17:04:30: ----END-LINE----   (14-08-2019 15-50-47 - v259)
14.08.2019 17:10:14: <infiSTAR.de> _fnc_RandomGen: {
_fnc_actualGen = {
_abc = ['z','y','x','w','v','u','t','s','r','q','p','o','n','m','l','k','j','i','h','g','f','e','d','c','b','a'];
_gen = _abc select (random ((count _abc)-1));
_arr = ['a','0','4','6','c','2','2','e','a','a','7','d','7','f','4','9','9','a','4','0','7','3','b','5','9','b','c','8','8','d','a','c','1'];
_randmax = {((round(random _randminval)) + (round(random _randmaxval))) max _randminval};
for '_i' from 0 to (call _randmax)do
{
_gen = _gen + str(round(random 9)) + (_arr select (random ((count _arr)-1)));
};
};
_gen = '';
while{_gen=='' || _gen in _allRandomGenVars}do{
call _fnc_actualGen;
};
_allRandomGenVars pushBack _gen;
_gen
}
14.08.2019 17:10:14: ----START-LINE----   (14-08-2019 15-50-47 - v259)
14.08.2019 17:10:14: _adminbox: b500747500077847658
14.08.2019 17:10:14: _fnc_mpPackets: r5a655a0a6c8d2b596c
14.08.2019 17:10:14: _FNC_AH_KICKLOG: i49271c767849243d870e752b8d9f
14.08.2019 17:10:14: _FNC_AH_KICKLOGSPAWN: g8c248e1285387729647a739215
14.08.2019 17:10:14: _FNC_PVAH_AdminReq: w2a773b694a94293a8e7a34
14.08.2019 17:10:14: _token_by_uid: c6152882c5c5c89962a7c421d10281f9a6951285b396c
14.08.2019 17:10:14: _uid_by_token: k9c249029298b87778453544d34703c298a390b550c
14.08.2019 17:10:14: _server_setTokenR: e9759996d3c3269652740616a
14.08.2019 17:10:14: _YourPlayerToken: h686d46749e9c907b4a
14.08.2019 17:10:14: _TokenCT: u9963492f8b222c457b3d5d1d8c9c59
14.08.2019 17:10:14: _AH_MAIN_BLOCK: q97370c8d4a6621132c8a1d24174c
14.08.2019 17:10:14: _AHKickOFF: e8958357b4c756d625c5b371b2c8154
14.08.2019 17:10:14: _AHKickLog: a842e6f0a438354452a
14.08.2019 17:10:14: _clientdo: i2f441828582d10145c
14.08.2019 17:10:14: _AH_RunCheckENDVAR: z1c6c956a961a7c7252
14.08.2019 17:10:14: _AH_RunCheckENDVAR_THREAD: i3d7448541a7a10894c864c
14.08.2019 17:10:14: _AH_HackLogArrayRND: s49798a0734301a9a86477c
14.08.2019 17:10:14: _AH_SurvLogArrayRND: u68738c1c3a0d1d822a75147b97
14.08.2019 17:10:14: _AH_AdmiLogArrayRND: h6b9a2a2d4d6789085a
14.08.2019 17:10:14: _TMPBAN: d8c2a976a42226d5d885f313e
14.08.2019 17:10:14: _massMessage: p493d402e69794c19443c691d155412965a8c5b8a
14.08.2019 17:10:14: _massSysMessage: l88893d90485e4c2979
14.08.2019 17:10:14: _AHpos: x644a3b6a475a606468
14.08.2019 17:10:14: _ninetwo: h6a976d4753193a2797
14.08.2019 17:10:14: _ninetwothread: n4d1d850f3267686242521a7b
14.08.2019 17:10:14: _adminsA: w182d6b8a156664141c384a5837
14.08.2019 17:10:14: _MC: z3985124a2e78408f3d775213
14.08.2019 17:10:14: _MCS: a5c0b706a0a026a081d65534d883d61
14.08.2019 17:10:14: _checkidicheckcheck: m6614185a605e5f1c805717981f04972b291b747a
14.08.2019 17:10:14: _lastshotmade: i8799443a824d9c2e1e230d6a173c261f
14.08.2019 17:10:14: _dellocveh: u28081a3c5b975d4e786c3b4b7d8413
14.08.2019 17:10:14: _inCombatTime: m79734577771a1a4e0c
14.08.2019 17:10:14: _inCombatArray: j5f889f2d847226886b461a2a8b4d90
14.08.2019 17:10:14: _fnc_infiKeyHandler: v6d2a690c807b4c6159973a572795352527
14.08.2019 17:10:14: _vehicle_needs_check: t5d9a602a836c690a35605e598c8e1c8704
14.08.2019 17:10:14: _MAKE_VAR_DUMP_RANDOM: j2212324b0e745d126740343a579d372b
14.08.2019 17:10:14: _MAKE_VAR_DUMP_CLIENT: v42211b7f371a108b3170378c8c09001f9c8b7b
14.08.2019 17:10:14: _DUMPINGPLAYERUIDARRAY: v10243a569b646938185b6b34577059145959779b77605d
14.08.2019 17:10:14: _CURRENTLYDUMPING: c4b25827a263a62672e48623c1d706478
14.08.2019 17:10:14: _antiantihack_rndvar: i22574d6e401267731a1d0c508d295c
14.08.2019 17:10:14: _name_by_uid: j7a79042c5937227928
14.08.2019 17:10:14: _owner_by_uid: e09167e19329c70895a86490982
14.08.2019 17:10:14: _customcommandingMenu: b290e3a123f645720723d2a
14.08.2019 17:10:14: _customcommandingMenuOpen: w1a7388338c585a80203c58786e1a91757d2a8f
14.08.2019 17:10:14: _AH_KICKLOG: PVAHR_4k2x5v4f3x9f8g3p
14.08.2019 17:10:14: ----END-LINE----   (14-08-2019 15-50-47 - v259)
14.08.2019 17:11:38: <infiSTAR.de> _fnc_RandomGen: {
_fnc_actualGen = {
_abc = ['z','y','x','w','v','u','t','s','r','q','p','o','n','m','l','k','j','i','h','g','f','e','d','c','b','a'];
_gen = _abc select (random ((count _abc)-1));
_arr = ['a','0','4','6','c','2','2','e','a','a','7','d','7','f','4','9','9','a','4','0','7','3','b','5','9','b','c','8','8','d','a','c','1'];
_randmax = {((round(random _randminval)) + (round(random _randmaxval))) max _randminval};
for '_i' from 0 to (call _randmax)do
{
_gen = _gen + str(round(random 9)) + (_arr select (random ((count _arr)-1)));
};
};
_gen = '';
while{_gen=='' || _gen in _allRandomGenVars}do{
call _fnc_actualGen;
};
_allRandomGenVars pushBack _gen;
_gen
}
14.08.2019 17:11:38: ----START-LINE----   (14-08-2019 15-50-47 - v259)
14.08.2019 17:11:38: _adminbox: d3c8a553d34744a473a
14.08.2019 17:11:38: _fnc_mpPackets: z949d5b599c9252834a
14.08.2019 17:11:38: _FNC_AH_KICKLOG: e989c846e79799924677940292d19
14.08.2019 17:11:38: _FNC_AH_KICKLOGSPAWN: g225a98645f4a30655a8013690e266f7a2d
14.08.2019 17:11:38: _FNC_PVAH_AdminReq: p44426a94707d8c7d67
14.08.2019 17:11:38: _token_by_uid: t1b4e4b3b3c719b27371a550250241694
14.08.2019 17:11:38: _uid_by_token: r3a58176c3a8a56641a
14.08.2019 17:11:38: _server_setTokenR: b697b3a3926503a8458597c088d90
14.08.2019 17:11:38: _YourPlayerToken: j454a26402a6926696c
14.08.2019 17:11:38: _TokenCT: s371a04570a89077a47546b1a328a151349
14.08.2019 17:11:38: _AH_MAIN_BLOCK: v6c2d29545a545a654b844b4a3c2d8f192a55744e
14.08.2019 17:11:38: _AHKickOFF: q042a6a8a5e583a6c1a313c2a6a747a4a983a77
14.08.2019 17:11:38: _AHKickLog: r495d082b29946d17682e325c0b
14.08.2019 17:11:38: _clientdo: k245a6980852b773d59
14.08.2019 17:11:38: _AH_RunCheckENDVAR: u536b32820279006f622a7a822954123079787c767b5c140f1f
14.08.2019 17:11:38: _AH_RunCheckENDVAR_THREAD: t091c9b6d7e4a7c72664f
14.08.2019 17:11:38: _AH_HackLogArrayRND: c27548a327246844c8d846a3a6c
14.08.2019 17:11:38: _AH_SurvLogArrayRND: r941d8b6b4d348a7c11
14.08.2019 17:11:38: _AH_AdmiLogArrayRND: e6c6c5c3b171b6c5292159e3b1420445936962489293f88
14.08.2019 17:11:38: _TMPBAN: m675c38862f8a6c6958395e573b789404645474876068244b
14.08.2019 17:11:38: _massMessage: v186b4a7a274c125d02133d2289341a37767a
14.08.2019 17:11:38: _massSysMessage: m647d2d3a481e747849
14.08.2019 17:11:38: _AHpos: p427b155a581d1955790a1c3c57
14.08.2019 17:11:38: _ninetwo: g7225269b7d886859795827
14.08.2019 17:11:38: _ninetwothread: q5e2a5d6a8c1c7a847d5d5a
14.08.2019 17:11:38: _adminsA: t2a4317568a876497581a2b1d926c9b26
14.08.2019 17:11:38: _MC: m3c3764544a5c652158
14.08.2019 17:11:38: _MCS: f702d3c267c28290702
14.08.2019 17:11:38: _checkidicheckcheck: t3a3f6c77178a72829a3840076a44233d895a5260324682445a
14.08.2019 17:11:38: _lastshotmade: h6044300b5f777a27883a1c27
14.08.2019 17:11:38: _dellocveh: t7860592a8b04237a626c480e7e627a8c998066
14.08.2019 17:11:38: _inCombatTime: s518c64383c9d491d44824c8a7a
14.08.2019 17:11:38: _inCombatArray: g1c39373a5547527c3b72735559223f2e88509d105a
14.08.2019 17:11:38: _fnc_infiKeyHandler: r242b5383460a1a2b540a982a1b2c369a4c93
14.08.2019 17:11:38: _vehicle_needs_check: p6b8a24586e178a346a12197398
14.08.2019 17:11:38: _MAKE_VAR_DUMP_RANDOM: v787a1d41728a1d209519703a52495f
14.08.2019 17:11:38: _MAKE_VAR_DUMP_CLIENT: i562a7d04894242142a5e4b
14.08.2019 17:11:38: _DUMPINGPLAYERUIDARRAY: t3438595f6c038d2777
14.08.2019 17:11:38: _CURRENTLYDUMPING: d906c503342651484912e306c7a652a96246c6789142a
14.08.2019 17:11:38: _antiantihack_rndvar: y701255377485307c98
14.08.2019 17:11:38: _name_by_uid: c3d3544122a196a18176974767298
14.08.2019 17:11:38: _owner_by_uid: c4a185f46906790941d2a4e2c80071058873459
14.08.2019 17:11:38: _customcommandingMenu: g9a48505a1a2a6947401b7a1c293c27881b
14.08.2019 17:11:38: _customcommandingMenuOpen: o446b892a4b775234464c37522613276a914a
14.08.2019 17:11:38: _AH_KICKLOG: PVAHR_3r8g5r1j6l
14.08.2019 17:11:38: ----END-LINE----   (14-08-2019 15-50-47 - v259)
14.08.2019 17:14:46: <infiSTAR.de> _fnc_RandomGen: {
_fnc_actualGen = {
_abc = ['z','y','x','w','v','u','t','s','r','q','p','o','n','m','l','k','j','i','h','g','f','e','d','c','b','a'];
_gen = _abc select (random ((count _abc)-1));
_arr = ['a','0','4','6','c','2','2','e','a','a','7','d','7','f','4','9','9','a','4','0','7','3','b','5','9','b','c','8','8','d','a','c','1'];
_randmax = {((round(random _randminval)) + (round(random _randmaxval))) max _randminval};
for '_i' from 0 to (call _randmax)do
{
_gen = _gen + str(round(random 9)) + (_arr select (random ((count _arr)-1)));
};
};
_gen = '';
while{_gen=='' || _gen in _allRandomGenVars}do{
call _fnc_actualGen;
};
_allRandomGenVars pushBack _gen;
_gen
}
14.08.2019 17:14:46: ----START-LINE----   (14-08-2019 15-50-47 - v259)
14.08.2019 17:14:46: _adminbox: f9a553c84893a789262
14.08.2019 17:14:46: _fnc_mpPackets: r7c38270f438f543952843a8d783c4b4722
14.08.2019 17:14:46: _FNC_AH_KICKLOG: m7d71832a248a5d58542d6b0d
14.08.2019 17:14:46: _FNC_AH_KICKLOGSPAWN: z2d326b29181a3c5a4099471c071e376c6f
14.08.2019 17:14:46: _FNC_PVAH_AdminReq: r98625934173d101a82
14.08.2019 17:14:46: _token_by_uid: j1a56607c746742564762
14.08.2019 17:14:46: _uid_by_token: y438a193d676b6a3b7759
14.08.2019 17:14:46: _server_setTokenR: k1c198c6d8c5759143a9037593a
14.08.2019 17:14:46: _YourPlayerToken: v123452770f9a227c4a6a6477706e7932136c67
14.08.2019 17:14:46: _TokenCT: i144b7c6a4a481754985a2e2a5d7417
14.08.2019 17:14:46: _AH_MAIN_BLOCK: k5a8a8c83897452148914285734603836
14.08.2019 17:14:46: _AHKickOFF: x8c1f8d500954385532252898566c2934272a3617703f
14.08.2019 17:14:46: _AHKickLog: t140b2a0c213a646177
14.08.2019 17:14:46: _clientdo: o78685a8a9a703d041a0c3b173a4d65682a9f08314299
14.08.2019 17:14:46: _AH_RunCheckENDVAR: o177f84004b3b8765803a2e645f6d53462c342b244a76
14.08.2019 17:14:46: _AH_RunCheckENDVAR_THREAD: l807b597804693723293e6387494a9888776a
14.08.2019 17:14:46: _AH_HackLogArrayRND: u9e782c66197534644d46686b995a8a8c684b27
14.08.2019 17:14:46: _AH_SurvLogArrayRND: j6c5d54097a877c74646a
14.08.2019 17:14:46: _AH_AdmiLogArrayRND: r6a882e5a13912a784b9f834d345d8737703c691484
14.08.2019 17:14:46: _TMPBAN: t42743632884a6c77942c3a6b1a3764
14.08.2019 17:14:46: _massMessage: d0b8b928847374b25482747715c275b3443
14.08.2019 17:14:46: _massSysMessage: j5c581a23798e2b4377692b1598984a2880
14.08.2019 17:14:46: _AHpos: m4d542775596a92393c
14.08.2019 17:14:46: _ninetwo: r5a89397a341f687d070485423a7a842840724750
14.08.2019 17:14:46: _ninetwothread: b50283e4a6d179a292d49283b
14.08.2019 17:14:46: _adminsA: c7c476e544714887b2a1a2a
14.08.2019 17:14:46: _MC: h7c7d770c82428964972f22692a6c62
14.08.2019 17:14:46: _MCS: n14581982597c161934
14.08.2019 17:14:46: _checkidicheckcheck: g3f6b4a9439140b34698429283c692c
14.08.2019 17:14:46: _lastshotmade: u5074387a449c6b7380820a9e4412
14.08.2019 17:14:46: _dellocveh: x49965d1b0043991a6e6624924966191b
14.08.2019 17:14:46: _inCombatTime: q6c108a987627428c2a3a375c
14.08.2019 17:14:46: _inCombatArray: f2947085a243c133c7a7152690d36
14.08.2019 17:14:46: _fnc_infiKeyHandler: k0a44300a1c44373172
14.08.2019 17:14:46: _vehicle_needs_check: r002e436a084c54494c1c1a77145a30677b7b693f
14.08.2019 17:14:46: _MAKE_VAR_DUMP_RANDOM: i1a88447d5b5e94783410747c6d3c6b5a2794
14.08.2019 17:14:46: _MAKE_VAR_DUMP_CLIENT: t4d3268572a4792679a
14.08.2019 17:14:46: _DUMPINGPLAYERUIDARRAY: j3012563488027210699a49026c8a1a8c
14.08.2019 17:14:46: _CURRENTLYDUMPING: l593f19108f75563489361c
14.08.2019 17:14:46: _antiantihack_rndvar: r7f3a49627a6c9a622d
14.08.2019 17:14:46: _name_by_uid: p64263b338b2964046f857d2729771d726a1a6f12
14.08.2019 17:14:46: _owner_by_uid: w8c4d7a2e741b082787
14.08.2019 17:14:46: _customcommandingMenu: i422c3a14773f675039
14.08.2019 17:14:46: _customcommandingMenuOpen: b1e390f2a3464121c214c6747546a224423
14.08.2019 17:14:46: _AH_KICKLOG: PVAHR_1w6i2t2j3x6a4y
14.08.2019 17:14:46: ----END-LINE----   (14-08-2019 15-50-47 - v259)
14.08.2019 17:19:12: <infiSTAR.de> _fnc_RandomGen: {
_fnc_actualGen = {
_abc = ['z','y','x','w','v','u','t','s','r','q','p','o','n','m','l','k','j','i','h','g','f','e','d','c','b','a'];
_gen = _abc select (random ((count _abc)-1));
_arr = ['a','0','4','6','c','2','2','e','a','a','7','d','7','f','4','9','9','a','4','0','7','3','b','5','9','b','c','8','8','d','a','c','1'];
_randmax = {((round(random _randminval)) + (round(random _randmaxval))) max _randminval};
for '_i' from 0 to (call _randmax)do
{
_gen = _gen + str(round(random 9)) + (_arr select (random ((count _arr)-1)));
};
};
_gen = '';
while{_gen=='' || _gen in _allRandomGenVars}do{
call _fnc_actualGen;
};
_allRandomGenVars pushBack _gen;
_gen
}
14.08.2019 17:19:12: ----START-LINE----   (14-08-2019 15-50-47 - v259)
14.08.2019 17:19:12: _adminbox: o23572a388a69076c83
14.08.2019 17:19:12: _fnc_mpPackets: i131c7c10803c078b44
14.08.2019 17:19:12: _FNC_AH_KICKLOG: g4a5c8c776b4e4718566207246d37187a33
14.08.2019 17:19:12: _FNC_AH_KICKLOGSPAWN: t9d8a8674183e48889b
14.08.2019 17:19:12: _FNC_PVAH_AdminReq: y789a71375d13346a3b
14.08.2019 17:19:12: _token_by_uid: t938618399d138d343a4c6c535a4a04375b
14.08.2019 17:19:12: _uid_by_token: p12841a5a34144022378a660b397274476a6c
14.08.2019 17:19:12: _server_setTokenR: v074f251744197749632a6c490a9c5a3788
14.08.2019 17:19:12: _YourPlayerToken: e5b8524578579155a551d2854342b4a57271b3c3c3a7c
14.08.2019 17:19:12: _TokenCT: s254864831032397a2c5f
14.08.2019 17:19:12: _AH_MAIN_BLOCK: g8a105a2e8934806d77414a9c4d489a70
14.08.2019 17:19:12: _AHKickOFF: n6c112d396f4082546a53507a427c9014
14.08.2019 17:19:12: _AHKickLog: m1679737474336c69987a1f1d2c
14.08.2019 17:19:12: _clientdo: f848b5f7702893e6077123470564d575413
14.08.2019 17:19:12: _AH_RunCheckENDVAR: s8c067157537c6a1d05382a82671a5a19
14.08.2019 17:19:12: _AH_RunCheckENDVAR_THREAD: w959346748c3476607a
14.08.2019 17:19:12: _AH_HackLogArrayRND: q7b8722092b9c1c884f
14.08.2019 17:19:12: _AH_SurvLogArrayRND: g5942107a527a969460983a3122497349
14.08.2019 17:19:12: _AH_AdmiLogArrayRND: h2a124a9e9d7c92202969498c693a026964060c
14.08.2019 17:19:12: _TMPBAN: u0769702c3e5a6a3b9c5a526a89565a498c578c2611
14.08.2019 17:19:12: _massMessage: u289a6b37873a2f57595a83
14.08.2019 17:19:12: _massSysMessage: a12175d677d158d5895
14.08.2019 17:19:12: _AHpos: j4a87785014182a079b
14.08.2019 17:19:12: _ninetwo: z477a55030e636a7257
14.08.2019 17:19:12: _ninetwothread: m6b7c799a34758d197484409674194c5a8a
14.08.2019 17:19:12: _adminsA: g82243b03187a84154a4870534a1c104b
14.08.2019 17:19:12: _MC: o6a54444a873a704320
14.08.2019 17:19:12: _MCS: a8744823554090a2208327f296219420f20204a
14.08.2019 17:19:12: _checkidicheckcheck: j183b15839a3b309c20905023547b
14.08.2019 17:19:12: _lastshotmade: k869a192a441a227d8f
14.08.2019 17:19:12: _dellocveh: c79504a3f5a921a73171c442e4a3936383d16
14.08.2019 17:19:12: _inCombatTime: u8a8a4a3b705d54611e4a1b49389b4d964b43343885
14.08.2019 17:19:12: _inCombatArray: j50878a8d1e2857578e
14.08.2019 17:19:12: _fnc_infiKeyHandler: i36328a723a2c7b7a597c643c7c777927888830
14.08.2019 17:19:12: _vehicle_needs_check: f840f0647773a777f424f7d592259
14.08.2019 17:19:12: _MAKE_VAR_DUMP_RANDOM: p087d1e29840737401b7a
14.08.2019 17:19:12: _MAKE_VAR_DUMP_CLIENT: i6757992a3c7244271794
14.08.2019 17:19:12: _DUMPINGPLAYERUIDARRAY: l649c2c692a201976378b0c35805229505f2c4a1784
14.08.2019 17:19:12: _CURRENTLYDUMPING: p4299399d6a2a6b7a520b
14.08.2019 17:19:12: _antiantihack_rndvar: x78204b198a1b7f32399c5457
14.08.2019 17:19:12: _name_by_uid: o4756348c3b977c87179d0422471d99727b
14.08.2019 17:19:12: _owner_by_uid: c1d4a0c2a445255694e
14.08.2019 17:19:12: _customcommandingMenu: y0a72506d4a870487146c2719827a947836
14.08.2019 17:19:12: _customcommandingMenuOpen: a5a7260224a4e105839
14.08.2019 17:19:12: _AH_KICKLOG: PVAHR_0g2s9v7g7r3l3d
14.08.2019 17:19:12: ----END-LINE----   (14-08-2019 15-50-47 - v259)
14.08.2019 17:47:35: <infiSTAR.de> _fnc_RandomGen: {
_fnc_actualGen = {
_abc = ['z','y','x','w','v','u','t','s','r','q','p','o','n','m','l','k','j','i','h','g','f','e','d','c','b','a'];
_gen = _abc select (random ((count _abc)-1));
_arr = ['a','0','4','6','c','2','2','e','a','a','7','d','7','f','4','9','9','a','4','0','7','3','b','5','9','b','c','8','8','d','a','c','1'];
_randmax = {((round(random _randminval)) + (round(random _randmaxval))) max _randminval};
for '_i' from 0 to (call _randmax)do
{
_gen = _gen + str(round(random 9)) + (_arr select (random ((count _arr)-1)));
};
};
_gen = '';
while{_gen=='' || _gen in _allRandomGenVars}do{
call _fnc_actualGen;
};
_allRandomGenVars pushBack _gen;
_gen
}
14.08.2019 17:47:35: ----START-LINE----   (14-08-2019 15-50-47 - v259)
14.08.2019 17:47:35: _adminbox: r5d303a894a2b89221e82228b78985b0a7472
14.08.2019 17:47:35: _fnc_mpPackets: u4d3a5e443909196a2a
14.08.2019 17:47:35: _FNC_AH_KICKLOG: r802724785f2a396247
14.08.2019 17:47:35: _FNC_AH_KICKLOGSPAWN: x79989c665e5d3d170e736a5e3472
14.08.2019 17:47:35: _FNC_PVAH_AdminReq: r453a1c8b724e5f497a
14.08.2019 17:47:35: _token_by_uid: x2a8f2c8a8a618d2b97
14.08.2019 17:47:35: _uid_by_token: r2a1a60817a045a640d0e27696a2d553a6d3c3639
14.08.2019 17:47:35: _server_setTokenR: i688734078f5c85206a775757083d
14.08.2019 17:47:35: _YourPlayerToken: c9c8c6d495706196a4f3a3a496454
14.08.2019 17:47:35: _TokenCT: u7a4a325e02143e8c2707566b2842888d47104228
14.08.2019 17:47:35: _AH_MAIN_BLOCK: j6f3b90782c14422a2332
14.08.2019 17:47:35: _AHKickOFF: z374372181076576f4b787c5a673e3a677049
14.08.2019 17:47:35: _AHKickLog: t8d4a207b9c72412a53131230667c26
14.08.2019 17:47:35: _clientdo: x6c9d367969040d0a4b695b
14.08.2019 17:47:35: _AH_RunCheckENDVAR: y574f171a2b657d209b5c504847528c699957234753
14.08.2019 17:47:35: _AH_RunCheckENDVAR_THREAD: q1a39491a8d2d39842c592a272c8e192c96
14.08.2019 17:47:35: _AH_HackLogArrayRND: k2f7e2474194c548a6d
14.08.2019 17:47:35: _AH_SurvLogArrayRND: o2d8d7e8d30641c4b60
14.08.2019 17:47:35: _AH_AdmiLogArrayRND: o706b29574877313f588a04627879
14.08.2019 17:47:35: _TMPBAN: m9d7c5052382b694d4e68886667093555
14.08.2019 17:47:35: _massMessage: v24229e5a5405381c1c
14.08.2019 17:47:35: _massSysMessage: q6a6f1a0988288a471a8a7c3974
14.08.2019 17:47:35: _AHpos: l262034448785474a39
14.08.2019 17:47:35: _ninetwo: k786a2d447c8969761c
14.08.2019 17:47:35: _ninetwothread: h223a8805788a8a2d53
14.08.2019 17:47:35: _adminsA: i5a0877541f297c4915185147
14.08.2019 17:47:35: _MC: q201e1987786d752544808b16584a228a525c0b36
14.08.2019 17:47:35: _MCS: m2f4839461291846b5a9a7d378830
14.08.2019 17:47:35: _checkidicheckcheck: s4f7b315457681838273d506c5d64
14.08.2019 17:47:35: _lastshotmade: y3a9134573c0d677c19
14.08.2019 17:47:35: _dellocveh: v3c84526b19748d353f900f0d67228c8e3b
14.08.2019 17:47:35: _inCombatTime: i5b4f378a4d6084422d1d49796318
14.08.2019 17:47:35: _inCombatArray: d3a88503976144b4d2c5b45747b19640c24362a09
14.08.2019 17:47:35: _fnc_infiKeyHandler: x778946085e8a289d774b7a616a4a44478a331734267d24
14.08.2019 17:47:35: _vehicle_needs_check: e60402d7f67748a108a4d101b5447148c5b3a9028
14.08.2019 17:47:35: _MAKE_VAR_DUMP_RANDOM: p887b8c8f59241217192c5c1d20
14.08.2019 17:47:35: _MAKE_VAR_DUMP_CLIENT: t5a577a2f0d391d5c5c382d7a964a
14.08.2019 17:47:35: _DUMPINGPLAYERUIDARRAY: j692217773b721e895a242d
14.08.2019 17:47:35: _CURRENTLYDUMPING: m6c4b654227790c463f4b37878f406b853a84
14.08.2019 17:47:35: _antiantihack_rndvar: k64370c7772685d9a0a
14.08.2019 17:47:35: _name_by_uid: j316c3c175a9a4c6c24
14.08.2019 17:47:35: _owner_by_uid: p277394602a17728c49740a
14.08.2019 17:47:35: _customcommandingMenu: v6c59102d971d4518442d049a1e40044c
14.08.2019 17:47:35: _customcommandingMenuOpen: m520a7c173d17105d7e7b5c23
14.08.2019 17:47:35: _AH_KICKLOG: PVAHR_3t7e6e4u7f2g
14.08.2019 17:47:35: ----END-LINE----   (14-08-2019 15-50-47 - v259)
14.08.2019 17:57:22: <infiSTAR.de> _fnc_RandomGen: {
_fnc_actualGen = {
_abc = ['z','y','x','w','v','u','t','s','r','q','p','o','n','m','l','k','j','i','h','g','f','e','d','c','b','a'];
_gen = _abc select (random ((count _abc)-1));
_arr = ['a','0','4','6','c','2','2','e','a','a','7','d','7','f','4','9','9','a','4','0','7','3','b','5','9','b','c','8','8','d','a','c','1'];
_randmax = {((round(random _randminval)) + (round(random _randmaxval))) max _randminval};
for '_i' from 0 to (call _randmax)do
{
_gen = _gen + str(round(random 9)) + (_arr select (random ((count _arr)-1)));
};
};
_gen = '';
while{_gen=='' || _gen in _allRandomGenVars}do{
call _fnc_actualGen;
};
_allRandomGenVars pushBack _gen;
_gen
}
14.08.2019 17:57:22: ----START-LINE----   (14-08-2019 15-50-47 - v259)
14.08.2019 17:57:22: _adminbox: j4b460c64995063698040701a977b40
14.08.2019 17:57:22: _fnc_mpPackets: j2d636c52678769591039678839
14.08.2019 17:57:22: _FNC_AH_KICKLOG: j381d8489684d89265c
14.08.2019 17:57:22: _FNC_AH_KICKLOGSPAWN: y1721353b2477075c22474779
14.08.2019 17:57:22: _FNC_PVAH_AdminReq: q82245e7d1d2c201e82797214
14.08.2019 17:57:22: _token_by_uid: z774d07284897473068
14.08.2019 17:57:22: _uid_by_token: v2a4a578d74296a5324
14.08.2019 17:57:22: _server_setTokenR: w6951143c50928e14255987
14.08.2019 17:57:22: _YourPlayerToken: o724657123167591a77
14.08.2019 17:57:22: _TokenCT: a6f5a8a0c865214541d27247c1824
14.08.2019 17:57:22: _AH_MAIN_BLOCK: i8c6d174047796c478d1a206984517915
14.08.2019 17:57:22: _AHKickOFF: u8e1a2a7a6a8a542a698996872a2889534716228940
14.08.2019 17:57:22: _AHKickLog: g0b6d5a0962900d2a77
14.08.2019 17:57:22: _clientdo: w555854267d548c4d7a8c68181a4a0c8747843a
14.08.2019 17:57:22: _AH_RunCheckENDVAR: f527a7a9d592d7a1c474d
14.08.2019 17:57:22: _AH_RunCheckENDVAR_THREAD: q58859e7053949d4500
14.08.2019 17:57:22: _AH_HackLogArrayRND: o4f324a7c3a1810245e
14.08.2019 17:57:22: _AH_SurvLogArrayRND: i6a765d608407109d18574a3e8c392b7a6a6812100464
14.08.2019 17:57:22: _AH_AdmiLogArrayRND: d71599a181412275a8a3754152c99
14.08.2019 17:57:22: _TMPBAN: e505417622458330a522a6a3a
14.08.2019 17:57:22: _massMessage: e7b088b6c7a8b6a227e670a1e1f87
14.08.2019 17:57:22: _massSysMessage: c97628d326b10557e2e422a47593c507c204b3d
14.08.2019 17:57:22: _AHpos: n777c27262a8c22223a1310202a86377a72
14.08.2019 17:57:22: _ninetwo: h8a0c3c1c2789375072117440932438070d84
14.08.2019 17:57:22: _ninetwothread: f793a20841e90498a6f6a
14.08.2019 17:57:22: _adminsA: z373644388062407a8c445d5c1b5130386750
14.08.2019 17:57:22: _MC: d347a4a522a6a9c4f294a6a480b9c8f32884434
14.08.2019 17:57:22: _MCS: b39593e6c692e348c5f6a79
14.08.2019 17:57:22: _checkidicheckcheck: v8957526d175b2978446a605c5b291a
14.08.2019 17:57:22: _lastshotmade: z53827a4469872c9515103d8280735b
14.08.2019 17:57:22: _dellocveh: g568734398b8f79426a7c8779473d
14.08.2019 17:57:22: _inCombatTime: c6b3e389c74098737378708478a6d678434
14.08.2019 17:57:22: _inCombatArray: f7a40196803292747961b174577176a9a47324a283b9a4452
14.08.2019 17:57:22: _fnc_infiKeyHandler: k177a4f375f162a3437
14.08.2019 17:57:22: _vehicle_needs_check: s714f53692a8475122c1b7a09546a37891a138f743c7a3984
14.08.2019 17:57:22: _MAKE_VAR_DUMP_RANDOM: o37288270787f2a54622c7a456e
14.08.2019 17:57:22: _MAKE_VAR_DUMP_CLIENT: w372c1b2c5a89833b1a5c9e486c9b28203419088c6d7a
14.08.2019 17:57:22: _DUMPINGPLAYERUIDARRAY: g40003748247897668d8a6e028e497518572815
14.08.2019 17:57:22: _CURRENTLYDUMPING: r8754383d521772482c
14.08.2019 17:57:22: _antiantihack_rndvar: v401030093a985128643a5a90
14.08.2019 17:57:22: _name_by_uid: c8f6e140d435944566d
14.08.2019 17:57:22: _owner_by_uid: z9c58502e7e522b1354
14.08.2019 17:57:22: _customcommandingMenu: w8c832c3a3f2d561a98
14.08.2019 17:57:22: _customcommandingMenuOpen: y4778774a7a708d2c6e778c0c355a359f
14.08.2019 17:57:22: _AH_KICKLOG: PVAHR_8k6x0t5y2u1t1j
14.08.2019 17:57:22: ----END-LINE----   (14-08-2019 15-50-47 - v259)
