14.08.2019 16:10:02: Checking infiSTAR license..
14.08.2019 16:10:02: infiSTAR customerID found.
14.08.2019 16:10:02: infiSTAR productLicense found.
14.08.2019 16:10:02: infiSTAR license result: ok
14.08.2019 16:47:17: Checking infiSTAR license..
14.08.2019 16:47:17: infiSTAR customerID found.
14.08.2019 16:47:17: infiSTAR productLicense found.
14.08.2019 16:47:17: infiSTAR serverName found: 1Duckfine Test Server 2Duckfine Test Server 3Duckfine Test Server 4Duckfine Test Server 5Duckfine Test Server 6Duckfine Test Server 7Duckfine Test
14.08.2019 16:47:18: infiSTAR license result: ok
14.08.2019 16:53:21: Checking infiSTAR license..
14.08.2019 16:53:21: infiSTAR customerID found.
14.08.2019 16:53:21: infiSTAR productLicense found.
14.08.2019 16:53:21: infiSTAR serverName found: 1Duckfine Test Server 2Duckfine Test Server 3Duckfine Test Server 4Duckfine Test Server 5Duckfine Test Server 6Duckfine Test Server 7Duckfine Test
14.08.2019 16:53:22: infiSTAR license result: ok
14.08.2019 17:02:26: Checking infiSTAR license..
14.08.2019 17:02:26: infiSTAR customerID found.
14.08.2019 17:02:26: infiSTAR productLicense found.
14.08.2019 17:02:26: infiSTAR serverName found: 1Duckfine Test Server 2Duckfine Test Server 3Duckfine Test Server 4Duckfine Test Server 5Duckfine Test Server 6Duckfine Test Server 7Duckfine Test
14.08.2019 17:02:26: infiSTAR license result: ok
14.08.2019 17:04:29: Checking infiSTAR license..
14.08.2019 17:04:29: infiSTAR customerID found.
14.08.2019 17:04:29: infiSTAR productLicense found.
14.08.2019 17:04:29: infiSTAR serverName found: 1Duckfine Test Server 2Duckfine Test Server 3Duckfine Test Server 4Duckfine Test Server 5Duckfine Test Server 6Duckfine Test Server 7Duckfine Test
14.08.2019 17:04:29: infiSTAR license result: ok
14.08.2019 17:10:13: Checking infiSTAR license..
14.08.2019 17:10:13: infiSTAR customerID found.
14.08.2019 17:10:13: infiSTAR productLicense found.
14.08.2019 17:10:13: infiSTAR serverName found: 1Duckfine Test Server 2Duckfine Test Server 3Duckfine Test Server 4Duckfine Test Server 5Duckfine Test Server 6Duckfine Test Server 7Duckfine Test
14.08.2019 17:10:13: infiSTAR license result: ok
14.08.2019 17:11:38: Checking infiSTAR license..
14.08.2019 17:11:38: infiSTAR customerID found.
14.08.2019 17:11:38: infiSTAR productLicense found.
14.08.2019 17:11:38: infiSTAR serverName found: 1Duckfine Test Server 2Duckfine Test Server 3Duckfine Test Server 4Duckfine Test Server 5Duckfine Test Server 6Duckfine Test Server 7Duckfine Test
14.08.2019 17:11:38: infiSTAR license result: Exception: Die zugrunde liegende Verbindung wurde geschlossen: Unbekannter Fehler beim Empfangen..
14.08.2019 17:14:45: Checking infiSTAR license..
14.08.2019 17:14:45: infiSTAR customerID found.
14.08.2019 17:14:45: infiSTAR productLicense found.
14.08.2019 17:14:45: infiSTAR serverName found: 1Duckfine Test Server 2Duckfine Test Server 3Duckfine Test Server 4Duckfine Test Server 5Duckfine Test Server 6Duckfine Test Server 7Duckfine Test
14.08.2019 17:14:45: infiSTAR license result: ok
14.08.2019 17:19:11: Checking infiSTAR license..
14.08.2019 17:19:11: infiSTAR customerID found.
14.08.2019 17:19:11: infiSTAR productLicense found.
14.08.2019 17:19:11: infiSTAR serverName found: 1Duckfine Test Server 2Duckfine Test Server 3Duckfine Test Server 4Duckfine Test Server 5Duckfine Test Server 6Duckfine Test Server 7Duckfine Test
14.08.2019 17:19:11: infiSTAR license result: ok
14.08.2019 17:47:35: Checking infiSTAR license..
14.08.2019 17:47:35: infiSTAR customerID found.
14.08.2019 17:47:35: infiSTAR productLicense found.
14.08.2019 17:47:35: infiSTAR serverName found: 1Duckfine Test Server 2Duckfine Test Server 3Duckfine Test Server 4Duckfine Test Server 5Duckfine Test Server 6Duckfine Test Server 7Duckfine Test
14.08.2019 17:47:35: infiSTAR license result: ok
14.08.2019 17:57:22: Checking infiSTAR license..
14.08.2019 17:57:22: infiSTAR customerID found.
14.08.2019 17:57:22: infiSTAR productLicense found.
14.08.2019 17:57:22: infiSTAR serverName found: 1Duckfine Test Server 2Duckfine Test Server 3Duckfine Test Server 4Duckfine Test Server 5Duckfine Test Server 6Duckfine Test Server 7Duckfine Test
14.08.2019 17:57:22: infiSTAR license result: ok
16.08.2019 12:46:00: Checking infiSTAR license..
16.08.2019 12:46:00: infiSTAR customerID found.
16.08.2019 12:46:00: infiSTAR productLicense found.
16.08.2019 12:46:00: infiSTAR serverName found: 1Duckfine Test Server 2Duckfine Test Server 3Duckfine Test Server 4Duckfine Test Server 5Duckfine Test Server 6Duckfine Test Server 7Duckfine Test
16.08.2019 12:46:00: infiSTAR license result: ok
16.08.2019 12:49:36: Checking infiSTAR license..
16.08.2019 12:49:36: infiSTAR customerID found.
16.08.2019 12:49:36: infiSTAR productLicense found.
16.08.2019 12:49:36: infiSTAR serverName found: 1Duckfine Test Server 2Duckfine Test Server 3Duckfine Test Server 4Duckfine Test Server 5Duckfine Test Server 6Duckfine Test Server 7Duckfine Test
16.08.2019 12:49:37: infiSTAR license result: ok
16.08.2019 12:53:16: Checking infiSTAR license..
16.08.2019 12:53:16: infiSTAR customerID found.
16.08.2019 12:53:16: infiSTAR productLicense found.
16.08.2019 12:53:16: infiSTAR serverName found: 1Duckfine Test Server 2Duckfine Test Server 3Duckfine Test Server 4Duckfine Test Server 5Duckfine Test Server 6Duckfine Test Server 7Duckfine Test
16.08.2019 12:53:17: infiSTAR license result: ok
16.08.2019 16:07:45: Checking infiSTAR license..
16.08.2019 16:07:45: infiSTAR customerID found.
16.08.2019 16:07:45: infiSTAR productLicense found.
16.08.2019 16:07:45: infiSTAR serverName found: 1Duckfine Test Server 2Duckfine Test Server 3Duckfine Test Server 4Duckfine Test Server 5Duckfine Test Server 6Duckfine Test Server 7Duckfine Test
16.08.2019 16:07:46: infiSTAR license result: ok
16.08.2019 16:11:38: Checking infiSTAR license..
16.08.2019 16:11:38: infiSTAR customerID found.
16.08.2019 16:11:38: infiSTAR productLicense found.
16.08.2019 16:11:38: infiSTAR serverName found: 1Duckfine Test Server 2Duckfine Test Server 3Duckfine Test Server 4Duckfine Test Server 5Duckfine Test Server 6Duckfine Test Server 7Duckfine Test
16.08.2019 16:11:38: infiSTAR license result: ok
16.08.2019 16:27:02: Checking infiSTAR license..
16.08.2019 16:27:02: infiSTAR customerID found.
16.08.2019 16:27:02: infiSTAR productLicense found.
16.08.2019 16:27:02: infiSTAR serverName found: 1Duckfine Test Server 2Duckfine Test Server 3Duckfine Test Server 4Duckfine Test Server 5Duckfine Test Server 6Duckfine Test Server 7Duckfine Test
16.08.2019 16:27:02: infiSTAR license result: ok
16.08.2019 17:33:54: Checking infiSTAR license..
16.08.2019 17:33:54: infiSTAR customerID found.
16.08.2019 17:33:54: infiSTAR productLicense found.
16.08.2019 17:33:54: infiSTAR serverName found: 1Duckfine Test Server 2Duckfine Test Server 3Duckfine Test Server 4Duckfine Test Server 5Duckfine Test Server 6Duckfine Test Server 7Duckfine Test
16.08.2019 17:33:54: infiSTAR license result: ok
16.08.2019 17:40:21: Checking infiSTAR license..
16.08.2019 17:40:21: infiSTAR customerID found.
16.08.2019 17:40:21: infiSTAR productLicense found.
16.08.2019 17:40:21: infiSTAR serverName found: 1Duckfine Test Server 2Duckfine Test Server 3Duckfine Test Server 4Duckfine Test Server 5Duckfine Test Server 6Duckfine Test Server 7Duckfine Test
16.08.2019 17:40:22: infiSTAR license result: ok
16.08.2019 17:48:41: Checking infiSTAR license..
16.08.2019 17:48:41: infiSTAR customerID found.
16.08.2019 17:48:41: infiSTAR productLicense found.
16.08.2019 17:48:41: infiSTAR serverName found: 1Duckfine Test Server 2Duckfine Test Server 3Duckfine Test Server 4Duckfine Test Server 5Duckfine Test Server 6Duckfine Test Server 7Duckfine Test
16.08.2019 17:48:41: infiSTAR license result: ok
16.08.2019 17:52:12: Checking infiSTAR license..
16.08.2019 17:52:12: infiSTAR customerID found.
16.08.2019 17:52:12: infiSTAR productLicense found.
16.08.2019 17:52:12: infiSTAR serverName found: 1Duckfine Test Server 2Duckfine Test Server 3Duckfine Test Server 4Duckfine Test Server 5Duckfine Test Server 6Duckfine Test Server 7Duckfine Test
16.08.2019 17:52:12: infiSTAR license result: ok
16.08.2019 18:19:34: Checking infiSTAR license..
16.08.2019 18:19:34: infiSTAR customerID found.
16.08.2019 18:19:34: infiSTAR productLicense found.
16.08.2019 18:19:34: infiSTAR serverName found: 1Duckfine Test Server 2Duckfine Test Server 3Duckfine Test Server 4Duckfine Test Server 5Duckfine Test Server 6Duckfine Test Server 7Duckfine Test
16.08.2019 18:19:34: infiSTAR license result: ok
16.08.2019 18:25:43: Checking infiSTAR license..
16.08.2019 18:25:43: infiSTAR customerID found.
16.08.2019 18:25:43: infiSTAR productLicense found.
16.08.2019 18:25:43: infiSTAR serverName found: 1Duckfine Test Server 2Duckfine Test Server 3Duckfine Test Server 4Duckfine Test Server 5Duckfine Test Server 6Duckfine Test Server 7Duckfine Test
16.08.2019 18:25:44: infiSTAR license result: ok
16.08.2019 23:37:16: Checking infiSTAR license..
16.08.2019 23:37:16: infiSTAR customerID found.
16.08.2019 23:37:16: infiSTAR productLicense found.
16.08.2019 23:37:16: infiSTAR serverName found: 1Duckfine Test Server 2Duckfine Test Server 3Duckfine Test Server 4Duckfine Test Server 5Duckfine Test Server 6Duckfine Test Server 7Duckfine Test
16.08.2019 23:37:16: infiSTAR license result: ok
20.08.2019 15:22:25: Checking infiSTAR license..
20.08.2019 15:22:25: infiSTAR customerID found.
20.08.2019 15:22:25: infiSTAR productLicense found.
20.08.2019 15:22:25: infiSTAR serverName found: 1Duckfine Test Server 2Duckfine Test Server 3Duckfine Test Server 4Duckfine Test Server 5Duckfine Test Server 6Duckfine Test Server 7Duckfine Test
20.08.2019 15:22:25: infiSTAR license result: ok
20.08.2019 15:25:29: Checking infiSTAR license..
20.08.2019 15:25:29: infiSTAR customerID found.
20.08.2019 15:25:29: infiSTAR productLicense found.
20.08.2019 15:25:29: infiSTAR serverName found: 1Duckfine Test Server 2Duckfine Test Server 3Duckfine Test Server 4Duckfine Test Server 5Duckfine Test Server 6Duckfine Test Server 7Duckfine Test
20.08.2019 15:25:30: infiSTAR license result: ok
20.08.2019 15:32:35: Checking infiSTAR license..
20.08.2019 15:32:35: infiSTAR customerID found.
20.08.2019 15:32:35: infiSTAR productLicense found.
20.08.2019 15:32:35: infiSTAR serverName found: 1Duckfine Test Server 2Duckfine Test Server 3Duckfine Test Server 4Duckfine Test Server 5Duckfine Test Server 6Duckfine Test Server 7Duckfine Test
20.08.2019 15:32:35: infiSTAR license result: ok
25.09.2019 21:50:00: Checking infiSTAR license..
25.09.2019 21:50:00: infiSTAR customerID found.
25.09.2019 21:50:00: infiSTAR productLicense found.
25.09.2019 21:50:00: infiSTAR serverName found: 1Duckfine Test Server 2Duckfine Test Server 3Duckfine Test Server 4Duckfine Test Server 5Duckfine Test Server 6Duckfine Test Server 7Duckfine Test
25.09.2019 21:50:00: infiSTAR license result: ok
25.09.2019 22:21:57: Checking infiSTAR license..
25.09.2019 22:21:57: infiSTAR customerID found.
25.09.2019 22:21:57: infiSTAR productLicense found.
25.09.2019 22:21:57: infiSTAR serverName found: 1Duckfine Test Server 2Duckfine Test Server 3Duckfine Test Server 4Duckfine Test Server 5Duckfine Test Server 6Duckfine Test Server 7Duckfine Test
25.09.2019 22:21:57: infiSTAR license result: ok
25.09.2019 22:31:34: Checking infiSTAR license..
25.09.2019 22:31:34: infiSTAR customerID found.
25.09.2019 22:31:34: infiSTAR productLicense found.
25.09.2019 22:31:34: infiSTAR serverName found: 1Duckfine Test Server 2Duckfine Test Server 3Duckfine Test Server 4Duckfine Test Server 5Duckfine Test Server 6Duckfine Test Server 7Duckfine Test
25.09.2019 22:31:34: infiSTAR license result: ok
29.09.2019 14:35:12: Checking infiSTAR license..
29.09.2019 14:35:12: infiSTAR customerID found.
29.09.2019 14:35:12: infiSTAR productLicense found.
29.09.2019 14:35:12: infiSTAR serverName found: 1Duckfine Test Server 2Duckfine Test Server 3Duckfine Test Server 4Duckfine Test Server 5Duckfine Test Server 6Duckfine Test Server 7Duckfine Test
29.09.2019 14:35:13: infiSTAR license result: ok
29.09.2019 14:38:08: Checking infiSTAR license..
29.09.2019 14:38:08: infiSTAR customerID found.
29.09.2019 14:38:08: infiSTAR productLicense found.
29.09.2019 14:38:08: infiSTAR serverName found: 1Duckfine Test Server 2Duckfine Test Server 3Duckfine Test Server 4Duckfine Test Server 5Duckfine Test Server 6Duckfine Test Server 7Duckfine Test
29.09.2019 14:38:08: infiSTAR license result: ok
29.09.2019 14:41:20: Checking infiSTAR license..
29.09.2019 14:41:20: infiSTAR customerID found.
29.09.2019 14:41:20: infiSTAR productLicense found.
29.09.2019 14:41:20: infiSTAR serverName found: 1Duckfine Test Server 2Duckfine Test Server 3Duckfine Test Server 4Duckfine Test Server 5Duckfine Test Server 6Duckfine Test Server 7Duckfine Test
29.09.2019 14:41:20: infiSTAR license result: ok
29.09.2019 14:50:24: Checking infiSTAR license..
29.09.2019 14:50:24: infiSTAR customerID found.
29.09.2019 14:50:24: infiSTAR productLicense found.
29.09.2019 14:50:24: infiSTAR serverName found: 1Duckfine Test Server 2Duckfine Test Server 3Duckfine Test Server 4Duckfine Test Server 5Duckfine Test Server 6Duckfine Test Server 7Duckfine Test
29.09.2019 14:50:24: infiSTAR license result: ok
29.09.2019 16:08:21: Checking infiSTAR license..
29.09.2019 16:08:21: infiSTAR customerID found.
29.09.2019 16:08:21: infiSTAR productLicense found.
29.09.2019 16:08:21: infiSTAR serverName found: 1Duckfine Test Server 2Duckfine Test Server 3Duckfine Test Server 4Duckfine Test Server 5Duckfine Test Server 6Duckfine Test Server 7Duckfine Test
29.09.2019 16:08:21: infiSTAR license result: ok
29.09.2019 16:20:29: Checking infiSTAR license..
29.09.2019 16:20:29: infiSTAR customerID found.
29.09.2019 16:20:29: infiSTAR productLicense found.
29.09.2019 16:20:29: infiSTAR serverName found: 1Duckfine Test Server 2Duckfine Test Server 3Duckfine Test Server 4Duckfine Test Server 5Duckfine Test Server 6Duckfine Test Server 7Duckfine Test
29.09.2019 16:20:29: infiSTAR license result: ok
29.09.2019 16:25:29: Checking infiSTAR license..
29.09.2019 16:25:29: infiSTAR customerID found.
29.09.2019 16:25:29: infiSTAR productLicense found.
29.09.2019 16:25:29: infiSTAR serverName found: 1Duckfine Test Server 2Duckfine Test Server 3Duckfine Test Server 4Duckfine Test Server 5Duckfine Test Server 6Duckfine Test Server 7Duckfine Test
29.09.2019 16:25:29: infiSTAR license result: ok
29.09.2019 16:28:14: Checking infiSTAR license..
29.09.2019 16:28:14: infiSTAR customerID found.
29.09.2019 16:28:14: infiSTAR productLicense found.
29.09.2019 16:28:14: infiSTAR serverName found: 1Duckfine Test Server 2Duckfine Test Server 3Duckfine Test Server 4Duckfine Test Server 5Duckfine Test Server 6Duckfine Test Server 7Duckfine Test
29.09.2019 16:28:14: infiSTAR license result: ok
29.09.2019 16:56:14: Checking infiSTAR license..
29.09.2019 16:56:14: infiSTAR customerID found.
29.09.2019 16:56:14: infiSTAR productLicense found.
29.09.2019 16:56:14: infiSTAR serverName found: 1Duckfine Test Server 2Duckfine Test Server 3Duckfine Test Server 4Duckfine Test Server 5Duckfine Test Server 6Duckfine Test Server 7Duckfine Test
29.09.2019 16:56:14: infiSTAR license result: ok
29.09.2019 17:01:44: Checking infiSTAR license..
29.09.2019 17:01:44: infiSTAR customerID found.
29.09.2019 17:01:44: infiSTAR productLicense found.
29.09.2019 17:01:44: infiSTAR serverName found: 1Duckfine Test Server 2Duckfine Test Server 3Duckfine Test Server 4Duckfine Test Server 5Duckfine Test Server 6Duckfine Test Server 7Duckfine Test
29.09.2019 17:01:44: infiSTAR license result: ok
29.09.2019 18:20:22: Checking infiSTAR license..
29.09.2019 18:20:22: infiSTAR customerID found.
29.09.2019 18:20:22: infiSTAR productLicense found.
29.09.2019 18:20:22: infiSTAR serverName found: 1Duckfine Test Server 2Duckfine Test Server 3Duckfine Test Server 4Duckfine Test Server 5Duckfine Test Server 6Duckfine Test Server 7Duckfine Test
29.09.2019 18:20:23: infiSTAR license result: ok
29.09.2019 18:29:15: Checking infiSTAR license..
29.09.2019 18:29:15: infiSTAR customerID found.
29.09.2019 18:29:15: infiSTAR productLicense found.
29.09.2019 18:29:15: infiSTAR serverName found: 1Duckfine Test Server 2Duckfine Test Server 3Duckfine Test Server 4Duckfine Test Server 5Duckfine Test Server 6Duckfine Test Server 7Duckfine Test
29.09.2019 18:29:15: infiSTAR license result: ok
29.09.2019 18:30:12: Checking infiSTAR license..
29.09.2019 18:30:12: infiSTAR customerID found.
29.09.2019 18:30:12: infiSTAR productLicense found.
29.09.2019 18:30:12: infiSTAR serverName found: 1Duckfine Test Server 2Duckfine Test Server 3Duckfine Test Server 4Duckfine Test Server 5Duckfine Test Server 6Duckfine Test Server 7Duckfine Test
29.09.2019 18:30:12: infiSTAR license result: ok
29.09.2019 18:35:16: Checking infiSTAR license..
29.09.2019 18:35:16: infiSTAR customerID found.
29.09.2019 18:35:16: infiSTAR productLicense found.
29.09.2019 18:35:16: infiSTAR serverName found: 1Duckfine Test Server 2Duckfine Test Server 3Duckfine Test Server 4Duckfine Test Server 5Duckfine Test Server 6Duckfine Test Server 7Duckfine Test
29.09.2019 18:35:16: infiSTAR license result: ok
29.09.2019 18:39:44: Checking infiSTAR license..
29.09.2019 18:39:44: infiSTAR customerID found.
29.09.2019 18:39:44: infiSTAR productLicense found.
29.09.2019 18:39:44: infiSTAR serverName found: 1Duckfine Test Server 2Duckfine Test Server 3Duckfine Test Server 4Duckfine Test Server 5Duckfine Test Server 6Duckfine Test Server 7Duckfine Test
29.09.2019 18:39:44: infiSTAR license result: ok
29.09.2019 18:46:40: Checking infiSTAR license..
29.09.2019 18:46:40: infiSTAR customerID found.
29.09.2019 18:46:40: infiSTAR productLicense found.
29.09.2019 18:46:40: infiSTAR serverName found: 1Duckfine Test Server 2Duckfine Test Server 3Duckfine Test Server 4Duckfine Test Server 5Duckfine Test Server 6Duckfine Test Server 7Duckfine Test
29.09.2019 18:46:40: infiSTAR license result: ok
29.09.2019 18:51:04: Checking infiSTAR license..
29.09.2019 18:51:04: infiSTAR customerID found.
29.09.2019 18:51:04: infiSTAR productLicense found.
29.09.2019 18:51:04: infiSTAR serverName found: 1Duckfine Test Server 2Duckfine Test Server 3Duckfine Test Server 4Duckfine Test Server 5Duckfine Test Server 6Duckfine Test Server 7Duckfine Test
29.09.2019 18:51:04: infiSTAR license result: ok
29.09.2019 18:54:35: Checking infiSTAR license..
29.09.2019 18:54:35: infiSTAR customerID found.
29.09.2019 18:54:35: infiSTAR productLicense found.
29.09.2019 18:54:35: infiSTAR serverName found: 1Duckfine Test Server 2Duckfine Test Server 3Duckfine Test Server 4Duckfine Test Server 5Duckfine Test Server 6Duckfine Test Server 7Duckfine Test
29.09.2019 18:54:35: infiSTAR license result: ok
29.09.2019 19:15:28: Checking infiSTAR license..
29.09.2019 19:15:28: infiSTAR customerID found.
29.09.2019 19:15:28: infiSTAR productLicense found.
29.09.2019 19:15:28: infiSTAR serverName found: 1Duckfine Test Server 2Duckfine Test Server 3Duckfine Test Server 4Duckfine Test Server 5Duckfine Test Server 6Duckfine Test Server 7Duckfine Test
29.09.2019 19:15:28: infiSTAR license result: ok
29.09.2019 19:19:57: Checking infiSTAR license..
29.09.2019 19:19:57: infiSTAR customerID found.
29.09.2019 19:19:57: infiSTAR productLicense found.
29.09.2019 19:19:57: infiSTAR serverName found: 1Duckfine Test Server 2Duckfine Test Server 3Duckfine Test Server 4Duckfine Test Server 5Duckfine Test Server 6Duckfine Test Server 7Duckfine Test
29.09.2019 19:19:57: infiSTAR license result: ok
29.09.2019 19:26:52: Checking infiSTAR license..
29.09.2019 19:26:52: infiSTAR customerID found.
29.09.2019 19:26:52: infiSTAR productLicense found.
29.09.2019 19:26:52: infiSTAR serverName found: 1Duckfine Test Server 2Duckfine Test Server 3Duckfine Test Server 4Duckfine Test Server 5Duckfine Test Server 6Duckfine Test Server 7Duckfine Test
29.09.2019 19:26:53: infiSTAR license result: ok
29.09.2019 19:30:42: Checking infiSTAR license..
29.09.2019 19:30:42: infiSTAR customerID found.
29.09.2019 19:30:42: infiSTAR productLicense found.
29.09.2019 19:30:42: infiSTAR serverName found: 1Duckfine Test Server 2Duckfine Test Server 3Duckfine Test Server 4Duckfine Test Server 5Duckfine Test Server 6Duckfine Test Server 7Duckfine Test
29.09.2019 19:30:42: infiSTAR license result: ok
29.09.2019 19:52:48: Checking infiSTAR license..
29.09.2019 19:52:48: infiSTAR customerID found.
29.09.2019 19:52:48: infiSTAR productLicense found.
29.09.2019 19:52:48: infiSTAR serverName found: 1Duckfine Test Server 2Duckfine Test Server 3Duckfine Test Server 4Duckfine Test Server 5Duckfine Test Server 6Duckfine Test Server 7Duckfine Test
29.09.2019 19:52:48: infiSTAR license result: ok
29.09.2019 19:55:13: Checking infiSTAR license..
29.09.2019 19:55:13: infiSTAR customerID found.
29.09.2019 19:55:13: infiSTAR productLicense found.
29.09.2019 19:55:13: infiSTAR serverName found: 1Duckfine Test Server 2Duckfine Test Server 3Duckfine Test Server 4Duckfine Test Server 5Duckfine Test Server 6Duckfine Test Server 7Duckfine Test
29.09.2019 19:55:14: infiSTAR license result: ok
29.09.2019 19:57:08: Checking infiSTAR license..
29.09.2019 19:57:08: infiSTAR customerID found.
29.09.2019 19:57:08: infiSTAR productLicense found.
29.09.2019 19:57:08: infiSTAR serverName found: 1Duckfine Test Server 2Duckfine Test Server 3Duckfine Test Server 4Duckfine Test Server 5Duckfine Test Server 6Duckfine Test Server 7Duckfine Test
29.09.2019 19:57:09: infiSTAR license result: ok
29.09.2019 20:01:17: Checking infiSTAR license..
29.09.2019 20:01:17: infiSTAR customerID found.
29.09.2019 20:01:17: infiSTAR productLicense found.
29.09.2019 20:01:17: infiSTAR serverName found: 1Duckfine Test Server 2Duckfine Test Server 3Duckfine Test Server 4Duckfine Test Server 5Duckfine Test Server 6Duckfine Test Server 7Duckfine Test
29.09.2019 20:01:17: infiSTAR license result: ok
29.09.2019 20:02:53: Checking infiSTAR license..
29.09.2019 20:02:53: infiSTAR customerID found.
29.09.2019 20:02:53: infiSTAR productLicense found.
29.09.2019 20:02:53: infiSTAR serverName found: 1Duckfine Test Server 2Duckfine Test Server 3Duckfine Test Server 4Duckfine Test Server 5Duckfine Test Server 6Duckfine Test Server 7Duckfine Test
29.09.2019 20:02:54: infiSTAR license result: ok
29.09.2019 20:05:20: Checking infiSTAR license..
29.09.2019 20:05:20: infiSTAR customerID found.
29.09.2019 20:05:20: infiSTAR productLicense found.
29.09.2019 20:05:20: infiSTAR serverName found: 1Duckfine Test Server 2Duckfine Test Server 3Duckfine Test Server 4Duckfine Test Server 5Duckfine Test Server 6Duckfine Test Server 7Duckfine Test
29.09.2019 20:05:20: infiSTAR license result: ok
29.09.2019 20:10:41: Checking infiSTAR license..
29.09.2019 20:10:41: infiSTAR customerID found.
29.09.2019 20:10:41: infiSTAR productLicense found.
29.09.2019 20:10:41: infiSTAR serverName found: 1Duckfine Test Server 2Duckfine Test Server 3Duckfine Test Server 4Duckfine Test Server 5Duckfine Test Server 6Duckfine Test Server 7Duckfine Test
29.09.2019 20:10:41: infiSTAR license result: ok
29.09.2019 20:13:14: Checking infiSTAR license..
29.09.2019 20:13:14: infiSTAR customerID found.
29.09.2019 20:13:14: infiSTAR productLicense found.
29.09.2019 20:13:14: infiSTAR serverName found: 1Duckfine Test Server 2Duckfine Test Server 3Duckfine Test Server 4Duckfine Test Server 5Duckfine Test Server 6Duckfine Test Server 7Duckfine Test
29.09.2019 20:13:14: infiSTAR license result: ok
29.09.2019 20:14:02: Checking infiSTAR license..
29.09.2019 20:14:02: infiSTAR customerID found.
29.09.2019 20:14:02: infiSTAR productLicense found.
29.09.2019 20:14:02: infiSTAR serverName found: 1Duckfine Test Server 2Duckfine Test Server 3Duckfine Test Server 4Duckfine Test Server 5Duckfine Test Server 6Duckfine Test Server 7Duckfine Test
29.09.2019 20:14:02: infiSTAR license result: ok
25.11.2019 20:15:03: Checking infiSTAR license..
25.11.2019 20:15:03: infiSTAR customerID found.
25.11.2019 20:15:03: infiSTAR productLicense found.
25.11.2019 20:15:03: infiSTAR serverName found: 1Duckfine Test Server 2Duckfine Test Server 3Duckfine Test Server 4Duckfine Test Server 5Duckfine Test Server 6Duckfine Test Server 7Duckfine Test
25.11.2019 20:15:03: infiSTAR license result: ok
25.11.2019 20:18:30: Checking infiSTAR license..
25.11.2019 20:18:30: infiSTAR customerID found.
25.11.2019 20:18:30: infiSTAR productLicense found.
25.11.2019 20:18:30: infiSTAR serverName found: 1Duckfine Test Server 2Duckfine Test Server 3Duckfine Test Server 4Duckfine Test Server 5Duckfine Test Server 6Duckfine Test Server 7Duckfine Test
25.11.2019 20:18:30: infiSTAR license result: ok
25.11.2019 20:26:25: Checking infiSTAR license..
25.11.2019 20:26:25: infiSTAR customerID found.
25.11.2019 20:26:25: infiSTAR productLicense found.
25.11.2019 20:26:25: infiSTAR serverName found: 1Duckfine Test Server 2Duckfine Test Server 3Duckfine Test Server 4Duckfine Test Server 5Duckfine Test Server 6Duckfine Test Server 7Duckfine Test
25.11.2019 20:26:25: infiSTAR license result: ok
25.11.2019 20:43:41: Checking infiSTAR license..
25.11.2019 20:43:42: infiSTAR customerID found.
25.11.2019 20:43:42: infiSTAR productLicense found.
25.11.2019 20:43:42: infiSTAR serverName found: 1Duckfine Test Server 2Duckfine Test Server 3Duckfine Test Server 4Duckfine Test Server 5Duckfine Test Server 6Duckfine Test Server 7Duckfine Test
25.11.2019 20:43:42: infiSTAR license result: ok
25.11.2019 20:48:44: Checking infiSTAR license..
25.11.2019 20:48:44: infiSTAR customerID found.
25.11.2019 20:48:44: infiSTAR productLicense found.
25.11.2019 20:48:44: infiSTAR serverName found: 1Duckfine Test Server 2Duckfine Test Server 3Duckfine Test Server 4Duckfine Test Server 5Duckfine Test Server 6Duckfine Test Server 7Duckfine Test
25.11.2019 20:48:45: infiSTAR license result: ok
25.11.2019 20:53:31: Checking infiSTAR license..
25.11.2019 20:53:31: infiSTAR customerID found.
25.11.2019 20:53:31: infiSTAR productLicense found.
25.11.2019 20:53:31: infiSTAR serverName found: 1Duckfine Test Server 2Duckfine Test Server 3Duckfine Test Server 4Duckfine Test Server 5Duckfine Test Server 6Duckfine Test Server 7Duckfine Test
25.11.2019 20:53:31: infiSTAR license result: ok
25.11.2019 20:57:03: Checking infiSTAR license..
25.11.2019 20:57:03: infiSTAR customerID found.
25.11.2019 20:57:03: infiSTAR productLicense found.
25.11.2019 20:57:03: infiSTAR serverName found: 1Duckfine Test Server 2Duckfine Test Server 3Duckfine Test Server 4Duckfine Test Server 5Duckfine Test Server 6Duckfine Test Server 7Duckfine Test
25.11.2019 20:57:03: infiSTAR license result: ok
25.11.2019 21:00:44: Checking infiSTAR license..
25.11.2019 21:00:44: infiSTAR customerID found.
25.11.2019 21:00:44: infiSTAR productLicense found.
25.11.2019 21:00:44: infiSTAR serverName found: 1Duckfine Test Server 2Duckfine Test Server 3Duckfine Test Server 4Duckfine Test Server 5Duckfine Test Server 6Duckfine Test Server 7Duckfine Test
25.11.2019 21:00:44: infiSTAR license result: ok
25.11.2019 21:07:05: Checking infiSTAR license..
25.11.2019 21:07:05: infiSTAR customerID found.
25.11.2019 21:07:05: infiSTAR productLicense found.
25.11.2019 21:07:05: infiSTAR serverName found: 1Duckfine Test Server 2Duckfine Test Server 3Duckfine Test Server 4Duckfine Test Server 5Duckfine Test Server 6Duckfine Test Server 7Duckfine Test
25.11.2019 21:07:06: infiSTAR license result: ok
25.11.2019 21:10:33: Checking infiSTAR license..
25.11.2019 21:10:33: infiSTAR customerID found.
25.11.2019 21:10:33: infiSTAR productLicense found.
25.11.2019 21:10:33: infiSTAR serverName found: 1Duckfine Test Server 2Duckfine Test Server 3Duckfine Test Server 4Duckfine Test Server 5Duckfine Test Server 6Duckfine Test Server 7Duckfine Test
25.11.2019 21:10:34: infiSTAR license result: ok
26.11.2019 14:38:51: Checking infiSTAR license..
26.11.2019 14:38:51: infiSTAR customerID found.
26.11.2019 14:38:51: infiSTAR productLicense found.
26.11.2019 14:38:51: infiSTAR serverName found: 1Duckfine Test Server 2Duckfine Test Server 3Duckfine Test Server 4Duckfine Test Server 5Duckfine Test Server 6Duckfine Test Server 7Duckfine Test
26.11.2019 14:38:51: infiSTAR license result: ok
26.11.2019 14:47:46: Checking infiSTAR license..
26.11.2019 14:47:46: infiSTAR customerID found.
26.11.2019 14:47:46: infiSTAR productLicense found.
26.11.2019 14:47:46: infiSTAR serverName found: 1Duckfine Test Server 2Duckfine Test Server 3Duckfine Test Server 4Duckfine Test Server 5Duckfine Test Server 6Duckfine Test Server 7Duckfine Test
26.11.2019 14:47:47: infiSTAR license result: ok
26.11.2019 14:49:12: Checking infiSTAR license..
26.11.2019 14:49:12: infiSTAR customerID found.
26.11.2019 14:49:12: infiSTAR productLicense found.
26.11.2019 14:49:12: infiSTAR serverName found: 1Duckfine Test Server 2Duckfine Test Server 3Duckfine Test Server 4Duckfine Test Server 5Duckfine Test Server 6Duckfine Test Server 7Duckfine Test
26.11.2019 14:49:12: infiSTAR license result: ok
26.11.2019 14:51:19: Checking infiSTAR license..
26.11.2019 14:51:19: infiSTAR customerID found.
26.11.2019 14:51:19: infiSTAR productLicense found.
26.11.2019 14:51:19: infiSTAR serverName found: 1Duckfine Test Server 2Duckfine Test Server 3Duckfine Test Server 4Duckfine Test Server 5Duckfine Test Server 6Duckfine Test Server 7Duckfine Test
26.11.2019 14:51:20: infiSTAR license result: ok
26.11.2019 15:03:23: Checking infiSTAR license..
26.11.2019 15:03:23: infiSTAR customerID found.
26.11.2019 15:03:23: infiSTAR productLicense found.
26.11.2019 15:03:23: infiSTAR serverName found: 1Duckfine Test Server 2Duckfine Test Server 3Duckfine Test Server 4Duckfine Test Server 5Duckfine Test Server 6Duckfine Test Server 7Duckfine Test
26.11.2019 15:03:23: infiSTAR license result: ok
26.11.2019 15:17:33: Checking infiSTAR license..
26.11.2019 15:17:33: infiSTAR customerID found.
26.11.2019 15:17:33: infiSTAR productLicense found.
26.11.2019 15:17:33: infiSTAR serverName found: 1Duckfine Test Server 2Duckfine Test Server 3Duckfine Test Server 4Duckfine Test Server 5Duckfine Test Server 6Duckfine Test Server 7Duckfine Test
26.11.2019 15:17:33: infiSTAR license result: ok
26.11.2019 15:19:16: Checking infiSTAR license..
26.11.2019 15:19:16: infiSTAR customerID found.
26.11.2019 15:19:16: infiSTAR productLicense found.
26.11.2019 15:19:16: infiSTAR serverName found: 1Duckfine Test Server 2Duckfine Test Server 3Duckfine Test Server 4Duckfine Test Server 5Duckfine Test Server 6Duckfine Test Server 7Duckfine Test
26.11.2019 15:19:16: infiSTAR license result: ok
26.11.2019 15:45:10: Checking infiSTAR license..
26.11.2019 15:45:10: infiSTAR customerID found.
26.11.2019 15:45:10: infiSTAR productLicense found.
26.11.2019 15:45:10: infiSTAR serverName found: 1Duckfine Test Server 2Duckfine Test Server 3Duckfine Test Server 4Duckfine Test Server 5Duckfine Test Server 6Duckfine Test Server 7Duckfine Test
26.11.2019 15:45:11: infiSTAR license result: ok
26.11.2019 15:50:11: Checking infiSTAR license..
26.11.2019 15:50:11: infiSTAR customerID found.
26.11.2019 15:50:11: infiSTAR productLicense found.
26.11.2019 15:50:11: infiSTAR serverName found: 1Duckfine Test Server 2Duckfine Test Server 3Duckfine Test Server 4Duckfine Test Server 5Duckfine Test Server 6Duckfine Test Server 7Duckfine Test
26.11.2019 15:50:11: infiSTAR license result: ok
26.11.2019 15:53:07: Checking infiSTAR license..
26.11.2019 15:53:07: infiSTAR customerID found.
26.11.2019 15:53:07: infiSTAR productLicense found.
26.11.2019 15:53:07: infiSTAR serverName found: 1Duckfine Test Server 2Duckfine Test Server 3Duckfine Test Server 4Duckfine Test Server 5Duckfine Test Server 6Duckfine Test Server 7Duckfine Test
26.11.2019 15:53:07: infiSTAR license result: ok
26.11.2019 15:57:24: Checking infiSTAR license..
26.11.2019 15:57:24: infiSTAR customerID found.
26.11.2019 15:57:24: infiSTAR productLicense found.
26.11.2019 15:57:24: infiSTAR serverName found: 1Duckfine Test Server 2Duckfine Test Server 3Duckfine Test Server 4Duckfine Test Server 5Duckfine Test Server 6Duckfine Test Server 7Duckfine Test
26.11.2019 15:57:24: infiSTAR license result: ok
26.11.2019 15:59:54: Checking infiSTAR license..
26.11.2019 15:59:54: infiSTAR customerID found.
26.11.2019 15:59:54: infiSTAR productLicense found.
26.11.2019 15:59:54: infiSTAR serverName found: 1Duckfine Test Server 2Duckfine Test Server 3Duckfine Test Server 4Duckfine Test Server 5Duckfine Test Server 6Duckfine Test Server 7Duckfine Test
26.11.2019 15:59:54: infiSTAR license result: ok
26.11.2019 21:07:51: Checking infiSTAR license..
26.11.2019 21:07:51: infiSTAR customerID found.
26.11.2019 21:07:51: infiSTAR productLicense found.
26.11.2019 21:07:51: infiSTAR serverName found: 1Duckfine Test Server 2Duckfine Test Server 3Duckfine Test Server 4Duckfine Test Server 5Duckfine Test Server 6Duckfine Test Server 7Duckfine Test
26.11.2019 21:12:59: Checking infiSTAR license..
26.11.2019 21:12:59: infiSTAR customerID found.
26.11.2019 21:12:59: infiSTAR productLicense found.
26.11.2019 21:12:59: infiSTAR serverName found: 1Duckfine Test Server 2Duckfine Test Server 3Duckfine Test Server 4Duckfine Test Server 5Duckfine Test Server 6Duckfine Test Server 7Duckfine Test
26.11.2019 21:12:59: infiSTAR license result: ok
26.11.2019 21:15:51: Checking infiSTAR license..
26.11.2019 21:15:51: infiSTAR customerID found.
26.11.2019 21:15:51: infiSTAR productLicense found.
26.11.2019 21:15:51: infiSTAR serverName found: 1Duckfine Test Server 2Duckfine Test Server 3Duckfine Test Server 4Duckfine Test Server 5Duckfine Test Server 6Duckfine Test Server 7Duckfine Test
26.11.2019 21:15:51: infiSTAR license result: ok
26.11.2019 21:26:57: Checking infiSTAR license..
26.11.2019 21:26:57: infiSTAR customerID found.
26.11.2019 21:26:57: infiSTAR productLicense found.
26.11.2019 21:26:57: infiSTAR serverName found: 1Duckfine Test Server 2Duckfine Test Server 3Duckfine Test Server 4Duckfine Test Server 5Duckfine Test Server 6Duckfine Test Server 7Duckfine Test
26.11.2019 21:26:57: infiSTAR license result: ok
26.11.2019 21:30:44: Checking infiSTAR license..
26.11.2019 21:30:44: infiSTAR customerID found.
26.11.2019 21:30:44: infiSTAR productLicense found.
26.11.2019 21:30:44: infiSTAR serverName found: 1Duckfine Test Server 2Duckfine Test Server 3Duckfine Test Server 4Duckfine Test Server 5Duckfine Test Server 6Duckfine Test Server 7Duckfine Test
26.11.2019 21:30:44: infiSTAR license result: ok
26.11.2019 21:36:57: Checking infiSTAR license..
26.11.2019 21:36:57: infiSTAR customerID found.
26.11.2019 21:36:57: infiSTAR productLicense found.
26.11.2019 21:36:57: infiSTAR serverName found: 1Duckfine Test Server 2Duckfine Test Server 3Duckfine Test Server 4Duckfine Test Server 5Duckfine Test Server 6Duckfine Test Server 7Duckfine Test
26.11.2019 21:36:57: infiSTAR license result: ok
26.11.2019 21:44:37: Checking infiSTAR license..
26.11.2019 21:44:37: infiSTAR customerID found.
26.11.2019 21:44:37: infiSTAR productLicense found.
26.11.2019 21:44:37: infiSTAR serverName found: 1Duckfine Test Server 2Duckfine Test Server 3Duckfine Test Server 4Duckfine Test Server 5Duckfine Test Server 6Duckfine Test Server 7Duckfine Test
27.11.2019 14:48:01: Checking infiSTAR license..
27.11.2019 14:48:01: infiSTAR customerID found.
27.11.2019 14:48:01: infiSTAR productLicense found.
27.11.2019 14:48:01: infiSTAR serverName found: 1Duckfine Test Server 2Duckfine Test Server 3Duckfine Test Server 4Duckfine Test Server 5Duckfine Test Server 6Duckfine Test Server 7Duckfine Test
27.11.2019 14:48:01: infiSTAR license result: ok
27.11.2019 18:37:37: Checking infiSTAR license..
27.11.2019 18:37:37: infiSTAR customerID found.
27.11.2019 18:37:37: infiSTAR productLicense found.
27.11.2019 18:37:37: infiSTAR serverName found: 1Duckfine Test Server 2Duckfine Test Server 3Duckfine Test Server 4Duckfine Test Server 5Duckfine Test Server 6Duckfine Test Server 7Duckfine Test
27.11.2019 18:37:38: infiSTAR license result: ok
28.11.2019 21:22:38: Checking infiSTAR license..
28.11.2019 21:22:38: infiSTAR customerID found.
28.11.2019 21:22:38: infiSTAR productLicense found.
28.11.2019 21:22:38: infiSTAR serverName found: 1Duckfine Test Server 2Duckfine Test Server 3Duckfine Test Server 4Duckfine Test Server 5Duckfine Test Server 6Duckfine Test Server 7Duckfine Test
28.11.2019 21:22:39: infiSTAR license result: ok
28.11.2019 21:55:01: Checking infiSTAR license..
28.11.2019 21:55:01: infiSTAR customerID found.
28.11.2019 21:55:01: infiSTAR productLicense found.
28.11.2019 21:55:01: infiSTAR serverName found: 1Duckfine Test Server 2Duckfine Test Server 3Duckfine Test Server 4Duckfine Test Server 5Duckfine Test Server 6Duckfine Test Server 7Duckfine Test
28.11.2019 21:55:02: infiSTAR license result: ok
