
extDB3: https://bitbucket.org/torndeco/extdb3/wiki/Home
extDB3: Version: 1.031
extDB3: Windows Version
Message: All development for extDB3 is done on a Linux Dedicated Server
Message: If you would like to Donate to extDB3 Development
Message: https://www.paypal.com/cgi-bin/webscr?cmd=_s-xclick&hosted_button_id=2SUEFTGABTAM2
Message: Also leave a message if there is any particular feature you would like to see added.
Message: Thanks for all the people that have donated.
Message: Torndeco: 18/05/15


extDB3: Found extdb3-conf.ini
extDB3: Detected 4 Cores, Setting up 4 Worker Threads
extDB3: ...
extDB3: ...
extDB3: ...
extDB3: ...


[15:17:29:596597 +01:00] [Thread 996] extDB3: SQL: Initialized: Add Quotes around TEXT Datatypes mode: 2
[15:17:29:605263 +01:00] [Thread 996] extDB3: SQL: Initialized: NULL = ""
[15:17:29:605625 +01:00] [Thread 996] extDB3: Locked
[15:18:00:794069 +01:00] [Thread 7284] extDB3: SQL: Error MariaDBQueryException: Unknown column 'any' in 'field list'
[15:18:00:794100 +01:00] [Thread 7284] extDB3: SQL: Error MariaDBQueryException: Input: UPDATE players SET a3name = 'Rudi Bildungsstop', xp = any, level = any, money = any, kills = any, teamkills = any, deaths = any WHERE steamid64 = '76561198216442289'
