
extDB3: https://bitbucket.org/torndeco/extdb3/wiki/Home
extDB3: Version: 1.031
extDB3: Windows Version
Message: All development for extDB3 is done on a Linux Dedicated Server
Message: If you would like to Donate to extDB3 Development
Message: https://www.paypal.com/cgi-bin/webscr?cmd=_s-xclick&hosted_button_id=2SUEFTGABTAM2
Message: Also leave a message if there is any particular feature you would like to see added.
Message: Thanks for all the people that have donated.
Message: Torndeco: 18/05/15


extDB3: Found extdb3-conf.ini
extDB3: Detected 4 Cores, Setting up 4 Worker Threads
extDB3: ...
extDB3: ...
extDB3: ...
extDB3: ...


[17:06:37:937163 +02:00] [Thread 7444] extDB3: MariaDBConnectorException: Playerdata: Can't connect to MySQL server on '127.0.0.1' (10061)
[17:06:37:937491 +02:00] [Thread 7444] extDB3: SQL: No Database Connection: Playerdata
[17:06:37:937515 +02:00] [Thread 7444] extDB3: Failed to Load Protocol: SQL
[17:06:37:957576 +02:00] [Thread 7444] extDB3: Locked
[22:19:05:868938 +02:00] [Thread 7444] extDB3: Error Unknown Protocol: 465274  Input String: 2:465274:SELECT playerintid, name, rank, banned, xp, level, money, kills, teamkills, deaths FROM players WHERE playerid = '76561198216442289'
