
extDB3: https://bitbucket.org/torndeco/extdb3/wiki/Home
extDB3: Version: 1.031
extDB3: Windows Version
Message: All development for extDB3 is done on a Linux Dedicated Server
Message: If you would like to Donate to extDB3 Development
Message: https://www.paypal.com/cgi-bin/webscr?cmd=_s-xclick&hosted_button_id=2SUEFTGABTAM2
Message: Also leave a message if there is any particular feature you would like to see added.
Message: Thanks for all the people that have donated.
Message: Torndeco: 18/05/15


extDB3: Found extdb3-conf.ini
extDB3: Detected 4 Cores, Setting up 4 Worker Threads
extDB3: ...
extDB3: ...
extDB3: ...
extDB3: ...


[21:12:59:408521 +01:00] [Thread 19584] extDB3: MariaDBConnectorException: KOTH: Can't connect to MySQL server on '127.0.0.1' (10061)
[21:12:59:408835 +01:00] [Thread 19584] extDB3: SQL: No Database Connection: KOTH
[21:12:59:408857 +01:00] [Thread 19584] extDB3: Failed to Load Protocol: SQL
[21:12:59:409596 +01:00] [Thread 19584] extDB3: Locked
[21:13:13:969489 +01:00] [Thread 19584] extDB3: Error Unknown Protocol: 945539  Input String: 2:945539:SELECT playerid, name, side, level, kills, banned, teamkills, xp, deaths FROM players WHERE playerid='76561198216442289'
[21:13:14:231480 +01:00] [Thread 19584] extDB3: Error Unknown Protocol: 945539  Input String: 2:945539:SELECT playerid, name FROM players WHERE playerid='76561198216442289'
