
extDB3: https://bitbucket.org/torndeco/extdb3/wiki/Home
extDB3: Version: 1.031
extDB3: Windows Version
Message: All development for extDB3 is done on a Linux Dedicated Server
Message: If you would like to Donate to extDB3 Development
Message: https://www.paypal.com/cgi-bin/webscr?cmd=_s-xclick&hosted_button_id=2SUEFTGABTAM2
Message: Also leave a message if there is any particular feature you would like to see added.
Message: Thanks for all the people that have donated.
Message: Torndeco: 18/05/15


extDB3: Found extdb3-conf.ini
extDB3: Detected 4 Cores, Setting up 4 Worker Threads
extDB3: ...
extDB3: ...
extDB3: ...
extDB3: ...


[12:45:49:238334 +02:00] [Thread 17252] extDB3: MariaDBConnectorException: Playerdata: Can't connect to MySQL server on '127.0.0.1' (10061)
[12:45:49:238686 +02:00] [Thread 17252] extDB3: SQL: No Database Connection: Playerdata
[12:45:49:238710 +02:00] [Thread 17252] extDB3: Failed to Load Protocol: SQL
[12:45:49:239460 +02:00] [Thread 17252] extDB3: Locked
[12:45:49:663201 +02:00] [Thread 17252] extDB3: Error Unknown Protocol: 896885  Input String: 2:896885:SHOW PROCESSLIST
