
extDB3: https://bitbucket.org/torndeco/extdb3/wiki/Home
extDB3: Version: 1.031
extDB3: Windows Version
Message: All development for extDB3 is done on a Linux Dedicated Server
Message: If you would like to Donate to extDB3 Development
Message: https://www.paypal.com/cgi-bin/webscr?cmd=_s-xclick&hosted_button_id=2SUEFTGABTAM2
Message: Also leave a message if there is any particular feature you would like to see added.
Message: Thanks for all the people that have donated.
Message: Torndeco: 18/05/15


extDB3: Found extdb3-conf.ini
extDB3: Detected 4 Cores, Setting up 4 Worker Threads
extDB3: ...
extDB3: ...
extDB3: ...
extDB3: ...


[17:14:42:990426 +02:00] [Thread 10432] extDB3: MariaDBConnectorException: Playerdata: Can't connect to MySQL server on '127.0.0.1' (10061)
[17:14:42:990801 +02:00] [Thread 10432] extDB3: SQL: No Database Connection: Playerdata
[17:14:42:990829 +02:00] [Thread 10432] extDB3: Failed to Load Protocol: SQL
[17:14:42:991505 +02:00] [Thread 10432] extDB3: Locked
[17:14:43:096515 +02:00] [Thread 10432] extDB3: Error Unknown Protocol: 710438  Input String: 2:710438:SELECT id WHERE id = '1'
