[16:11:22:265253 +02:00] [Thread 1824]  Performed Query 1 - 30051 - SELECT id FROM players WHERE playerid = '76561198216442289'
[16:11:22:265662 +02:00] [Thread 16060]  Performed Query 1 - 30051 - SELECT playerintid, name, rank, banned, xp, level, money, kills, teamkills, deaths FROM players WHERE playerid = '76561198216442289'
[16:13:56:793026 +02:00] [Thread 1824]  Performed Query 1 - 30051 - SELECT id FROM players WHERE playerid = '76561198216442289'
[16:13:56:793201 +02:00] [Thread 16060]  Performed Query 1 - 30051 - SELECT playerintid, name, rank, banned, xp, level, money, kills, teamkills, deaths FROM players WHERE playerid = '76561198216442289'
[16:19:12:709300 +02:00] [Thread 1824]  Performed Query 1 - 30051 - SELECT id FROM players WHERE playerid = '76561198216442289'
[16:19:12:709466 +02:00] [Thread 16060]  Performed Query 1 - 30051 - SELECT playerintid, name, rank, banned, xp, level, money, kills, teamkills, deaths FROM players WHERE playerid = '76561198216442289'
[16:47:14:690585 +02:00] [Thread 9768]  Performed Query 1 - 21935 - SELECT id WHERE id = '1'
[16:47:47:255038 +02:00] [Thread 8712]  Performed Query 1 - 21935 - SELECT id FROM players WHERE playerid = '76561198216442289'
[16:47:47:255195 +02:00] [Thread 9768]  Performed Query 1 - 21935 - SELECT playerintid, name, rank, banned, xp, level, money, kills, teamkills, deaths FROM players WHERE playerid = '76561198216442289'
[16:53:19:471247 +02:00] [Thread 12988]  Performed Query 1 - 271825 - SELECT id WHERE id = '1'
[17:02:23:391812 +02:00] [Thread 18384]  Performed Query 1 - 349691 - SELECT id WHERE id = '1'
[17:02:23:395811 +02:00] [Thread 18912]  Finished Query - SELECT id WHERE id = '1' - with return - [1010]
[17:02:45:533587 +02:00] [Thread 18912]  Performed Query 1 - 349691 - SELECT id FROM players WHERE playerid = '76561198216442289'
[17:02:45:533648 +02:00] [Thread 18912]  Finished Query - SELECT id FROM players WHERE playerid = '76561198216442289' - with return - [1010]
[17:02:45:533717 +02:00] [Thread 18912]  Performed Query 1 - 349691 - SELECT playerintid, name, rank, banned, xp, level, money, kills, teamkills, deaths FROM players WHERE playerid = '76561198216442289'
[17:02:45:533756 +02:00] [Thread 18912]  Finished Query - SELECT playerintid, name, rank, banned, xp, level, money, kills, teamkills, deaths FROM players WHERE playerid = '76561198216442289' - with return - [1010]
[17:04:26:667275 +02:00] [Thread 20316]  Performed Query 1 - 365025 - SELECT id WHERE id = '1'
[17:04:45:743319 +02:00] [Thread 20316]  Performed Query 1 - 365025 - SELECT id FROM players WHERE playerid = '76561198216442289'
[17:04:45:956701 +02:00] [Thread 20320]  SINGLE RETURN ARRIVED - [3]
[17:04:45:956759 +02:00] [Thread 20320]  Finished Query - SELECT id FROM players WHERE playerid = '76561198216442289' - with return - [3]
[17:04:45:957016 +02:00] [Thread 20316]  Performed Query 1 - 365025 - SELECT playerintid, name, rank, banned, xp, level, money, kills, teamkills, deaths FROM players WHERE playerid = '76561198216442289'
[17:04:46:156533 +02:00] [Thread 20320]  SINGLE RETURN ARRIVED - ["I14ZYD92R","Prof. Rudi Bildungsstop",0,0,0,0,0,0,0,0]
[17:04:46:157806 +02:00] [Thread 20316]  Finished Query - SELECT playerintid, name, rank, banned, xp, level, money, kills, teamkills, deaths FROM players WHERE playerid = '76561198216442289' - with return - ["I14ZYD92R","Prof. Rudi Bildungsstop",0,0,0,0,0,0,0,0]
[17:10:11:157289 +02:00] [Thread 18744]  Performed Query 1 - 465004 - SELECT id WHERE id = '1'
[17:11:34:617959 +02:00] [Thread 18780]  Performed Query 1 - 449443 - SELECT id WHERE id = '1'
[17:11:34:617982 +02:00] [Thread 19452]  Finished Query - SELECT id WHERE id = '1' - with return - [1010]
[17:14:43:099542 +02:00] [Thread 19232]  Performed Query 1 - 710438 - SELECT id WHERE id = '1'
[17:14:43:099705 +02:00] [Thread 19200]  Finished Query - SELECT id WHERE id = '1' - with return - [1010]
[17:19:08:505861 +02:00] [Thread 19624]  Performed Query 1 - 218164 - SELECT id WHERE id = '1'
[17:19:54:747066 +02:00] [Thread 19624]  Performed Query 1 - 218164 - SELECT id FROM players WHERE playerid = '76561198216442289'
[17:19:54:989709 +02:00] [Thread 18656]  SINGLE RETURN ARRIVED - [3]
[17:19:54:989754 +02:00] [Thread 18656]  Finished Query - SELECT id FROM players WHERE playerid = '76561198216442289' - with return - [3]
[17:19:55:000273 +02:00] [Thread 19624]  Performed Query 1 - 218164 - SELECT playerintid, name, rank, banned, xp, level, money, kills, teamkills, deaths FROM players WHERE playerid = '76561198216442289'
[17:19:55:199903 +02:00] [Thread 18656]  Finished Query - SELECT playerintid, name, rank, banned, xp, level, money, kills, teamkills, deaths FROM players WHERE playerid = '76561198216442289' - with return - ["I14ZYD92R","Prof. Rudi Bildungsstop",0,0,0,0,0,0,0,0]
[17:19:55:216031 +02:00] [Thread 19624]  SINGLE RETURN ARRIVED - ["I14ZYD92R","Prof. Rudi Bildungsstop",0,0,0,0,0,0,0,0]
[17:47:32:440095 +02:00] [Thread 17160]  Performed Query 1 - 545123 - SHOW PROCESSLIST
[17:47:32:500358 +02:00] [Thread 19004]  SINGLE RETURN ARRIVED - [3,"root","localhost:23466","koth","Sleep",15,"","",0]
[17:47:32:500394 +02:00] [Thread 17160]  Finished Query - SHOW PROCESSLIST - with return - [3,"root","localhost:23466","koth","Sleep",15,"","",0]
[17:48:00:050886 +02:00] [Thread 19004]  Performed Query 1 - 545123 - SELECT id FROM players WHERE playerid = '76561198216442289'
[17:48:00:256276 +02:00] [Thread 17160]  SINGLE RETURN ARRIVED - [3]
[17:48:00:256300 +02:00] [Thread 19004]  Finished Query - SELECT id FROM players WHERE playerid = '76561198216442289' - with return - [3]
[17:48:00:256400 +02:00] [Thread 17160]  Performed Query 1 - 545123 - SELECT playerintid, name, rank, banned, xp, level, money, kills, teamkills, deaths FROM players WHERE playerid = '76561198216442289'
[17:48:00:466621 +02:00] [Thread 19004]  SINGLE RETURN ARRIVED - ["I14ZYD92R","Prof. Rudi Bildungsstop",0,0,0,0,0,0,0,0]
[17:48:00:466693 +02:00] [Thread 19004]  Finished Query - SELECT playerintid, name, rank, banned, xp, level, money, kills, teamkills, deaths FROM players WHERE playerid = '76561198216442289' - with return - ["I14ZYD92R","Prof. Rudi Bildungsstop",0,0,0,0,0,0,0,0]
[17:56:02:266978 +02:00] [Thread 17160]  Performed Query 1 - 545123 - UPDATE players SET name = 'Prof Bildungsstop', xp = 0, level = 0, money = 0, kills = 0, teamkills = 0, deaths = 0 WHERE playerid = '76561198216442289'
[17:57:19:887068 +02:00] [Thread 19088]  Performed Query 1 - 738477 - SHOW PROCESSLIST
[17:57:19:905422 +02:00] [Thread 19088]  SINGLE RETURN ARRIVED - [3,"root","localhost:23466","koth","Sleep",602,"","",0]
[17:57:19:905446 +02:00] [Thread 11776]  Finished Query - SHOW PROCESSLIST - with return - [3,"root","localhost:23466","koth","Sleep",602,"","",0]
[18:02:06:203169 +02:00] [Thread 11776]  Performed Query 1 - 738477 - SELECT id FROM players WHERE playerid = '76561198216442289'
[18:02:06:423427 +02:00] [Thread 19088]  SINGLE RETURN ARRIVED - [3]
[18:02:06:423532 +02:00] [Thread 19088]  Finished Query - SELECT id FROM players WHERE playerid = '76561198216442289' - with return - [3]
[18:02:06:425470 +02:00] [Thread 11776]  Performed Query 1 - 738477 - SELECT playerintid, name, rank, banned, xp, level, money, kills, teamkills, deaths FROM players WHERE playerid = '76561198216442289'
[18:02:06:636686 +02:00] [Thread 11776]  SINGLE RETURN ARRIVED - ["I14ZYD92R","Prof Bildungsstop",0,0,0,0,0,0,0,0]
[18:02:06:636737 +02:00] [Thread 19088]  Finished Query - SELECT playerintid, name, rank, banned, xp, level, money, kills, teamkills, deaths FROM players WHERE playerid = '76561198216442289' - with return - ["I14ZYD92R","Prof Bildungsstop",0,0,0,0,0,0,0,0]
[18:02:29:271594 +02:00] [Thread 11776]  Performed Query 1 - 738477 - UPDATE players SET name = 'Prof Bildungsstop', xp = 0, level = 0, money = 10, kills = 0, teamkills = 0, deaths = 0 WHERE playerid = '76561198216442289'
[18:11:31:563451 +02:00] [Thread 19088]  Performed Query 1 - 738477 - SELECT id FROM players WHERE playerid = '76561198216442289'
[18:11:31:784013 +02:00] [Thread 11776]  SINGLE RETURN ARRIVED - [3]
[18:11:31:784060 +02:00] [Thread 19088]  Finished Query - SELECT id FROM players WHERE playerid = '76561198216442289' - with return - [3]
[18:11:31:784135 +02:00] [Thread 14216]  Performed Query 1 - 738477 - SELECT playerintid, name, rank, banned, xp, level, money, kills, teamkills, deaths FROM players WHERE playerid = '76561198216442289'
[18:11:32:003120 +02:00] [Thread 11776]  SINGLE RETURN ARRIVED - ["I14ZYD92R","Prof Bildungsstop",0,0,0,0,10,0,0,0]
[18:11:32:003144 +02:00] [Thread 14216]  Finished Query - SELECT playerintid, name, rank, banned, xp, level, money, kills, teamkills, deaths FROM players WHERE playerid = '76561198216442289' - with return - ["I14ZYD92R","Prof Bildungsstop",0,0,0,0,10,0,0,0]
